Activating service name='org.gtk.vfs.Daemon'
Successfully activated service 'org.gtk.vfs.Daemon'
Activating service name='org.ayatana.bamf'
Activating service name='org.a11y.Bus'
Successfully activated service 'org.a11y.Bus'
Successfully activated service 'org.ayatana.bamf'
Activating service name='org.gnome.ScreenSaver'
Activating service name='org.gnome.evolution.dataserver.Sources5'
Activating service name='ca.desrt.dconf'
Successfully activated service 'ca.desrt.dconf'
Successfully activated service 'org.gnome.ScreenSaver'
Successfully activated service 'org.gnome.evolution.dataserver.Sources5'
Activating service name='org.gnome.evolution.dataserver.Calendar7'
Activating service name='org.gtk.vfs.UDisks2VolumeMonitor'
Successfully activated service 'org.gtk.vfs.UDisks2VolumeMonitor'
Activating service name='org.gtk.vfs.AfcVolumeMonitor'
Successfully activated service 'org.gtk.vfs.AfcVolumeMonitor'
Activating service name='org.gtk.vfs.GPhoto2VolumeMonitor'
Successfully activated service 'org.gtk.vfs.GPhoto2VolumeMonitor'
Activating service name='org.gtk.vfs.GoaVolumeMonitor'
Successfully activated service 'org.gtk.vfs.GoaVolumeMonitor'
Activating service name='org.gtk.vfs.MTPVolumeMonitor'
Successfully activated service 'org.gtk.vfs.MTPVolumeMonitor'
Successfully activated service 'org.gnome.evolution.dataserver.Calendar7'
Activating service name='org.gnome.evolution.dataserver.AddressBook9'
Successfully activated service 'org.gnome.evolution.dataserver.AddressBook9'
Activating service name='org.gnome.zeitgeist.Engine'
Activating service name='org.gnome.zeitgeist.SimpleIndexer'
Successfully activated service 'org.gnome.zeitgeist.Engine'
Successfully activated service 'org.gnome.zeitgeist.SimpleIndexer'
Activating service name='org.freedesktop.Notifications'
Successfully activated service 'org.freedesktop.Notifications'
Activating service name='org.gnome.Terminal'
Successfully activated service 'org.gnome.Terminal'
Activating service name='org.gtk.vfs.Metadata'
Successfully activated service 'org.gtk.vfs.Metadata'
