#
# There is insufficient memory for the Java Runtime Environment to continue.
# Native memory allocation (mmap) failed to map 45613056 bytes for committing reserved memory.
# Possible reasons:
#   The system is out of physical RAM or swap space
#   In 32 bit mode, the process size limit was hit
# Possible solutions:
#   Reduce memory load on the system
#   Increase physical memory or swap space
#   Check if swap backing store is full
#   Use 64 bit Java on a 64 bit OS
#   Decrease Java heap size (-Xmx/-Xms)
#   Decrease number of Java threads
#   Decrease Java thread stack sizes (-Xss)
#   Set larger code cache with -XX:ReservedCodeCacheSize=
# This output file may be truncated or incomplete.
#
#  Out of Memory Error (os_linux.cpp:2640), pid=9786, tid=0x00007f4da02fa700
#
# JRE version: Java(TM) SE Runtime Environment (8.0_181-b13) (build 1.8.0_181-b13)
# Java VM: Java HotSpot(TM) 64-Bit Server VM (25.181-b13 mixed mode linux-amd64 compressed oops)
# Failed to write core dump. Core dumps have been disabled. To enable core dumping, try "ulimit -c unlimited" before starting Java again
#

---------------  T H R E A D  ---------------

Current thread (0x00007f4db0078000):  VMThread [stack: 0x00007f4da01fb000,0x00007f4da02fb000] [id=9795]

Stack: [0x00007f4da01fb000,0x00007f4da02fb000],  sp=0x00007f4da02f9340,  free space=1016k
Native frames: (J=compiled Java code, j=interpreted, Vv=VM code, C=native code)
V  [libjvm.so+0xad21aa]  VMError::report_and_die()+0x2ba
V  [libjvm.so+0x5022db]  report_vm_out_of_memory(char const*, int, unsigned long, VMErrorType, char const*)+0x8b
V  [libjvm.so+0x92fe33]  os::Linux::commit_memory_impl(char*, unsigned long, bool)+0x123
V  [libjvm.so+0x930059]  os::pd_commit_memory(char*, unsigned long, unsigned long, bool)+0x29
V  [libjvm.so+0x9272ba]  os::commit_memory(char*, unsigned long, unsigned long, bool)+0x2a
V  [libjvm.so+0x99d2e3]  PSVirtualSpace::expand_by(unsigned long)+0x53
V  [libjvm.so+0x98dba0]  PSOldGen::expand(unsigned long)+0x170
V  [libjvm.so+0x98ddab]  PSOldGen::resize(unsigned long)+0x1cb
V  [libjvm.so+0x995ab1]  PSParallelCompact::invoke_no_policy(bool)+0x991
V  [libjvm.so+0x99b40d]  PSScavenge::invoke()+0x1ad
V  [libjvm.so+0x951d70]  ParallelScavengeHeap::failed_mem_allocate(unsigned long)+0x70
V  [libjvm.so+0xad3c27]  VM_ParallelGCFailedAllocation::doit()+0x97
V  [libjvm.so+0xadb745]  VM_Operation::evaluate()+0x55
V  [libjvm.so+0xad9b0a]  VMThread::evaluate_operation(VM_Operation*)+0xba
V  [libjvm.so+0xad9e8e]  VMThread::loop()+0x1ce
V  [libjvm.so+0xada300]  VMThread::run()+0x70
V  [libjvm.so+0x930198]  java_start(Thread*)+0x108

VM_Operation (0x00007f4db8ff17a0): ParallelGCFailedAllocation, mode: safepoint, requested by thread 0x00007f4db000e000


---------------  P R O C E S S  ---------------

Java Threads: ( => current thread )
  0x00007f4d6c06d000 JavaThread "Timer-0" daemon [_thread_blocked, id=9806, stack(0x00007f4d91d90000,0x00007f4d91e91000)]
  0x00007f4db00be000 JavaThread "Service Thread" daemon [_thread_blocked, id=9801, stack(0x00007f4d9312c000,0x00007f4d9322d000)]
  0x00007f4db00bb800 JavaThread "C1 CompilerThread1" daemon [_thread_blocked, id=9800, stack(0x00007f4d9322e000,0x00007f4d9332e000)]
  0x00007f4db00b8800 JavaThread "C2 CompilerThread0" daemon [_thread_blocked, id=9799, stack(0x00007f4d9332f000,0x00007f4d9342f000)]
  0x00007f4db00b7000 JavaThread "Signal Dispatcher" daemon [_thread_blocked, id=9798, stack(0x00007f4d9342f000,0x00007f4d93530000)]
  0x00007f4db0084000 JavaThread "Finalizer" daemon [_thread_blocked, id=9797, stack(0x00007f4d93eff000,0x00007f4d94000000)]
  0x00007f4db0081800 JavaThread "Reference Handler" daemon [_thread_blocked, id=9796, stack(0x00007f4da00f9000,0x00007f4da01fa000)]
  0x00007f4db000e000 JavaThread "main" [_thread_blocked, id=9792, stack(0x00007f4db8ef4000,0x00007f4db8ff4000)]

Other Threads:
=>0x00007f4db0078000 VMThread [stack: 0x00007f4da01fb000,0x00007f4da02fb000] [id=9795]
  0x00007f4db00c3000 WatcherThread [stack: 0x00007f4d9302c000,0x00007f4d9312c000] [id=9802]

VM state:at safepoint (normal execution)

VM Mutex/Monitor currently owned by a thread:  ([mutex/lock_event])
[0x00007f4db000a040] ExpandHeap_lock - owner thread: 0x00007f4db0078000
[0x00007f4db000a6c0] Threads_lock - owner thread: 0x00007f4db0078000
[0x00007f4db000abc0] Heap_lock - owner thread: 0x00007f4db000e000

Heap:
 PSYoungGen      total 141312K, used 0K [0x00000000f5580000, 0x0000000100000000, 0x0000000100000000)
  eden space 108032K, 0% used [0x00000000f5580000,0x00000000f5580000,0x00000000fbf00000)
  from space 33280K, 0% used [0x00000000fbf00000,0x00000000fbf00000,0x00000000fdf80000)
  to   space 33280K, 0% used [0x00000000fdf80000,0x00000000fdf80000,0x0000000100000000)
 ParOldGen       total 157696K, used 154807K [0x00000000e0000000, 0x00000000e9a00000, 0x00000000f5580000)
  object space 157696K, 98% used [0x00000000e0000000,0x00000000e972dcc0,0x00000000e9a00000)
 Metaspace       used 21614K, capacity 21854K, committed 22016K, reserved 1069056K
  class space    used 2393K, capacity 2466K, committed 2560K, reserved 1048576K

Card table byte_map: [0x00007f4db5ab8000,0x00007f4db5bb9000] byte_map_base: 0x00007f4db53b8000

Marking Bits: (ParMarkBitMap*) 0x00007f4db838c0a0
 Begin Bits: [0x00007f4db48b6000, 0x00007f4db50b6000)
 End Bits:   [0x00007f4db50b6000, 0x00007f4db58b6000)

Polling page: 0x00007f4db9009000

CodeCache: size=245760Kb used=27294Kb max_used=27587Kb free=218465Kb
 bounds [0x00007f4da1000000, 0x00007f4da2b90000, 0x00007f4db0000000]
 total_blobs=5822 nmethods=5444 adapters=287
 compilation: enabled

Compilation events (10 events):
Event: 48.491 Thread 0x00007f4db00bb800 nmethod 7245 0x00007f4da1f23250 code [0x00007f4da1f233a0, 0x00007f4da1f234f0]
Event: 48.668 Thread 0x00007f4db00bb800 7246       2       edu.umd.cs.findbugs.ba.AbstractFrameModelingVisitor::visitLRETURN (6 bytes)
Event: 50.800 Thread 0x00007f4db00bb800 nmethod 7246 0x00007f4da157fed0 code [0x00007f4da1580080, 0x00007f4da1580408]
Event: 50.813 Thread 0x00007f4db00bb800 7248       2       edu.umd.cs.findbugs.ba.vna.ValueNumberFrame::removeAllKeys (35 bytes)
Event: 50.856 Thread 0x00007f4db00bb800 nmethod 7248 0x00007f4da230d710 code [0x00007f4da230d8a0, 0x00007f4da230dad8]
Event: 50.856 Thread 0x00007f4db00bb800 7250       2       edu.umd.cs.findbugs.ba.npe.IsNullValueFrame::useNewValueNumberForLoad (74 bytes)
Event: 50.882 Thread 0x00007f4db00bb800 nmethod 7250 0x00007f4da230d050 code [0x00007f4da230d200, 0x00007f4da230d528]
Event: 50.882 Thread 0x00007f4db00bb800 7247       2       org.apache.bcel.generic.LoadInstruction::<init> (8 bytes)
Event: 50.882 Thread 0x00007f4db00bb800 nmethod 7247 0x00007f4da230ccd0 code [0x00007f4da230ce40, 0x00007f4da230cfa8]
Event: 50.917 Thread 0x00007f4db00bb800 7251       2       java.util.TimSort::mergeHi (732 bytes)

GC Heap History (10 events):
Event: 41.033 GC heap after
Heap after GC invocations=42 (full 5):
 PSYoungGen      total 152576K, used 21491K [0x00000000f5580000, 0x0000000100000000, 0x0000000100000000)
  eden space 131072K, 0% used [0x00000000f5580000,0x00000000f5580000,0x00000000fd580000)
  from space 21504K, 99% used [0x00000000fd580000,0x00000000fea7cc58,0x00000000fea80000)
  to   space 22016K, 0% used [0x00000000fea80000,0x00000000fea80000,0x0000000100000000)
 ParOldGen       total 157696K, used 124139K [0x00000000e0000000, 0x00000000e9a00000, 0x00000000f5580000)
  object space 157696K, 78% used [0x00000000e0000000,0x00000000e793aff8,0x00000000e9a00000)
 Metaspace       used 21567K, capacity 21790K, committed 22016K, reserved 1069056K
  class space    used 2393K, capacity 2466K, committed 2560K, reserved 1048576K
}
Event: 41.428 GC heap before
{Heap before GC invocations=43 (full 5):
 PSYoungGen      total 152576K, used 152563K [0x00000000f5580000, 0x0000000100000000, 0x0000000100000000)
  eden space 131072K, 100% used [0x00000000f5580000,0x00000000fd580000,0x00000000fd580000)
  from space 21504K, 99% used [0x00000000fd580000,0x00000000fea7cc58,0x00000000fea80000)
  to   space 22016K, 0% used [0x00000000fea80000,0x00000000fea80000,0x0000000100000000)
 ParOldGen       total 157696K, used 124139K [0x00000000e0000000, 0x00000000e9a00000, 0x00000000f5580000)
  object space 157696K, 78% used [0x00000000e0000000,0x00000000e793aff8,0x00000000e9a00000)
 Metaspace       used 21594K, capacity 21854K, committed 22016K, reserved 1069056K
  class space    used 2393K, capacity 2466K, committed 2560K, reserved 1048576K
Event: 41.470 GC heap after
Heap after GC invocations=43 (full 5):
 PSYoungGen      total 145408K, used 20569K [0x00000000f5580000, 0x0000000100000000, 0x0000000100000000)
  eden space 123392K, 0% used [0x00000000f5580000,0x00000000f5580000,0x00000000fce00000)
  from space 22016K, 93% used [0x00000000fea80000,0x00000000ffe96508,0x0000000100000000)
  to   space 25600K, 0% used [0x00000000fce00000,0x00000000fce00000,0x00000000fe700000)
 ParOldGen       total 157696K, used 126488K [0x00000000e0000000, 0x00000000e9a00000, 0x00000000f5580000)
  object space 157696K, 80% used [0x00000000e0000000,0x00000000e7b86048,0x00000000e9a00000)
 Metaspace       used 21594K, capacity 21854K, committed 22016K, reserved 1069056K
  class space    used 2393K, capacity 2466K, committed 2560K, reserved 1048576K
}
Event: 41.671 GC heap before
{Heap before GC invocations=44 (full 5):
 PSYoungGen      total 145408K, used 143961K [0x00000000f5580000, 0x0000000100000000, 0x0000000100000000)
  eden space 123392K, 100% used [0x00000000f5580000,0x00000000fce00000,0x00000000fce00000)
  from space 22016K, 93% used [0x00000000fea80000,0x00000000ffe96508,0x0000000100000000)
  to   space 25600K, 0% used [0x00000000fce00000,0x00000000fce00000,0x00000000fe700000)
 ParOldGen       total 157696K, used 126488K [0x00000000e0000000, 0x00000000e9a00000, 0x00000000f5580000)
  object space 157696K, 80% used [0x00000000e0000000,0x00000000e7b86048,0x00000000e9a00000)
 Metaspace       used 21596K, capacity 21854K, committed 22016K, reserved 1069056K
  class space    used 2393K, capacity 2466K, committed 2560K, reserved 1048576K
Event: 43.038 GC heap after
Heap after GC invocations=44 (full 5):
 PSYoungGen      total 148992K, used 25587K [0x00000000f5580000, 0x0000000100000000, 0x0000000100000000)
  eden space 123392K, 0% used [0x00000000f5580000,0x00000000f5580000,0x00000000fce00000)
  from space 25600K, 99% used [0x00000000fce00000,0x00000000fe6fcda8,0x00000000fe700000)
  to   space 25600K, 0% used [0x00000000fe700000,0x00000000fe700000,0x0000000100000000)
 ParOldGen       total 157696K, used 139316K [0x00000000e0000000, 0x00000000e9a00000, 0x00000000f5580000)
  object space 157696K, 88% used [0x00000000e0000000,0x00000000e880d3b8,0x00000000e9a00000)
 Metaspace       used 21596K, capacity 21854K, committed 22016K, reserved 1069056K
  class space    used 2393K, capacity 2466K, committed 2560K, reserved 1048576K
}
Event: 45.744 GC heap before
{Heap before GC invocations=45 (full 5):
 PSYoungGen      total 148992K, used 148979K [0x00000000f5580000, 0x0000000100000000, 0x0000000100000000)
  eden space 123392K, 100% used [0x00000000f5580000,0x00000000fce00000,0x00000000fce00000)
  from space 25600K, 99% used [0x00000000fce00000,0x00000000fe6fcda8,0x00000000fe700000)
  to   space 25600K, 0% used [0x00000000fe700000,0x00000000fe700000,0x0000000100000000)
 ParOldGen       total 157696K, used 139316K [0x00000000e0000000, 0x00000000e9a00000, 0x00000000f5580000)
  object space 157696K, 88% used [0x00000000e0000000,0x00000000e880d3b8,0x00000000e9a00000)
 Metaspace       used 21603K, capacity 21854K, committed 22016K, reserved 1069056K
  class space    used 2393K, capacity 2466K, committed 2560K, reserved 1048576K
Event: 46.855 GC heap after
Heap after GC invocations=45 (full 5):
 PSYoungGen      total 133632K, used 22726K [0x00000000f5580000, 0x0000000100000000, 0x0000000100000000)
  eden space 108032K, 0% used [0x00000000f5580000,0x00000000f5580000,0x00000000fbf00000)
  from space 25600K, 88% used [0x00000000fe700000,0x00000000ffd31b20,0x0000000100000000)
  to   space 33280K, 0% used [0x00000000fbf00000,0x00000000fbf00000,0x00000000fdf80000)
 ParOldGen       total 157696K, used 141352K [0x00000000e0000000, 0x00000000e9a00000, 0x00000000f5580000)
  object space 157696K, 89% used [0x00000000e0000000,0x00000000e8a0a3c8,0x00000000e9a00000)
 Metaspace       used 21603K, capacity 21854K, committed 22016K, reserved 1069056K
  class space    used 2393K, capacity 2466K, committed 2560K, reserved 1048576K
}
Event: 52.016 GC heap before
{Heap before GC invocations=46 (full 5):
 PSYoungGen      total 133632K, used 130758K [0x00000000f5580000, 0x0000000100000000, 0x0000000100000000)
  eden space 108032K, 100% used [0x00000000f5580000,0x00000000fbf00000,0x00000000fbf00000)
  from space 25600K, 88% used [0x00000000fe700000,0x00000000ffd31b20,0x0000000100000000)
  to   space 33280K, 0% used [0x00000000fbf00000,0x00000000fbf00000,0x00000000fdf80000)
 ParOldGen       total 157696K, used 141352K [0x00000000e0000000, 0x00000000e9a00000, 0x00000000f5580000)
  object space 157696K, 89% used [0x00000000e0000000,0x00000000e8a0a3c8,0x00000000e9a00000)
 Metaspace       used 21614K, capacity 21854K, committed 22016K, reserved 1069056K
  class space    used 2393K, capacity 2466K, committed 2560K, reserved 1048576K
Event: 52.456 GC heap after
Heap after GC invocations=46 (full 5):
 PSYoungGen      total 141312K, used 33277K [0x00000000f5580000, 0x0000000100000000, 0x0000000100000000)
  eden space 108032K, 0% used [0x00000000f5580000,0x00000000f5580000,0x00000000fbf00000)
  from space 33280K, 99% used [0x00000000fbf00000,0x00000000fdf7f4d8,0x00000000fdf80000)
  to   space 33280K, 0% used [0x00000000fdf80000,0x00000000fdf80000,0x0000000100000000)
 ParOldGen       total 157696K, used 148940K [0x00000000e0000000, 0x00000000e9a00000, 0x00000000f5580000)
  object space 157696K, 94% used [0x00000000e0000000,0x00000000e9173340,0x00000000e9a00000)
 Metaspace       used 21614K, capacity 21854K, committed 22016K, reserved 1069056K
  class space    used 2393K, capacity 2466K, committed 2560K, reserved 1048576K
}
Event: 52.552 GC heap before
{Heap before GC invocations=47 (full 6):
 PSYoungGen      total 141312K, used 33277K [0x00000000f5580000, 0x0000000100000000, 0x0000000100000000)
  eden space 108032K, 0% used [0x00000000f5580000,0x00000000f5580000,0x00000000fbf00000)
  from space 33280K, 99% used [0x00000000fbf00000,0x00000000fdf7f4d8,0x00000000fdf80000)
  to   space 33280K, 0% used [0x00000000fdf80000,0x00000000fdf80000,0x0000000100000000)
 ParOldGen       total 157696K, used 148940K [0x00000000e0000000, 0x00000000e9a00000, 0x00000000f5580000)
  object space 157696K, 94% used [0x00000000e0000000,0x00000000e9173340,0x00000000e9a00000)
 Metaspace       used 21614K, capacity 21854K, committed 22016K, reserved 1069056K
  class space    used 2393K, capacity 2466K, committed 2560K, reserved 1048576K

Deoptimization events (10 events):
Event: 45.398 Thread 0x00007f4db000e000 Uncommon trap: reason=array_check action=maybe_recompile pc=0x00007f4da2256d98 method=java.util.TimSort.reverseRange([Ljava/lang/Object;II)V @ 20
Event: 45.420 Thread 0x00007f4db000e000 Uncommon trap: reason=array_check action=maybe_recompile pc=0x00007f4da2256d98 method=java.util.TimSort.reverseRange([Ljava/lang/Object;II)V @ 20
Event: 45.421 Thread 0x00007f4db000e000 Uncommon trap: reason=array_check action=maybe_recompile pc=0x00007f4da2256d98 method=java.util.TimSort.reverseRange([Ljava/lang/Object;II)V @ 20
Event: 45.421 Thread 0x00007f4db000e000 Uncommon trap: reason=array_check action=maybe_recompile pc=0x00007f4da2256d98 method=java.util.TimSort.reverseRange([Ljava/lang/Object;II)V @ 20
Event: 45.426 Thread 0x00007f4db000e000 Uncommon trap: reason=bimorphic action=maybe_recompile pc=0x00007f4da1f9bac0 method=org.objectweb.asm.ClassReader.readMethod(Lorg/objectweb/asm/ClassVisitor;Lorg/objectweb/asm/Context;I)I @ 861
Event: 45.529 Thread 0x00007f4db000e000 Uncommon trap: reason=unstable_if action=reinterpret pc=0x00007f4da1fdf898 method=edu.umd.cs.findbugs.ba.vna.ValueNumberFrameModelingVisitor.visitInvokeOnException(Lorg/apache/bcel/generic/Instruction;)V @ 202
Event: 45.539 Thread 0x00007f4db000e000 Uncommon trap: reason=null_check action=make_not_entrant pc=0x00007f4da1f27970 method=edu.umd.cs.findbugs.ba.ExceptionHandlerMap.getHandlerList(Lorg/apache/bcel/generic/InstructionHandle;)Ljava/util/List; @ 8
Event: 45.611 Thread 0x00007f4db000e000 Uncommon trap: reason=array_check action=maybe_recompile pc=0x00007f4da23aa738 method=java.util.TimSort.reverseRange([Ljava/lang/Object;II)V @ 27
Event: 45.613 Thread 0x00007f4db000e000 Uncommon trap: reason=array_check action=maybe_recompile pc=0x00007f4da23aa738 method=java.util.TimSort.reverseRange([Ljava/lang/Object;II)V @ 27
Event: 48.466 Thread 0x00007f4db000e000 Uncommon trap: reason=unstable_if action=reinterpret pc=0x00007f4da1636054 method=java.util.HashMap.resize()[Ljava/util/HashMap$Node; @ 206

Classes redefined (0 events):
No events

Internal exceptions (10 events):
Event: 24.928 Thread 0x00007f4db000e000 Implicit null exception at 0x00007f4da1898ac1 to 0x00007f4da189e209
Event: 25.569 Thread 0x00007f4db000e000 Implicit null exception at 0x00007f4da16f1e73 to 0x00007f4da16f24f5
Event: 26.442 Thread 0x00007f4db000e000 Implicit null exception at 0x00007f4da187fe77 to 0x00007f4da18819d5
Event: 27.068 Thread 0x00007f4db000e000 Implicit null exception at 0x00007f4da1e8fa7c to 0x00007f4da1e99f1d
Event: 31.271 Thread 0x00007f4db000e000 Implicit null exception at 0x00007f4da15606c5 to 0x00007f4da1560719
Event: 32.290 Thread 0x00007f4d6c06d000 Implicit null exception at 0x00007f4da191fd1f to 0x00007f4da19203cd
Event: 32.804 Thread 0x00007f4db000e000 Implicit null exception at 0x00007f4da1caa7fc to 0x00007f4da1cabcf9
Event: 37.140 Thread 0x00007f4db000e000 Implicit null exception at 0x00007f4da292146f to 0x00007f4da29257d9
Event: 39.345 Thread 0x00007f4db000e000 Implicit null exception at 0x00007f4da250d5ec to 0x00007f4da250dee1
Event: 45.537 Thread 0x00007f4db000e000 Implicit null exception at 0x00007f4da1f256cb to 0x00007f4da1f27941

Events (10 events):
Event: 48.501 Thread 0x00007f4db000e000 DEOPT UNPACKING pc=0x00007f4da1047784 sp=0x00007f4db8ff1068 mode 0
Event: 48.783 Thread 0x00007f4db000e000 DEOPT PACKING pc=0x00007f4da19e55b5 sp=0x00007f4db8ff11d0
Event: 49.009 Thread 0x00007f4db000e000 DEOPT UNPACKING pc=0x00007f4da1047784 sp=0x00007f4db8ff1308 mode 0
Event: 50.360 Thread 0x00007f4db000e000 DEOPT PACKING pc=0x00007f4da19e4f2c sp=0x00007f4db8ff11d0
Event: 50.436 Thread 0x00007f4db000e000 DEOPT UNPACKING pc=0x00007f4da1047784 sp=0x00007f4db8ff1308 mode 0
Event: 50.863 Thread 0x00007f4db000e000 DEOPT PACKING pc=0x00007f4da19e55b5 sp=0x00007f4db8ff14d0
Event: 50.863 Thread 0x00007f4db000e000 DEOPT UNPACKING pc=0x00007f4da1047784 sp=0x00007f4db8ff1608 mode 0
Event: 51.265 Thread 0x00007f4db000e000 DEOPT PACKING pc=0x00007f4da19e55b5 sp=0x00007f4db8ff1680
Event: 51.380 Thread 0x00007f4db000e000 DEOPT UNPACKING pc=0x00007f4da1047784 sp=0x00007f4db8ff17b8 mode 0
Event: 51.922 Executing VM operation: ParallelGCFailedAllocation


Dynamic libraries:
00400000-00401000 r-xp 00000000 08:01 672647                             /home/tyt/java/jdk1.8.0_181/jre/bin/java
00600000-00601000 rw-p 00000000 08:01 672647                             /home/tyt/java/jdk1.8.0_181/jre/bin/java
021dd000-021fe000 rw-p 00000000 00:00 0                                  [heap]
e0000000-e9a00000 rw-p 00000000 00:00 0 
ec580000-f5580000 ---p 00000000 00:00 0 
f5580000-100000000 rw-p 00000000 00:00 0 
100000000-100280000 rw-p 00000000 00:00 0 
100280000-140000000 ---p 00000000 00:00 0 
7f4d64000000-7f4d64021000 rw-p 00000000 00:00 0 
7f4d64021000-7f4d68000000 ---p 00000000 00:00 0 
7f4d6c000000-7f4d6c0f4000 rw-p 00000000 00:00 0 
7f4d6c0f4000-7f4d70000000 ---p 00000000 00:00 0 
7f4d70000000-7f4d70021000 rw-p 00000000 00:00 0 
7f4d70021000-7f4d74000000 ---p 00000000 00:00 0 
7f4d74000000-7f4d74021000 rw-p 00000000 00:00 0 
7f4d74021000-7f4d78000000 ---p 00000000 00:00 0 
7f4d78000000-7f4d78021000 rw-p 00000000 00:00 0 
7f4d78021000-7f4d7c000000 ---p 00000000 00:00 0 
7f4d7c000000-7f4d7f309000 rw-p 00000000 00:00 0 
7f4d7f309000-7f4d80000000 ---p 00000000 00:00 0 
7f4d80000000-7f4d816ca000 rw-p 00000000 00:00 0 
7f4d816ca000-7f4d84000000 ---p 00000000 00:00 0 
7f4d84000000-7f4d84021000 rw-p 00000000 00:00 0 
7f4d84021000-7f4d88000000 ---p 00000000 00:00 0 
7f4d88000000-7f4d88021000 rw-p 00000000 00:00 0 
7f4d88021000-7f4d8c000000 ---p 00000000 00:00 0 
7f4d8c000000-7f4d8c021000 rw-p 00000000 00:00 0 
7f4d8c021000-7f4d90000000 ---p 00000000 00:00 0 
7f4d91462000-7f4d91562000 rw-p 00000000 00:00 0 
7f4d91562000-7f4d91662000 ---p 00000000 00:00 0 
7f4d91662000-7f4d91862000 rw-p 00000000 00:00 0 
7f4d91862000-7f4d91867000 r--s 0009d000 08:01 802939                     /home/tyt/java/jdk1.8.0_181/jre/lib/jsse.jar
7f4d91867000-7f4d91a67000 rw-p 00000000 00:00 0 
7f4d91a67000-7f4d91a6e000 r--s 00000000 08:01 529062                     /usr/lib/x86_64-linux-gnu/gconv/gconv-modules.cache
7f4d91a6e000-7f4d91a8f000 r--p 00000000 08:01 665332                     /usr/share/locale-langpack/zh_CN/LC_MESSAGES/libc.mo
7f4d91a8f000-7f4d91c8f000 rw-p 00000000 00:00 0 
7f4d91c8f000-7f4d91c95000 r--s 00045000 08:01 676436                     /home/tyt/.m2/repository/commons-httpclient/commons-httpclient/3.1/commons-httpclient-3.1.jar
7f4d91c95000-7f4d91c98000 r--s 00009000 08:01 807809                     /home/tyt/.m2/repository/com/fasterxml/jackson/core/jackson-annotations/2.6.6/jackson-annotations-2.6.6.jar
7f4d91c98000-7f4d91c9e000 r--s 00033000 08:01 676928                     /home/tyt/.m2/repository/org/apache/curator/curator-recipes/2.1.0-incubating/curator-recipes-2.1.0-incubating.jar
7f4d91c9e000-7f4d91ca1000 r--s 00007000 08:01 935466                     /home/tyt/.m2/repository/com/google/code/findbugs/annotations/3.0.1/annotations-3.0.1.jar
7f4d91ca1000-7f4d91cb2000 r--s 0010d000 08:01 807807                     /home/tyt/.m2/repository/com/fasterxml/jackson/core/jackson-databind/2.6.6/jackson-databind-2.6.6.jar
7f4d91cb2000-7f4d91cb7000 r--s 00024000 08:01 676926                     /home/tyt/.m2/repository/org/apache/curator/curator-framework/2.1.0-incubating/curator-framework-2.1.0-incubating.jar
7f4d91cb7000-7f4d91cba000 r--s 0000d000 08:01 676924                     /home/tyt/.m2/repository/org/apache/curator/curator-client/2.1.0-incubating/curator-client-2.1.0-incubating.jar
7f4d91cba000-7f4d91ce3000 r--s 001ee000 08:01 1076894                    /home/tyt/.m2/repository/com/google/guava/guava/14.0.1/guava-14.0.1.jar
7f4d91ce3000-7f4d91ce5000 r--s 00004000 08:01 676916                     /home/tyt/.m2/repository/io/dropwizard/metrics/metrics-graphite/3.1.2/metrics-graphite-3.1.2.jar
7f4d91ce5000-7f4d91cec000 r--s 0003f000 08:01 1207065                    /home/tyt/.m2/repository/commons-codec/commons-codec/1.10/commons-codec-1.10.jar
7f4d91cec000-7f4d91cf8000 r--s 000b6000 08:01 936683                     /home/tyt/.m2/repository/org/apache/zookeeper/zookeeper/3.4.6/zookeeper-3.4.6.jar
7f4d91cf8000-7f4d91cfb000 r--s 0001d000 08:01 676936                     /home/tyt/.m2/repository/org/reflections/reflections/0.9.10/reflections-0.9.10.jar
7f4d91cfb000-7f4d91d01000 r--s 00034000 08:01 676930                     /home/tyt/.m2/repository/org/apache/thrift/libthrift/0.9.3/libthrift-0.9.3.jar
7f4d91d01000-7f4d91d04000 r--s 00006000 08:01 1079222                    /home/tyt/.m2/repository/com/google/code/findbugs/jsr305/1.3.9/jsr305-1.3.9.jar
7f4d91d04000-7f4d91d11000 r--s 000aa000 08:01 1079736                    /home/tyt/.m2/repository/org/apache/httpcomponents/httpclient/4.5.3/httpclient-4.5.3.jar
7f4d91d11000-7f4d91d13000 r--s 00005000 08:01 935472                     /home/tyt/.m2/repository/org/slf4j/slf4j-api/1.7.2/slf4j-api-1.7.2.jar
7f4d91d13000-7f4d91d15000 r--s 00001000 08:01 935474                     /home/tyt/.m2/repository/org/slf4j/slf4j-log4j12/1.7.2/slf4j-log4j12-1.7.2.jar
7f4d91d15000-7f4d91d19000 r--s 0003c000 08:01 807811                     /home/tyt/.m2/repository/com/fasterxml/jackson/core/jackson-core/2.6.6/jackson-core-2.6.6.jar
7f4d91d19000-7f4d91d1a000 r--s 0000c000 08:01 1207063                    /home/tyt/.m2/repository/commons-cli/commons-cli/1.3.1/commons-cli-1.3.1.jar
7f4d91d1a000-7f4d91d41000 r--s 00206000 08:01 676922                     /home/tyt/.m2/repository/io/netty/netty-all/4.0.53.Final/netty-all-4.0.53.Final.jar
7f4d91d41000-7f4d91d49000 r--s 00048000 08:01 1079738                    /home/tyt/.m2/repository/org/apache/httpcomponents/httpcore/4.4.6/httpcore-4.4.6.jar
7f4d91d49000-7f4d91d4d000 r--s 0002a000 08:01 1077030                    /home/tyt/.m2/repository/commons-io/commons-io/2.4/commons-io-2.4.jar
7f4d91d4d000-7f4d91d4f000 r--s 0000d000 08:01 1206649                    /home/tyt/.m2/repository/commons-logging/commons-logging/1.1.1/commons-logging-1.1.1.jar
7f4d91d4f000-7f4d91d50000 r--s 00003000 08:01 676918                     /home/tyt/.m2/repository/io/dropwizard/metrics/metrics-json/3.1.2/metrics-json-3.1.2.jar
7f4d91d50000-7f4d91d54000 r--s 0003e000 08:01 676932                     /home/tyt/.m2/repository/jline/jline/2.14.6/jline-2.14.6.jar
7f4d91d54000-7f4d91d5c000 r--s 0007b000 08:01 540101                     /home/tyt/.m2/repository/com/google/protobuf/protobuf-java/2.5.0/protobuf-java-2.5.0.jar
7f4d91d5c000-7f4d91d65000 r--s 0006f000 08:01 935470                     /home/tyt/.m2/repository/log4j/log4j/1.2.17/log4j-1.2.17.jar
7f4d91d65000-7f4d91d74000 r--s 00122000 08:01 540142                     /home/tyt/alluxio/core/protobuf/target/alluxio-core-protobuf-1.9.0-SNAPSHOT.jar
7f4d91d74000-7f4d91d78000 r--s 00018000 08:01 676914                     /home/tyt/.m2/repository/io/dropwizard/metrics/metrics-core/3.1.2/metrics-core-3.1.2.jar
7f4d91d78000-7f4d91d90000 r--s 00110000 08:01 676934                     /home/tyt/.m2/repository/io/netty/netty/3.7.0.Final/netty-3.7.0.Final.jar
7f4d91d90000-7f4d91d93000 ---p 00000000 00:00 0 
7f4d91d93000-7f4d91e91000 rw-p 00000000 00:00 0 
7f4d91e91000-7f4d91ea8000 r-xp 00000000 08:01 1185893                    /lib/x86_64-linux-gnu/libresolv-2.27.so
7f4d91ea8000-7f4d920a8000 ---p 00017000 08:01 1185893                    /lib/x86_64-linux-gnu/libresolv-2.27.so
7f4d920a8000-7f4d920a9000 r--p 00017000 08:01 1185893                    /lib/x86_64-linux-gnu/libresolv-2.27.so
7f4d920a9000-7f4d920aa000 rw-p 00018000 08:01 1185893                    /lib/x86_64-linux-gnu/libresolv-2.27.so
7f4d920aa000-7f4d920ac000 rw-p 00000000 00:00 0 
7f4d920ac000-7f4d920b1000 r-xp 00000000 08:01 1185842                    /lib/x86_64-linux-gnu/libnss_dns-2.27.so
7f4d920b1000-7f4d922b1000 ---p 00005000 08:01 1185842                    /lib/x86_64-linux-gnu/libnss_dns-2.27.so
7f4d922b1000-7f4d922b2000 r--p 00005000 08:01 1185842                    /lib/x86_64-linux-gnu/libnss_dns-2.27.so
7f4d922b2000-7f4d922b3000 rw-p 00006000 08:01 1185842                    /lib/x86_64-linux-gnu/libnss_dns-2.27.so
7f4d922b3000-7f4d922b5000 r-xp 00000000 08:01 1185850                    /lib/x86_64-linux-gnu/libnss_mdns4_minimal.so.2
7f4d922b5000-7f4d924b4000 ---p 00002000 08:01 1185850                    /lib/x86_64-linux-gnu/libnss_mdns4_minimal.so.2
7f4d924b4000-7f4d924b5000 r--p 00001000 08:01 1185850                    /lib/x86_64-linux-gnu/libnss_mdns4_minimal.so.2
7f4d924b5000-7f4d924b6000 rw-p 00002000 08:01 1185850                    /lib/x86_64-linux-gnu/libnss_mdns4_minimal.so.2
7f4d924b6000-7f4d924b8000 r--s 00008000 08:01 676917                     /home/tyt/.m2/repository/io/dropwizard/metrics/metrics-jvm/3.1.2/metrics-jvm-3.1.2.jar
7f4d924b8000-7f4d924c1000 r--s 000ae000 08:01 1079740                    /home/tyt/.m2/repository/org/javassist/javassist/3.19.0-GA/javassist-3.19.0-GA.jar
7f4d924c1000-7f4d924c8000 r--s 00064000 08:01 1197589                    /home/tyt/.m2/repository/org/apache/commons/commons-lang3/3.4/commons-lang3-3.4.jar
7f4d924c8000-7f4d924de000 r-xp 00000000 08:01 803098                     /home/tyt/java/jdk1.8.0_181/jre/lib/amd64/libnet.so
7f4d924de000-7f4d926de000 ---p 00016000 08:01 803098                     /home/tyt/java/jdk1.8.0_181/jre/lib/amd64/libnet.so
7f4d926de000-7f4d926df000 rw-p 00016000 08:01 803098                     /home/tyt/java/jdk1.8.0_181/jre/lib/amd64/libnet.so
7f4d926df000-7f4d928df000 rw-p 00000000 00:00 0 
7f4d928df000-7f4d928e2000 ---p 00000000 00:00 0 
7f4d928e2000-7f4d929e0000 rw-p 00000000 00:00 0 
7f4d929e0000-7f4d929e3000 ---p 00000000 00:00 0 
7f4d929e3000-7f4d92ae1000 rw-p 00000000 00:00 0 
7f4d92ae1000-7f4d92aea000 r-xp 00000000 08:01 803106                     /home/tyt/java/jdk1.8.0_181/jre/lib/amd64/libmanagement.so
7f4d92aea000-7f4d92ce9000 ---p 00009000 08:01 803106                     /home/tyt/java/jdk1.8.0_181/jre/lib/amd64/libmanagement.so
7f4d92ce9000-7f4d92cea000 rw-p 00008000 08:01 803106                     /home/tyt/java/jdk1.8.0_181/jre/lib/amd64/libmanagement.so
7f4d92cea000-7f4d92eea000 rw-p 00000000 00:00 0 
7f4d92eea000-7f4d92eec000 r--s 00001000 08:01 802942                     /home/tyt/java/jdk1.8.0_181/jre/lib/ext/dnsns.jar
7f4d92eec000-7f4d92ef0000 r--s 0003a000 08:01 802948                     /home/tyt/java/jdk1.8.0_181/jre/lib/ext/sunpkcs11.jar
7f4d92ef0000-7f4d92ef2000 r--s 00009000 08:01 802941                     /home/tyt/java/jdk1.8.0_181/jre/lib/ext/sunec.jar
7f4d92ef2000-7f4d92ef7000 r--s 0003f000 08:01 802951                     /home/tyt/java/jdk1.8.0_181/jre/lib/ext/sunjce_provider.jar
7f4d92ef7000-7f4d92ef8000 r--s 0000a000 08:01 802945                     /home/tyt/java/jdk1.8.0_181/jre/lib/ext/jaccess.jar
7f4d92ef8000-7f4d92f8d000 r--s 0110e000 08:01 802944                     /home/tyt/java/jdk1.8.0_181/jre/lib/ext/jfxrt.jar
7f4d92f8d000-7f4d92fa9000 r--s 00393000 08:01 802943                     /home/tyt/java/jdk1.8.0_181/jre/lib/ext/cldrdata.jar
7f4d92fa9000-7f4d92faa000 r--s 00010000 08:01 802947                     /home/tyt/java/jdk1.8.0_181/jre/lib/ext/zipfs.jar
7f4d92faa000-7f4d92fc5000 r--s 001d4000 08:01 802946                     /home/tyt/java/jdk1.8.0_181/jre/lib/ext/nashorn.jar
7f4d92fc5000-7f4d92fca000 r--s 00084000 08:01 802799                     /home/tyt/java/jdk1.8.0_181/jre/lib/jfr.jar
7f4d92fca000-7f4d92fcf000 r--s 002f9000 08:01 802880                     /home/tyt/java/jdk1.8.0_181/jre/lib/charsets.jar
7f4d92fcf000-7f4d92fd2000 r--s 0001a000 08:01 803114                     /home/tyt/java/jdk1.8.0_181/jre/lib/jce.jar
7f4d92fd2000-7f4d92fd7000 r--s 0009d000 08:01 802939                     /home/tyt/java/jdk1.8.0_181/jre/lib/jsse.jar
7f4d92fd7000-7f4d92fea000 r--s 00345000 08:01 802920                     /home/tyt/java/jdk1.8.0_181/jre/lib/resources.jar
7f4d92fea000-7f4d92fec000 r--s 00001000 08:01 540056                     /home/tyt/.m2/repository/org/sonatype/plexus/plexus-build-api/0.0.7/plexus-build-api-0.0.7.jar
7f4d92fec000-7f4d92ff1000 r--s 00039000 08:01 807698                     /home/tyt/.m2/repository/org/codehaus/plexus/plexus-utils/1.5.6/plexus-utils-1.5.6.jar
7f4d92ff1000-7f4d92ff3000 r--s 00004000 08:01 1079396                    /home/tyt/.m2/repository/org/codehaus/plexus/plexus-resources/1.0-alpha-7/plexus-resources-1.0-alpha-7.jar
7f4d92ff3000-7f4d92ff5000 r--s 00008000 08:01 1079394                    /home/tyt/.m2/repository/classworlds/classworlds/1.1-alpha-2/classworlds-1.1-alpha-2.jar
7f4d92ff5000-7f4d92ffc000 r--s 00029000 08:01 1079389                    /home/tyt/.m2/repository/org/codehaus/plexus/plexus-container-default/1.0-alpha-9/plexus-container-default-1.0-alpha-9.jar
7f4d92ffc000-7f4d92fff000 r--s 00013000 08:01 676367                     /home/tyt/.m2/repository/org/apache/maven/maven-model/2.0.6/maven-model-2.0.6.jar
7f4d92fff000-7f4d93001000 r--s 0000c000 08:01 1079388                    /home/tyt/.m2/repository/org/apache/maven/maven-artifact-manager/2.0.6/maven-artifact-manager-2.0.6.jar
7f4d93001000-7f4d93004000 r--s 00018000 08:01 1077866                    /home/tyt/.m2/repository/commons-io/commons-io/1.4/commons-io-1.4.jar
7f4d93004000-7f4d93006000 r--s 00009000 08:01 540054                     /home/tyt/.m2/repository/org/apache/maven/shared/maven-doxia-tools/1.2.1/maven-doxia-tools-1.2.1.jar
7f4d93006000-7f4d93014000 r--s 0007f000 08:01 1197603                    /home/tyt/.m2/repository/commons-collections/commons-collections/3.2.1/commons-collections-3.2.1.jar
7f4d93014000-7f4d93017000 r--s 0001b000 08:01 1197583                    /home/tyt/.m2/repository/org/apache/struts/struts-tiles/1.3.8/struts-tiles-1.3.8.jar
7f4d93017000-7f4d9301c000 r--s 00039000 08:01 1197581                    /home/tyt/.m2/repository/org/apache/struts/struts-taglib/1.3.8/struts-taglib-1.3.8.jar
7f4d9301c000-7f4d93021000 r--s 00053000 08:01 1206732                    /home/tyt/.m2/repository/antlr/antlr/2.7.2/antlr-2.7.2.jar
7f4d93021000-7f4d93027000 r--s 0004b000 08:01 1197580                    /home/tyt/.m2/repository/org/apache/struts/struts-core/1.3.8/struts-core-1.3.8.jar
7f4d93027000-7f4d93029000 r--s 00005000 08:01 1197577                    /home/tyt/.m2/repository/sslext/sslext/1.2-0/sslext-1.2-0.jar
7f4d93029000-7f4d9302b000 r--s 00014000 08:01 1197573                    /home/tyt/.m2/repository/commons-chain/commons-chain/1.1/commons-chain-1.1.jar
7f4d9302b000-7f4d9302c000 ---p 00000000 00:00 0 
7f4d9302c000-7f4d9312c000 rw-p 00000000 00:00 0 
7f4d9312c000-7f4d9312f000 ---p 00000000 00:00 0 
7f4d9312f000-7f4d9322d000 rw-p 00000000 00:00 0 
7f4d9322d000-7f4d9322e000 ---p 00000000 00:00 0 
7f4d9322e000-7f4d93231000 ---p 00000000 00:00 0 
7f4d93231000-7f4d9332e000 rw-p 00000000 00:00 0 
7f4d9332e000-7f4d9332f000 ---p 00000000 00:00 0 
7f4d9332f000-7f4d93332000 ---p 00000000 00:00 0 
7f4d93332000-7f4d9342f000 rw-p 00000000 00:00 0 
7f4d9342f000-7f4d93432000 ---p 00000000 00:00 0 
7f4d93432000-7f4d93530000 rw-p 00000000 00:00 0 
7f4d93530000-7f4d93eff000 r--p 00000000 08:01 400126                     /usr/lib/locale/locale-archive
7f4d93eff000-7f4d93f02000 ---p 00000000 00:00 0 
7f4d93f02000-7f4d94000000 rw-p 00000000 00:00 0 
7f4d94000000-7f4d94021000 rw-p 00000000 00:00 0 
7f4d94021000-7f4d98000000 ---p 00000000 00:00 0 
7f4d98000000-7f4d98323000 rw-p 00000000 00:00 0 
7f4d98323000-7f4d9c000000 ---p 00000000 00:00 0 
7f4d9c000000-7f4d9c021000 rw-p 00000000 00:00 0 
7f4d9c021000-7f4da0000000 ---p 00000000 00:00 0 
7f4da0000000-7f4da0001000 r--s 00005000 08:01 1079390                    /home/tyt/.m2/repository/org/apache/maven/maven-repository-metadata/2.0.6/maven-repository-metadata-2.0.6.jar
7f4da0001000-7f4da0007000 r--s 0004f000 08:01 1197572                    /home/tyt/.m2/repository/org/apache/velocity/velocity-tools/2.0/velocity-tools-2.0.jar
7f4da0007000-7f4da000f000 r--s 00058000 08:01 1197597                    /home/tyt/.m2/repository/org/apache/velocity/velocity/1.5/velocity-1.5.jar
7f4da000f000-7f4da0010000 r--s 00001000 08:01 1079386                    /home/tyt/.m2/repository/org/codehaus/plexus/plexus-velocity/1.1.7/plexus-velocity-1.1.7.jar
7f4da0010000-7f4da0011000 r--s 00002000 08:01 1197569                    /home/tyt/.m2/repository/org/codehaus/plexus/plexus-i18n/1.0-beta-7/plexus-i18n-1.0-beta-7.jar
7f4da0011000-7f4da0013000 r--s 00008000 08:01 1197568                    /home/tyt/.m2/repository/org/apache/maven/doxia/doxia-module-fml/1.4/doxia-module-fml-1.4.jar
7f4da0013000-7f4da0014000 r--s 00003000 08:01 1197565                    /home/tyt/.m2/repository/org/apache/maven/doxia/doxia-module-xhtml/1.4/doxia-module-xhtml-1.4.jar
7f4da0014000-7f4da0016000 r--s 0000b000 08:01 1197564                    /home/tyt/.m2/repository/org/apache/maven/doxia/doxia-site-renderer/1.4/doxia-site-renderer-1.4.jar
7f4da0016000-7f4da0017000 r--s 0000e000 08:01 1197561                    /home/tyt/.m2/repository/org/apache/maven/doxia/doxia-decoration-model/1.4/doxia-decoration-model-1.4.jar
7f4da0017000-7f4da0018000 r--s 00002000 08:01 1197557                    /home/tyt/.m2/repository/org/apache/maven/doxia/doxia-sink-api/1.4/doxia-sink-api-1.4.jar
7f4da0018000-7f4da001d000 r--s 00026000 08:01 1077864                    /home/tyt/.m2/repository/org/apache/httpcomponents/httpcore/4.0.1/httpcore-4.0.1.jar
7f4da001d000-7f4da001f000 r--s 0000a000 08:01 1197549                    /home/tyt/.m2/repository/commons-codec/commons-codec/1.3/commons-codec-1.3.jar
7f4da001f000-7f4da0026000 r--s 00041000 08:01 1077862                    /home/tyt/.m2/repository/org/apache/httpcomponents/httpclient/4.0.2/httpclient-4.0.2.jar
7f4da0026000-7f4da003e000 r--s 00115000 08:01 1077858                    /home/tyt/.m2/repository/xerces/xercesImpl/2.9.1/xercesImpl-2.9.1.jar
7f4da003e000-7f4da0040000 r--s 00000000 08:01 935496                     /home/tyt/.m2/repository/org/codehaus/plexus/plexus-component-annotations/1.5.5/plexus-component-annotations-1.5.5.jar
7f4da0040000-7f4da0041000 r--s 00002000 08:01 1197560                    /home/tyt/.m2/repository/org/apache/maven/doxia/doxia-logging-api/1.4/doxia-logging-api-1.4.jar
7f4da0041000-7f4da0045000 r--s 00025000 08:01 1206730                    /home/tyt/.m2/repository/org/apache/maven/doxia/doxia-core/1.4/doxia-core-1.4.jar
7f4da0045000-7f4da0048000 r--s 00011000 08:01 1077532                    /home/tyt/.m2/repository/org/apache/maven/maven-artifact/2.2.1/maven-artifact-2.2.1.jar
7f4da0048000-7f4da004a000 r--s 00008000 08:01 1077570                    /home/tyt/.m2/repository/org/apache/maven/maven-plugin-descriptor/2.2.1/maven-plugin-descriptor-2.2.1.jar
7f4da004a000-7f4da004b000 r--s 00002000 08:01 676365                     /home/tyt/.m2/repository/org/apache/maven/maven-plugin-api/2.0/maven-plugin-api-2.0.jar
7f4da004b000-7f4da004d000 r--s 0000e000 08:01 1197601                    /home/tyt/.m2/repository/oro/oro/2.0.8/oro-2.0.8.jar
7f4da004d000-7f4da004f000 r--s 00008000 08:01 1197556                    /home/tyt/.m2/repository/commons-logging/commons-logging/1.0.4/commons-logging-1.0.4.jar
7f4da004f000-7f4da0053000 r--s 00026000 08:01 1197553                    /home/tyt/.m2/repository/commons-digester/commons-digester/1.6/commons-digester-1.6.jar
7f4da0053000-7f4da0058000 r--s 0002a000 08:01 1206728                    /home/tyt/.m2/repository/commons-beanutils/commons-beanutils/1.7.0/commons-beanutils-1.7.0.jar
7f4da0058000-7f4da005b000 r--s 00014000 08:01 1206726                    /home/tyt/.m2/repository/commons-validator/commons-validator/1.2.0/commons-validator-1.2.0.jar
7f4da005b000-7f4da005d000 r--s 00007000 08:01 1079230                    /home/tyt/.m2/repository/org/codehaus/plexus/plexus-interpolation/1.1/plexus-interpolation-1.1.jar
7f4da005d000-7f4da005f000 r--s 00006000 08:01 1079384                    /home/tyt/.m2/repository/org/apache/maven/maven-plugin-registry/2.0.10/maven-plugin-registry-2.0.10.jar
7f4da005f000-7f4da0061000 r--s 00008000 08:01 1079382                    /home/tyt/.m2/repository/org/apache/maven/maven-profile/2.0.10/maven-profile-2.0.10.jar
7f4da0061000-7f4da0063000 r--s 0000b000 08:01 1079380                    /home/tyt/.m2/repository/org/apache/maven/maven-settings/2.0.10/maven-settings-2.0.10.jar
7f4da0063000-7f4da0066000 r--s 0001c000 08:01 1079378                    /home/tyt/.m2/repository/org/apache/maven/maven-project/2.0.10/maven-project-2.0.10.jar
7f4da0066000-7f4da00d5000 r--s 00637000 08:01 676363                     /home/tyt/.m2/repository/org/codehaus/groovy/groovy-all/2.4.3/groovy-all-2.4.3.jar
7f4da00d5000-7f4da00f3000 r--s 001cf000 08:01 540052                     /home/tyt/.m2/repository/org/apache/ant/ant/1.9.4/ant-1.9.4.jar
7f4da00f3000-7f4da00f9000 r--s 00033000 08:01 1206722                    /home/tyt/.m2/repository/jaxen/jaxen/1.1.6/jaxen-1.1.6.jar
7f4da00f9000-7f4da00fc000 ---p 00000000 00:00 0 
7f4da00fc000-7f4da01fa000 rw-p 00000000 00:00 0 
7f4da01fa000-7f4da01fb000 ---p 00000000 00:00 0 
7f4da01fb000-7f4da1000000 rw-p 00000000 00:00 0 
7f4da1000000-7f4da2b90000 rwxp 00000000 00:00 0 
7f4da2b90000-7f4db0000000 ---p 00000000 00:00 0 
7f4db0000000-7f4db0dd1000 rw-p 00000000 00:00 0 
7f4db0dd1000-7f4db4000000 ---p 00000000 00:00 0 
7f4db4000000-7f4db4001000 r--s 00002000 08:01 1077852                    /home/tyt/.m2/repository/org/apache/maven/reporting/maven-reporting-api/3.0/maven-reporting-api-3.0.jar
7f4db4001000-7f4db4003000 r--s 00003000 08:01 1079376                    /home/tyt/.m2/repository/org/apache/maven/reporting/maven-reporting-impl/2.1/maven-reporting-impl-2.1.jar
7f4db4003000-7f4db4004000 r--s 00004000 08:01 1206724                    /home/tyt/.m2/repository/org/apache/ant/ant-launcher/1.9.4/ant-launcher-1.9.4.jar
7f4db4004000-7f4db4005000 r--s 00002000 08:01 807715                     /home/tyt/.m2/repository/com/apple/AppleJavaExtensions/1.4/AppleJavaExtensions-1.4.jar
7f4db4005000-7f4db400a000 r--s 00041000 08:01 1079374                    /home/tyt/.m2/repository/commons-lang/commons-lang/2.6/commons-lang-2.6.jar
7f4db400a000-7f4db400b000 r--s 0000c000 08:01 676362                     /home/tyt/.m2/repository/org/ow2/asm/asm/5.0.2/asm-5.0.2.jar
7f4db400b000-7f4db400d000 r--s 00006000 08:01 676359                     /home/tyt/.m2/repository/org/ow2/asm/asm-tree/5.0.2/asm-tree-5.0.2.jar
7f4db400d000-7f4db4012000 r--s 00058000 08:01 676355                     /home/tyt/.m2/repository/org/ow2/asm/asm-debug-all/5.0.2/asm-debug-all-5.0.2.jar
7f4db4012000-7f4db4017000 r--s 00016000 08:01 1206720                    /home/tyt/.m2/repository/xml-apis/xml-apis/1.0.b2/xml-apis-1.0.b2.jar
7f4db4017000-7f4db4021000 r--s 00116000 08:01 802950                     /home/tyt/java/jdk1.8.0_181/jre/lib/ext/localedata.jar
7f4db4021000-7f4db4026000 r--s 00048000 08:01 1206718                    /home/tyt/.m2/repository/dom4j/dom4j/1.6.1/dom4j-1.6.1.jar
7f4db4026000-7f4db4055000 r--s 00371000 08:01 936549                     /home/tyt/.m2/repository/com/google/code/findbugs/findbugs/3.0.1/findbugs-3.0.1.jar
7f4db4055000-7f4db450b000 rw-p 00000000 00:00 0 
7f4db450b000-7f4db46e5000 r--s 03d6b000 08:01 802882                     /home/tyt/java/jdk1.8.0_181/jre/lib/rt.jar
7f4db46e5000-7f4db58b6000 rw-p 00000000 00:00 0 
7f4db58b6000-7f4db58b7000 ---p 00000000 00:00 0 
7f4db58b7000-7f4db59b7000 rw-p 00000000 00:00 0 
7f4db59b7000-7f4db59b8000 ---p 00000000 00:00 0 
7f4db59b8000-7f4db5b05000 rw-p 00000000 00:00 0 
7f4db5b05000-7f4db5b62000 ---p 00000000 00:00 0 
7f4db5b62000-7f4db5bb8000 rw-p 00000000 00:00 0 
7f4db5bb8000-7f4db5c28000 rw-p 00000000 00:00 0 
7f4db5c28000-7f4db5f79000 ---p 00000000 00:00 0 
7f4db5f79000-7f4db5f94000 r-xp 00000000 08:01 803094                     /home/tyt/java/jdk1.8.0_181/jre/lib/amd64/libzip.so
7f4db5f94000-7f4db6194000 ---p 0001b000 08:01 803094                     /home/tyt/java/jdk1.8.0_181/jre/lib/amd64/libzip.so
7f4db6194000-7f4db6195000 rw-p 0001b000 08:01 803094                     /home/tyt/java/jdk1.8.0_181/jre/lib/amd64/libzip.so
7f4db6195000-7f4db61a0000 r-xp 00000000 08:01 1185844                    /lib/x86_64-linux-gnu/libnss_files-2.27.so
7f4db61a0000-7f4db639f000 ---p 0000b000 08:01 1185844                    /lib/x86_64-linux-gnu/libnss_files-2.27.so
7f4db639f000-7f4db63a0000 r--p 0000a000 08:01 1185844                    /lib/x86_64-linux-gnu/libnss_files-2.27.so
7f4db63a0000-7f4db63a1000 rw-p 0000b000 08:01 1185844                    /lib/x86_64-linux-gnu/libnss_files-2.27.so
7f4db63a1000-7f4db63a7000 rw-p 00000000 00:00 0 
7f4db63a7000-7f4db63be000 r-xp 00000000 08:01 1185838                    /lib/x86_64-linux-gnu/libnsl-2.27.so
7f4db63be000-7f4db65bd000 ---p 00017000 08:01 1185838                    /lib/x86_64-linux-gnu/libnsl-2.27.so
7f4db65bd000-7f4db65be000 r--p 00016000 08:01 1185838                    /lib/x86_64-linux-gnu/libnsl-2.27.so
7f4db65be000-7f4db65bf000 rw-p 00017000 08:01 1185838                    /lib/x86_64-linux-gnu/libnsl-2.27.so
7f4db65bf000-7f4db65c1000 rw-p 00000000 00:00 0 
7f4db65c1000-7f4db65cc000 r-xp 00000000 08:01 1185855                    /lib/x86_64-linux-gnu/libnss_nis-2.27.so
7f4db65cc000-7f4db67cb000 ---p 0000b000 08:01 1185855                    /lib/x86_64-linux-gnu/libnss_nis-2.27.so
7f4db67cb000-7f4db67cc000 r--p 0000a000 08:01 1185855                    /lib/x86_64-linux-gnu/libnss_nis-2.27.so
7f4db67cc000-7f4db67cd000 rw-p 0000b000 08:01 1185855                    /lib/x86_64-linux-gnu/libnss_nis-2.27.so
7f4db67cd000-7f4db67d5000 r-xp 00000000 08:01 1185840                    /lib/x86_64-linux-gnu/libnss_compat-2.27.so
7f4db67d5000-7f4db69d5000 ---p 00008000 08:01 1185840                    /lib/x86_64-linux-gnu/libnss_compat-2.27.so
7f4db69d5000-7f4db69d6000 r--p 00008000 08:01 1185840                    /lib/x86_64-linux-gnu/libnss_compat-2.27.so
7f4db69d6000-7f4db69d7000 rw-p 00009000 08:01 1185840                    /lib/x86_64-linux-gnu/libnss_compat-2.27.so
7f4db69d7000-7f4db6a02000 r-xp 00000000 08:01 803088                     /home/tyt/java/jdk1.8.0_181/jre/lib/amd64/libjava.so
7f4db6a02000-7f4db6c01000 ---p 0002b000 08:01 803088                     /home/tyt/java/jdk1.8.0_181/jre/lib/amd64/libjava.so
7f4db6c01000-7f4db6c03000 rw-p 0002a000 08:01 803088                     /home/tyt/java/jdk1.8.0_181/jre/lib/amd64/libjava.so
7f4db6c03000-7f4db6c10000 r-xp 00000000 08:01 803093                     /home/tyt/java/jdk1.8.0_181/jre/lib/amd64/libverify.so
7f4db6c10000-7f4db6e10000 ---p 0000d000 08:01 803093                     /home/tyt/java/jdk1.8.0_181/jre/lib/amd64/libverify.so
7f4db6e10000-7f4db6e12000 rw-p 0000d000 08:01 803093                     /home/tyt/java/jdk1.8.0_181/jre/lib/amd64/libverify.so
7f4db6e12000-7f4db6e19000 r-xp 00000000 08:01 1185895                    /lib/x86_64-linux-gnu/librt-2.27.so
7f4db6e19000-7f4db7018000 ---p 00007000 08:01 1185895                    /lib/x86_64-linux-gnu/librt-2.27.so
7f4db7018000-7f4db7019000 r--p 00006000 08:01 1185895                    /lib/x86_64-linux-gnu/librt-2.27.so
7f4db7019000-7f4db701a000 rw-p 00007000 08:01 1185895                    /lib/x86_64-linux-gnu/librt-2.27.so
7f4db701a000-7f4db71b7000 r-xp 00000000 08:01 1185817                    /lib/x86_64-linux-gnu/libm-2.27.so
7f4db71b7000-7f4db73b6000 ---p 0019d000 08:01 1185817                    /lib/x86_64-linux-gnu/libm-2.27.so
7f4db73b6000-7f4db73b7000 r--p 0019c000 08:01 1185817                    /lib/x86_64-linux-gnu/libm-2.27.so
7f4db73b7000-7f4db73b8000 rw-p 0019d000 08:01 1185817                    /lib/x86_64-linux-gnu/libm-2.27.so
7f4db73b8000-7f4db8094000 r-xp 00000000 08:01 803070                     /home/tyt/java/jdk1.8.0_181/jre/lib/amd64/server/libjvm.so
7f4db8094000-7f4db8294000 ---p 00cdc000 08:01 803070                     /home/tyt/java/jdk1.8.0_181/jre/lib/amd64/server/libjvm.so
7f4db8294000-7f4db836e000 rw-p 00cdc000 08:01 803070                     /home/tyt/java/jdk1.8.0_181/jre/lib/amd64/server/libjvm.so
7f4db836e000-7f4db83b9000 rw-p 00000000 00:00 0 
7f4db83b9000-7f4db85a0000 r-xp 00000000 08:01 1185754                    /lib/x86_64-linux-gnu/libc-2.27.so
7f4db85a0000-7f4db87a0000 ---p 001e7000 08:01 1185754                    /lib/x86_64-linux-gnu/libc-2.27.so
7f4db87a0000-7f4db87a4000 r--p 001e7000 08:01 1185754                    /lib/x86_64-linux-gnu/libc-2.27.so
7f4db87a4000-7f4db87a6000 rw-p 001eb000 08:01 1185754                    /lib/x86_64-linux-gnu/libc-2.27.so
7f4db87a6000-7f4db87aa000 rw-p 00000000 00:00 0 
7f4db87aa000-7f4db87ad000 r-xp 00000000 08:01 1185777                    /lib/x86_64-linux-gnu/libdl-2.27.so
7f4db87ad000-7f4db89ac000 ---p 00003000 08:01 1185777                    /lib/x86_64-linux-gnu/libdl-2.27.so
7f4db89ac000-7f4db89ad000 r--p 00002000 08:01 1185777                    /lib/x86_64-linux-gnu/libdl-2.27.so
7f4db89ad000-7f4db89ae000 rw-p 00003000 08:01 1185777                    /lib/x86_64-linux-gnu/libdl-2.27.so
7f4db89ae000-7f4db89c4000 r-xp 00000000 08:01 803065                     /home/tyt/java/jdk1.8.0_181/jre/lib/amd64/jli/libjli.so
7f4db89c4000-7f4db8bc3000 ---p 00016000 08:01 803065                     /home/tyt/java/jdk1.8.0_181/jre/lib/amd64/jli/libjli.so
7f4db8bc3000-7f4db8bc4000 rw-p 00015000 08:01 803065                     /home/tyt/java/jdk1.8.0_181/jre/lib/amd64/jli/libjli.so
7f4db8bc4000-7f4db8bde000 r-xp 00000000 08:01 1185887                    /lib/x86_64-linux-gnu/libpthread-2.27.so
7f4db8bde000-7f4db8ddd000 ---p 0001a000 08:01 1185887                    /lib/x86_64-linux-gnu/libpthread-2.27.so
7f4db8ddd000-7f4db8dde000 r--p 00019000 08:01 1185887                    /lib/x86_64-linux-gnu/libpthread-2.27.so
7f4db8dde000-7f4db8ddf000 rw-p 0001a000 08:01 1185887                    /lib/x86_64-linux-gnu/libpthread-2.27.so
7f4db8ddf000-7f4db8de3000 rw-p 00000000 00:00 0 
7f4db8de3000-7f4db8e0a000 r-xp 00000000 08:01 1185726                    /lib/x86_64-linux-gnu/ld-2.27.so
7f4db8e0a000-7f4db8e0c000 r--s 00009000 08:01 676357                     /home/tyt/.m2/repository/org/ow2/asm/asm-commons/5.0.2/asm-commons-5.0.2.jar
7f4db8e0c000-7f4db8e16000 r--s 0008c000 08:01 936551                     /home/tyt/.m2/repository/com/google/code/findbugs/bcel-findbugs/6.0/bcel-findbugs-6.0.jar
7f4db8e16000-7f4db8e95000 rw-p 00000000 00:00 0 
7f4db8e95000-7f4db8ef3000 ---p 00000000 00:00 0 
7f4db8ef3000-7f4db8ef4000 ---p 00000000 00:00 0 
7f4db8ef4000-7f4db8ef7000 ---p 00000000 00:00 0 
7f4db8ef7000-7f4db8ff8000 rw-p 00000000 00:00 0 
7f4db8ff8000-7f4db8ffa000 r--s 00005000 08:01 936553                     /home/tyt/.m2/repository/com/google/code/findbugs/jFormatString/2.0.1/jFormatString-2.0.1.jar
7f4db8ffa000-7f4db8ffc000 r--s 00006000 08:01 1077032                    /home/tyt/.m2/repository/com/google/code/findbugs/jsr305/2.0.1/jsr305-2.0.1.jar
7f4db8ffc000-7f4db8ffd000 r--s 00000000 08:01 935465                     /home/tyt/.m2/repository/net/jcip/jcip-annotations/1.0/jcip-annotations-1.0.jar
7f4db8ffd000-7f4db9000000 r--s 00020000 08:01 674377                     /home/tyt/.m2/repository/org/codehaus/mojo/findbugs-maven-plugin/3.0.2/findbugs-maven-plugin-3.0.2.jar
7f4db9000000-7f4db9008000 rw-s 00000000 08:01 1209600                    /tmp/hsperfdata_tyt/9786
7f4db9008000-7f4db9009000 rw-p 00000000 00:00 0 
7f4db9009000-7f4db900a000 ---p 00000000 00:00 0 
7f4db900a000-7f4db900b000 r--p 00027000 08:01 1185726                    /lib/x86_64-linux-gnu/ld-2.27.so
7f4db900b000-7f4db900c000 rw-p 00028000 08:01 1185726                    /lib/x86_64-linux-gnu/ld-2.27.so
7f4db900c000-7f4db900d000 rw-p 00000000 00:00 0 
7ffe0106f000-7ffe01092000 rw-p 00000000 00:00 0                          [stack]
7ffe011c1000-7ffe011c4000 r--p 00000000 00:00 0                          [vvar]
7ffe011c4000-7ffe011c6000 r-xp 00000000 00:00 0                          [vdso]
ffffffffff600000-ffffffffff601000 r-xp 00000000 00:00 0                  [vsyscall]

VM Arguments:
jvm_args: -Xmx512m -Dfile.encoding=UTF-8 
java_command: edu.umd.cs.findbugs.FindBugs2 -xml:withMessages -auxclasspathFromInput -projectName Alluxio Core - Common Utilities -effort:max -low -nested:false -exclude /home/tyt/alluxio/core/common/target/findbugs-exclude.xml -output /home/tyt/alluxio/core/common/target/findbugsTemp.xml /home/tyt/alluxio/core/common/target/classes
java_class_path (initial): /home/tyt/.m2/repository/org/codehaus/mojo/findbugs-maven-plugin/3.0.2/findbugs-maven-plugin-3.0.2.jar:/home/tyt/.m2/repository/com/google/code/findbugs/findbugs/3.0.1/findbugs-3.0.1.jar:/home/tyt/.m2/repository/net/jcip/jcip-annotations/1.0/jcip-annotations-1.0.jar:/home/tyt/.m2/repository/com/google/code/findbugs/jsr305/2.0.1/jsr305-2.0.1.jar:/home/tyt/.m2/repository/com/google/code/findbugs/bcel-findbugs/6.0/bcel-findbugs-6.0.jar:/home/tyt/.m2/repository/com/google/code/findbugs/jFormatString/2.0.1/jFormatString-2.0.1.jar:/home/tyt/.m2/repository/dom4j/dom4j/1.6.1/dom4j-1.6.1.jar:/home/tyt/.m2/repository/xml-apis/xml-apis/1.0.b2/xml-apis-1.0.b2.jar:/home/tyt/.m2/repository/org/ow2/asm/asm-debug-all/5.0.2/asm-debug-all-5.0.2.jar:/home/tyt/.m2/repository/org/ow2/asm/asm-commons/5.0.2/asm-commons-5.0.2.jar:/home/tyt/.m2/repository/org/ow2/asm/asm-tree/5.0.2/asm-tree-5.0.2.jar:/home/tyt/.m2/repository/org/ow2/asm/asm/5.0.2/asm-5.0.2.jar:/home/tyt/.m2/repository/commons-lang/commons-lang/2.6/commons-lang-2.6.jar:/home/tyt/.m2/repository/com/apple/AppleJavaExtensions/1.4/AppleJavaExtensions-1.4.jar:/home/tyt/.m2/repository/jaxen/jaxen/1.1.6/jaxen-1.1.6.jar:/home/tyt/.m2/repository/org/apache/ant/ant/1.9.4/ant-1.9.4.jar:/home/tyt/.m2/repository/org/apache/ant/ant-launcher/1.9.4/ant-launcher-1.9.4.jar:/home/tyt/.m2/repository/org/codehaus/groovy/groovy-all/2.4.3/groovy-all-2.4.3.jar:/home/tyt/.m2/repository/org/apache/maven/reporting/maven-reporting-impl/2.1/maven-reporting-impl-2.1.jar:/home/tyt/.m2/repository/org/apache/maven/maven-project/2.0.10/maven-project-2.0.10.jar:/home/tyt/.m2/repository/org/apache/maven/maven-settings/2.0.10/maven-settings-2.0.10.jar:/home/tyt/.m2/repository/org/apache/maven/maven-profile/2.0.10/maven-profile-2.0.10.jar:/home/tyt/.m2/repository/org/apache/maven/maven-plugin-registry/2.0.10/maven-plugin-registry-2.0.10.jar:/home/tyt/.m2/repository/org/codehaus/plexus/plexus-interpolation/1.1/plexus-interpolation-1.1
Launcher Type: SUN_STANDARD

Environment Variables:
PATH=/home/tyt/java/jdk1.8.0_181/bin:/home/tyt/bin:/home/tyt/.local/bin:/usr/local/sbin:/usr/local/bin:/usr/sbin:/usr/bin:/sbin:/bin:/usr/games:/usr/local/games:/snap/bin
USERNAME=tyt
SHELL=/bin/bash
DISPLAY=:0

Signal Handlers:
SIGSEGV: [libjvm.so+0xad2a40], sa_mask[0]=11111111011111111101111111111110, sa_flags=SA_RESTART|SA_SIGINFO
SIGBUS: [libjvm.so+0xad2a40], sa_mask[0]=11111111011111111101111111111110, sa_flags=SA_RESTART|SA_SIGINFO
SIGFPE: [libjvm.so+0x92a610], sa_mask[0]=11111111011111111101111111111110, sa_flags=SA_RESTART|SA_SIGINFO
SIGPIPE: [libjvm.so+0x92a610], sa_mask[0]=11111111011111111101111111111110, sa_flags=SA_RESTART|SA_SIGINFO
SIGXFSZ: [libjvm.so+0x92a610], sa_mask[0]=11111111011111111101111111111110, sa_flags=SA_RESTART|SA_SIGINFO
SIGILL: [libjvm.so+0x92a610], sa_mask[0]=11111111011111111101111111111110, sa_flags=SA_RESTART|SA_SIGINFO
SIGUSR1: SIG_DFL, sa_mask[0]=00000000000000000000000000000000, sa_flags=none
SIGUSR2: [libjvm.so+0x92be70], sa_mask[0]=00100000000000000000000000000000, sa_flags=SA_RESTART|SA_SIGINFO
SIGHUP: [libjvm.so+0x92d270], sa_mask[0]=11111111011111111101111111111110, sa_flags=SA_RESTART|SA_SIGINFO
SIGINT: [libjvm.so+0x92d270], sa_mask[0]=11111111011111111101111111111110, sa_flags=SA_RESTART|SA_SIGINFO
SIGTERM: [libjvm.so+0x92d270], sa_mask[0]=11111111011111111101111111111110, sa_flags=SA_RESTART|SA_SIGINFO
SIGQUIT: [libjvm.so+0x92d270], sa_mask[0]=11111111011111111101111111111110, sa_flags=SA_RESTART|SA_SIGINFO


---------------  S Y S T E M  ---------------

OS:DISTRIB_ID=Ubuntu
DISTRIB_RELEASE=18.04
DISTRIB_CODENAME=bionic
DISTRIB_DESCRIPTION="Ubuntu 18.04.1 LTS"

uname:Linux 4.15.0-29-generic #31-Ubuntu SMP Tue Jul 17 15:39:52 UTC 2018 x86_64
libc:glibc 2.27 NPTL 2.27 
rlimit: STACK 8192k, CORE 0k, NPROC 7648, NOFILE 4096, AS infinity
load average:14.09 5.76 2.78

/proc/meminfo:
MemTotal:        2017328 kB
MemFree:           53036 kB
MemAvailable:          0 kB
Buffers:             156 kB
Cached:            51076 kB
SwapCached:            4 kB
Active:          1109280 kB
Inactive:         371712 kB
Active(anon):    1106920 kB
Inactive(anon):   369008 kB
Active(file):       2360 kB
Inactive(file):     2704 kB
Unevictable:          32 kB
Mlocked:              32 kB
SwapTotal:        969960 kB
SwapFree:              0 kB
Dirty:                32 kB
Writeback:            12 kB
AnonPages:       1429804 kB
Mapped:            27824 kB
Shmem:             46152 kB
Slab:              92204 kB
SReclaimable:      34892 kB
SUnreclaim:        57312 kB
KernelStack:       11888 kB
PageTables:        40824 kB
NFS_Unstable:          0 kB
Bounce:                0 kB
WritebackTmp:          0 kB
CommitLimit:     1978624 kB
Committed_AS:    6352580 kB
VmallocTotal:   34359738367 kB
VmallocUsed:           0 kB
VmallocChunk:          0 kB
HardwareCorrupted:     0 kB
AnonHugePages:         0 kB
ShmemHugePages:        0 kB
ShmemPmdMapped:        0 kB
CmaTotal:              0 kB
CmaFree:               0 kB
HugePages_Total:       0
HugePages_Free:        0
HugePages_Rsvd:        0
HugePages_Surp:        0
Hugepagesize:       2048 kB
DirectMap4k:      216960 kB
DirectMap2M:     1880064 kB
DirectMap1G:           0 kB


CPU:total 2 (initial active 2) (1 cores per cpu, 1 threads per core) family 6 model 158 stepping 9, cmov, cx8, fxsr, mmx, sse, sse2, sse3, ssse3, sse4.1, sse4.2, popcnt, avx, avx2, aes, clmul, erms, rtm, 3dnowpref, lzcnt, tsc, tscinvbit, bmi1, bmi2, adx

/proc/cpuinfo:
processor	: 0
vendor_id	: GenuineIntel
cpu family	: 6
model		: 158
model name	: Intel(R) Core(TM) i5-7500 CPU @ 3.40GHz
stepping	: 9
microcode	: 0x84
cpu MHz		: 3407.994
cache size	: 6144 KB
physical id	: 0
siblings	: 1
core id		: 0
cpu cores	: 1
apicid		: 0
initial apicid	: 0
fpu		: yes
fpu_exception	: yes
cpuid level	: 22
wp		: yes
flags		: fpu vme de pse tsc msr pae mce cx8 apic sep mtrr pge mca cmov pat pse36 clflush dts mmx fxsr sse sse2 ss syscall nx pdpe1gb rdtscp lm constant_tsc arch_perfmon pebs bts nopl xtopology tsc_reliable nonstop_tsc cpuid aperfmperf pni pclmulqdq ssse3 fma cx16 pcid sse4_1 sse4_2 x2apic movbe popcnt tsc_deadline_timer aes xsave avx f16c rdrand hypervisor lahf_lm abm 3dnowprefetch epb invpcid_single pti fsgsbase tsc_adjust bmi1 hle avx2 smep bmi2 invpcid rtm rdseed adx smap xsaveopt dtherm ida arat pln pts hwp hwp_notify hwp_act_window hwp_epp
bugs		: cpu_meltdown spectre_v1 spectre_v2 spec_store_bypass
bogomips	: 6815.98
clflush size	: 64
cache_alignment	: 64
address sizes	: 42 bits physical, 48 bits virtual
power management:

processor	: 1
vendor_id	: GenuineIntel
cpu family	: 6
model		: 158
model name	: Intel(R) Core(TM) i5-7500 CPU @ 3.40GHz
stepping	: 9
microcode	: 0x84
cpu MHz		: 3407.994
cache size	: 6144 KB
physical id	: 2
siblings	: 1
core id		: 0
cpu cores	: 1
apicid		: 2
initial apicid	: 2
fpu		: yes
fpu_exception	: yes
cpuid level	: 22
wp		: yes
flags		: fpu vme de pse tsc msr pae mce cx8 apic sep mtrr pge mca cmov pat pse36 clflush dts mmx fxsr sse sse2 ss syscall nx pdpe1gb rdtscp lm constant_tsc arch_perfmon pebs bts nopl xtopology tsc_reliable nonstop_tsc cpuid aperfmperf pni pclmulqdq ssse3 fma cx16 pcid sse4_1 sse4_2 x2apic movbe popcnt tsc_deadline_timer aes xsave avx f16c rdrand hypervisor lahf_lm abm 3dnowprefetch epb invpcid_single pti fsgsbase tsc_adjust bmi1 hle avx2 smep bmi2 invpcid rtm rdseed adx smap xsaveopt dtherm ida arat pln pts hwp hwp_notify hwp_act_window hwp_epp
bugs		: cpu_meltdown spectre_v1 spectre_v2 spec_store_bypass
bogomips	: 6815.98
clflush size	: 64
cache_alignment	: 64
address sizes	: 42 bits physical, 48 bits virtual
power management:



Memory: 4k page, physical 2017328k(53060k free), swap 969960k(0k free)

vm_info: Java HotSpot(TM) 64-Bit Server VM (25.181-b13) for linux-amd64 JRE (1.8.0_181-b13), built on Jul  7 2018 00:56:38 by "java_re" with gcc 4.3.0 20080428 (Red Hat 4.3.0-8)

time: Thu Oct 11 20:19:22 2018
elapsed time: 156 seconds (0d 0h 2m 36s)

