#
# A fatal error has been detected by the Java Runtime Environment:
#
#  SIGSEGV (0xb) at pc=0x00007fbe6b58bec9, pid=142822, tid=0x00007fbf038ee700
#
# JRE version: OpenJDK Runtime Environment (8.0_252-b09) (build 1.8.0_252-8u252-b09-1ubuntu1-b09)
# Java VM: OpenJDK 64-Bit Server VM (25.252-b09 mixed mode linux-amd64 compressed oops)
# Problematic frame:
# C  [libjprofilerti.so+0x176ec9]  LiveCpuProfilingHelper::updateThreadNames()+0x49
#
# Failed to write core dump. Core dumps have been disabled. To enable core dumping, try "ulimit -c unlimited" before starting Java again
#
# If you would like to submit a bug report, please visit:
#   http://bugreport.java.com/bugreport/crash.jsp
# The crash happened outside the Java Virtual Machine in native code.
# See problematic frame for where to report the bug.
#

---------------  T H R E A D  ---------------

Current thread (0x00007fbf0418e000):  JavaThread "_jprofiler_native_sampler" daemon [_thread_in_native, id=145516, stack(0x00007fbf037ee000,0x00007fbf038ef000)]

siginfo: si_signo: 11 (SIGSEGV), si_code: 1 (SEGV_MAPERR), si_addr: 0x0000000000000000

Registers:
RAX=0x0000000000000000, RBX=0x00007fbf041890f0, RCX=0x0000000000000000, RDX=0x0000000000000000
RSP=0x00007fbf038edbe0, RBP=0x00007fbe6b98ed90, RSI=0x00007fbf0418e000, RDI=0x00007fbf041895a0
R8 =0x00007fbf97b1868c, R9 =0x0000000000000000, R10=0x00007fbf038edc00, R11=0x000000005ef230e5
R12=0x00007fbe6b98f0a0, R13=0x00007fbec020bbb0, R14=0x00000000c020cc40, R15=0x00007fbf0418c2b0
RIP=0x00007fbe6b58bec9, EFLAGS=0x0000000000010282, CSGSFS=0x002b000000000033, ERR=0x0000000000000004
  TRAPNO=0x000000000000000e

Top of Stack: (sp=0x00007fbf038edbe0)
0x00007fbf038edbe0:   0000000000000000 00007fbf97b1cce4
0x00007fbf038edbf0:   0000000000000000 0000000000000000
0x00007fbf038edc00:   0000000000000000 000000000a372f0c
0x00007fbf038edc10:   00007fbe6b9f42d8 00007fbf041890f0
0x00007fbf038edc20:   0000000000000000 00007fbf0418e1e0
0x00007fbf038edc30:   00000001d9a0f3fc 00007fbf0418e000
0x00007fbf038edc40:   00007fbf0418c2b0 00007fbe6b59f85e
0x00007fbf038edc50:   00007fbf041895a0 00007fbf97b1868c
0x00007fbf038edc60:   00007fbf038edc80 00007fbf976a8e3a
0x00007fbf038edc70:   00007fbec020ec60 00007fbf0418e000
0x00007fbf038edc80:   00007fbf038edcd0 00007fbf97564b95
0x00007fbf038edc90:   00007fbf038edcd0 0000000197564766
0x00007fbf038edca0:   00007fbf0418e000 0000000000000004
0x00007fbf038edcb0:   00007fbf0418e000 00007fbec020ec60
0x00007fbf038edcc0:   0000000000000005 00007fbf0418c2b0
0x00007fbf038edcd0:   00007fbf038edd00 00007fbf9753f0a7
0x00007fbf038edce0:   00007fbe6b9e41a8 0000000000000005
0x00007fbf038edcf0:   00007fbf97b1cce4 00007fbf041890f0
0x00007fbf038edd00:   00007fbf0418e1e0 00007fbe6b98cbb8
0x00007fbf038edd10:   00007fbf97b1cce4 00007fbf0418e000
0x00007fbf038edd20:   00007fbf0418c2b0 00007fbe6b59ff4b
0x00007fbf038edd30:   00007fbf0418e000 00007fbf038edd70
0x00007fbf038edd40:   00007fbf97b1868c 00007fbf9756024b
0x00007fbf038edd50:   00007fbf038edd70 00007fbf300119f0
0x00007fbf038edd60:   00007fbf038edda0 00000000000003d8
0x00007fbf038edd70:   00007fbf038ede10 00007fbf9782fd50
0x00007fbf038edd80:   00007fbf30011dd8 00000000000003d8
0x00007fbf038edd90:   00007fbf0418e000 00007fbf30011a00
0x00007fbf038edda0:   00007fbf0418e000 00007fbf0418c2f0
0x00007fbf038eddb0:   00007fbf906a1e90 00007fbf906a1ea0
0x00007fbf038eddc0:   00007fbf906a1f78 00000000000000d8
0x00007fbf038eddd0:   00007fbf0418e5f0 499ac7d43f438600 

Instructions: (pc=0x00007fbe6b58bec9)
0x00007fbe6b58bea9:   24 10 e8 b8 45 f9 ff 4c 8b 25 b1 9e 3e 00 4d 8b
0x00007fbe6b58beb9:   6c 24 08 45 8b 75 00 45 85 f6 74 3b 49 8b 55 10
0x00007fbe6b58bec9:   8b 1a 83 e3 03 0f 84 54 01 00 00 31 db eb 20 0f
0x00007fbe6b58bed9:   1f 84 00 00 00 00 00 89 d8 8d 0c 1b c1 e8 04 83 

Register to memory mapping:

RAX=0x0000000000000000 is an unknown value
RBX=0x00007fbf041890f0 is an unknown value
RCX=0x0000000000000000 is an unknown value
RDX=0x0000000000000000 is an unknown value
RSP=0x00007fbf038edbe0 is pointing into the stack for thread: 0x00007fbf0418e000
RBP=0x00007fbe6b98ed90: _ZN13LiveProfiling18threadNamesMonitorE+0 in /home/abenaru/jprofiler11/bin/linux-x64/libjprofilerti.so at 0x00007fbe6b415000
RSI=0x00007fbf0418e000 is a thread
RDI=0x00007fbf041895a0 is an unknown value
R8 =0x00007fbf97b1868c: <offset 0xd1e68c> in /usr/lib/jvm/java-8-openjdk-amd64/jre/lib/amd64/server/libjvm.so at 0x00007fbf96dfa000
R9 =0x0000000000000000 is an unknown value
R10=0x00007fbf038edc00 is pointing into the stack for thread: 0x00007fbf0418e000
R11=0x000000005ef230e5 is an unknown value
R12=0x00007fbe6b98f0a0: _ZN22LiveCpuProfilingHelper14newThreadNamesE+0 in /home/abenaru/jprofiler11/bin/linux-x64/libjprofilerti.so at 0x00007fbe6b415000
R13=0x00007fbec020bbb0 is an unknown value
R14=0x00000000c020cc40 is an unknown value
R15=0x00007fbf0418c2b0 is an unknown value


Stack: [0x00007fbf037ee000,0x00007fbf038ef000],  sp=0x00007fbf038edbe0,  free space=1022k
Native frames: (J=compiled Java code, j=interpreted, Vv=VM code, C=native code)
C  [libjprofilerti.so+0x176ec9]  LiveCpuProfilingHelper::updateThreadNames()+0x49


---------------  P R O C E S S  ---------------

Java Threads: ( => current thread )
  0x00007fbf4c016000 JavaThread "qtp1584882238-422" [_thread_blocked, id=152018, stack(0x00007fbe67cfa000,0x00007fbe67dfb000)]
  0x00007fbee801b000 JavaThread "alluxio-client-netty-event-loop-RPC-1" daemon [_thread_in_native, id=151808, stack(0x00007fbe66fed000,0x00007fbe670ee000)]
  0x00007fbea02d9000 JavaThread "alluxio-client-netty-event-loop-RPC-0" daemon [_thread_in_native, id=151807, stack(0x00007fbe670ee000,0x00007fbe671ef000)]
  0x00007fbf3c00d000 JavaThread "JDWP Transport Listener: dt_socket" daemon [_thread_in_native, id=151759, stack(0x00007fbe68b02000,0x00007fbe68c03000)]
  0x00007fbebc2b4800 JavaThread "ForkJoinPool-1-worker-23" daemon [_thread_blocked, id=151530, stack(0x00007fbe6940b000,0x00007fbe6950c000)]
  0x00007fbeb820b800 JavaThread "grpc-default-executor-22" daemon [_thread_blocked, id=151378, stack(0x00007fbe67efc000,0x00007fbe67ffd000)]
  0x00007fbf1813c000 JavaThread "copycat-compactor-4" [_thread_blocked, id=150120, stack(0x00007fbe6970e000,0x00007fbe6980f000)]
  0x00007fbf080f5800 JavaThread "copycat-compactor-3" [_thread_blocked, id=149288, stack(0x00007fbe676f4000,0x00007fbe677f5000)]
  0x00007fbe8c28a800 JavaThread "ForkJoinPool-1-worker-30" daemon [_thread_blocked, id=148441, stack(0x00007fbf02ce7000,0x00007fbf02de8000)]
  0x000055d5b0ed8000 JavaThread "UserGroupMappingCachePool-0" daemon [_thread_blocked, id=147638, stack(0x00007fbe6950c000,0x00007fbe6960d000)]
  0x00007fbe98775800 JavaThread "ForkJoinPool-1-worker-5" daemon [_thread_blocked, id=147497, stack(0x00007fbe68a01000,0x00007fbe68b02000)]
  0x00007fbe986ba800 JavaThread "ForkJoinPool-1-worker-12" daemon [_thread_blocked, id=147496, stack(0x00007fbe68900000,0x00007fbe68a01000)]
  0x00007fbe98643000 JavaThread "ForkJoinPool-1-worker-19" daemon [_thread_blocked, id=147494, stack(0x00007fbe687ff000,0x00007fbe68900000)]
  0x00007fbe9862f800 JavaThread "ForkJoinPool-1-worker-26" daemon [_thread_blocked, id=147493, stack(0x00007fbe686fe000,0x00007fbe687ff000)]
  0x00007fbe98514800 JavaThread "ForkJoinPool-1-worker-1" daemon [_thread_blocked, id=147492, stack(0x00007fbf02de8000,0x00007fbf02ee9000)]
  0x00007fbe983c4000 JavaThread "Thread-32" daemon [_thread_blocked, id=147483, stack(0x00007fbf50f7d000,0x00007fbf5107e000)]
  0x00007fbefc005000 JavaThread "ForkJoinPool-1-worker-8" daemon [_thread_blocked, id=147348, stack(0x00007fbe69a11000,0x00007fbe69b12000)]
  0x00007fbe90239000 JavaThread "ForkJoinPool-1-worker-15" daemon [_thread_blocked, id=147346, stack(0x00007fbe69b12000,0x00007fbe69c13000)]
  0x00007fbe7c21d000 JavaThread "ForkJoinPool-1-worker-22" daemon [_thread_blocked, id=147344, stack(0x00007fbf031ea000,0x00007fbf032eb000)]
  0x00007fbe88003800 JavaThread "ForkJoinPool-1-worker-29" daemon [_thread_blocked, id=147343, stack(0x00007fbe69c13000,0x00007fbe69d14000)]
  0x00007fbe7c20f800 JavaThread "ForkJoinPool-1-worker-4" daemon [_thread_blocked, id=145522, stack(0x00007fbf027e4000,0x00007fbf028e5000)]
  0x00007fbf04127800 JavaThread "_jprofiler_control_sampler" daemon [_thread_blocked, id=145517, stack(0x00007fbf4b7fc000,0x00007fbf4b8fd000)]
=>0x00007fbf0418e000 JavaThread "_jprofiler_native_sampler" daemon [_thread_in_native, id=145516, stack(0x00007fbf037ee000,0x00007fbf038ef000)]
  0x00007fbec06ff800 JavaThread "_jprofiler_native_comm" daemon [_thread_in_native, id=145502, stack(0x00007fbf00dd0000,0x00007fbf00ed1000)]
  0x00007fbec06bb800 JavaThread "_jprofiler_sampler" daemon [_thread_blocked, id=145501, stack(0x00007fbf010d1000,0x00007fbf011d2000)]
  0x00007fbf34001000 JavaThread "Attach Listener" daemon [_thread_blocked, id=145307, stack(0x00007fbf028e5000,0x00007fbf029e6000)]
  0x00007fbee8011000 JavaThread "grpc-default-worker-ELG-3-8" daemon [_thread_in_native, id=145063, stack(0x00007fbe6b9fc000,0x00007fbe6bafd000)]
  0x00007fbee800f000 JavaThread "grpc-default-worker-ELG-3-7" daemon [_thread_in_native, id=145042, stack(0x00007fbe6bafd000,0x00007fbe6bbfe000)]
  0x00007fbee800d800 JavaThread "grpc-default-worker-ELG-3-6" daemon [_thread_in_native, id=145000, stack(0x00007fbe6bbfe000,0x00007fbe6bcff000)]
  0x00007fbe7c226000 JavaThread "ForkJoinPool-1-worker-11" daemon [_thread_blocked, id=144958, stack(0x00007fbe6beff000,0x00007fbe6c000000)]
  0x00007fbe9020d800 JavaThread "ForkJoinPool-1-worker-18" daemon [_thread_blocked, id=144957, stack(0x00007fbf001c8000,0x00007fbf002c9000)]
  0x00007fbee800c000 JavaThread "grpc-default-worker-ELG-3-5" daemon [_thread_in_native, id=144956, stack(0x00007fbf002c9000,0x00007fbf003ca000)]
  0x00007fbee800a000 JavaThread "grpc-default-worker-ELG-3-4" daemon [_thread_in_native, id=144937, stack(0x00007fbf003ca000,0x00007fbf004cb000)]
  0x00007fbee8008800 JavaThread "grpc-default-worker-ELG-3-3" daemon [_thread_in_native, id=144897, stack(0x00007fbf004cb000,0x00007fbf005cc000)]
  0x00007fbe8020a000 JavaThread "ForkJoinPool-1-worker-25" daemon [_thread_blocked, id=144747, stack(0x00007fbf00088000,0x00007fbf00189000)]
  0x00007fbee8006000 JavaThread "grpc-default-worker-ELG-3-2" daemon [_thread_in_native, id=144746, stack(0x00007fbf008cd000,0x00007fbf009ce000)]
  0x00007fbe741cd000 JavaThread "auth-cleanup" daemon [_thread_blocked, id=144740, stack(0x00007fbf007cc000,0x00007fbf008cd000)]
  0x00007fbe70004000 JavaThread "qtp1584882238-65-acceptor-0@6f212988-ServerConnector@469c4f57{HTTP/1.1}{0.0.0.0:19999}" [_thread_in_native, id=144737, stack(0x00007fbf009ce000,0x00007fbf00acf000)]
  0x00007fbe6c001800 JavaThread "qtp1584882238-64-selector-ServerConnectorManager@13ccdc6c/3" [_thread_in_native, id=144736, stack(0x00007fbf00acf000,0x00007fbf00bd0000)]
  0x00007fbe740d6000 JavaThread "qtp1584882238-61-selector-ServerConnectorManager@13ccdc6c/2" [_thread_in_native, id=144569, stack(0x00007fbf013d2000,0x00007fbf014d3000)]
  0x00007fbe740d5800 JavaThread "qtp1584882238-60-selector-ServerConnectorManager@13ccdc6c/1" [_thread_in_native, id=144568, stack(0x00007fbf014d3000,0x00007fbf015d4000)]
  0x00007fbe740d4800 JavaThread "qtp1584882238-59-selector-ServerConnectorManager@13ccdc6c/0" [_thread_in_native, id=144567, stack(0x00007fbf036ed000,0x00007fbf037ee000)]
  0x00007fbf901fc000 JavaThread "MasterServingThread" [_thread_blocked, id=144565, stack(0x00007fbf015d4000,0x00007fbf016d5000)]
  0x00007fbf901fa800 JavaThread "Master Table Transformation Monitor" daemon [_thread_blocked, id=144564, stack(0x00007fbf016d5000,0x00007fbf017d6000)]
  0x00007fbf90231800 JavaThread "backup-context-1" [_thread_blocked, id=144563, stack(0x00007fbf017d6000,0x00007fbf018d7000)]
  0x00007fbf90227800 JavaThread "Master Log Config Report Scheduling" daemon [_thread_blocked, id=144562, stack(0x00007fbf01ad7000,0x00007fbf01bd8000)]
  0x00007fbf90226800 JavaThread "Master Lost Master Detection" daemon [_thread_blocked, id=144561, stack(0x00007fbf01bd8000,0x00007fbf01cd9000)]
  0x00007fbf9048e000 JavaThread "Master Metrics Time Series" daemon [_thread_blocked, id=144560, stack(0x00007fbf01cd9000,0x00007fbf01dda000)]
  0x00007fbf9048d000 JavaThread "Master Persistence Checker" daemon [_thread_blocked, id=144559, stack(0x00007fbf01dda000,0x00007fbf01edb000)]
  0x00007fbf90487800 JavaThread "Master Persistence Scheduler" daemon [_thread_blocked, id=144558, stack(0x00007fbf01edb000,0x00007fbf01fdc000)]
  0x00007fbf9018c800 JavaThread "Master Replication Check" daemon [_thread_blocked, id=144557, stack(0x00007fbf01fdc000,0x00007fbf020dd000)]
  0x00007fbf9018b800 JavaThread "Master Lost Files Detection" daemon [_thread_blocked, id=144556, stack(0x00007fbf020dd000,0x00007fbf021de000)]
  0x00007fbf90188000 JavaThread "Master TTL Check" daemon [_thread_blocked, id=144555, stack(0x00007fbf021de000,0x00007fbf022df000)]
  0x00007fbf90187800 JavaThread "Master Block Integrity Check" daemon [_thread_blocked, id=144554, stack(0x00007fbf022df000,0x00007fbf023e0000)]
  0x00007fbf9023e800 JavaThread "Master Lost Worker Detection" daemon [_thread_blocked, id=144553, stack(0x00007fbf023e0000,0x00007fbf024e1000)]
  0x00007fbf9023c000 JavaThread "Master Cluster Metrics Updater" daemon [_thread_blocked, id=144552, stack(0x00007fbf024e1000,0x00007fbf025e2000)]
  0x00007fbf904d1800 JavaThread "AsyncJournalWriterThread" [_thread_blocked, id=144551, stack(0x00007fbf025e2000,0x00007fbf026e3000)]
  0x00007fbee8007000 JavaThread "grpc-default-worker-ELG-3-1" daemon [_thread_in_native, id=143997, stack(0x00007fbf02be6000,0x00007fbf02ce7000)]
  0x00007fbf90496000 JavaThread "copycat-client-event-1" [_thread_blocked, id=143992, stack(0x00007fbf034eb000,0x00007fbf035ec000)]
  0x00007fbf9049b800 JavaThread "copycat-client-io-1" [_thread_blocked, id=143991, stack(0x00007fbf035ec000,0x00007fbf036ed000)]
  0x00007fbf043da800 JavaThread "grpc-default-boss-ELG-1-1" daemon [_thread_in_native, id=143028, stack(0x00007fbf038ef000,0x00007fbf039f0000)]
  0x00007fbf04186800 JavaThread "auth-cleanup" daemon [_thread_blocked, id=143027, stack(0x00007fbf4802a000,0x00007fbf4812b000)]
  0x00007fbf0c62e000 JavaThread "copycat-compactor-2" [_thread_blocked, id=143025, stack(0x00007fbf4b6fb000,0x00007fbf4b7fc000)]
  0x00007fbf0c62d000 JavaThread "copycat-compactor-1" [_thread_blocked, id=143024, stack(0x00007fbf4baff000,0x00007fbf4bc00000)]
  0x00007fbf906a3800 JavaThread "copycat-server-localhost:19200-copycat-state" [_thread_blocked, id=143023, stack(0x00007fbf4b8fd000,0x00007fbf4b9fe000)]
  0x00007fbf90693800 JavaThread "copycat-server-localhost:19200-copycat" [_thread_blocked, id=143022, stack(0x00007fbf4b9fe000,0x00007fbf4baff000)]
  0x00007fbf0c5d3000 JavaThread "LockPool Evictor" daemon [_thread_blocked, id=143020, stack(0x00007fbf4852b000,0x00007fbf4862c000)]
  0x00007fbf0c5d0000 JavaThread "LockPool Evictor" daemon [_thread_blocked, id=143019, stack(0x00007fbf48e13000,0x00007fbf48f14000)]
  0x00007fbf08034800 JavaThread "config-hash-master-heartbeat-0" daemon [_thread_blocked, id=143009, stack(0x00007fbf4b1f8000,0x00007fbf4b2f9000)]
  0x00007fbf0802e800 JavaThread "BlockMasterClientPoolGcThreads-0" daemon [_thread_blocked, id=143008, stack(0x00007fbf4b2f9000,0x00007fbf4b3fa000)]
  0x00007fbf0802d800 JavaThread "FileSystemMasterClientPoolGcThreads-0" daemon [_thread_blocked, id=143007, stack(0x00007fbf4b3fa000,0x00007fbf4b4fb000)]
  0x00007fbf900e7000 JavaThread "Service Thread" daemon [_thread_blocked, id=142939, stack(0x00007fbf50977000,0x00007fbf50a78000)]
  0x00007fbf900db800 JavaThread "C1 CompilerThread3" daemon [_thread_blocked, id=142938, stack(0x00007fbf50a79000,0x00007fbf50b79000)]
  0x00007fbf900d9000 JavaThread "C2 CompilerThread2" daemon [_thread_blocked, id=142937, stack(0x00007fbf50b7a000,0x00007fbf50c7a000)]
  0x00007fbf900d7800 JavaThread "C2 CompilerThread1" daemon [_thread_blocked, id=142936, stack(0x00007fbf50c7b000,0x00007fbf50d7b000)]
  0x00007fbf900d4800 JavaThread "C2 CompilerThread0" daemon [_thread_blocked, id=142935, stack(0x00007fbf50d7c000,0x00007fbf50e7c000)]
  0x00007fbf900d2800 JavaThread "JDWP Event Helper Thread" daemon [_thread_blocked, id=142934, stack(0x00007fbf50e7c000,0x00007fbf50f7d000)]
  0x00007fbf900c2000 JavaThread "Signal Dispatcher" daemon [_thread_blocked, id=142931, stack(0x00007fbf5107e000,0x00007fbf5117f000)]
  0x00007fbf90093000 JavaThread "Finalizer" daemon [_thread_blocked, id=142929, stack(0x00007fbf5117f000,0x00007fbf51280000)]
  0x00007fbf9008e800 JavaThread "Reference Handler" daemon [_thread_blocked, id=142927, stack(0x00007fbf51280000,0x00007fbf51381000)]
  0x00007fbf9000f800 JavaThread "main" [_thread_blocked, id=142908, stack(0x00007fbf969af000,0x00007fbf96aaf000)]

Other Threads:
  0x00007fbf90084800 VMThread [stack: 0x00007fbf51382000,0x00007fbf51482000] [id=142925]
  0x00007fbf900e9800 WatcherThread [stack: 0x00007fbf50877000,0x00007fbf50977000] [id=142940]

VM state:not at safepoint (normal execution)

VM Mutex/Monitor currently owned by a thread: None

heap address: 0x00000005c0000000, size: 8192 MB, Compressed Oops mode: Zero based, Oop shift amount: 3
Narrow klass base: 0x0000000000000000, Narrow klass shift: 3
Compressed class space size: 1073741824 Address: 0x00000007c0000000

Heap:
 PSYoungGen      total 122880K, used 100352K [0x0000000715580000, 0x000000071e800000, 0x00000007c0000000)
  eden space 99840K, 100% used [0x0000000715580000,0x000000071b700000,0x000000071b700000)
  from space 23040K, 2% used [0x000000071d080000,0x000000071d100000,0x000000071e700000)
  to   space 25088K, 0% used [0x000000071b700000,0x000000071b700000,0x000000071cf80000)
 ParOldGen       total 171008K, used 45352K [0x00000005c0000000, 0x00000005ca700000, 0x0000000715580000)
  object space 171008K, 26% used [0x00000005c0000000,0x00000005c2c4a1c8,0x00000005ca700000)
 Metaspace       used 77799K, capacity 80271K, committed 80512K, reserved 1120256K
  class space    used 8311K, capacity 8832K, committed 8832K, reserved 1048576K

Card table byte_map: [0x00007fbf94768000,0x00007fbf95769000] byte_map_base: 0x00007fbf91968000

Marking Bits: (ParMarkBitMap*) 0x00007fbf97b1c3c0
 Begin Bits: [0x00007fbf54000000, 0x00007fbf5c000000)
 End Bits:   [0x00007fbf5c000000, 0x00007fbf64000000)

Polling page: 0x00007fbf97dc8000

CodeCache: size=245760Kb used=21760Kb max_used=21988Kb free=223999Kb
 bounds [0x00007fbf81000000, 0x00007fbf825e0000, 0x00007fbf90000000]
 total_blobs=6832 nmethods=6190 adapters=564
 compilation: enabled

Compilation events (10 events):
Event: 8096,091 Thread 0x00007fbf900db800 9301       3       org.aspectj.runtime.internal.Conversions::intValue (54 bytes)
Event: 8096,092 Thread 0x00007fbf900db800 nmethod 9301 0x00007fbf81573590 code [0x00007fbf815737e0, 0x00007fbf81574708]
Event: 8096,092 Thread 0x00007fbf900db800 9302   !   3       alluxio.uri.StandardURI::getPath (37 bytes)
Event: 8096,093 Thread 0x00007fbf900db800 nmethod 9302 0x00007fbf8257bc50 code [0x00007fbf8257be40, 0x00007fbf8257c438]
Event: 8096,093 Thread 0x00007fbf900d4800 9305       4       com.google.common.base.Objects::equal (23 bytes)
Event: 8096,093 Thread 0x00007fbf900db800 9303       1       java.util.Calendar::getFirstDayOfWeek (5 bytes)
Event: 8096,093 Thread 0x00007fbf900db800 nmethod 9303 0x00007fbf818b7410 code [0x00007fbf818b7560, 0x00007fbf818b7670]
Event: 8096,094 Thread 0x00007fbf900db800 9304       1       java.util.Calendar::getMinimalDaysInFirstWeek (5 bytes)
Event: 8096,094 Thread 0x00007fbf900db800 nmethod 9304 0x00007fbf81b94610 code [0x00007fbf81b94760, 0x00007fbf81b94870]
Event: 8096,094 Thread 0x00007fbf900d4800 nmethod 9305 0x00007fbf81519b50 code [0x00007fbf81519ca0, 0x00007fbf81519e78]

GC Heap History (10 events):
Event: 43,462 GC heap before
{Heap before GC invocations=6 (full 0):
 PSYoungGen      total 125952K, used 125845K [0x0000000715580000, 0x000000071ef80000, 0x00000007c0000000)
  eden space 115712K, 100% used [0x0000000715580000,0x000000071c680000,0x000000071c680000)
  from space 10240K, 98% used [0x000000071ca00000,0x000000071d3e57e8,0x000000071d400000)
  to   space 20992K, 0% used [0x000000071db00000,0x000000071db00000,0x000000071ef80000)
 ParOldGen       total 171008K, used 20378K [0x00000005c0000000, 0x00000005ca700000, 0x0000000715580000)
  object space 171008K, 11% used [0x00000005c0000000,0x00000005c13e6a08,0x00000005ca700000)
 Metaspace       used 38243K, capacity 39618K, committed 39808K, reserved 1083392K
  class space    used 4823K, capacity 5132K, committed 5248K, reserved 1048576K
Event: 43,467 GC heap after
Heap after GC invocations=6 (full 0):
 PSYoungGen      total 129536K, used 10104K [0x0000000715580000, 0x000000071ec00000, 0x00000007c0000000)
  eden space 112128K, 0% used [0x0000000715580000,0x0000000715580000,0x000000071c300000)
  from space 17408K, 58% used [0x000000071db00000,0x000000071e4de280,0x000000071ec00000)
  to   space 20992K, 0% used [0x000000071c300000,0x000000071c300000,0x000000071d780000)
 ParOldGen       total 171008K, used 20386K [0x00000005c0000000, 0x00000005ca700000, 0x0000000715580000)
  object space 171008K, 11% used [0x00000005c0000000,0x00000005c13e8a08,0x00000005ca700000)
 Metaspace       used 38243K, capacity 39618K, committed 39808K, reserved 1083392K
  class space    used 4823K, capacity 5132K, committed 5248K, reserved 1048576K
}
Event: 584,165 GC heap before
{Heap before GC invocations=7 (full 0):
 PSYoungGen      total 129536K, used 122232K [0x0000000715580000, 0x000000071ec00000, 0x00000007c0000000)
  eden space 112128K, 100% used [0x0000000715580000,0x000000071c300000,0x000000071c300000)
  from space 17408K, 58% used [0x000000071db00000,0x000000071e4de280,0x000000071ec00000)
  to   space 20992K, 0% used [0x000000071c300000,0x000000071c300000,0x000000071d780000)
 ParOldGen       total 171008K, used 20386K [0x00000005c0000000, 0x00000005ca700000, 0x0000000715580000)
  object space 171008K, 11% used [0x00000005c0000000,0x00000005c13e8a08,0x00000005ca700000)
 Metaspace       used 68689K, capacity 70347K, committed 70656K, reserved 1112064K
  class space    used 7255K, capacity 7585K, committed 7680K, reserved 1048576K
Event: 584,187 GC heap after
Heap after GC invocations=7 (full 0):
 PSYoungGen      total 128000K, used 18591K [0x0000000715580000, 0x000000071ec00000, 0x00000007c0000000)
  eden space 109056K, 0% used [0x0000000715580000,0x0000000715580000,0x000000071c000000)
  from space 18944K, 98% used [0x000000071c300000,0x000000071d527de0,0x000000071d580000)
  to   space 22528K, 0% used [0x000000071d600000,0x000000071d600000,0x000000071ec00000)
 ParOldGen       total 171008K, used 25719K [0x00000005c0000000, 0x00000005ca700000, 0x0000000715580000)
  object space 171008K, 15% used [0x00000005c0000000,0x00000005c191df60,0x00000005ca700000)
 Metaspace       used 68689K, capacity 70347K, committed 70656K, reserved 1112064K
  class space    used 7255K, capacity 7585K, committed 7680K, reserved 1048576K
}
Event: 2128,033 GC heap before
{Heap before GC invocations=8 (full 0):
 PSYoungGen      total 128000K, used 127647K [0x0000000715580000, 0x000000071ec00000, 0x00000007c0000000)
  eden space 109056K, 100% used [0x0000000715580000,0x000000071c000000,0x000000071c000000)
  from space 18944K, 98% used [0x000000071c300000,0x000000071d527de0,0x000000071d580000)
  to   space 22528K, 0% used [0x000000071d600000,0x000000071d600000,0x000000071ec00000)
 ParOldGen       total 171008K, used 25719K [0x00000005c0000000, 0x00000005ca700000, 0x0000000715580000)
  object space 171008K, 15% used [0x00000005c0000000,0x00000005c191df60,0x00000005ca700000)
 Metaspace       used 76740K, capacity 78791K, committed 79104K, reserved 1120256K
  class space    used 8190K, capacity 8586K, committed 8704K, reserved 1048576K
Event: 2128,049 GC heap after
Heap after GC invocations=8 (full 0):
 PSYoungGen      total 127488K, used 19659K [0x0000000715580000, 0x000000071eb00000, 0x00000007c0000000)
  eden space 105984K, 0% used [0x0000000715580000,0x0000000715580000,0x000000071bd00000)
  from space 21504K, 91% used [0x000000071d600000,0x000000071e932e60,0x000000071eb00000)
  to   space 23552K, 0% used [0x000000071bd00000,0x000000071bd00000,0x000000071d400000)
 ParOldGen       total 171008K, used 29563K [0x00000005c0000000, 0x00000005ca700000, 0x0000000715580000)
  object space 171008K, 17% used [0x00000005c0000000,0x00000005c1cdefc0,0x00000005ca700000)
 Metaspace       used 76740K, capacity 78791K, committed 79104K, reserved 1120256K
  class space    used 8190K, capacity 8586K, committed 8704K, reserved 1048576K
}
Event: 4196,359 GC heap before
{Heap before GC invocations=9 (full 0):
 PSYoungGen      total 127488K, used 125643K [0x0000000715580000, 0x000000071eb00000, 0x00000007c0000000)
  eden space 105984K, 100% used [0x0000000715580000,0x000000071bd00000,0x000000071bd00000)
  from space 21504K, 91% used [0x000000071d600000,0x000000071e932e60,0x000000071eb00000)
  to   space 23552K, 0% used [0x000000071bd00000,0x000000071bd00000,0x000000071d400000)
 ParOldGen       total 171008K, used 29563K [0x00000005c0000000, 0x00000005ca700000, 0x0000000715580000)
  object space 171008K, 17% used [0x00000005c0000000,0x00000005c1cdefc0,0x00000005ca700000)
 Metaspace       used 76867K, capacity 79027K, committed 79360K, reserved 1120256K
  class space    used 8203K, capacity 8620K, committed 8704K, reserved 1048576K
Event: 4196,377 GC heap after
Heap after GC invocations=9 (full 0):
 PSYoungGen      total 119296K, used 15890K [0x0000000715580000, 0x000000071e700000, 0x00000007c0000000)
  eden space 102912K, 0% used [0x0000000715580000,0x0000000715580000,0x000000071ba00000)
  from space 16384K, 96% used [0x000000071bd00000,0x000000071cc84870,0x000000071cd00000)
  to   space 23040K, 0% used [0x000000071d080000,0x000000071d080000,0x000000071e700000)
 ParOldGen       total 171008K, used 29627K [0x00000005c0000000, 0x00000005ca700000, 0x0000000715580000)
  object space 171008K, 17% used [0x00000005c0000000,0x00000005c1ceefc0,0x00000005ca700000)
 Metaspace       used 76867K, capacity 79027K, committed 79360K, reserved 1120256K
  class space    used 8203K, capacity 8620K, committed 8704K, reserved 1048576K
}
Event: 6308,628 GC heap before
{Heap before GC invocations=10 (full 0):
 PSYoungGen      total 119296K, used 118802K [0x0000000715580000, 0x000000071e700000, 0x00000007c0000000)
  eden space 102912K, 100% used [0x0000000715580000,0x000000071ba00000,0x000000071ba00000)
  from space 16384K, 96% used [0x000000071bd00000,0x000000071cc84870,0x000000071cd00000)
  to   space 23040K, 0% used [0x000000071d080000,0x000000071d080000,0x000000071e700000)
 ParOldGen       total 171008K, used 29627K [0x00000005c0000000, 0x00000005ca700000, 0x0000000715580000)
  object space 171008K, 17% used [0x00000005c0000000,0x00000005c1ceefc0,0x00000005ca700000)
 Metaspace       used 76926K, capacity 79095K, committed 79360K, reserved 1120256K
  class space    used 8203K, capacity 8620K, committed 8704K, reserved 1048576K
Event: 6308,663 GC heap after
Heap after GC invocations=10 (full 0):
 PSYoungGen      total 122880K, used 512K [0x0000000715580000, 0x000000071e800000, 0x00000007c0000000)
  eden space 99840K, 0% used [0x0000000715580000,0x0000000715580000,0x000000071b700000)
  from space 23040K, 2% used [0x000000071d080000,0x000000071d100000,0x000000071e700000)
  to   space 25088K, 0% used [0x000000071b700000,0x000000071b700000,0x000000071cf80000)
 ParOldGen       total 171008K, used 45352K [0x00000005c0000000, 0x00000005ca700000, 0x0000000715580000)
  object space 171008K, 26% used [0x00000005c0000000,0x00000005c2c4a1c8,0x00000005ca700000)
 Metaspace       used 76926K, capacity 79095K, committed 79360K, reserved 1120256K
  class space    used 8203K, capacity 8620K, committed 8704K, reserved 1048576K
}

Deoptimization events (10 events):
Event: 7994,813 Thread 0x00007fbe88003800 Uncommon trap: reason=unstable_if action=reinterpret pc=0x00007fbf81c754dc method=io.grpc.internal.ServerCallImpl$ServerStreamListenerImpl.onReady()V @ 19
Event: 7994,813 Thread 0x00007fbe88003800 Uncommon trap: reason=unstable_if action=reinterpret pc=0x00007fbf816aa430 method=io.grpc.Context$CancellableContext.cancel(Ljava/lang/Throwable;)Z @ 10
Event: 7994,814 Thread 0x00007fbe98514800 Uncommon trap: reason=unstable_if action=reinterpret pc=0x00007fbf8242a380 method=io.grpc.internal.ServerCallImpl$ServerStreamListenerImpl.onReady()V @ 19
Event: 7994,814 Thread 0x00007fbe8820b000 Uncommon trap: reason=unstable_if action=reinterpret pc=0x00007fbf81537b8c method=io.grpc.internal.ServerCallImpl$ServerStreamListenerImpl.messagesAvailableInternal(Lio/grpc/internal/StreamListener$MessageProducer;)V @ 7
Event: 7997,627 Thread 0x00007fbee800d800 Uncommon trap: reason=class_check action=maybe_recompile pc=0x00007fbf81fa4e74 method=alluxio.concurrent.jsr.ForkJoinTask$RunnableExecuteAction.<init>(Ljava/lang/Runnable;)V @ 52
Event: 7997,627 Thread 0x00007fbe8c28a800 Uncommon trap: reason=class_check action=maybe_recompile pc=0x00007fbf811ca75c method=alluxio.concurrent.jsr.ForkJoinTask$RunnableExecuteAction.exec()Z @ 17
Event: 8000,890 Thread 0x00007fbe8c28a800 Uncommon trap: reason=speculate_class_check action=maybe_recompile pc=0x00007fbf8219428c method=java.util.concurrent.locks.ReentrantReadWriteLock$Sync.tryAcquireShared(I)I @ 33
Event: 8032,168 Thread 0x00007fbe98775800 Uncommon trap: reason=unstable_if action=reinterpret pc=0x00007fbf8251496c method=java.util.concurrent.locks.ReentrantReadWriteLock$Sync.tryAcquireShared(I)I @ 55
Event: 8032,303 Thread 0x00007fbefc014000 Uncommon trap: reason=unstable_if action=reinterpret pc=0x00007fbf81bba648 method=io.netty.channel.AbstractChannel$AbstractUnsafe.write(Ljava/lang/Object;Lio/netty/channel/ChannelPromise;)V @ 10
Event: 8059,843 Thread 0x00007fbe90239000 Uncommon trap: reason=unstable_if action=reinterpret pc=0x00007fbf82297400 method=java.util.HashMap.removeNode(ILjava/lang/Object;Ljava/lang/Object;ZZ)Ljava/util/HashMap$Node; @ 133

Classes redefined (10 events):
Event: 1733,267 Thread 0x00007fbf90084800 redefined class name=alluxio.exception.InvalidPathException, count=3
Event: 1797,857 Thread 0x00007fbf90084800 redefined class name=alluxio.exception.status.AlluxioStatusException, count=2
Event: 1797,885 Thread 0x00007fbf90084800 redefined class name=alluxio.exception.status.InvalidArgumentException, count=3
Event: 1940,670 Thread 0x00007fbf90084800 redefined class name=alluxio.underfs.MasterUfsManager$AjcClosure5, count=2
Event: 3638,015 Thread 0x00007fbf90084800 redefined class name=alluxio.master.meta.DefaultMetaMaster$AjcClosure73, count=2
Event: 3638,045 Thread 0x00007fbf90084800 redefined class name=alluxio.master.meta.checkconf.ServerConfigurationChecker$AjcClosure5, count=2
Event: 7506,785 Thread 0x00007fbf90084800 redefined class name=alluxio.master.file.contexts.MountContext$AjcClosure7, count=2
Event: 8000,421 Thread 0x00007fbf90084800 redefined class name=alluxio.exception.status.UnavailableException, count=3
Event: 8032,197 Thread 0x00007fbf90084800 redefined class name=com.google.common.util.concurrent.AbstractFuture$Failure, count=2
Event: 8032,233 Thread 0x00007fbf90084800 redefined class name=alluxio.exception.status.UnauthenticatedException, count=3

Internal exceptions (10 events):
Event: 156,541 Thread 0x00007fbf34001000 Exception <a 'java/lang/ClassNotFoundException': java/util/concurrent/FutureTask$Sync> (0x000000071a93f9a0) thrown at [/build/openjdk-8-dVYQXe/openjdk-8-8u252-b09/src/hotspot/src/share/vm/classfile/systemDictionary.cpp, line 210]
Event: 161,272 Thread 0x00007fbf04127800 Exception <a 'java/lang/InterruptedException': sleep interrupted> (0x000000071aa31418) thrown at [/build/openjdk-8-dVYQXe/openjdk-8-8u252-b09/src/hotspot/src/share/vm/prims/jvm.cpp, line 3288]
Event: 303,682 Thread 0x00007fbf04127800 Exception <a 'java/lang/InterruptedException': sleep interrupted> (0x000000071aa35130) thrown at [/build/openjdk-8-dVYQXe/openjdk-8-8u252-b09/src/hotspot/src/share/vm/prims/jvm.cpp, line 3336]
Event: 304,303 Thread 0x00007fbf04127800 Exception <a 'java/lang/InterruptedException': sleep interrupted> (0x000000071aa35488) thrown at [/build/openjdk-8-dVYQXe/openjdk-8-8u252-b09/src/hotspot/src/share/vm/prims/jvm.cpp, line 3336]
Event: 1271,575 Thread 0x00007fbe7c226000 Exception <a 'java/lang/IncompatibleClassChangeError': Found class java.lang.Object, but interface was expected> (0x0000000717ea30d8) thrown at [/build/openjdk-8-dVYQXe/openjdk-8-8u252-b09/src/hotspot/src/share/vm/interpreter/linkResolver.cpp, line 653]
Event: 1595,469 Thread 0x00007fbee800c000 Implicit null exception at 0x00007fbf8201caba to 0x00007fbf8201e6a1
Event: 1622,811 Thread 0x00007fbec4064800 Implicit null exception at 0x00007fbf81e90f79 to 0x00007fbf81e91296
Event: 1647,102 Thread 0x00007fbe7c226000 Exception <a 'java/lang/NoSuchMethodError': java.lang.Object.lambda$chars$0()Ljava/util/Spliterator$OfInt;> (0x000000071957fbd0) thrown at [/build/openjdk-8-dVYQXe/openjdk-8-8u252-b09/src/hotspot/src/share/vm/interpreter/linkResolver.cpp, line 616]
Event: 1648,036 Thread 0x00007fbe7c226000 Implicit null exception at 0x00007fbf81d192b8 to 0x00007fbf81d19405
Event: 3600,912 Thread 0x00007fbf0c62d000 Implicit null exception at 0x00007fbf81b77407 to 0x00007fbf81b77459

Events (10 events):
Event: 8096,093 Thread 0x00007fbe90239000 DEOPT UNPACKING pc=0x00007fbf810474c4 sp=0x00007fbe69c10778 mode 1
Event: 8096,093 Thread 0x00007fbe90239000 DEOPT PACKING pc=0x00007fbf81741b98 sp=0x00007fbe69c10b80
Event: 8096,093 Thread 0x00007fbe90239000 DEOPT UNPACKING pc=0x00007fbf810474c4 sp=0x00007fbe69c10870 mode 1
Event: 8096,093 Thread 0x00007fbe90239000 DEOPT PACKING pc=0x00007fbf819594f8 sp=0x00007fbe69c10cd0
Event: 8096,093 Thread 0x00007fbe90239000 DEOPT UNPACKING pc=0x00007fbf810474c4 sp=0x00007fbe69c10b00 mode 1
Event: 8096,093 Thread 0x00007fbe90239000 DEOPT PACKING pc=0x00007fbf817084c4 sp=0x00007fbe69c10e60
Event: 8096,093 Thread 0x00007fbe90239000 DEOPT UNPACKING pc=0x00007fbf810474c4 sp=0x00007fbe69c10bc8 mode 1
Event: 8096,094 Thread 0x00007fbf900db800 flushing nmethod 0x00007fbf82286d50
Event: 8096,094 Thread 0x00007fbf900db800 flushing nmethod 0x00007fbf82460b50
Event: 8102,461 Thread 0x00007fbed0041000 Thread exited: 0x00007fbed0041000


Dynamic libraries:
5c0000000-5ca700000 rw-p 00000000 00:00 0 
5ca700000-715580000 ---p 00000000 00:00 0 
715580000-71e800000 rw-p 00000000 00:00 0 
71e800000-7c0000000 ---p 00000000 00:00 0 
7c0000000-7c08a0000 rw-p 00000000 00:00 0 
7c08a0000-800000000 ---p 00000000 00:00 0 
55d5af1de000-55d5af1df000 r--p 00000000 08:12 5378606                    /usr/lib/jvm/java-8-openjdk-amd64/jre/bin/java
55d5af1df000-55d5af1e0000 r-xp 00001000 08:12 5378606                    /usr/lib/jvm/java-8-openjdk-amd64/jre/bin/java
55d5af1e0000-55d5af1e1000 r--p 00002000 08:12 5378606                    /usr/lib/jvm/java-8-openjdk-amd64/jre/bin/java
55d5af1e1000-55d5af1e2000 r--p 00002000 08:12 5378606                    /usr/lib/jvm/java-8-openjdk-amd64/jre/bin/java
55d5af1e2000-55d5af1e3000 rw-p 00003000 08:12 5378606                    /usr/lib/jvm/java-8-openjdk-amd64/jre/bin/java
55d5b0e71000-55d5b1183000 rw-p 00000000 00:00 0                          [heap]
7fbe60000000-7fbe6015e000 rw-p 00000000 00:00 0 
7fbe6015e000-7fbe64000000 ---p 00000000 00:00 0 
7fbe66fed000-7fbe66ff0000 ---p 00000000 00:00 0 
7fbe66ff0000-7fbe670ee000 rw-p 00000000 00:00 0 
7fbe670ee000-7fbe670f1000 ---p 00000000 00:00 0 
7fbe670f1000-7fbe671ef000 rw-p 00000000 00:00 0 
7fbe671ef000-7fbe671f2000 ---p 00000000 00:00 0 
7fbe671f2000-7fbe672f0000 rw-p 00000000 00:00 0 
7fbe672f0000-7fbe672f3000 ---p 00000000 00:00 0 
7fbe672f3000-7fbe673f1000 rw-p 00000000 00:00 0 
7fbe673f1000-7fbe673f4000 ---p 00000000 00:00 0 
7fbe673f4000-7fbe674f2000 rw-p 00000000 00:00 0 
7fbe674f2000-7fbe674f5000 ---p 00000000 00:00 0 
7fbe674f5000-7fbe675f3000 rw-p 00000000 00:00 0 
7fbe675f3000-7fbe675f6000 ---p 00000000 00:00 0 
7fbe675f6000-7fbe676f4000 rw-p 00000000 00:00 0 
7fbe676f4000-7fbe676f7000 ---p 00000000 00:00 0 
7fbe676f7000-7fbe677f5000 rw-p 00000000 00:00 0 
7fbe677f5000-7fbe677f8000 ---p 00000000 00:00 0 
7fbe677f8000-7fbe678f6000 rw-p 00000000 00:00 0 
7fbe678f6000-7fbe678f9000 ---p 00000000 00:00 0 
7fbe678f9000-7fbe679f7000 rw-p 00000000 00:00 0 
7fbe679f7000-7fbe679fa000 ---p 00000000 00:00 0 
7fbe679fa000-7fbe67af8000 rw-p 00000000 00:00 0 
7fbe67af8000-7fbe67afb000 ---p 00000000 00:00 0 
7fbe67afb000-7fbe67bf9000 rw-p 00000000 00:00 0 
7fbe67bf9000-7fbe67bfc000 ---p 00000000 00:00 0 
7fbe67bfc000-7fbe67cfa000 rw-p 00000000 00:00 0 
7fbe67cfa000-7fbe67cfd000 ---p 00000000 00:00 0 
7fbe67cfd000-7fbe67dfb000 rw-p 00000000 00:00 0 
7fbe67dfb000-7fbe67dfe000 ---p 00000000 00:00 0 
7fbe67dfe000-7fbe67efc000 rw-p 00000000 00:00 0 
7fbe67efc000-7fbe67eff000 ---p 00000000 00:00 0 
7fbe67eff000-7fbe67ffd000 rw-p 00000000 00:00 0 
7fbe67ffd000-7fbe68000000 ---p 00000000 00:00 0 
7fbe68000000-7fbe682fe000 rw-p 00000000 00:00 0 
7fbe682fe000-7fbe684fe000 rw-p 00000000 00:00 0 
7fbe684fe000-7fbe686fe000 rw-p 00000000 00:00 0 
7fbe686fe000-7fbe68701000 ---p 00000000 00:00 0 
7fbe68701000-7fbe687ff000 rw-p 00000000 00:00 0 
7fbe687ff000-7fbe68802000 ---p 00000000 00:00 0 
7fbe68802000-7fbe68900000 rw-p 00000000 00:00 0 
7fbe68900000-7fbe68903000 ---p 00000000 00:00 0 
7fbe68903000-7fbe68a01000 rw-p 00000000 00:00 0 
7fbe68a01000-7fbe68a04000 ---p 00000000 00:00 0 
7fbe68a04000-7fbe68b02000 rw-p 00000000 00:00 0 
7fbe68b02000-7fbe68b05000 ---p 00000000 00:00 0 
7fbe68b05000-7fbe68c03000 rw-p 00000000 00:00 0 
7fbe68c03000-7fbe68c06000 ---p 00000000 00:00 0 
7fbe68c06000-7fbe68d04000 rw-p 00000000 00:00 0 
7fbe68d04000-7fbe68d07000 ---p 00000000 00:00 0 
7fbe68d07000-7fbe68e05000 rw-p 00000000 00:00 0 
7fbe68e05000-7fbe68e08000 ---p 00000000 00:00 0 
7fbe68e08000-7fbe68f06000 rw-p 00000000 00:00 0 
7fbe68f06000-7fbe68f09000 ---p 00000000 00:00 0 
7fbe68f09000-7fbe69007000 rw-p 00000000 00:00 0 
7fbe69007000-7fbe6900a000 ---p 00000000 00:00 0 
7fbe6900a000-7fbe69108000 rw-p 00000000 00:00 0 
7fbe69108000-7fbe6910b000 ---p 00000000 00:00 0 
7fbe6910b000-7fbe69209000 rw-p 00000000 00:00 0 
7fbe69209000-7fbe6920c000 ---p 00000000 00:00 0 
7fbe6920c000-7fbe6930a000 rw-p 00000000 00:00 0 
7fbe6930a000-7fbe6930d000 ---p 00000000 00:00 0 
7fbe6930d000-7fbe6940b000 rw-p 00000000 00:00 0 
7fbe6940b000-7fbe6940e000 ---p 00000000 00:00 0 
7fbe6940e000-7fbe6950c000 rw-p 00000000 00:00 0 
7fbe6950c000-7fbe6950f000 ---p 00000000 00:00 0 
7fbe6950f000-7fbe6960d000 rw-p 00000000 00:00 0 
7fbe6960d000-7fbe69610000 ---p 00000000 00:00 0 
7fbe69610000-7fbe6970e000 rw-p 00000000 00:00 0 
7fbe6970e000-7fbe69711000 ---p 00000000 00:00 0 
7fbe69711000-7fbe6980f000 rw-p 00000000 00:00 0 
7fbe6980f000-7fbe69812000 ---p 00000000 00:00 0 
7fbe69812000-7fbe69910000 rw-p 00000000 00:00 0 
7fbe69910000-7fbe69913000 ---p 00000000 00:00 0 
7fbe69913000-7fbe69a11000 rw-p 00000000 00:00 0 
7fbe69a11000-7fbe69a14000 ---p 00000000 00:00 0 
7fbe69a14000-7fbe69b12000 rw-p 00000000 00:00 0 
7fbe69b12000-7fbe69b15000 ---p 00000000 00:00 0 
7fbe69b15000-7fbe69c13000 rw-p 00000000 00:00 0 
7fbe69c13000-7fbe69c16000 ---p 00000000 00:00 0 
7fbe69c16000-7fbe69f14000 rw-p 00000000 00:00 0 
7fbe69f14000-7fbe69f17000 ---p 00000000 00:00 0 
7fbe69f17000-7fbe6a215000 rw-p 00000000 00:00 0 
7fbe6a215000-7fbe6a415000 rw-p 00000000 00:00 0 
7fbe6a415000-7fbe6a615000 rw-p 00000000 00:00 0 
7fbe6a615000-7fbe6a815000 rw-p 00000000 00:00 0 
7fbe6a815000-7fbe6aa15000 rw-p 00000000 00:00 0 
7fbe6aa15000-7fbe6ac15000 rw-p 00000000 00:00 0 
7fbe6ac15000-7fbe6ae15000 rw-p 00000000 00:00 0 
7fbe6ae15000-7fbe6b015000 rw-p 00000000 00:00 0 
7fbe6b015000-7fbe6b215000 rw-p 00000000 00:00 0 
7fbe6b215000-7fbe6b415000 rw-p 00000000 00:00 0 
7fbe6b415000-7fbe6b76a000 r-xp 00000000 08:12 3277763                    /home/abenaru/jprofiler11/bin/linux-x64/libjprofilerti.so
7fbe6b76a000-7fbe6b969000 ---p 00355000 08:12 3277763                    /home/abenaru/jprofiler11/bin/linux-x64/libjprofilerti.so
7fbe6b969000-7fbe6b97f000 rw-p 00354000 08:12 3277763                    /home/abenaru/jprofiler11/bin/linux-x64/libjprofilerti.so
7fbe6b97f000-7fbe6b9fc000 rw-p 00000000 00:00 0 
7fbe6b9fc000-7fbe6b9ff000 ---p 00000000 00:00 0 
7fbe6b9ff000-7fbe6bafd000 rw-p 00000000 00:00 0 
7fbe6bafd000-7fbe6bb00000 ---p 00000000 00:00 0 
7fbe6bb00000-7fbe6bbfe000 rw-p 00000000 00:00 0 
7fbe6bbfe000-7fbe6bc01000 ---p 00000000 00:00 0 
7fbe6bc01000-7fbe6beff000 rw-p 00000000 00:00 0 
7fbe6beff000-7fbe6bf02000 ---p 00000000 00:00 0 
7fbe6bf02000-7fbe6c000000 rw-p 00000000 00:00 0 
7fbe6c000000-7fbe6c041000 rw-p 00000000 00:00 0 
7fbe6c041000-7fbe70000000 ---p 00000000 00:00 0 
7fbe70000000-7fbe70021000 rw-p 00000000 00:00 0 
7fbe70021000-7fbe74000000 ---p 00000000 00:00 0 
7fbe74000000-7fbe744b2000 rw-p 00000000 00:00 0 
7fbe744b2000-7fbe78000000 ---p 00000000 00:00 0 
7fbe78000000-7fbe78021000 rw-p 00000000 00:00 0 
7fbe78021000-7fbe7c000000 ---p 00000000 00:00 0 
7fbe7c000000-7fbe7c2fa000 rw-p 00000000 00:00 0 
7fbe7c2fa000-7fbe80000000 ---p 00000000 00:00 0 
7fbe80000000-7fbe80227000 rw-p 00000000 00:00 0 
7fbe80227000-7fbe84000000 ---p 00000000 00:00 0 
7fbe84000000-7fbe8421d000 rw-p 00000000 00:00 0 
7fbe8421d000-7fbe88000000 ---p 00000000 00:00 0 
7fbe88000000-7fbe88233000 rw-p 00000000 00:00 0 
7fbe88233000-7fbe8c000000 ---p 00000000 00:00 0 
7fbe8c000000-7fbe8c2a2000 rw-p 00000000 00:00 0 
7fbe8c2a2000-7fbe90000000 ---p 00000000 00:00 0 
7fbe90000000-7fbe9029d000 rw-p 00000000 00:00 0 
7fbe9029d000-7fbe94000000 ---p 00000000 00:00 0 
7fbe94000000-7fbe94228000 rw-p 00000000 00:00 0 
7fbe94228000-7fbe98000000 ---p 00000000 00:00 0 
7fbe98000000-7fbe9878f000 rw-p 00000000 00:00 0 
7fbe9878f000-7fbe9c000000 ---p 00000000 00:00 0 
7fbe9c000000-7fbe9c212000 rw-p 00000000 00:00 0 
7fbe9c212000-7fbea0000000 ---p 00000000 00:00 0 
7fbea0000000-7fbea02de000 rw-p 00000000 00:00 0 
7fbea02de000-7fbea4000000 ---p 00000000 00:00 0 
7fbea4000000-7fbea403d000 rw-p 00000000 00:00 0 
7fbea403d000-7fbea8000000 ---p 00000000 00:00 0 
7fbea8000000-7fbea8021000 rw-p 00000000 00:00 0 
7fbea8021000-7fbeac000000 ---p 00000000 00:00 0 
7fbeac000000-7fbeac0ba000 rw-p 00000000 00:00 0 
7fbeac0ba000-7fbeb0000000 ---p 00000000 00:00 0 
7fbeb0000000-7fbeb003b000 rw-p 00000000 00:00 0 
7fbeb003b000-7fbeb4000000 ---p 00000000 00:00 0 
7fbeb4000000-7fbeb4030000 rw-p 00000000 00:00 0 
7fbeb4030000-7fbeb8000000 ---p 00000000 00:00 0 
7fbeb8000000-7fbeb844d000 rw-p 00000000 00:00 0 
7fbeb844d000-7fbebc000000 ---p 00000000 00:00 0 
7fbebc000000-7fbebc5fe000 rw-p 00000000 00:00 0 
7fbebc5fe000-7fbec0000000 ---p 00000000 00:00 0 
7fbec0000000-7fbec126c000 rw-p 00000000 00:00 0 
7fbec126c000-7fbec4000000 ---p 00000000 00:00 0 
7fbec4000000-7fbec44b1000 rw-p 00000000 00:00 0 
7fbec44b1000-7fbec8000000 ---p 00000000 00:00 0 
7fbec8000000-7fbec826d000 rw-p 00000000 00:00 0 
7fbec826d000-7fbecc000000 ---p 00000000 00:00 0 
7fbecc000000-7fbecc34b000 rw-p 00000000 00:00 0 
7fbecc34b000-7fbed0000000 ---p 00000000 00:00 0 
7fbed0000000-7fbed0275000 rw-p 00000000 00:00 0 
7fbed0275000-7fbed4000000 ---p 00000000 00:00 0 
7fbed4000000-7fbed4251000 rw-p 00000000 00:00 0 
7fbed4251000-7fbed8000000 ---p 00000000 00:00 0 
7fbed8000000-7fbed8021000 rw-p 00000000 00:00 0 
7fbed8021000-7fbedc000000 ---p 00000000 00:00 0 
7fbedc000000-7fbedc604000 rw-p 00000000 00:00 0 
7fbedc604000-7fbee0000000 ---p 00000000 00:00 0 
7fbee0000000-7fbee024f000 rw-p 00000000 00:00 0 
7fbee024f000-7fbee4000000 ---p 00000000 00:00 0 
7fbee4000000-7fbee4026000 rw-p 00000000 00:00 0 
7fbee4026000-7fbee8000000 ---p 00000000 00:00 0 
7fbee8000000-7fbee8021000 rw-p 00000000 00:00 0 
7fbee8021000-7fbeec000000 ---p 00000000 00:00 0 
7fbeec000000-7fbeec021000 rw-p 00000000 00:00 0 
7fbeec021000-7fbef0000000 ---p 00000000 00:00 0 
7fbef0000000-7fbef00fa000 rw-p 00000000 00:00 0 
7fbef00fa000-7fbef4000000 ---p 00000000 00:00 0 
7fbef4000000-7fbef4021000 rw-p 00000000 00:00 0 
7fbef4021000-7fbef8000000 ---p 00000000 00:00 0 
7fbef8000000-7fbef8042000 rw-p 00000000 00:00 0 
7fbef8042000-7fbefc000000 ---p 00000000 00:00 0 
7fbefc000000-7fbefc021000 rw-p 00000000 00:00 0 
7fbefc021000-7fbf00000000 ---p 00000000 00:00 0 
7fbf00088000-7fbf0008b000 ---p 00000000 00:00 0 
7fbf0008b000-7fbf00189000 rw-p 00000000 00:00 0 
7fbf001c8000-7fbf001cb000 ---p 00000000 00:00 0 
7fbf001cb000-7fbf002c9000 rw-p 00000000 00:00 0 
7fbf002c9000-7fbf002cc000 ---p 00000000 00:00 0 
7fbf002cc000-7fbf003ca000 rw-p 00000000 00:00 0 
7fbf003ca000-7fbf003cd000 ---p 00000000 00:00 0 
7fbf003cd000-7fbf004cb000 rw-p 00000000 00:00 0 
7fbf004cb000-7fbf004ce000 ---p 00000000 00:00 0 
7fbf004ce000-7fbf007cc000 rw-p 00000000 00:00 0 
7fbf007cc000-7fbf007cf000 ---p 00000000 00:00 0 
7fbf007cf000-7fbf008cd000 rw-p 00000000 00:00 0 
7fbf008cd000-7fbf008d0000 ---p 00000000 00:00 0 
7fbf008d0000-7fbf009ce000 rw-p 00000000 00:00 0 
7fbf009ce000-7fbf009d1000 ---p 00000000 00:00 0 
7fbf009d1000-7fbf00acf000 rw-p 00000000 00:00 0 
7fbf00acf000-7fbf00ad2000 ---p 00000000 00:00 0 
7fbf00ad2000-7fbf00dd0000 rw-p 00000000 00:00 0 
7fbf00dd0000-7fbf00dd3000 ---p 00000000 00:00 0 
7fbf00dd3000-7fbf010d1000 rw-p 00000000 00:00 0 
7fbf010d1000-7fbf010d4000 ---p 00000000 00:00 0 
7fbf010d4000-7fbf013d2000 rw-p 00000000 00:00 0 
7fbf013d2000-7fbf013d5000 ---p 00000000 00:00 0 
7fbf013d5000-7fbf014d3000 rw-p 00000000 00:00 0 
7fbf014d3000-7fbf014d6000 ---p 00000000 00:00 0 
7fbf014d6000-7fbf015d4000 rw-p 00000000 00:00 0 
7fbf015d4000-7fbf015d7000 ---p 00000000 00:00 0 
7fbf015d7000-7fbf016d5000 rw-p 00000000 00:00 0 
7fbf016d5000-7fbf016d8000 ---p 00000000 00:00 0 
7fbf016d8000-7fbf017d6000 rw-p 00000000 00:00 0 
7fbf017d6000-7fbf017d9000 ---p 00000000 00:00 0 
7fbf017d9000-7fbf01ad7000 rw-p 00000000 00:00 0 
7fbf01ad7000-7fbf01ada000 ---p 00000000 00:00 0 
7fbf01ada000-7fbf01bd8000 rw-p 00000000 00:00 0 
7fbf01bd8000-7fbf01bdb000 ---p 00000000 00:00 0 
7fbf01bdb000-7fbf01cd9000 rw-p 00000000 00:00 0 
7fbf01cd9000-7fbf01cdc000 ---p 00000000 00:00 0 
7fbf01cdc000-7fbf01dda000 rw-p 00000000 00:00 0 
7fbf01dda000-7fbf01ddd000 ---p 00000000 00:00 0 
7fbf01ddd000-7fbf01edb000 rw-p 00000000 00:00 0 
7fbf01edb000-7fbf01ede000 ---p 00000000 00:00 0 
7fbf01ede000-7fbf01fdc000 rw-p 00000000 00:00 0 
7fbf01fdc000-7fbf01fdf000 ---p 00000000 00:00 0 
7fbf01fdf000-7fbf020dd000 rw-p 00000000 00:00 0 
7fbf020dd000-7fbf020e0000 ---p 00000000 00:00 0 
7fbf020e0000-7fbf021de000 rw-p 00000000 00:00 0 
7fbf021de000-7fbf021e1000 ---p 00000000 00:00 0 
7fbf021e1000-7fbf022df000 rw-p 00000000 00:00 0 
7fbf022df000-7fbf022e2000 ---p 00000000 00:00 0 
7fbf022e2000-7fbf023e0000 rw-p 00000000 00:00 0 
7fbf023e0000-7fbf023e3000 ---p 00000000 00:00 0 
7fbf023e3000-7fbf024e1000 rw-p 00000000 00:00 0 
7fbf024e1000-7fbf024e4000 ---p 00000000 00:00 0 
7fbf024e4000-7fbf025e2000 rw-p 00000000 00:00 0 
7fbf025e2000-7fbf025e5000 ---p 00000000 00:00 0 
7fbf025e5000-7fbf026e3000 rw-p 00000000 00:00 0 
7fbf026e3000-7fbf026e6000 ---p 00000000 00:00 0 
7fbf026e6000-7fbf027e4000 rw-p 00000000 00:00 0 
7fbf027e4000-7fbf027e7000 ---p 00000000 00:00 0 
7fbf027e7000-7fbf028e5000 rw-p 00000000 00:00 0 
7fbf028e5000-7fbf028e8000 ---p 00000000 00:00 0 
7fbf028e8000-7fbf02be6000 rw-p 00000000 00:00 0 
7fbf02be6000-7fbf02be9000 ---p 00000000 00:00 0 
7fbf02be9000-7fbf02ce7000 rw-p 00000000 00:00 0 
7fbf02ce7000-7fbf02cea000 ---p 00000000 00:00 0 
7fbf02cea000-7fbf02de8000 rw-p 00000000 00:00 0 
7fbf02de8000-7fbf02deb000 ---p 00000000 00:00 0 
7fbf02deb000-7fbf02ee9000 rw-p 00000000 00:00 0 
7fbf02ee9000-7fbf02eec000 ---p 00000000 00:00 0 
7fbf02eec000-7fbf031ea000 rw-p 00000000 00:00 0 
7fbf031ea000-7fbf031ed000 ---p 00000000 00:00 0 
7fbf031ed000-7fbf034eb000 rw-p 00000000 00:00 0 
7fbf034eb000-7fbf034ee000 ---p 00000000 00:00 0 
7fbf034ee000-7fbf035ec000 rw-p 00000000 00:00 0 
7fbf035ec000-7fbf035ef000 ---p 00000000 00:00 0 
7fbf035ef000-7fbf036ed000 rw-p 00000000 00:00 0 
7fbf036ed000-7fbf036f0000 ---p 00000000 00:00 0 
7fbf036f0000-7fbf037ee000 rw-p 00000000 00:00 0 
7fbf037ee000-7fbf037f1000 ---p 00000000 00:00 0 
7fbf037f1000-7fbf038ef000 rw-p 00000000 00:00 0 
7fbf038ef000-7fbf038f2000 ---p 00000000 00:00 0 
7fbf038f2000-7fbf03bf0000 rw-p 00000000 00:00 0 
7fbf03bf0000-7fbf03df0000 rw-p 00000000 00:00 0 
7fbf03df0000-7fbf03dff000 r-xp 00000000 08:12 1703966                    /tmp/libnetty_transport_native_epoll_x86_648588444085774187831.so (deleted)
7fbf03dff000-7fbf03ffe000 ---p 0000f000 08:12 1703966                    /tmp/libnetty_transport_native_epoll_x86_648588444085774187831.so (deleted)
7fbf03ffe000-7fbf04000000 rw-p 0000e000 08:12 1703966                    /tmp/libnetty_transport_native_epoll_x86_648588444085774187831.so (deleted)
7fbf04000000-7fbf060b3000 rw-p 00000000 00:00 0 
7fbf060b3000-7fbf08000000 ---p 00000000 00:00 0 
7fbf08000000-7fbf08565000 rw-p 00000000 00:00 0 
7fbf08565000-7fbf0c000000 ---p 00000000 00:00 0 
7fbf0c000000-7fbf0c850000 rw-p 00000000 00:00 0 
7fbf0c850000-7fbf10000000 ---p 00000000 00:00 0 
7fbf10000000-7fbf10106000 rw-p 00000000 00:00 0 
7fbf10106000-7fbf14000000 ---p 00000000 00:00 0 
7fbf14000000-7fbf14021000 rw-p 00000000 00:00 0 
7fbf14021000-7fbf18000000 ---p 00000000 00:00 0 
7fbf18000000-7fbf18142000 rw-p 00000000 00:00 0 
7fbf18142000-7fbf1c000000 ---p 00000000 00:00 0 
7fbf1c000000-7fbf1ca56000 rw-p 00000000 00:00 0 
7fbf1ca56000-7fbf20000000 ---p 00000000 00:00 0 
7fbf20000000-7fbf20021000 rw-p 00000000 00:00 0 
7fbf20021000-7fbf24000000 ---p 00000000 00:00 0 
7fbf24000000-7fbf27a44000 rw-p 00000000 00:00 0 
7fbf27a44000-7fbf28000000 ---p 00000000 00:00 0 
7fbf28000000-7fbf2c000000 rw-p 00000000 00:00 0 
7fbf2c000000-7fbf2c03b000 rw-p 00000000 00:00 0 
7fbf2c03b000-7fbf30000000 ---p 00000000 00:00 0 
7fbf30000000-7fbf33efe000 rw-p 00000000 00:00 0 
7fbf33efe000-7fbf34000000 ---p 00000000 00:00 0 
7fbf34000000-7fbf34021000 rw-p 00000000 00:00 0 
7fbf34021000-7fbf38000000 ---p 00000000 00:00 0 
7fbf38000000-7fbf3821d000 rw-p 00000000 00:00 0 
7fbf3821d000-7fbf3c000000 ---p 00000000 00:00 0 
7fbf3c000000-7fbf3c253000 rw-p 00000000 00:00 0 
7fbf3c253000-7fbf40000000 ---p 00000000 00:00 0 
7fbf40000000-7fbf40045000 rw-p 00000000 00:00 0 
7fbf40045000-7fbf44000000 ---p 00000000 00:00 0 
7fbf44000000-7fbf4414d000 rw-p 00000000 00:00 0 
7fbf4414d000-7fbf48000000 ---p 00000000 00:00 0 
7fbf4802a000-7fbf4802d000 ---p 00000000 00:00 0 
7fbf4802d000-7fbf4832b000 rw-p 00000000 00:00 0 
7fbf4832b000-7fbf4852b000 rw-p 00000000 00:00 0 
7fbf4852b000-7fbf4852e000 ---p 00000000 00:00 0 
7fbf4852e000-7fbf4862c000 rw-p 00000000 00:00 0 
7fbf4862c000-7fbf48a20000 r--s 03629000 08:12 5254736                    /home/abenaru/simbiose/code/alluxio/lib/alluxio-underfs-wasb-2.2.1.jar
7fbf48a20000-7fbf48de4000 r--s 032f3000 08:12 5254756                    /home/abenaru/simbiose/code/alluxio/lib/alluxio-underfs-hdfs-2.7.3-2.2.1.jar
7fbf48e13000-7fbf48e16000 ---p 00000000 00:00 0 
7fbf48e16000-7fbf48ff1000 rw-p 00000000 00:00 0 
7fbf48ff1000-7fbf49612000 r--s 06a6c000 08:12 5257369                    /home/abenaru/simbiose/code/alluxio/lib/alluxio-underfs-ozone-2.3.0-SNAPSHOT.jar
7fbf49612000-7fbf49812000 rw-p 00000000 00:00 0 
7fbf49840000-7fbf49853000 r--s 00346000 08:12 5378632                    /usr/lib/jvm/java-8-openjdk-amd64/jre/lib/resources.jar
7fbf49853000-7fbf49856000 ---p 00000000 00:00 0 
7fbf49856000-7fbf4988c000 rw-p 00000000 00:00 0 
7fbf4988c000-7fbf498a2000 r--s 00106000 08:12 2890457                    /home/abenaru/jprofiler11/bin/agent.jar
7fbf498a2000-7fbf498a9000 r--p 00000000 08:12 5509115                    /usr/lib/jvm/java-8-openjdk-amd64/jre/lib/amd64/libsunec.so
7fbf498a9000-7fbf498c2000 r-xp 00007000 08:12 5509115                    /usr/lib/jvm/java-8-openjdk-amd64/jre/lib/amd64/libsunec.so
7fbf498c2000-7fbf498cc000 r--p 00020000 08:12 5509115                    /usr/lib/jvm/java-8-openjdk-amd64/jre/lib/amd64/libsunec.so
7fbf498cc000-7fbf498d0000 r--p 00029000 08:12 5509115                    /usr/lib/jvm/java-8-openjdk-amd64/jre/lib/amd64/libsunec.so
7fbf498d0000-7fbf498d1000 rw-p 0002d000 08:12 5509115                    /usr/lib/jvm/java-8-openjdk-amd64/jre/lib/amd64/libsunec.so
7fbf498d1000-7fbf498d3000 r--p 00000000 08:12 4464777                    /usr/lib/x86_64-linux-gnu/libnss_dns-2.31.so
7fbf498d3000-7fbf498d7000 r-xp 00002000 08:12 4464777                    /usr/lib/x86_64-linux-gnu/libnss_dns-2.31.so
7fbf498d7000-7fbf498d8000 r--p 00006000 08:12 4464777                    /usr/lib/x86_64-linux-gnu/libnss_dns-2.31.so
7fbf498d8000-7fbf498d9000 r--p 00006000 08:12 4464777                    /usr/lib/x86_64-linux-gnu/libnss_dns-2.31.so
7fbf498d9000-7fbf498da000 rw-p 00007000 08:12 4464777                    /usr/lib/x86_64-linux-gnu/libnss_dns-2.31.so
7fbf498da000-7fbf498de000 r--p 00000000 08:12 4464961                    /usr/lib/x86_64-linux-gnu/libresolv-2.31.so
7fbf498de000-7fbf498ee000 r-xp 00004000 08:12 4464961                    /usr/lib/x86_64-linux-gnu/libresolv-2.31.so
7fbf498ee000-7fbf498f1000 r--p 00014000 08:12 4464961                    /usr/lib/x86_64-linux-gnu/libresolv-2.31.so
7fbf498f1000-7fbf498f2000 ---p 00017000 08:12 4464961                    /usr/lib/x86_64-linux-gnu/libresolv-2.31.so
7fbf498f2000-7fbf498f3000 r--p 00017000 08:12 4464961                    /usr/lib/x86_64-linux-gnu/libresolv-2.31.so
7fbf498f3000-7fbf498f4000 rw-p 00018000 08:12 4464961                    /usr/lib/x86_64-linux-gnu/libresolv-2.31.so
7fbf498f4000-7fbf498f6000 rw-p 00000000 00:00 0 
7fbf498f6000-7fbf49918000 r--s 0018a000 08:12 4325777                    /home/abenaru/simbiose/code/alluxio/extensions/alluxio-underfs-b2-2.2.0-0.3.jar
7fbf49918000-7fbf49a23000 rw-p 00000000 00:00 0 
7fbf49a23000-7fbf4a14e000 r--s 066fa000 08:12 5257367                    /home/abenaru/simbiose/code/alluxio/lib/alluxio-table-server-underdb-glue-2.3.0-SNAPSHOT.jar
7fbf4a14e000-7fbf4a800000 r--s 0616a000 08:12 5254776                    /home/abenaru/simbiose/code/alluxio/lib/alluxio-table-server-underdb-hive-2.2.1.jar
7fbf4a800000-7fbf4b000000 rw-p 00000000 00:00 0 
7fbf4b002000-7fbf4b003000 r--p 00000000 08:12 4464785                    /usr/lib/x86_64-linux-gnu/libnss_mdns4_minimal.so.2
7fbf4b003000-7fbf4b005000 r-xp 00001000 08:12 4464785                    /usr/lib/x86_64-linux-gnu/libnss_mdns4_minimal.so.2
7fbf4b005000-7fbf4b006000 r--p 00003000 08:12 4464785                    /usr/lib/x86_64-linux-gnu/libnss_mdns4_minimal.so.2
7fbf4b006000-7fbf4b007000 r--p 00003000 08:12 4464785                    /usr/lib/x86_64-linux-gnu/libnss_mdns4_minimal.so.2
7fbf4b007000-7fbf4b008000 rw-p 00004000 08:12 4464785                    /usr/lib/x86_64-linux-gnu/libnss_mdns4_minimal.so.2
7fbf4b008000-7fbf4b07e000 r--s 005cb000 08:12 5255430                    /home/abenaru/simbiose/code/alluxio/lib/alluxio-underfs-s3a-2.2.1.jar
7fbf4b07e000-7fbf4b0b6000 r--s 002cb000 08:12 5255424                    /home/abenaru/simbiose/code/alluxio/lib/alluxio-underfs-swift-2.2.1.jar
7fbf4b0b6000-7fbf4b0ff000 r--s 003ce000 08:12 5255422                    /home/abenaru/simbiose/code/alluxio/lib/alluxio-underfs-cos-2.2.1.jar
7fbf4b0ff000-7fbf4b1f8000 rw-p 00000000 00:00 0 
7fbf4b1f8000-7fbf4b1fb000 ---p 00000000 00:00 0 
7fbf4b1fb000-7fbf4b2f9000 rw-p 00000000 00:00 0 
7fbf4b2f9000-7fbf4b2fc000 ---p 00000000 00:00 0 
7fbf4b2fc000-7fbf4b3fa000 rw-p 00000000 00:00 0 
7fbf4b3fa000-7fbf4b3fd000 ---p 00000000 00:00 0 
7fbf4b3fd000-7fbf4b6fb000 rw-p 00000000 00:00 0 
7fbf4b6fb000-7fbf4b6fe000 ---p 00000000 00:00 0 
7fbf4b6fe000-7fbf4b7fc000 rw-p 00000000 00:00 0 
7fbf4b7fc000-7fbf4b7ff000 ---p 00000000 00:00 0 
7fbf4b7ff000-7fbf4b8fd000 rw-p 00000000 00:00 0 
7fbf4b8fd000-7fbf4b900000 ---p 00000000 00:00 0 
7fbf4b900000-7fbf4b9fe000 rw-p 00000000 00:00 0 
7fbf4b9fe000-7fbf4ba01000 ---p 00000000 00:00 0 
7fbf4ba01000-7fbf4baff000 rw-p 00000000 00:00 0 
7fbf4baff000-7fbf4bb02000 ---p 00000000 00:00 0 
7fbf4bb02000-7fbf4be00000 rw-p 00000000 00:00 0 
7fbf4be00000-7fbf4c000000 rw-p 00000000 00:00 0 
7fbf4c000000-7fbf4c021000 rw-p 00000000 00:00 0 
7fbf4c021000-7fbf50000000 ---p 00000000 00:00 0 
7fbf5000f000-7fbf50010000 r--p 00000000 00:00 0 
7fbf50010000-7fbf50012000 r--s 00016000 08:12 5378626                    /usr/lib/jvm/java-8-openjdk-amd64/jre/lib/jce.jar
7fbf50012000-7fbf50013000 r--p 00000000 08:12 5509098                    /usr/lib/jvm/java-8-openjdk-amd64/jre/lib/amd64/libjaas_unix.so
7fbf50013000-7fbf50014000 r-xp 00001000 08:12 5509098                    /usr/lib/jvm/java-8-openjdk-amd64/jre/lib/amd64/libjaas_unix.so
7fbf50014000-7fbf50015000 r--p 00002000 08:12 5509098                    /usr/lib/jvm/java-8-openjdk-amd64/jre/lib/amd64/libjaas_unix.so
7fbf50015000-7fbf50016000 r--p 00002000 08:12 5509098                    /usr/lib/jvm/java-8-openjdk-amd64/jre/lib/amd64/libjaas_unix.so
7fbf50016000-7fbf50017000 rw-p 00003000 08:12 5509098                    /usr/lib/jvm/java-8-openjdk-amd64/jre/lib/amd64/libjaas_unix.so
7fbf50017000-7fbf5001e000 r--s 0004a000 08:12 5255408                    /home/abenaru/simbiose/code/alluxio/lib/alluxio-underfs-web-2.2.1.jar
7fbf5001e000-7fbf5001f000 r--s 00002000 08:12 5255400                    /home/abenaru/simbiose/code/alluxio/lib/alluxio-underfs-local-2.2.1.jar
7fbf5001f000-7fbf50034000 r--s 0010d000 08:12 5255420                    /home/abenaru/simbiose/code/alluxio/lib/alluxio-underfs-gcs-2.2.1.jar
7fbf50034000-7fbf5007b000 r--s 002ff000 08:12 5255423                    /home/abenaru/simbiose/code/alluxio/lib/alluxio-underfs-oss-2.2.1.jar
7fbf5007b000-7fbf50088000 r--s 000c8000 08:12 5255418                    /home/abenaru/simbiose/code/alluxio/lib/alluxio-underfs-kodo-2.2.1.jar
7fbf50088000-7fbf5008c000 r--p 00000000 08:12 5509108                    /usr/lib/jvm/java-8-openjdk-amd64/jre/lib/amd64/libmanagement.so
7fbf5008c000-7fbf50090000 r-xp 00004000 08:12 5509108                    /usr/lib/jvm/java-8-openjdk-amd64/jre/lib/amd64/libmanagement.so
7fbf50090000-7fbf50092000 r--p 00008000 08:12 5509108                    /usr/lib/jvm/java-8-openjdk-amd64/jre/lib/amd64/libmanagement.so
7fbf50092000-7fbf50093000 r--p 00009000 08:12 5509108                    /usr/lib/jvm/java-8-openjdk-amd64/jre/lib/amd64/libmanagement.so
7fbf50093000-7fbf50094000 rw-p 0000a000 08:12 5509108                    /usr/lib/jvm/java-8-openjdk-amd64/jre/lib/amd64/libmanagement.so
7fbf50094000-7fbf50099000 r--s 000a7000 08:12 5378628                    /usr/lib/jvm/java-8-openjdk-amd64/jre/lib/jsse.jar
7fbf50099000-7fbf500ca000 rw-p 00000000 00:00 0 
7fbf500ca000-7fbf500ce000 r--p 00000000 08:12 5509110                    /usr/lib/jvm/java-8-openjdk-amd64/jre/lib/amd64/libnet.so
7fbf500ce000-7fbf500df000 r-xp 00004000 08:12 5509110                    /usr/lib/jvm/java-8-openjdk-amd64/jre/lib/amd64/libnet.so
7fbf500df000-7fbf500e3000 r--p 00015000 08:12 5509110                    /usr/lib/jvm/java-8-openjdk-amd64/jre/lib/amd64/libnet.so
7fbf500e3000-7fbf500e4000 r--p 00018000 08:12 5509110                    /usr/lib/jvm/java-8-openjdk-amd64/jre/lib/amd64/libnet.so
7fbf500e4000-7fbf500e5000 rw-p 00019000 08:12 5509110                    /usr/lib/jvm/java-8-openjdk-amd64/jre/lib/amd64/libnet.so
7fbf500e5000-7fbf501db000 rw-p 00000000 00:00 0 
7fbf501db000-7fbf50840000 r--s 06985000 08:12 4327457                    /home/abenaru/simbiose/code/alluxio/assembly/server/target/alluxio-assembly-server-2.2.1-jar-with-dependencies.jar
7fbf50840000-7fbf5085b000 r--s 001d6000 08:12 5770063                    /usr/lib/jvm/java-8-openjdk-amd64/jre/lib/ext/nashorn.jar
7fbf5085b000-7fbf50876000 r--s 00394000 08:12 5770058                    /usr/lib/jvm/java-8-openjdk-amd64/jre/lib/ext/cldrdata.jar
7fbf50876000-7fbf50877000 ---p 00000000 00:00 0 
7fbf50877000-7fbf50977000 rw-p 00000000 00:00 0 
7fbf50977000-7fbf5097a000 ---p 00000000 00:00 0 
7fbf5097a000-7fbf50a78000 rw-p 00000000 00:00 0 
7fbf50a78000-7fbf50a79000 ---p 00000000 00:00 0 
7fbf50a79000-7fbf50a7c000 ---p 00000000 00:00 0 
7fbf50a7c000-7fbf50b79000 rw-p 00000000 00:00 0 
7fbf50b79000-7fbf50b7a000 ---p 00000000 00:00 0 
7fbf50b7a000-7fbf50b7d000 ---p 00000000 00:00 0 
7fbf50b7d000-7fbf50c7a000 rw-p 00000000 00:00 0 
7fbf50c7a000-7fbf50c7b000 ---p 00000000 00:00 0 
7fbf50c7b000-7fbf50c7e000 ---p 00000000 00:00 0 
7fbf50c7e000-7fbf50d7b000 rw-p 00000000 00:00 0 
7fbf50d7b000-7fbf50d7c000 ---p 00000000 00:00 0 
7fbf50d7c000-7fbf50d7f000 ---p 00000000 00:00 0 
7fbf50d7f000-7fbf50e7c000 rw-p 00000000 00:00 0 
7fbf50e7c000-7fbf50e7f000 ---p 00000000 00:00 0 
7fbf50e7f000-7fbf50f7d000 rw-p 00000000 00:00 0 
7fbf50f7d000-7fbf50f80000 ---p 00000000 00:00 0 
7fbf50f80000-7fbf5107e000 rw-p 00000000 00:00 0 
7fbf5107e000-7fbf51081000 ---p 00000000 00:00 0 
7fbf51081000-7fbf5117f000 rw-p 00000000 00:00 0 
7fbf5117f000-7fbf51182000 ---p 00000000 00:00 0 
7fbf51182000-7fbf51280000 rw-p 00000000 00:00 0 
7fbf51280000-7fbf51283000 ---p 00000000 00:00 0 
7fbf51283000-7fbf51381000 rw-p 00000000 00:00 0 
7fbf51381000-7fbf51382000 ---p 00000000 00:00 0 
7fbf51382000-7fbf64000000 rw-p 00000000 00:00 0 
7fbf64000000-7fbf64021000 rw-p 00000000 00:00 0 
7fbf64021000-7fbf68000000 ---p 00000000 00:00 0 
7fbf68000000-7fbf68021000 rw-p 00000000 00:00 0 
7fbf68021000-7fbf6c000000 ---p 00000000 00:00 0 
7fbf6c000000-7fbf6c025000 rw-p 00000000 00:00 0 
7fbf6c025000-7fbf70000000 ---p 00000000 00:00 0 
7fbf70000000-7fbf70021000 rw-p 00000000 00:00 0 
7fbf70021000-7fbf74000000 ---p 00000000 00:00 0 
7fbf74000000-7fbf740e3000 rw-p 00000000 00:00 0 
7fbf740e3000-7fbf78000000 ---p 00000000 00:00 0 
7fbf78000000-7fbf78021000 rw-p 00000000 00:00 0 
7fbf78021000-7fbf7c000000 ---p 00000000 00:00 0 
7fbf7c000000-7fbf7c021000 rw-p 00000000 00:00 0 
7fbf7c021000-7fbf80000000 ---p 00000000 00:00 0 
7fbf80000000-7fbf80007000 r--p 00000000 08:12 5509111                    /usr/lib/jvm/java-8-openjdk-amd64/jre/lib/amd64/libnio.so
7fbf80007000-7fbf80010000 r-xp 00007000 08:12 5509111                    /usr/lib/jvm/java-8-openjdk-amd64/jre/lib/amd64/libnio.so
7fbf80010000-7fbf80013000 r--p 00010000 08:12 5509111                    /usr/lib/jvm/java-8-openjdk-amd64/jre/lib/amd64/libnio.so
7fbf80013000-7fbf80014000 r--p 00012000 08:12 5509111                    /usr/lib/jvm/java-8-openjdk-amd64/jre/lib/amd64/libnio.so
7fbf80014000-7fbf80015000 rw-p 00013000 08:12 5509111                    /usr/lib/jvm/java-8-openjdk-amd64/jre/lib/amd64/libnio.so
7fbf80015000-7fbf80019000 r--s 0003a000 08:12 5770308                    /usr/lib/jvm/java-8-openjdk-amd64/jre/lib/ext/sunpkcs11.jar
7fbf80019000-7fbf8001b000 r--s 00001000 08:12 5770059                    /usr/lib/jvm/java-8-openjdk-amd64/jre/lib/ext/dnsns.jar
7fbf8001b000-7fbf8001e000 r--s 0000f000 08:12 5770060                    /usr/lib/jvm/java-8-openjdk-amd64/jre/lib/ext/icedtea-sound.jar
7fbf8001e000-7fbf80111000 rw-p 00000000 00:00 0 
7fbf80111000-7fbf802e3000 r--s 03ca5000 08:12 5378633                    /usr/lib/jvm/java-8-openjdk-amd64/jre/lib/rt.jar
7fbf802e3000-7fbf80454000 rw-p 00000000 00:00 0 
7fbf80454000-7fbf80455000 ---p 00000000 00:00 0 
7fbf80455000-7fbf805a9000 rw-p 00000000 00:00 0 
7fbf805a9000-7fbf81000000 ---p 00000000 00:00 0 
7fbf81000000-7fbf825e0000 rwxp 00000000 00:00 0 
7fbf825e0000-7fbf90000000 ---p 00000000 00:00 0 
7fbf90000000-7fbf906bf000 rw-p 00000000 00:00 0 
7fbf906bf000-7fbf94000000 ---p 00000000 00:00 0 
7fbf94000000-7fbf94001000 r--s 0000a000 08:12 5770061                    /usr/lib/jvm/java-8-openjdk-amd64/jre/lib/ext/jaccess.jar
7fbf94001000-7fbf94007000 r--s 0003d000 08:12 5770065                    /usr/lib/jvm/java-8-openjdk-amd64/jre/lib/ext/sunjce_provider.jar
7fbf94007000-7fbf94011000 r--s 00116000 08:12 5770062                    /usr/lib/jvm/java-8-openjdk-amd64/jre/lib/ext/localedata.jar
7fbf94011000-7fbf94013000 r--p 00000000 08:12 5509091                    /usr/lib/jvm/java-8-openjdk-amd64/jre/lib/amd64/libdt_socket.so
7fbf94013000-7fbf94015000 r-xp 00002000 08:12 5509091                    /usr/lib/jvm/java-8-openjdk-amd64/jre/lib/amd64/libdt_socket.so
7fbf94015000-7fbf94016000 r--p 00004000 08:12 5509091                    /usr/lib/jvm/java-8-openjdk-amd64/jre/lib/amd64/libdt_socket.so
7fbf94016000-7fbf94017000 r--p 00004000 08:12 5509091                    /usr/lib/jvm/java-8-openjdk-amd64/jre/lib/amd64/libdt_socket.so
7fbf94017000-7fbf94018000 rw-p 00005000 08:12 5509091                    /usr/lib/jvm/java-8-openjdk-amd64/jre/lib/amd64/libdt_socket.so
7fbf94018000-7fbf94061000 rw-p 00000000 00:00 0 
7fbf94061000-7fbf94062000 ---p 00000000 00:00 0 
7fbf94062000-7fbf94162000 rw-p 00000000 00:00 0 
7fbf94162000-7fbf94163000 ---p 00000000 00:00 0 
7fbf94163000-7fbf94263000 rw-p 00000000 00:00 0 
7fbf94263000-7fbf94264000 ---p 00000000 00:00 0 
7fbf94264000-7fbf94364000 rw-p 00000000 00:00 0 
7fbf94364000-7fbf94365000 ---p 00000000 00:00 0 
7fbf94365000-7fbf94465000 rw-p 00000000 00:00 0 
7fbf94465000-7fbf94466000 ---p 00000000 00:00 0 
7fbf94466000-7fbf94566000 rw-p 00000000 00:00 0 
7fbf94566000-7fbf94567000 ---p 00000000 00:00 0 
7fbf94567000-7fbf94667000 rw-p 00000000 00:00 0 
7fbf94667000-7fbf94668000 ---p 00000000 00:00 0 
7fbf94668000-7fbf947bc000 rw-p 00000000 00:00 0 
7fbf947bc000-7fbf95212000 ---p 00000000 00:00 0 
7fbf95212000-7fbf9525c000 rw-p 00000000 00:00 0 
7fbf9525c000-7fbf95768000 ---p 00000000 00:00 0 
7fbf95768000-7fbf957c1000 rw-p 00000000 00:00 0 
7fbf957c1000-7fbf95b29000 ---p 00000000 00:00 0 
7fbf95b29000-7fbf95b2c000 r--p 00000000 08:12 4464779                    /usr/lib/x86_64-linux-gnu/libnss_files-2.31.so
7fbf95b2c000-7fbf95b33000 r-xp 00003000 08:12 4464779                    /usr/lib/x86_64-linux-gnu/libnss_files-2.31.so
7fbf95b33000-7fbf95b35000 r--p 0000a000 08:12 4464779                    /usr/lib/x86_64-linux-gnu/libnss_files-2.31.so
7fbf95b35000-7fbf95b36000 r--p 0000b000 08:12 4464779                    /usr/lib/x86_64-linux-gnu/libnss_files-2.31.so
7fbf95b36000-7fbf95b37000 rw-p 0000c000 08:12 4464779                    /usr/lib/x86_64-linux-gnu/libnss_files-2.31.so
7fbf95b37000-7fbf95b3d000 rw-p 00000000 00:00 0 
7fbf95b3d000-7fbf95b3e000 r--s 00010000 08:12 5770315                    /usr/lib/jvm/java-8-openjdk-amd64/jre/lib/ext/zipfs.jar
7fbf95b3e000-7fbf95b3f000 r--s 0000d000 08:12 5770064                    /usr/lib/jvm/java-8-openjdk-amd64/jre/lib/ext/sunec.jar
7fbf95b3f000-7fbf95b42000 r--p 00000000 08:12 5509118                    /usr/lib/jvm/java-8-openjdk-amd64/jre/lib/amd64/libzip.so
7fbf95b42000-7fbf95b47000 r-xp 00003000 08:12 5509118                    /usr/lib/jvm/java-8-openjdk-amd64/jre/lib/amd64/libzip.so
7fbf95b47000-7fbf95b49000 r--p 00008000 08:12 5509118                    /usr/lib/jvm/java-8-openjdk-amd64/jre/lib/amd64/libzip.so
7fbf95b49000-7fbf95b4a000 r--p 00009000 08:12 5509118                    /usr/lib/jvm/java-8-openjdk-amd64/jre/lib/amd64/libzip.so
7fbf95b4a000-7fbf95b4b000 rw-p 0000a000 08:12 5509118                    /usr/lib/jvm/java-8-openjdk-amd64/jre/lib/amd64/libzip.so
7fbf95b4b000-7fbf95b53000 rw-s 00000000 08:12 1835045                    /tmp/hsperfdata_abenaru/142822
7fbf95b53000-7fbf96931000 r--p 00000000 08:12 4462889                    /usr/lib/locale/locale-archive
7fbf96931000-7fbf96932000 r--p 00000000 08:12 5509112                    /usr/lib/jvm/java-8-openjdk-amd64/jre/lib/amd64/libnpt.so
7fbf96932000-7fbf96934000 r-xp 00001000 08:12 5509112                    /usr/lib/jvm/java-8-openjdk-amd64/jre/lib/amd64/libnpt.so
7fbf96934000-7fbf96935000 r--p 00003000 08:12 5509112                    /usr/lib/jvm/java-8-openjdk-amd64/jre/lib/amd64/libnpt.so
7fbf96935000-7fbf96936000 r--p 00003000 08:12 5509112                    /usr/lib/jvm/java-8-openjdk-amd64/jre/lib/amd64/libnpt.so
7fbf96936000-7fbf96937000 rw-p 00004000 08:12 5509112                    /usr/lib/jvm/java-8-openjdk-amd64/jre/lib/amd64/libnpt.so
7fbf96937000-7fbf96939000 r--p 00000000 08:12 5509104                    /usr/lib/jvm/java-8-openjdk-amd64/jre/lib/amd64/libjdwp.so
7fbf96939000-7fbf96965000 r-xp 00002000 08:12 5509104                    /usr/lib/jvm/java-8-openjdk-amd64/jre/lib/amd64/libjdwp.so
7fbf96965000-7fbf96972000 r--p 0002e000 08:12 5509104                    /usr/lib/jvm/java-8-openjdk-amd64/jre/lib/amd64/libjdwp.so
7fbf96972000-7fbf96973000 r--p 0003a000 08:12 5509104                    /usr/lib/jvm/java-8-openjdk-amd64/jre/lib/amd64/libjdwp.so
7fbf96973000-7fbf96974000 rw-p 0003b000 08:12 5509104                    /usr/lib/jvm/java-8-openjdk-amd64/jre/lib/amd64/libjdwp.so
7fbf96974000-7fbf96981000 r--p 00000000 08:12 5509099                    /usr/lib/jvm/java-8-openjdk-amd64/jre/lib/amd64/libjava.so
7fbf96981000-7fbf96999000 r-xp 0000d000 08:12 5509099                    /usr/lib/jvm/java-8-openjdk-amd64/jre/lib/amd64/libjava.so
7fbf96999000-7fbf969a0000 r--p 00025000 08:12 5509099                    /usr/lib/jvm/java-8-openjdk-amd64/jre/lib/amd64/libjava.so
7fbf969a0000-7fbf969a1000 r--p 0002b000 08:12 5509099                    /usr/lib/jvm/java-8-openjdk-amd64/jre/lib/amd64/libjava.so
7fbf969a1000-7fbf969a3000 rw-p 0002c000 08:12 5509099                    /usr/lib/jvm/java-8-openjdk-amd64/jre/lib/amd64/libjava.so
7fbf969a3000-7fbf969a6000 r--p 00000000 08:12 4464981                    /usr/lib/x86_64-linux-gnu/librt-2.31.so
7fbf969a6000-7fbf969aa000 r-xp 00003000 08:12 4464981                    /usr/lib/x86_64-linux-gnu/librt-2.31.so
7fbf969aa000-7fbf969ab000 r--p 00007000 08:12 4464981                    /usr/lib/x86_64-linux-gnu/librt-2.31.so
7fbf969ab000-7fbf969ac000 ---p 00008000 08:12 4464981                    /usr/lib/x86_64-linux-gnu/librt-2.31.so
7fbf969ac000-7fbf969ad000 r--p 00008000 08:12 4464981                    /usr/lib/x86_64-linux-gnu/librt-2.31.so
7fbf969ad000-7fbf969ae000 rw-p 00009000 08:12 4464981                    /usr/lib/x86_64-linux-gnu/librt-2.31.so
7fbf969ae000-7fbf969af000 ---p 00000000 00:00 0 
7fbf969af000-7fbf969b2000 ---p 00000000 00:00 0 
7fbf969b2000-7fbf96aaf000 rw-p 00000000 00:00 0 
7fbf96aaf000-7fbf96ab2000 r--p 00000000 08:12 4464307                    /usr/lib/x86_64-linux-gnu/libgcc_s.so.1
7fbf96ab2000-7fbf96ac4000 r-xp 00003000 08:12 4464307                    /usr/lib/x86_64-linux-gnu/libgcc_s.so.1
7fbf96ac4000-7fbf96ac8000 r--p 00015000 08:12 4464307                    /usr/lib/x86_64-linux-gnu/libgcc_s.so.1
7fbf96ac8000-7fbf96ac9000 r--p 00018000 08:12 4464307                    /usr/lib/x86_64-linux-gnu/libgcc_s.so.1
7fbf96ac9000-7fbf96aca000 rw-p 00019000 08:12 4464307                    /usr/lib/x86_64-linux-gnu/libgcc_s.so.1
7fbf96aca000-7fbf96ad9000 r--p 00000000 08:12 4464658                    /usr/lib/x86_64-linux-gnu/libm-2.31.so
7fbf96ad9000-7fbf96b80000 r-xp 0000f000 08:12 4464658                    /usr/lib/x86_64-linux-gnu/libm-2.31.so
7fbf96b80000-7fbf96c17000 r--p 000b6000 08:12 4464658                    /usr/lib/x86_64-linux-gnu/libm-2.31.so
7fbf96c17000-7fbf96c18000 r--p 0014c000 08:12 4464658                    /usr/lib/x86_64-linux-gnu/libm-2.31.so
7fbf96c18000-7fbf96c19000 rw-p 0014d000 08:12 4464658                    /usr/lib/x86_64-linux-gnu/libm-2.31.so
7fbf96c19000-7fbf96caf000 r--p 00000000 08:12 4465074                    /usr/lib/x86_64-linux-gnu/libstdc++.so.6.0.28
7fbf96caf000-7fbf96d9f000 r-xp 00096000 08:12 4465074                    /usr/lib/x86_64-linux-gnu/libstdc++.so.6.0.28
7fbf96d9f000-7fbf96de8000 r--p 00186000 08:12 4465074                    /usr/lib/x86_64-linux-gnu/libstdc++.so.6.0.28
7fbf96de8000-7fbf96de9000 ---p 001cf000 08:12 4465074                    /usr/lib/x86_64-linux-gnu/libstdc++.so.6.0.28
7fbf96de9000-7fbf96df4000 r--p 001cf000 08:12 4465074                    /usr/lib/x86_64-linux-gnu/libstdc++.so.6.0.28
7fbf96df4000-7fbf96df7000 rw-p 001da000 08:12 4465074                    /usr/lib/x86_64-linux-gnu/libstdc++.so.6.0.28
7fbf96df7000-7fbf96dfa000 rw-p 00000000 00:00 0 
7fbf96dfa000-7fbf96fea000 r--p 00000000 08:12 5642122                    /usr/lib/jvm/java-8-openjdk-amd64/jre/lib/amd64/server/libjvm.so
7fbf96fea000-7fbf978ae000 r-xp 001f0000 08:12 5642122                    /usr/lib/jvm/java-8-openjdk-amd64/jre/lib/amd64/server/libjvm.so
7fbf978ae000-7fbf97a4b000 r--p 00ab4000 08:12 5642122                    /usr/lib/jvm/java-8-openjdk-amd64/jre/lib/amd64/server/libjvm.so
7fbf97a4b000-7fbf97a4c000 ---p 00c51000 08:12 5642122                    /usr/lib/jvm/java-8-openjdk-amd64/jre/lib/amd64/server/libjvm.so
7fbf97a4c000-7fbf97ae0000 r--p 00c51000 08:12 5642122                    /usr/lib/jvm/java-8-openjdk-amd64/jre/lib/amd64/server/libjvm.so
7fbf97ae0000-7fbf97b09000 rw-p 00ce5000 08:12 5642122                    /usr/lib/jvm/java-8-openjdk-amd64/jre/lib/amd64/server/libjvm.so
7fbf97b09000-7fbf97b3b000 rw-p 00000000 00:00 0 
7fbf97b3b000-7fbf97b42000 r--p 00000000 08:12 4464920                    /usr/lib/x86_64-linux-gnu/libpthread-2.31.so
7fbf97b42000-7fbf97b53000 r-xp 00007000 08:12 4464920                    /usr/lib/x86_64-linux-gnu/libpthread-2.31.so
7fbf97b53000-7fbf97b58000 r--p 00018000 08:12 4464920                    /usr/lib/x86_64-linux-gnu/libpthread-2.31.so
7fbf97b58000-7fbf97b59000 r--p 0001c000 08:12 4464920                    /usr/lib/x86_64-linux-gnu/libpthread-2.31.so
7fbf97b59000-7fbf97b5a000 rw-p 0001d000 08:12 4464920                    /usr/lib/x86_64-linux-gnu/libpthread-2.31.so
7fbf97b5a000-7fbf97b5e000 rw-p 00000000 00:00 0 
7fbf97b5e000-7fbf97b5f000 r--p 00000000 08:12 4464157                    /usr/lib/x86_64-linux-gnu/libdl-2.31.so
7fbf97b5f000-7fbf97b61000 r-xp 00001000 08:12 4464157                    /usr/lib/x86_64-linux-gnu/libdl-2.31.so
7fbf97b61000-7fbf97b62000 r--p 00003000 08:12 4464157                    /usr/lib/x86_64-linux-gnu/libdl-2.31.so
7fbf97b62000-7fbf97b63000 r--p 00003000 08:12 4464157                    /usr/lib/x86_64-linux-gnu/libdl-2.31.so
7fbf97b63000-7fbf97b64000 rw-p 00004000 08:12 4464157                    /usr/lib/x86_64-linux-gnu/libdl-2.31.so
7fbf97b64000-7fbf97b66000 r--p 00000000 08:12 4465334                    /usr/lib/x86_64-linux-gnu/libz.so.1.2.11
7fbf97b66000-7fbf97b77000 r-xp 00002000 08:12 4465334                    /usr/lib/x86_64-linux-gnu/libz.so.1.2.11
7fbf97b77000-7fbf97b7d000 r--p 00013000 08:12 4465334                    /usr/lib/x86_64-linux-gnu/libz.so.1.2.11
7fbf97b7d000-7fbf97b7e000 ---p 00019000 08:12 4465334                    /usr/lib/x86_64-linux-gnu/libz.so.1.2.11
7fbf97b7e000-7fbf97b7f000 r--p 00019000 08:12 4465334                    /usr/lib/x86_64-linux-gnu/libz.so.1.2.11
7fbf97b7f000-7fbf97b80000 rw-p 0001a000 08:12 4465334                    /usr/lib/x86_64-linux-gnu/libz.so.1.2.11
7fbf97b80000-7fbf97ba5000 r--p 00000000 08:12 4464022                    /usr/lib/x86_64-linux-gnu/libc-2.31.so
7fbf97ba5000-7fbf97d1d000 r-xp 00025000 08:12 4464022                    /usr/lib/x86_64-linux-gnu/libc-2.31.so
7fbf97d1d000-7fbf97d67000 r--p 0019d000 08:12 4464022                    /usr/lib/x86_64-linux-gnu/libc-2.31.so
7fbf97d67000-7fbf97d68000 ---p 001e7000 08:12 4464022                    /usr/lib/x86_64-linux-gnu/libc-2.31.so
7fbf97d68000-7fbf97d6b000 r--p 001e7000 08:12 4464022                    /usr/lib/x86_64-linux-gnu/libc-2.31.so
7fbf97d6b000-7fbf97d6e000 rw-p 001ea000 08:12 4464022                    /usr/lib/x86_64-linux-gnu/libc-2.31.so
7fbf97d6e000-7fbf97d72000 rw-p 00000000 00:00 0 
7fbf97d72000-7fbf97d74000 r--s 0000c000 08:12 5115646                    /usr/share/java/java-atk-wrapper.jar
7fbf97d74000-7fbf97d75000 rw-p 00000000 00:00 0 
7fbf97d75000-7fbf97d7a000 r--p 00000000 08:12 5509117                    /usr/lib/jvm/java-8-openjdk-amd64/jre/lib/amd64/libverify.so
7fbf97d7a000-7fbf97d83000 r-xp 00005000 08:12 5509117                    /usr/lib/jvm/java-8-openjdk-amd64/jre/lib/amd64/libverify.so
7fbf97d83000-7fbf97d85000 r--p 0000e000 08:12 5509117                    /usr/lib/jvm/java-8-openjdk-amd64/jre/lib/amd64/libverify.so
7fbf97d85000-7fbf97d87000 r--p 0000f000 08:12 5509117                    /usr/lib/jvm/java-8-openjdk-amd64/jre/lib/amd64/libverify.so
7fbf97d87000-7fbf97d88000 rw-p 00011000 08:12 5509117                    /usr/lib/jvm/java-8-openjdk-amd64/jre/lib/amd64/libverify.so
7fbf97d88000-7fbf97d8b000 r--p 00000000 08:12 5509085                    /usr/lib/jvm/java-8-openjdk-amd64/jre/lib/amd64/jli/libjli.so
7fbf97d8b000-7fbf97d95000 r-xp 00003000 08:12 5509085                    /usr/lib/jvm/java-8-openjdk-amd64/jre/lib/amd64/jli/libjli.so
7fbf97d95000-7fbf97d98000 r--p 0000d000 08:12 5509085                    /usr/lib/jvm/java-8-openjdk-amd64/jre/lib/amd64/jli/libjli.so
7fbf97d98000-7fbf97d99000 r--p 0000f000 08:12 5509085                    /usr/lib/jvm/java-8-openjdk-amd64/jre/lib/amd64/jli/libjli.so
7fbf97d99000-7fbf97d9a000 rw-p 00010000 08:12 5509085                    /usr/lib/jvm/java-8-openjdk-amd64/jre/lib/amd64/jli/libjli.so
7fbf97d9a000-7fbf97d9c000 rw-p 00000000 00:00 0 
7fbf97d9c000-7fbf97d9d000 r--p 00000000 08:12 4463811                    /usr/lib/x86_64-linux-gnu/ld-2.31.so
7fbf97d9d000-7fbf97dc0000 r-xp 00001000 08:12 4463811                    /usr/lib/x86_64-linux-gnu/ld-2.31.so
7fbf97dc0000-7fbf97dc8000 r--p 00024000 08:12 4463811                    /usr/lib/x86_64-linux-gnu/ld-2.31.so
7fbf97dc8000-7fbf97dc9000 r--p 00000000 00:00 0 
7fbf97dc9000-7fbf97dca000 r--p 0002c000 08:12 4463811                    /usr/lib/x86_64-linux-gnu/ld-2.31.so
7fbf97dca000-7fbf97dcb000 rw-p 0002d000 08:12 4463811                    /usr/lib/x86_64-linux-gnu/ld-2.31.so
7fbf97dcb000-7fbf97dcc000 rw-p 00000000 00:00 0 
7ffd54857000-7ffd54879000 rw-p 00000000 00:00 0                          [stack]
7ffd5495b000-7ffd5495e000 r--p 00000000 00:00 0                          [vvar]
7ffd5495e000-7ffd5495f000 r-xp 00000000 00:00 0                          [vdso]
ffffffffff600000-ffffffffff601000 --xp 00000000 00:00 0                  [vsyscall]

VM Arguments:
jvm_args: -agentlib:jdwp=transport=dt_socket,server=y,suspend=n,address=7001 -Dalluxio.home=/home/abenaru/simbiose/code/alluxio -Dalluxio.conf.dir=/home/abenaru/simbiose/code/alluxio/conf -Dalluxio.logs.dir=/home/abenaru/simbiose/code/alluxio/logs -Dalluxio.user.logs.dir=/home/abenaru/simbiose/code/alluxio/logs/user -Dlog4j.configuration=file:/home/abenaru/simbiose/code/alluxio/conf/log4j.properties -Dorg.apache.jasper.compiler.disablejsr199=true -Djava.net.preferIPv4Stack=true -Dalluxio.logger.type=MASTER_LOGGER -Dalluxio.master.audit.logger.type=MASTER_AUDIT_LOGGER -Dalluxio.home=/home/abenaru/simbiose/code/alluxio -Dalluxio.conf.dir=/home/abenaru/simbiose/code/alluxio/conf -Dalluxio.logs.dir=/home/abenaru/simbiose/code/alluxio/logs -Dalluxio.user.logs.dir=/home/abenaru/simbiose/code/alluxio/logs/user -Dlog4j.configuration=file:/home/abenaru/simbiose/code/alluxio/conf/log4j.properties -Dorg.apache.jasper.compiler.disablejsr199=true -Djava.net.preferIPv4Stack=true -Dalluxio.logger.type=MASTER_LOGGER -Dalluxio.master.audit.logger.type=MASTER_AUDIT_LOGGER -Xmx8g -XX:MetaspaceSize=256M 
java_command: alluxio.master.AlluxioMaster
java_class_path (initial): /home/abenaru/simbiose/code/alluxio/conf/::/home/abenaru/simbiose/code/alluxio/assembly/server/target/alluxio-assembly-server-2.2.1-jar-with-dependencies.jar
Launcher Type: SUN_STANDARD

Environment Variables:
JAVA_HOME=/usr/lib/jvm/java-8-openjdk-amd64/jre/
PATH=/home/abenaru/.local/bin:/home/abenaru/bin:/usr/local/sbin:/usr/local/bin:/usr/sbin:/usr/bin:/sbin:/bin:/usr/games:/usr/local/games:/snap/bin:/home/abenaru/bin
USERNAME=abenaru
SHELL=/bin/bash
DISPLAY=:1

Signal Handlers:
SIGSEGV: [libjvm.so+0xa90220], sa_mask[0]=11111111011111111101111111111110, sa_flags=SA_RESTART|SA_SIGINFO
SIGBUS: [libjvm.so+0xa90220], sa_mask[0]=11111111011111111101111111111110, sa_flags=SA_RESTART|SA_SIGINFO
SIGFPE: [libjvm.so+0x8e9110], sa_mask[0]=11111111011111111101111111111110, sa_flags=SA_RESTART|SA_SIGINFO
SIGPIPE: [libjvm.so+0x8e9110], sa_mask[0]=11111111011111111101111111111110, sa_flags=SA_RESTART|SA_SIGINFO
SIGXFSZ: [libjvm.so+0x8e9110], sa_mask[0]=11111111011111111101111111111110, sa_flags=SA_RESTART|SA_SIGINFO
SIGILL: [libjvm.so+0x8e9110], sa_mask[0]=11111111011111111101111111111110, sa_flags=SA_RESTART|SA_SIGINFO
SIGUSR1: SIG_DFL, sa_mask[0]=00000000000000000000000000000000, sa_flags=none
SIGUSR2: [libjvm.so+0x8e8fc0], sa_mask[0]=00000000000000000000000000000000, sa_flags=SA_RESTART|SA_SIGINFO
SIGHUP: SIG_IGN, sa_mask[0]=00000000000000000000000000000000, sa_flags=none
SIGINT: [libjvm.so+0x8e9390], sa_mask[0]=11111111011111111101111111111110, sa_flags=SA_RESTART|SA_SIGINFO
SIGTERM: [libjvm.so+0x8e9390], sa_mask[0]=11111111011111111101111111111110, sa_flags=SA_RESTART|SA_SIGINFO
SIGQUIT: [libjvm.so+0x8e9390], sa_mask[0]=11111111011111111101111111111110, sa_flags=SA_RESTART|SA_SIGINFO


---------------  S Y S T E M  ---------------

OS:DISTRIB_ID=Ubuntu
DISTRIB_RELEASE=20.04
DISTRIB_CODENAME=focal
DISTRIB_DESCRIPTION="Ubuntu 20.04 LTS"

uname:Linux 5.4.0-37-generic #41-Ubuntu SMP Wed Jun 3 18:57:02 UTC 2020 x86_64
libc:glibc 2.31 NPTL 2.31 
rlimit: STACK 8192k, CORE 0k, NPROC 63397, NOFILE 1048576, AS infinity
load average:2,34 2,06 1,48

/proc/meminfo:
MemTotal:       16286076 kB
MemFree:          721620 kB
MemAvailable:    5362956 kB
Buffers:          233004 kB
Cached:          4506924 kB
SwapCached:          868 kB
Active:         11454812 kB
Inactive:        3188956 kB
Active(anon):    8968292 kB
Inactive(anon):  1043432 kB
Active(file):    2486520 kB
Inactive(file):  2145524 kB
Unevictable:        1020 kB
Mlocked:              96 kB
SwapTotal:       9999356 kB
SwapFree:        9947132 kB
Dirty:             52640 kB
Writeback:             0 kB
AnonPages:       9904324 kB
Mapped:          1163108 kB
Shmem:            109944 kB
KReclaimable:     351352 kB
Slab:             587240 kB
SReclaimable:     351352 kB
SUnreclaim:       235888 kB
KernelStack:       25488 kB
PageTables:        64596 kB
NFS_Unstable:          0 kB
Bounce:                0 kB
WritebackTmp:          0 kB
CommitLimit:    18142392 kB
Committed_AS:   20377844 kB
VmallocTotal:   34359738367 kB
VmallocUsed:       71068 kB
VmallocChunk:          0 kB
Percpu:             8160 kB
HardwareCorrupted:     0 kB
AnonHugePages:         0 kB
ShmemHugePages:        0 kB
ShmemPmdMapped:        0 kB
FileHugePages:         0 kB
FilePmdMapped:         0 kB
CmaTotal:              0 kB
CmaFree:               0 kB
HugePages_Total:       0
HugePages_Free:        0
HugePages_Rsvd:        0
HugePages_Surp:        0
Hugepagesize:       2048 kB
Hugetlb:               0 kB
DirectMap4k:      712396 kB
DirectMap2M:    14905344 kB
DirectMap1G:     1048576 kB

container (cgroup) information:
container_type: cgroupv1
cpu_cpuset_cpus: 0-7
cpu_memory_nodes: 0
active_processor_count: 8
cpu_quota: -1
cpu_period: 100000
cpu_shares: -1
memory_limit_in_bytes: -1
memory_and_swap_limit_in_bytes: -2
memory_soft_limit_in_bytes: -1
memory_usage_in_bytes: 14195003392
memory_max_usage_in_bytes: 14867922944


CPU:total 8 (initial active 8) (4 cores per cpu, 2 threads per core) family 6 model 142 stepping 12, cmov, cx8, fxsr, mmx, sse, sse2, sse3, ssse3, sse4.1, sse4.2, popcnt, avx, avx2, aes, clmul, erms, 3dnowpref, lzcnt, ht, tsc, tscinvbit, bmi1, bmi2, adx

/proc/cpuinfo:
