#
# There is insufficient memory for the Java Runtime Environment to continue.
# Native memory allocation (mmap) failed to map 39305216 bytes for committing reserved memory.
# Possible reasons:
#   The system is out of physical RAM or swap space
#   In 32 bit mode, the process size limit was hit
# Possible solutions:
#   Reduce memory load on the system
#   Increase physical memory or swap space
#   Check if swap backing store is full
#   Use 64 bit Java on a 64 bit OS
#   Decrease Java heap size (-Xmx/-Xms)
#   Decrease number of Java threads
#   Decrease Java thread stack sizes (-Xss)
#   Set larger code cache with -XX:ReservedCodeCacheSize=
# This output file may be truncated or incomplete.
#
#  Out of Memory Error (os_linux.cpp:2640), pid=9029, tid=0x00007fa18100a700
#
# JRE version: Java(TM) SE Runtime Environment (8.0_171-b11) (build 1.8.0_171-b11)
# Java VM: Java HotSpot(TM) 64-Bit Server VM (25.171-b11 mixed mode linux-amd64 compressed oops)
# Failed to write core dump. Core dumps have been disabled. To enable core dumping, try "ulimit -c unlimited" before starting Java again
#

---------------  T H R E A D  ---------------

Current thread (0x00007fa17c072000):  VMThread [stack: 0x00007fa180f0a000,0x00007fa18100b000] [id=9035]

Stack: [0x00007fa180f0a000,0x00007fa18100b000],  sp=0x00007fa181009190,  free space=1020k
Native frames: (J=compiled Java code, j=interpreted, Vv=VM code, C=native code)
V  [libjvm.so+0xacfffa]  VMError::report_and_die()+0x2ba
V  [libjvm.so+0x5005cb]  report_vm_out_of_memory(char const*, int, unsigned long, VMErrorType, char const*)+0x8b
V  [libjvm.so+0x92dd93]  os::Linux::commit_memory_impl(char*, unsigned long, bool)+0x123
V  [libjvm.so+0x92dfb9]  os::pd_commit_memory(char*, unsigned long, unsigned long, bool)+0x29
V  [libjvm.so+0x92527a]  os::commit_memory(char*, unsigned long, unsigned long, bool)+0x2a
V  [libjvm.so+0xacbcd9]  VirtualSpace::expand_by(unsigned long, bool)+0x199
V  [libjvm.so+0x5fde85]  OneContigSpaceCardGeneration::grow_by(unsigned long)+0x25
V  [libjvm.so+0x5fe24f]  CardGeneration::expand(unsigned long, unsigned long)+0x6f
V  [libjvm.so+0x5fe2fe]  OneContigSpaceCardGeneration::expand(unsigned long, unsigned long)+0x3e
V  [libjvm.so+0x5ef554]  GenCollectedHeap::do_collection(bool, bool, unsigned long, bool, int)+0x734
V  [libjvm.so+0x48b614]  GenCollectorPolicy::satisfy_failed_allocation(unsigned long, bool)+0x134
V  [libjvm.so+0xad1014]  VM_GenCollectForAllocation::doit()+0x94
V  [libjvm.so+0xad9595]  VM_Operation::evaluate()+0x55
V  [libjvm.so+0xad795a]  VMThread::evaluate_operation(VM_Operation*)+0xba
V  [libjvm.so+0xad7cde]  VMThread::loop()+0x1ce
V  [libjvm.so+0xad8150]  VMThread::run()+0x70
V  [libjvm.so+0x92e0f8]  java_start(Thread*)+0x108

VM_Operation (0x00007fa184f6d580): GenCollectForAllocation, mode: safepoint, requested by thread 0x00007fa17c00d800


---------------  P R O C E S S  ---------------

Java Threads: ( => current thread )
  0x00007fa154039800 JavaThread "Timer-0" daemon [_thread_blocked, id=9047, stack(0x00007fa16c095000,0x00007fa16c196000)]
  0x00007fa17c0ca000 JavaThread "Service Thread" daemon [_thread_blocked, id=9041, stack(0x00007fa16ceff000,0x00007fa16d000000)]
  0x00007fa17c0b5000 JavaThread "C1 CompilerThread1" daemon [_thread_blocked, id=9040, stack(0x00007fa180046000,0x00007fa180147000)]
  0x00007fa17c0b3000 JavaThread "C2 CompilerThread0" daemon [_thread_blocked, id=9039, stack(0x00007fa180147000,0x00007fa180248000)]
  0x00007fa17c0b1800 JavaThread "Signal Dispatcher" daemon [_thread_blocked, id=9038, stack(0x00007fa180248000,0x00007fa180349000)]
  0x00007fa17c07e000 JavaThread "Finalizer" daemon [_thread_blocked, id=9037, stack(0x00007fa180d08000,0x00007fa180e09000)]
  0x00007fa17c079800 JavaThread "Reference Handler" daemon [_thread_blocked, id=9036, stack(0x00007fa180e09000,0x00007fa180f0a000)]
  0x00007fa17c00d800 JavaThread "main" [_thread_blocked, id=9034, stack(0x00007fa184e6f000,0x00007fa184f70000)]

Other Threads:
=>0x00007fa17c072000 VMThread [stack: 0x00007fa180f0a000,0x00007fa18100b000] [id=9035]
  0x00007fa17c0cf800 WatcherThread [stack: 0x00007fa16cdfe000,0x00007fa16ceff000] [id=9042]

VM state:at safepoint (normal execution)

VM Mutex/Monitor currently owned by a thread:  ([mutex/lock_event])
[0x00007fa17c009940] Threads_lock - owner thread: 0x00007fa17c072000
[0x00007fa17c009e40] Heap_lock - owner thread: 0x00007fa17c00d800

Heap:
 def new generation   total 60352K, used 0K [0x00000000e0000000, 0x00000000e4170000, 0x00000000eaaa0000)
  eden space 53696K,   0% used [0x00000000e0000000, 0x00000000e0000000, 0x00000000e3470000)
  from space 6656K,   0% used [0x00000000e3470000, 0x00000000e3470000, 0x00000000e3af0000)
  to   space 6656K,   0% used [0x00000000e3af0000, 0x00000000e3af0000, 0x00000000e4170000)
 tenured generation   total 135152K, used 104120K [0x00000000eaaa0000, 0x00000000f2e9c000, 0x0000000100000000)
   the space 135152K,  77% used [0x00000000eaaa0000, 0x00000000f104e138, 0x00000000f104e200, 0x00000000f2e9c000)
 Metaspace       used 21406K, capacity 21526K, committed 21760K, reserved 1069056K
  class space    used 2389K, capacity 2462K, committed 2560K, reserved 1048576K

Card table byte_map: [0x00007fa181b05000,0x00007fa181c06000] byte_map_base: 0x00007fa181405000

Polling page: 0x00007fa184f89000

CodeCache: size=245760Kb used=24549Kb max_used=26340Kb free=221210Kb
 bounds [0x00007fa16d000000, 0x00007fa16e9e0000, 0x00007fa17c000000]
 total_blobs=5456 nmethods=5078 adapters=287
 compilation: enabled

Compilation events (10 events):
Event: 64.020 Thread 0x00007fa17c0b5000 6609 %     3       edu.umd.cs.findbugs.ba.CFG::getLocationsContainingInstructionWithOffset @ 13 (57 bytes)
Event: 64.021 Thread 0x00007fa17c0b5000 nmethod 6609% 0x00007fa16e9b8390 code [0x00007fa16e9b85e0, 0x00007fa16e9b94c8]
Event: 64.021 Thread 0x00007fa17c0b5000 6610       3       edu.umd.cs.findbugs.ba.CFG::getLocationsContainingInstructionWithOffset (57 bytes)
Event: 64.022 Thread 0x00007fa17c0b5000 nmethod 6610 0x00007fa16e1e44d0 code [0x00007fa16e1e4740, 0x00007fa16e1e5618]
Event: 64.027 Thread 0x00007fa17c0b5000 6611       2       org.objectweb.asm.tree.MethodNode::visitJumpInsn (21 bytes)
Event: 64.028 Thread 0x00007fa17c0b5000 nmethod 6611 0x00007fa16d7c6290 code [0x00007fa16d7c6400, 0x00007fa16d7c6700]
Event: 64.029 Thread 0x00007fa17c0b5000 6612       1       org.apache.bcel.generic.EmptyVisitor::visitINVOKESPECIAL (1 bytes)
Event: 64.029 Thread 0x00007fa17c0b5000 nmethod 6612 0x00007fa16d8e51d0 code [0x00007fa16d8e5320, 0x00007fa16d8e5430]
Event: 64.047 Thread 0x00007fa17c0b5000 6613       2       edu.umd.cs.findbugs.SwitchHandler$SwitchDetails::<init> (174 bytes)
Event: 64.048 Thread 0x00007fa17c0b5000 nmethod 6613 0x00007fa16d52cad0 code [0x00007fa16d52cc40, 0x00007fa16d52cf90]

GC Heap History (10 events):
Event: 61.388 GC heap after
Heap after GC invocations=129 (full 7):
 def new generation   total 60352K, used 4129K [0x00000000e0000000, 0x00000000e4170000, 0x00000000eaaa0000)
  eden space 53696K,   0% used [0x00000000e0000000, 0x00000000e0000000, 0x00000000e3470000)
  from space 6656K,  62% used [0x00000000e3af0000, 0x00000000e3ef8788, 0x00000000e4170000)
  to   space 6656K,   0% used [0x00000000e3470000, 0x00000000e3470000, 0x00000000e3af0000)
 tenured generation   total 134000K, used 129735K [0x00000000eaaa0000, 0x00000000f2d7c000, 0x0000000100000000)
   the space 134000K,  96% used [0x00000000eaaa0000, 0x00000000f2951d40, 0x00000000f2951e00, 0x00000000f2d7c000)
 Metaspace       used 21300K, capacity 21462K, committed 21760K, reserved 1069056K
  class space    used 2389K, capacity 2462K, committed 2560K, reserved 1048576K
}
Event: 61.904 GC heap before
{Heap before GC invocations=129 (full 7):
 def new generation   total 60352K, used 57825K [0x00000000e0000000, 0x00000000e4170000, 0x00000000eaaa0000)
  eden space 53696K, 100% used [0x00000000e0000000, 0x00000000e3470000, 0x00000000e3470000)
  from space 6656K,  62% used [0x00000000e3af0000, 0x00000000e3ef8788, 0x00000000e4170000)
  to   space 6656K,   0% used [0x00000000e3470000, 0x00000000e3470000, 0x00000000e3af0000)
 tenured generation   total 134000K, used 129735K [0x00000000eaaa0000, 0x00000000f2d7c000, 0x0000000100000000)
   the space 134000K,  96% used [0x00000000eaaa0000, 0x00000000f2951d40, 0x00000000f2951e00, 0x00000000f2d7c000)
 Metaspace       used 21312K, capacity 21462K, committed 21760K, reserved 1069056K
  class space    used 2389K, capacity 2462K, committed 2560K, reserved 1048576K
Event: 61.927 GC heap after
Heap after GC invocations=130 (full 7):
 def new generation   total 60352K, used 3393K [0x00000000e0000000, 0x00000000e4170000, 0x00000000eaaa0000)
  eden space 53696K,   0% used [0x00000000e0000000, 0x00000000e0000000, 0x00000000e3470000)
  from space 6656K,  50% used [0x00000000e3470000, 0x00000000e37c05f8, 0x00000000e3af0000)
  to   space 6656K,   0% used [0x00000000e3af0000, 0x00000000e3af0000, 0x00000000e4170000)
 tenured generation   total 134000K, used 131444K [0x00000000eaaa0000, 0x00000000f2d7c000, 0x0000000100000000)
   the space 134000K,  98% used [0x00000000eaaa0000, 0x00000000f2afd038, 0x00000000f2afd200, 0x00000000f2d7c000)
 Metaspace       used 21312K, capacity 21462K, committed 21760K, reserved 1069056K
  class space    used 2389K, capacity 2462K, committed 2560K, reserved 1048576K
}
Event: 62.515 GC heap before
{Heap before GC invocations=130 (full 7):
 def new generation   total 60352K, used 57089K [0x00000000e0000000, 0x00000000e4170000, 0x00000000eaaa0000)
  eden space 53696K, 100% used [0x00000000e0000000, 0x00000000e3470000, 0x00000000e3470000)
  from space 6656K,  50% used [0x00000000e3470000, 0x00000000e37c05f8, 0x00000000e3af0000)
  to   space 6656K,   0% used [0x00000000e3af0000, 0x00000000e3af0000, 0x00000000e4170000)
 tenured generation   total 134000K, used 131444K [0x00000000eaaa0000, 0x00000000f2d7c000, 0x0000000100000000)
   the space 134000K,  98% used [0x00000000eaaa0000, 0x00000000f2afd038, 0x00000000f2afd200, 0x00000000f2d7c000)
 Metaspace       used 21331K, capacity 21462K, committed 21760K, reserved 1069056K
  class space    used 2389K, capacity 2462K, committed 2560K, reserved 1048576K
Event: 62.537 GC heap after
Heap after GC invocations=131 (full 7):
 def new generation   total 60352K, used 5237K [0x00000000e0000000, 0x00000000e4170000, 0x00000000eaaa0000)
  eden space 53696K,   0% used [0x00000000e0000000, 0x00000000e0000000, 0x00000000e3470000)
  from space 6656K,  78% used [0x00000000e3af0000, 0x00000000e400d650, 0x00000000e4170000)
  to   space 6656K,   0% used [0x00000000e3470000, 0x00000000e3470000, 0x00000000e3af0000)
 tenured generation   total 134000K, used 132018K [0x00000000eaaa0000, 0x00000000f2d7c000, 0x0000000100000000)
   the space 134000K,  98% used [0x00000000eaaa0000, 0x00000000f2b8cbd8, 0x00000000f2b8cc00, 0x00000000f2d7c000)
 Metaspace       used 21331K, capacity 21462K, committed 21760K, reserved 1069056K
  class space    used 2389K, capacity 2462K, committed 2560K, reserved 1048576K
}
Event: 63.088 GC heap before
{Heap before GC invocations=131 (full 7):
 def new generation   total 60352K, used 58933K [0x00000000e0000000, 0x00000000e4170000, 0x00000000eaaa0000)
  eden space 53696K, 100% used [0x00000000e0000000, 0x00000000e3470000, 0x00000000e3470000)
  from space 6656K,  78% used [0x00000000e3af0000, 0x00000000e400d650, 0x00000000e4170000)
  to   space 6656K,   0% used [0x00000000e3470000, 0x00000000e3470000, 0x00000000e3af0000)
 tenured generation   total 134000K, used 132018K [0x00000000eaaa0000, 0x00000000f2d7c000, 0x0000000100000000)
   the space 134000K,  98% used [0x00000000eaaa0000, 0x00000000f2b8cbd8, 0x00000000f2b8cc00, 0x00000000f2d7c000)
 Metaspace       used 21364K, capacity 21526K, committed 21760K, reserved 1069056K
  class space    used 2389K, capacity 2462K, committed 2560K, reserved 1048576K
Event: 63.110 GC heap after
Heap after GC invocations=132 (full 7):
 def new generation   total 60352K, used 3287K [0x00000000e0000000, 0x00000000e4170000, 0x00000000eaaa0000)
  eden space 53696K,   0% used [0x00000000e0000000, 0x00000000e0000000, 0x00000000e3470000)
  from space 6656K,  49% used [0x00000000e3470000, 0x00000000e37a5d30, 0x00000000e3af0000)
  to   space 6656K,   0% used [0x00000000e3af0000, 0x00000000e3af0000, 0x00000000e4170000)
 tenured generation   total 134000K, used 133717K [0x00000000eaaa0000, 0x00000000f2d7c000, 0x0000000100000000)
   the space 134000K,  99% used [0x00000000eaaa0000, 0x00000000f2d355a0, 0x00000000f2d35600, 0x00000000f2d7c000)
 Metaspace       used 21364K, capacity 21526K, committed 21760K, reserved 1069056K
  class space    used 2389K, capacity 2462K, committed 2560K, reserved 1048576K
}
Event: 63.662 GC heap before
{Heap before GC invocations=132 (full 7):
 def new generation   total 60352K, used 56983K [0x00000000e0000000, 0x00000000e4170000, 0x00000000eaaa0000)
  eden space 53696K, 100% used [0x00000000e0000000, 0x00000000e3470000, 0x00000000e3470000)
  from space 6656K,  49% used [0x00000000e3470000, 0x00000000e37a5d30, 0x00000000e3af0000)
  to   space 6656K,   0% used [0x00000000e3af0000, 0x00000000e3af0000, 0x00000000e4170000)
 tenured generation   total 134000K, used 133717K [0x00000000eaaa0000, 0x00000000f2d7c000, 0x0000000100000000)
   the space 134000K,  99% used [0x00000000eaaa0000, 0x00000000f2d355a0, 0x00000000f2d35600, 0x00000000f2d7c000)
 Metaspace       used 21394K, capacity 21526K, committed 21760K, reserved 1069056K
  class space    used 2389K, capacity 2462K, committed 2560K, reserved 1048576K
Event: 63.683 GC heap after
Heap after GC invocations=133 (full 7):
 def new generation   total 60352K, used 5371K [0x00000000e0000000, 0x00000000e4170000, 0x00000000eaaa0000)
  eden space 53696K,   0% used [0x00000000e0000000, 0x00000000e0000000, 0x00000000e3470000)
  from space 6656K,  80% used [0x00000000e3af0000, 0x00000000e402ece8, 0x00000000e4170000)
  to   space 6656K,   0% used [0x00000000e3470000, 0x00000000e3470000, 0x00000000e3af0000)
 tenured generation   total 134000K, used 133717K [0x00000000eaaa0000, 0x00000000f2d7c000, 0x0000000100000000)
   the space 134000K,  99% used [0x00000000eaaa0000, 0x00000000f2d355a0, 0x00000000f2d35600, 0x00000000f2d7c000)
 Metaspace       used 21394K, capacity 21526K, committed 21760K, reserved 1069056K
  class space    used 2389K, capacity 2462K, committed 2560K, reserved 1048576K
}
Event: 64.132 GC heap before
{Heap before GC invocations=133 (full 7):
 def new generation   total 60352K, used 59067K [0x00000000e0000000, 0x00000000e4170000, 0x00000000eaaa0000)
  eden space 53696K, 100% used [0x00000000e0000000, 0x00000000e3470000, 0x00000000e3470000)
  from space 6656K,  80% used [0x00000000e3af0000, 0x00000000e402ece8, 0x00000000e4170000)
  to   space 6656K,   0% used [0x00000000e3470000, 0x00000000e3470000, 0x00000000e3af0000)
 tenured generation   total 134000K, used 133717K [0x00000000eaaa0000, 0x00000000f2d7c000, 0x0000000100000000)
   the space 134000K,  99% used [0x00000000eaaa0000, 0x00000000f2d355a0, 0x00000000f2d35600, 0x00000000f2d7c000)
 Metaspace       used 21406K, capacity 21526K, committed 21760K, reserved 1069056K
  class space    used 2389K, capacity 2462K, committed 2560K, reserved 1048576K

Deoptimization events (10 events):
Event: 62.971 Thread 0x00007fa17c00d800 Uncommon trap: reason=array_check action=maybe_recompile pc=0x00007fa16e9a8cac method=edu.umd.cs.findbugs.ba.Frame.getTopStackWords([Ljava/lang/Object;)V @ 56
Event: 62.990 Thread 0x00007fa17c00d800 Uncommon trap: reason=class_check action=maybe_recompile pc=0x00007fa16e9a9ce4 method=edu.umd.cs.findbugs.ba.AbstractFrameModelingVisitor.modelNormalInstruction(Lorg/apache/bcel/generic/Instruction;II)V @ 5
Event: 62.990 Thread 0x00007fa17c00d800 Uncommon trap: reason=class_check action=maybe_recompile pc=0x00007fa16e9a9ce4 method=edu.umd.cs.findbugs.ba.AbstractFrameModelingVisitor.modelNormalInstruction(Lorg/apache/bcel/generic/Instruction;II)V @ 5
Event: 62.990 Thread 0x00007fa17c00d800 Uncommon trap: reason=class_check action=maybe_recompile pc=0x00007fa16e9a9ce4 method=edu.umd.cs.findbugs.ba.AbstractFrameModelingVisitor.modelNormalInstruction(Lorg/apache/bcel/generic/Instruction;II)V @ 5
Event: 62.990 Thread 0x00007fa17c00d800 Uncommon trap: reason=class_check action=maybe_recompile pc=0x00007fa16e9a9ce4 method=edu.umd.cs.findbugs.ba.AbstractFrameModelingVisitor.modelNormalInstruction(Lorg/apache/bcel/generic/Instruction;II)V @ 5
Event: 63.022 Thread 0x00007fa17c00d800 Uncommon trap: reason=predicate action=maybe_recompile pc=0x00007fa16d7e89d4 method=org.objectweb.asm.ClassReader.readField(Lorg/objectweb/asm/ClassVisitor;Lorg/objectweb/asm/Context;I)I @ 377
Event: 63.022 Thread 0x00007fa17c00d800 Uncommon trap: reason=bimorphic action=maybe_recompile pc=0x00007fa16d737fd4 method=org.objectweb.asm.ClassReader.readMethod(Lorg/objectweb/asm/ClassVisitor;Lorg/objectweb/asm/Context;I)I @ 804
Event: 63.274 Thread 0x00007fa17c00d800 Uncommon trap: reason=unstable_if action=reinterpret pc=0x00007fa16d5a6344 method=java.util.HashMap.resize()[Ljava/util/HashMap$Node; @ 206
Event: 63.415 Thread 0x00007fa17c00d800 Uncommon trap: reason=bimorphic action=maybe_recompile pc=0x00007fa16d1e14ec method=edu.umd.cs.findbugs.ba.ch.Subtypes2.isSubtype(Lorg/apache/bcel/generic/ReferenceType;Lorg/apache/bcel/generic/ReferenceType;)Z @ 2
Event: 63.431 Thread 0x00007fa17c00d800 Uncommon trap: reason=class_check action=maybe_recompile pc=0x00007fa16e7ca5dc method=java.util.HashSet.clear()V @ 4

Classes redefined (0 events):
No events

Internal exceptions (10 events):
Event: 17.674 Thread 0x00007fa17c623800 Exception <a 'java/security/PrivilegedActionException'> (0x00000000e1a91dc8) thrown at [/HUDSON/workspace/8-2-build-linux-amd64/jdk8u171/10807/hotspot/src/share/vm/prims/jvm.cpp, line 1435]
Event: 20.379 Thread 0x00007fa17c00d800 Implicit null exception at 0x00007fa16d851a0e to 0x00007fa16d851c8d
Event: 20.653 Thread 0x00007fa17c00d800 Implicit null exception at 0x00007fa16d8decf7 to 0x00007fa16d8df0d7
Event: 21.645 Thread 0x00007fa17c00d800 Implicit null exception at 0x00007fa16d9407a0 to 0x00007fa16d9459d1
Event: 22.375 Thread 0x00007fa17c00d800 Implicit null exception at 0x00007fa16d984013 to 0x00007fa16d98433b
Event: 30.441 Thread 0x00007fa17c00d800 Implicit null exception at 0x00007fa16d9af705 to 0x00007fa16d9af759
Event: 31.108 Thread 0x00007fa17c00d800 Implicit null exception at 0x00007fa16dc067ab to 0x00007fa16dc10b91
Event: 36.433 Thread 0x00007fa154039800 Implicit null exception at 0x00007fa16d4cd55f to 0x00007fa16d4cda2d
Event: 40.703 Thread 0x00007fa17c00d800 Implicit null exception at 0x00007fa16da20220 to 0x00007fa16da2a975
Event: 42.662 Thread 0x00007fa17c00d800 Implicit null exception at 0x00007fa16d897f0f to 0x00007fa16d89856d

Events (10 events):
Event: 63.827 Thread 0x00007fa17c00d800 DEOPT UNPACKING pc=0x00007fa16d047784 sp=0x00007fa184f6d3e8 mode 0
Event: 63.842 Thread 0x00007fa17c00d800 DEOPT PACKING pc=0x00007fa16d7a2c01 sp=0x00007fa184f6d6e0
Event: 63.842 Thread 0x00007fa17c00d800 DEOPT UNPACKING pc=0x00007fa16d047784 sp=0x00007fa184f6d3e8 mode 0
Event: 63.842 Thread 0x00007fa17c00d800 DEOPT PACKING pc=0x00007fa16d7a2c01 sp=0x00007fa184f6d6e0
Event: 63.842 Thread 0x00007fa17c00d800 DEOPT UNPACKING pc=0x00007fa16d047784 sp=0x00007fa184f6d3e8 mode 0
Event: 63.849 Thread 0x00007fa17c00d800 DEOPT PACKING pc=0x00007fa16d7a2c01 sp=0x00007fa184f6d730
Event: 63.849 Thread 0x00007fa17c00d800 DEOPT UNPACKING pc=0x00007fa16d047784 sp=0x00007fa184f6d438 mode 0
Event: 64.022 Thread 0x00007fa17c00d800 DEOPT PACKING pc=0x00007fa16e20f7e2 sp=0x00007fa184f6dab0
Event: 64.022 Thread 0x00007fa17c00d800 DEOPT UNPACKING pc=0x00007fa16d047784 sp=0x00007fa184f6d898 mode 0
Event: 64.132 Executing VM operation: GenCollectForAllocation


Dynamic libraries:
00400000-00401000 r-xp 00000000 08:01 3285936                            /usr/java/jdk1.8.0_171/jre/bin/java
00600000-00601000 rw-p 00000000 08:01 3285936                            /usr/java/jdk1.8.0_171/jre/bin/java
012b7000-012d8000 rw-p 00000000 00:00 0                                  [heap]
e0000000-e4170000 rw-p 00000000 00:00 0 
e4170000-eaaa0000 ---p 00000000 00:00 0 
eaaa0000-f2e9c000 rw-p 00000000 00:00 0 
f5418000-100000000 ---p 00000000 00:00 0 
100000000-100280000 rw-p 00000000 00:00 0 
100280000-140000000 ---p 00000000 00:00 0 
7fa14ed57000-7fa14ee17000 rw-p 00000000 00:00 0 
7fa14ee17000-7fa14ef57000 ---p 00000000 00:00 0 
7fa14ef57000-7fa14f157000 rw-p 00000000 00:00 0 
7fa14f157000-7fa14f15c000 r--s 0009d000 08:01 3287760                    /usr/java/jdk1.8.0_171/jre/lib/jsse.jar
7fa14f15c000-7fa14f35c000 rw-p 00000000 00:00 0 
7fa14f35c000-7fa14f35f000 ---p 00000000 00:00 0 
7fa14f35f000-7fa14f65d000 rw-p 00000000 00:00 0 
7fa14f65d000-7fa14f663000 r--s 00045000 08:01 5639783                    /home/zjm/.m2/repository/commons-httpclient/commons-httpclient/3.1/commons-httpclient-3.1.jar
7fa14f663000-7fa14f666000 r--s 00009000 08:01 5767336                    /home/zjm/.m2/repository/com/fasterxml/jackson/core/jackson-annotations/2.6.6/jackson-annotations-2.6.6.jar
7fa14f666000-7fa14f66c000 r--s 00033000 08:01 5767346                    /home/zjm/.m2/repository/org/apache/curator/curator-recipes/2.1.0-incubating/curator-recipes-2.1.0-incubating.jar
7fa14f66c000-7fa14f66f000 r--s 00007000 08:01 5636850                    /home/zjm/.m2/repository/com/google/code/findbugs/annotations/3.0.1/annotations-3.0.1.jar
7fa14f66f000-7fa14f680000 r--s 0010d000 08:01 5767334                    /home/zjm/.m2/repository/com/fasterxml/jackson/core/jackson-databind/2.6.6/jackson-databind-2.6.6.jar
7fa14f680000-7fa14f685000 r--s 00024000 08:01 5767345                    /home/zjm/.m2/repository/org/apache/curator/curator-framework/2.1.0-incubating/curator-framework-2.1.0-incubating.jar
7fa14f685000-7fa14f689000 r--s 0003e000 08:01 5767356                    /home/zjm/.m2/repository/jline/jline/2.14.2/jline-2.14.2.jar
7fa14f689000-7fa14f68c000 r--s 0000d000 08:01 5376593                    /home/zjm/.m2/repository/org/apache/curator/curator-client/2.1.0-incubating/curator-client-2.1.0-incubating.jar
7fa14f68c000-7fa14f6b5000 r--s 001ee000 08:01 5636867                    /home/zjm/.m2/repository/com/google/guava/guava/14.0.1/guava-14.0.1.jar
7fa14f6b5000-7fa14f6b7000 r--s 00004000 08:01 5767330                    /home/zjm/.m2/repository/io/dropwizard/metrics/metrics-graphite/3.1.2/metrics-graphite-3.1.2.jar
7fa14f6b7000-7fa14f6be000 r--s 0003f000 08:01 5767324                    /home/zjm/.m2/repository/commons-codec/commons-codec/1.10/commons-codec-1.10.jar
7fa14f6be000-7fa14f6ca000 r--s 000b6000 08:01 5767354                    /home/zjm/.m2/repository/org/apache/zookeeper/zookeeper/3.4.6/zookeeper-3.4.6.jar
7fa14f6ca000-7fa14f6cd000 r--s 0001d000 08:01 5767360                    /home/zjm/.m2/repository/org/reflections/reflections/0.9.10/reflections-0.9.10.jar
7fa14f6cd000-7fa14f6da000 r--s 000aa000 08:01 5767351                    /home/zjm/.m2/repository/org/apache/httpcomponents/httpclient/4.5.3/httpclient-4.5.3.jar
7fa14f6da000-7fa14f6f1000 r-xp 00000000 08:01 4854413                    /lib/x86_64-linux-gnu/libresolv-2.23.so
7fa14f6f1000-7fa14f8f1000 ---p 00017000 08:01 4854413                    /lib/x86_64-linux-gnu/libresolv-2.23.so
7fa14f8f1000-7fa14f8f2000 r--p 00017000 08:01 4854413                    /lib/x86_64-linux-gnu/libresolv-2.23.so
7fa14f8f2000-7fa14f8f3000 rw-p 00018000 08:01 4854413                    /lib/x86_64-linux-gnu/libresolv-2.23.so
7fa14f8f3000-7fa14f8f5000 rw-p 00000000 00:00 0 
7fa14f8f5000-7fa14f8fa000 r-xp 00000000 08:01 4854358                    /lib/x86_64-linux-gnu/libnss_dns-2.23.so
7fa14f8fa000-7fa14fafa000 ---p 00005000 08:01 4854358                    /lib/x86_64-linux-gnu/libnss_dns-2.23.so
7fa14fafa000-7fa14fafb000 r--p 00005000 08:01 4854358                    /lib/x86_64-linux-gnu/libnss_dns-2.23.so
7fa14fafb000-7fa14fafc000 rw-p 00006000 08:01 4854358                    /lib/x86_64-linux-gnu/libnss_dns-2.23.so
7fa14fafc000-7fa14fafe000 r-xp 00000000 08:01 4854366                    /lib/x86_64-linux-gnu/libnss_mdns4_minimal.so.2
7fa14fafe000-7fa14fcfd000 ---p 00002000 08:01 4854366                    /lib/x86_64-linux-gnu/libnss_mdns4_minimal.so.2
7fa14fcfd000-7fa14fcfe000 r--p 00001000 08:01 4854366                    /lib/x86_64-linux-gnu/libnss_mdns4_minimal.so.2
7fa14fcfe000-7fa14fcff000 rw-p 00002000 08:01 4854366                    /lib/x86_64-linux-gnu/libnss_mdns4_minimal.so.2
7fa14fcff000-7fa150000000 rw-p 00000000 00:00 0 
7fa150000000-7fa151865000 rw-p 00000000 00:00 0 
7fa151865000-7fa154000000 ---p 00000000 00:00 0 
7fa154000000-7fa1540bf000 rw-p 00000000 00:00 0 
7fa1540bf000-7fa158000000 ---p 00000000 00:00 0 
7fa158000000-7fa158021000 rw-p 00000000 00:00 0 
7fa158021000-7fa15c000000 ---p 00000000 00:00 0 
7fa15c000000-7fa15e446000 rw-p 00000000 00:00 0 
7fa15e446000-7fa160000000 ---p 00000000 00:00 0 
7fa160000000-7fa160021000 rw-p 00000000 00:00 0 
7fa160021000-7fa164000000 ---p 00000000 00:00 0 
7fa164000000-7fa164021000 rw-p 00000000 00:00 0 
7fa164021000-7fa168000000 ---p 00000000 00:00 0 
7fa168000000-7fa1682de000 rw-p 00000000 00:00 0 
7fa1682de000-7fa16c000000 ---p 00000000 00:00 0 
7fa16c000000-7fa16c006000 r--s 00034000 08:01 5767348                    /home/zjm/.m2/repository/org/apache/thrift/libthrift/0.9.3/libthrift-0.9.3.jar
7fa16c006000-7fa16c009000 r--s 00006000 08:01 5638677                    /home/zjm/.m2/repository/com/google/code/findbugs/jsr305/1.3.9/jsr305-1.3.9.jar
7fa16c009000-7fa16c00b000 r--s 00005000 08:01 5636858                    /home/zjm/.m2/repository/org/slf4j/slf4j-api/1.7.2/slf4j-api-1.7.2.jar
7fa16c00b000-7fa16c00d000 r--s 00001000 08:01 5636860                    /home/zjm/.m2/repository/org/slf4j/slf4j-log4j12/1.7.2/slf4j-log4j12-1.7.2.jar
7fa16c00d000-7fa16c011000 r--s 0003c000 08:01 5767339                    /home/zjm/.m2/repository/com/fasterxml/jackson/core/jackson-core/2.6.6/jackson-core-2.6.6.jar
7fa16c011000-7fa16c012000 r--s 0000c000 08:01 5639781                    /home/zjm/.m2/repository/commons-cli/commons-cli/1.3.1/commons-cli-1.3.1.jar
7fa16c012000-7fa16c039000 r--s 00206000 08:01 5767343                    /home/zjm/.m2/repository/io/netty/netty-all/4.0.53.Final/netty-all-4.0.53.Final.jar
7fa16c039000-7fa16c041000 r--s 00048000 08:01 5767352                    /home/zjm/.m2/repository/org/apache/httpcomponents/httpcore/4.4.6/httpcore-4.4.6.jar
7fa16c041000-7fa16c045000 r--s 0002a000 08:01 5767326                    /home/zjm/.m2/repository/commons-io/commons-io/2.4/commons-io-2.4.jar
7fa16c045000-7fa16c047000 r--s 0000d000 08:01 5638726                    /home/zjm/.m2/repository/commons-logging/commons-logging/1.1.1/commons-logging-1.1.1.jar
7fa16c047000-7fa16c048000 r--s 00003000 08:01 5767332                    /home/zjm/.m2/repository/io/dropwizard/metrics/metrics-json/3.1.2/metrics-json-3.1.2.jar
7fa16c048000-7fa16c056000 r--s 000f2000 08:01 5245245                    /home/zjm/alluxio/core/protobuf/target/alluxio-core-protobuf-1.8.0-SNAPSHOT.jar
7fa16c056000-7fa16c058000 r--s 00008000 08:01 5767342                    /home/zjm/.m2/repository/io/dropwizard/metrics/metrics-jvm/3.1.2/metrics-jvm-3.1.2.jar
7fa16c058000-7fa16c060000 r--s 0007b000 08:01 5639300                    /home/zjm/.m2/repository/com/google/protobuf/protobuf-java/2.5.0/protobuf-java-2.5.0.jar
7fa16c060000-7fa16c069000 r--s 0006f000 08:01 5636856                    /home/zjm/.m2/repository/log4j/log4j/1.2.17/log4j-1.2.17.jar
7fa16c069000-7fa16c06d000 r--s 00018000 08:01 5767328                    /home/zjm/.m2/repository/io/dropwizard/metrics/metrics-core/3.1.2/metrics-core-3.1.2.jar
7fa16c06d000-7fa16c085000 r--s 00110000 08:01 5767358                    /home/zjm/.m2/repository/io/netty/netty/3.7.0.Final/netty-3.7.0.Final.jar
7fa16c085000-7fa16c08e000 r--s 000ae000 08:01 5767362                    /home/zjm/.m2/repository/org/javassist/javassist/3.19.0-GA/javassist-3.19.0-GA.jar
7fa16c08e000-7fa16c095000 r--s 00064000 08:01 5638320                    /home/zjm/.m2/repository/org/apache/commons/commons-lang3/3.4/commons-lang3-3.4.jar
7fa16c095000-7fa16c098000 ---p 00000000 00:00 0 
7fa16c098000-7fa16c196000 rw-p 00000000 00:00 0 
7fa16c196000-7fa16c1ac000 r-xp 00000000 08:01 3287919                    /usr/java/jdk1.8.0_171/jre/lib/amd64/libnet.so
7fa16c1ac000-7fa16c3ac000 ---p 00016000 08:01 3287919                    /usr/java/jdk1.8.0_171/jre/lib/amd64/libnet.so
7fa16c3ac000-7fa16c3ad000 rw-p 00016000 08:01 3287919                    /usr/java/jdk1.8.0_171/jre/lib/amd64/libnet.so
7fa16c3ad000-7fa16c5ad000 rw-p 00000000 00:00 0 
7fa16c5ad000-7fa16c5b0000 ---p 00000000 00:00 0 
7fa16c5b0000-7fa16c6ae000 rw-p 00000000 00:00 0 
7fa16c6ae000-7fa16c6b1000 ---p 00000000 00:00 0 
7fa16c6b1000-7fa16c7af000 rw-p 00000000 00:00 0 
7fa16c7af000-7fa16c7b8000 r-xp 00000000 08:01 3287927                    /usr/java/jdk1.8.0_171/jre/lib/amd64/libmanagement.so
7fa16c7b8000-7fa16c9b7000 ---p 00009000 08:01 3287927                    /usr/java/jdk1.8.0_171/jre/lib/amd64/libmanagement.so
7fa16c9b7000-7fa16c9b8000 rw-p 00008000 08:01 3287927                    /usr/java/jdk1.8.0_171/jre/lib/amd64/libmanagement.so
7fa16c9b8000-7fa16cbb8000 rw-p 00000000 00:00 0 
7fa16cbb8000-7fa16cbba000 r--s 00001000 08:01 3287763                    /usr/java/jdk1.8.0_171/jre/lib/ext/dnsns.jar
7fa16cbba000-7fa16cbbc000 r--s 00009000 08:01 3287762                    /usr/java/jdk1.8.0_171/jre/lib/ext/sunec.jar
7fa16cbbc000-7fa16cbc6000 r--s 00116000 08:01 3287771                    /usr/java/jdk1.8.0_171/jre/lib/ext/localedata.jar
7fa16cbc6000-7fa16cbca000 r--s 0003a000 08:01 3287769                    /usr/java/jdk1.8.0_171/jre/lib/ext/sunpkcs11.jar
7fa16cbca000-7fa16cbcb000 r--s 00010000 08:01 3287768                    /usr/java/jdk1.8.0_171/jre/lib/ext/zipfs.jar
7fa16cbcb000-7fa16cbe6000 r--s 001d4000 08:01 3287767                    /usr/java/jdk1.8.0_171/jre/lib/ext/nashorn.jar
7fa16cbe6000-7fa16cbe7000 r--s 0000a000 08:01 3287766                    /usr/java/jdk1.8.0_171/jre/lib/ext/jaccess.jar
7fa16cbe7000-7fa16cc03000 r--s 00393000 08:01 3287764                    /usr/java/jdk1.8.0_171/jre/lib/ext/cldrdata.jar
7fa16cc03000-7fa16cc08000 r--s 0003f000 08:01 3287772                    /usr/java/jdk1.8.0_171/jre/lib/ext/sunjce_provider.jar
7fa16cc08000-7fa16cc9d000 r--s 0110b000 08:01 3287765                    /usr/java/jdk1.8.0_171/jre/lib/ext/jfxrt.jar
7fa16cc9d000-7fa16cca2000 r--s 00084000 08:01 3285959                    /usr/java/jdk1.8.0_171/jre/lib/jfr.jar
7fa16cca2000-7fa16cca7000 r--s 002f9000 08:01 3286402                    /usr/java/jdk1.8.0_171/jre/lib/charsets.jar
7fa16cca7000-7fa16ccaa000 r--s 0001a000 08:01 3287935                    /usr/java/jdk1.8.0_171/jre/lib/jce.jar
7fa16ccaa000-7fa16ccaf000 r--s 0009d000 08:01 3287760                    /usr/java/jdk1.8.0_171/jre/lib/jsse.jar
7fa16ccaf000-7fa16ccc2000 r--s 00345000 08:01 3287031                    /usr/java/jdk1.8.0_171/jre/lib/resources.jar
7fa16ccc2000-7fa16ccc4000 r--s 00001000 08:01 5639217                    /home/zjm/.m2/repository/org/sonatype/plexus/plexus-build-api/0.0.7/plexus-build-api-0.0.7.jar
7fa16ccc4000-7fa16ccc9000 r--s 00039000 08:01 5638701                    /home/zjm/.m2/repository/org/codehaus/plexus/plexus-utils/1.5.6/plexus-utils-1.5.6.jar
7fa16ccc9000-7fa16cccb000 r--s 00004000 08:01 5639214                    /home/zjm/.m2/repository/org/codehaus/plexus/plexus-resources/1.0-alpha-7/plexus-resources-1.0-alpha-7.jar
7fa16cccb000-7fa16cccd000 r--s 00008000 08:01 5639213                    /home/zjm/.m2/repository/classworlds/classworlds/1.1-alpha-2/classworlds-1.1-alpha-2.jar
7fa16cccd000-7fa16ccd4000 r--s 00029000 08:01 5639210                    /home/zjm/.m2/repository/org/codehaus/plexus/plexus-container-default/1.0-alpha-9/plexus-container-default-1.0-alpha-9.jar
7fa16ccd4000-7fa16ccd7000 r--s 00013000 08:01 5639209                    /home/zjm/.m2/repository/org/apache/maven/maven-model/2.0.6/maven-model-2.0.6.jar
7fa16ccd7000-7fa16ccd8000 r--s 00005000 08:01 5639206                    /home/zjm/.m2/repository/org/apache/maven/maven-repository-metadata/2.0.6/maven-repository-metadata-2.0.6.jar
7fa16ccd8000-7fa16ccda000 r--s 0000c000 08:01 5639205                    /home/zjm/.m2/repository/org/apache/maven/maven-artifact-manager/2.0.6/maven-artifact-manager-2.0.6.jar
7fa16ccda000-7fa16ccdd000 r--s 00018000 08:01 5638322                    /home/zjm/.m2/repository/commons-io/commons-io/1.4/commons-io-1.4.jar
7fa16ccdd000-7fa16ccdf000 r--s 00009000 08:01 5639202                    /home/zjm/.m2/repository/org/apache/maven/shared/maven-doxia-tools/1.2.1/maven-doxia-tools-1.2.1.jar
7fa16ccdf000-7fa16cced000 r--s 0007f000 08:01 5638347                    /home/zjm/.m2/repository/commons-collections/commons-collections/3.2.1/commons-collections-3.2.1.jar
7fa16cced000-7fa16ccf0000 r--s 0001b000 08:01 5638317                    /home/zjm/.m2/repository/org/apache/struts/struts-tiles/1.3.8/struts-tiles-1.3.8.jar
7fa16ccf0000-7fa16ccf5000 r--s 00039000 08:01 5638316                    /home/zjm/.m2/repository/org/apache/struts/struts-taglib/1.3.8/struts-taglib-1.3.8.jar
7fa16ccf5000-7fa16ccfa000 r--s 00053000 08:01 5639201                    /home/zjm/.m2/repository/antlr/antlr/2.7.2/antlr-2.7.2.jar
7fa16ccfa000-7fa16cd00000 r--s 0004b000 08:01 5376564                    /home/zjm/.m2/repository/org/apache/struts/struts-core/1.3.8/struts-core-1.3.8.jar
7fa16cd00000-7fa16cd02000 r--s 00005000 08:01 5638313                    /home/zjm/.m2/repository/sslext/sslext/1.2-0/sslext-1.2-0.jar
7fa16cd02000-7fa16cd04000 r--s 00014000 08:01 5638310                    /home/zjm/.m2/repository/commons-chain/commons-chain/1.1/commons-chain-1.1.jar
7fa16cd04000-7fa16cd0a000 r--s 0004f000 08:01 5509340                    /home/zjm/.m2/repository/org/apache/velocity/velocity-tools/2.0/velocity-tools-2.0.jar
7fa16cd0a000-7fa16cd12000 r--s 00058000 08:01 5638341                    /home/zjm/.m2/repository/org/apache/velocity/velocity/1.5/velocity-1.5.jar
7fa16cd12000-7fa16cd13000 r--s 00001000 08:01 5639198                    /home/zjm/.m2/repository/org/codehaus/plexus/plexus-velocity/1.1.7/plexus-velocity-1.1.7.jar
7fa16cd13000-7fa16cd14000 r--s 00002000 08:01 5638308                    /home/zjm/.m2/repository/org/codehaus/plexus/plexus-i18n/1.0-beta-7/plexus-i18n-1.0-beta-7.jar
7fa16cd14000-7fa16cd16000 r--s 00008000 08:01 5638306                    /home/zjm/.m2/repository/org/apache/maven/doxia/doxia-module-fml/1.4/doxia-module-fml-1.4.jar
7fa16cd16000-7fa16cd17000 r--s 00003000 08:01 5638304                    /home/zjm/.m2/repository/org/apache/maven/doxia/doxia-module-xhtml/1.4/doxia-module-xhtml-1.4.jar
7fa16cd17000-7fa16cd19000 r--s 0000b000 08:01 5638301                    /home/zjm/.m2/repository/org/apache/maven/doxia/doxia-site-renderer/1.4/doxia-site-renderer-1.4.jar
7fa16cd19000-7fa16cd1a000 r--s 0000e000 08:01 5638300                    /home/zjm/.m2/repository/org/apache/maven/doxia/doxia-decoration-model/1.4/doxia-decoration-model-1.4.jar
7fa16cd1a000-7fa16cd1b000 r--s 00002000 08:01 5638295                    /home/zjm/.m2/repository/org/apache/maven/doxia/doxia-sink-api/1.4/doxia-sink-api-1.4.jar
7fa16cd1b000-7fa16cd20000 r--s 00026000 08:01 5638286                    /home/zjm/.m2/repository/org/apache/httpcomponents/httpcore/4.0.1/httpcore-4.0.1.jar
7fa16cd20000-7fa16cd22000 r--s 0000a000 08:01 5638287                    /home/zjm/.m2/repository/commons-codec/commons-codec/1.3/commons-codec-1.3.jar
7fa16cd22000-7fa16cd29000 r--s 00041000 08:01 5638283                    /home/zjm/.m2/repository/org/apache/httpcomponents/httpclient/4.0.2/httpclient-4.0.2.jar
7fa16cd29000-7fa16cd41000 r--s 00115000 08:01 5638281                    /home/zjm/.m2/repository/xerces/xercesImpl/2.9.1/xercesImpl-2.9.1.jar
7fa16cd41000-7fa16cd43000 r--s 00000000 08:01 5637517                    /home/zjm/.m2/repository/org/codehaus/plexus/plexus-component-annotations/1.5.5/plexus-component-annotations-1.5.5.jar
7fa16cd43000-7fa16cd44000 r--s 00002000 08:01 5638299                    /home/zjm/.m2/repository/org/apache/maven/doxia/doxia-logging-api/1.4/doxia-logging-api-1.4.jar
7fa16cd44000-7fa16cd48000 r--s 00025000 08:01 5639197                    /home/zjm/.m2/repository/org/apache/maven/doxia/doxia-core/1.4/doxia-core-1.4.jar
7fa16cd48000-7fa16cd4b000 r--s 00011000 08:01 5637448                    /home/zjm/.m2/repository/org/apache/maven/maven-artifact/2.2.1/maven-artifact-2.2.1.jar
7fa16cd4b000-7fa16cd4d000 r--s 00008000 08:01 5637494                    /home/zjm/.m2/repository/org/apache/maven/maven-plugin-descriptor/2.2.1/maven-plugin-descriptor-2.2.1.jar
7fa16cd4d000-7fa16cd4e000 r--s 00002000 08:01 5639194                    /home/zjm/.m2/repository/org/apache/maven/maven-plugin-api/2.0/maven-plugin-api-2.0.jar
7fa16cd4e000-7fa16cd50000 r--s 0000e000 08:01 5638345                    /home/zjm/.m2/repository/oro/oro/2.0.8/oro-2.0.8.jar
7fa16cd50000-7fa16cd52000 r--s 00008000 08:01 5638294                    /home/zjm/.m2/repository/commons-logging/commons-logging/1.0.4/commons-logging-1.0.4.jar
7fa16cd52000-7fa16cd56000 r--s 00026000 08:01 5638291                    /home/zjm/.m2/repository/commons-digester/commons-digester/1.6/commons-digester-1.6.jar
7fa16cd56000-7fa16cd5b000 r--s 0002a000 08:01 5639192                    /home/zjm/.m2/repository/commons-beanutils/commons-beanutils/1.7.0/commons-beanutils-1.7.0.jar
7fa16cd5b000-7fa16cd5e000 r--s 00014000 08:01 5639190                    /home/zjm/.m2/repository/commons-validator/commons-validator/1.2.0/commons-validator-1.2.0.jar
7fa16cd5e000-7fa16cd60000 r--s 00007000 08:01 5638702                    /home/zjm/.m2/repository/org/codehaus/plexus/plexus-interpolation/1.1/plexus-interpolation-1.1.jar
7fa16cd60000-7fa16cd62000 r--s 00006000 08:01 5639188                    /home/zjm/.m2/repository/org/apache/maven/maven-plugin-registry/2.0.10/maven-plugin-registry-2.0.10.jar
7fa16cd62000-7fa16cd64000 r--s 00008000 08:01 5639186                    /home/zjm/.m2/repository/org/apache/maven/maven-profile/2.0.10/maven-profile-2.0.10.jar
7fa16cd64000-7fa16cd66000 r--s 0000b000 08:01 5639184                    /home/zjm/.m2/repository/org/apache/maven/maven-settings/2.0.10/maven-settings-2.0.10.jar
7fa16cd66000-7fa16cd69000 r--s 0001c000 08:01 5639182                    /home/zjm/.m2/repository/org/apache/maven/maven-project/2.0.10/maven-project-2.0.10.jar
7fa16cd69000-7fa16cd6b000 r--s 00003000 08:01 5639180                    /home/zjm/.m2/repository/org/apache/maven/reporting/maven-reporting-impl/2.1/maven-reporting-impl-2.1.jar
7fa16cd6b000-7fa16cdda000 r--s 00637000 08:01 5639179                    /home/zjm/.m2/repository/org/codehaus/groovy/groovy-all/2.4.3/groovy-all-2.4.3.jar
7fa16cdda000-7fa16cdf8000 r--s 001cf000 08:01 5376574                    /home/zjm/.m2/repository/org/apache/ant/ant/1.9.4/ant-1.9.4.jar
7fa16cdf8000-7fa16cdfe000 r--s 00033000 08:01 5639174                    /home/zjm/.m2/repository/jaxen/jaxen/1.1.6/jaxen-1.1.6.jar
7fa16cdfe000-7fa16cdff000 ---p 00000000 00:00 0 
7fa16cdff000-7fa16ceff000 rw-p 00000000 00:00 0 
7fa16ceff000-7fa16cf02000 ---p 00000000 00:00 0 
7fa16cf02000-7fa16d000000 rw-p 00000000 00:00 0 
7fa16d000000-7fa16e9e0000 rwxp 00000000 00:00 0 
7fa16e9e0000-7fa17c000000 ---p 00000000 00:00 0 
7fa17c000000-7fa17cd6e000 rw-p 00000000 00:00 0 
7fa17cd6e000-7fa180000000 ---p 00000000 00:00 0 
7fa180000000-7fa180001000 r--s 00002000 08:01 5638269                    /home/zjm/.m2/repository/org/apache/maven/reporting/maven-reporting-api/3.0/maven-reporting-api-3.0.jar
7fa180001000-7fa180002000 r--s 00004000 08:01 5639176                    /home/zjm/.m2/repository/org/apache/ant/ant-launcher/1.9.4/ant-launcher-1.9.4.jar
7fa180002000-7fa180003000 r--s 00002000 08:01 5639173                    /home/zjm/.m2/repository/com/apple/AppleJavaExtensions/1.4/AppleJavaExtensions-1.4.jar
7fa180003000-7fa180008000 r--s 00041000 08:01 5639171                    /home/zjm/.m2/repository/commons-lang/commons-lang/2.6/commons-lang-2.6.jar
7fa180008000-7fa18000d000 r--s 00058000 08:01 5639162                    /home/zjm/.m2/repository/org/ow2/asm/asm-debug-all/5.0.2/asm-debug-all-5.0.2.jar
7fa18000d000-7fa180012000 r--s 00016000 08:01 5639160                    /home/zjm/.m2/repository/xml-apis/xml-apis/1.0.b2/xml-apis-1.0.b2.jar
7fa180012000-7fa180017000 r--s 00048000 08:01 5639156                    /home/zjm/.m2/repository/dom4j/dom4j/1.6.1/dom4j-1.6.1.jar
7fa180017000-7fa180046000 r--s 00371000 08:01 5639158                    /home/zjm/.m2/repository/com/google/code/findbugs/findbugs/3.0.1/findbugs-3.0.1.jar
7fa180046000-7fa180049000 ---p 00000000 00:00 0 
7fa180049000-7fa180147000 rw-p 00000000 00:00 0 
7fa180147000-7fa18014a000 ---p 00000000 00:00 0 
7fa18014a000-7fa180248000 rw-p 00000000 00:00 0 
7fa180248000-7fa18024b000 ---p 00000000 00:00 0 
7fa18024b000-7fa180349000 rw-p 00000000 00:00 0 
7fa180349000-7fa180d08000 r--p 00000000 08:01 2759926                    /usr/lib/locale/locale-archive
7fa180d08000-7fa180d0b000 ---p 00000000 00:00 0 
7fa180d0b000-7fa180e09000 rw-p 00000000 00:00 0 
7fa180e09000-7fa180e0c000 ---p 00000000 00:00 0 
7fa180e0c000-7fa180f0a000 rw-p 00000000 00:00 0 
7fa180f0a000-7fa180f0b000 ---p 00000000 00:00 0 
7fa180f0b000-7fa18105a000 rw-p 00000000 00:00 0 
7fa18105a000-7fa181234000 r--s 03d68000 08:01 3286535                    /usr/java/jdk1.8.0_171/jre/lib/rt.jar
7fa181234000-7fa181b05000 rw-p 00000000 00:00 0 
7fa181b05000-7fa181b26000 rw-p 00000000 00:00 0 
7fa181b26000-7fa181b5a000 ---p 00000000 00:00 0 
7fa181b5a000-7fa181b9d000 rw-p 00000000 00:00 0 
7fa181b9d000-7fa181c05000 ---p 00000000 00:00 0 
7fa181c05000-7fa181c6e000 rw-p 00000000 00:00 0 
7fa181c6e000-7fa181fc6000 ---p 00000000 00:00 0 
7fa181fc6000-7fa181fe1000 r-xp 00000000 08:01 3287915                    /usr/java/jdk1.8.0_171/jre/lib/amd64/libzip.so
7fa181fe1000-7fa1821e1000 ---p 0001b000 08:01 3287915                    /usr/java/jdk1.8.0_171/jre/lib/amd64/libzip.so
7fa1821e1000-7fa1821e2000 rw-p 0001b000 08:01 3287915                    /usr/java/jdk1.8.0_171/jre/lib/amd64/libzip.so
7fa1821e2000-7fa1821ed000 r-xp 00000000 08:01 4854360                    /lib/x86_64-linux-gnu/libnss_files-2.23.so
7fa1821ed000-7fa1823ec000 ---p 0000b000 08:01 4854360                    /lib/x86_64-linux-gnu/libnss_files-2.23.so
7fa1823ec000-7fa1823ed000 r--p 0000a000 08:01 4854360                    /lib/x86_64-linux-gnu/libnss_files-2.23.so
7fa1823ed000-7fa1823ee000 rw-p 0000b000 08:01 4854360                    /lib/x86_64-linux-gnu/libnss_files-2.23.so
7fa1823ee000-7fa1823f4000 rw-p 00000000 00:00 0 
7fa1823f4000-7fa1823ff000 r-xp 00000000 08:01 4854370                    /lib/x86_64-linux-gnu/libnss_nis-2.23.so
7fa1823ff000-7fa1825fe000 ---p 0000b000 08:01 4854370                    /lib/x86_64-linux-gnu/libnss_nis-2.23.so
7fa1825fe000-7fa1825ff000 r--p 0000a000 08:01 4854370                    /lib/x86_64-linux-gnu/libnss_nis-2.23.so
7fa1825ff000-7fa182600000 rw-p 0000b000 08:01 4854370                    /lib/x86_64-linux-gnu/libnss_nis-2.23.so
7fa182600000-7fa182616000 r-xp 00000000 08:01 4854354                    /lib/x86_64-linux-gnu/libnsl-2.23.so
7fa182616000-7fa182815000 ---p 00016000 08:01 4854354                    /lib/x86_64-linux-gnu/libnsl-2.23.so
7fa182815000-7fa182816000 r--p 00015000 08:01 4854354                    /lib/x86_64-linux-gnu/libnsl-2.23.so
7fa182816000-7fa182817000 rw-p 00016000 08:01 4854354                    /lib/x86_64-linux-gnu/libnsl-2.23.so
7fa182817000-7fa182819000 rw-p 00000000 00:00 0 
7fa182819000-7fa182821000 r-xp 00000000 08:01 4854356                    /lib/x86_64-linux-gnu/libnss_compat-2.23.so
7fa182821000-7fa182a20000 ---p 00008000 08:01 4854356                    /lib/x86_64-linux-gnu/libnss_compat-2.23.so
7fa182a20000-7fa182a21000 r--p 00007000 08:01 4854356                    /lib/x86_64-linux-gnu/libnss_compat-2.23.so
7fa182a21000-7fa182a22000 rw-p 00008000 08:01 4854356                    /lib/x86_64-linux-gnu/libnss_compat-2.23.so
7fa182a22000-7fa182a4d000 r-xp 00000000 08:01 3287909                    /usr/java/jdk1.8.0_171/jre/lib/amd64/libjava.so
7fa182a4d000-7fa182c4c000 ---p 0002b000 08:01 3287909                    /usr/java/jdk1.8.0_171/jre/lib/amd64/libjava.so
7fa182c4c000-7fa182c4e000 rw-p 0002a000 08:01 3287909                    /usr/java/jdk1.8.0_171/jre/lib/amd64/libjava.so
7fa182c4e000-7fa182c5b000 r-xp 00000000 08:01 3287914                    /usr/java/jdk1.8.0_171/jre/lib/amd64/libverify.so
7fa182c5b000-7fa182e5b000 ---p 0000d000 08:01 3287914                    /usr/java/jdk1.8.0_171/jre/lib/amd64/libverify.so
7fa182e5b000-7fa182e5d000 rw-p 0000d000 08:01 3287914                    /usr/java/jdk1.8.0_171/jre/lib/amd64/libverify.so
7fa182e5d000-7fa182e64000 r-xp 00000000 08:01 4854415                    /lib/x86_64-linux-gnu/librt-2.23.so
7fa182e64000-7fa183063000 ---p 00007000 08:01 4854415                    /lib/x86_64-linux-gnu/librt-2.23.so
7fa183063000-7fa183064000 r--p 00006000 08:01 4854415                    /lib/x86_64-linux-gnu/librt-2.23.so
7fa183064000-7fa183065000 rw-p 00007000 08:01 4854415                    /lib/x86_64-linux-gnu/librt-2.23.so
7fa183065000-7fa18316d000 r-xp 00000000 08:01 4854331                    /lib/x86_64-linux-gnu/libm-2.23.so
7fa18316d000-7fa18336c000 ---p 00108000 08:01 4854331                    /lib/x86_64-linux-gnu/libm-2.23.so
7fa18336c000-7fa18336d000 r--p 00107000 08:01 4854331                    /lib/x86_64-linux-gnu/libm-2.23.so
7fa18336d000-7fa18336e000 rw-p 00108000 08:01 4854331                    /lib/x86_64-linux-gnu/libm-2.23.so
7fa18336e000-7fa184047000 r-xp 00000000 08:01 3287891                    /usr/java/jdk1.8.0_171/jre/lib/amd64/server/libjvm.so
7fa184047000-7fa184246000 ---p 00cd9000 08:01 3287891                    /usr/java/jdk1.8.0_171/jre/lib/amd64/server/libjvm.so
7fa184246000-7fa184320000 rw-p 00cd8000 08:01 3287891                    /usr/java/jdk1.8.0_171/jre/lib/amd64/server/libjvm.so
7fa184320000-7fa18436b000 rw-p 00000000 00:00 0 
7fa18436b000-7fa18452b000 r-xp 00000000 08:01 4854261                    /lib/x86_64-linux-gnu/libc-2.23.so
7fa18452b000-7fa18472a000 ---p 001c0000 08:01 4854261                    /lib/x86_64-linux-gnu/libc-2.23.so
7fa18472a000-7fa18472e000 r--p 001bf000 08:01 4854261                    /lib/x86_64-linux-gnu/libc-2.23.so
7fa18472e000-7fa184730000 rw-p 001c3000 08:01 4854261                    /lib/x86_64-linux-gnu/libc-2.23.so
7fa184730000-7fa184734000 rw-p 00000000 00:00 0 
7fa184734000-7fa184737000 r-xp 00000000 08:01 4854285                    /lib/x86_64-linux-gnu/libdl-2.23.so
7fa184737000-7fa184936000 ---p 00003000 08:01 4854285                    /lib/x86_64-linux-gnu/libdl-2.23.so
7fa184936000-7fa184937000 r--p 00002000 08:01 4854285                    /lib/x86_64-linux-gnu/libdl-2.23.so
7fa184937000-7fa184938000 rw-p 00003000 08:01 4854285                    /lib/x86_64-linux-gnu/libdl-2.23.so
7fa184938000-7fa18494e000 r-xp 00000000 08:01 3287886                    /usr/java/jdk1.8.0_171/jre/lib/amd64/jli/libjli.so
7fa18494e000-7fa184b4d000 ---p 00016000 08:01 3287886                    /usr/java/jdk1.8.0_171/jre/lib/amd64/jli/libjli.so
7fa184b4d000-7fa184b4e000 rw-p 00015000 08:01 3287886                    /usr/java/jdk1.8.0_171/jre/lib/amd64/jli/libjli.so
7fa184b4e000-7fa184b66000 r-xp 00000000 08:01 4854407                    /lib/x86_64-linux-gnu/libpthread-2.23.so
7fa184b66000-7fa184d65000 ---p 00018000 08:01 4854407                    /lib/x86_64-linux-gnu/libpthread-2.23.so
7fa184d65000-7fa184d66000 r--p 00017000 08:01 4854407                    /lib/x86_64-linux-gnu/libpthread-2.23.so
7fa184d66000-7fa184d67000 rw-p 00018000 08:01 4854407                    /lib/x86_64-linux-gnu/libpthread-2.23.so
7fa184d67000-7fa184d6b000 rw-p 00000000 00:00 0 
7fa184d6b000-7fa184d91000 r-xp 00000000 08:01 4854233                    /lib/x86_64-linux-gnu/ld-2.23.so
7fa184d91000-7fa184d92000 r--s 0000c000 08:01 5639169                    /home/zjm/.m2/repository/org/ow2/asm/asm/5.0.2/asm-5.0.2.jar
7fa184d92000-7fa184d9c000 r--s 0008c000 08:01 5639152                    /home/zjm/.m2/repository/com/google/code/findbugs/bcel-findbugs/6.0/bcel-findbugs-6.0.jar
7fa184d9c000-7fa184e06000 rw-p 00000000 00:00 0 
7fa184e06000-7fa184e6f000 ---p 00000000 00:00 0 
7fa184e6f000-7fa184e72000 ---p 00000000 00:00 0 
7fa184e72000-7fa184f74000 rw-p 00000000 00:00 0 
7fa184f74000-7fa184f76000 r--s 00006000 08:01 5639166                    /home/zjm/.m2/repository/org/ow2/asm/asm-tree/5.0.2/asm-tree-5.0.2.jar
7fa184f76000-7fa184f78000 r--s 00009000 08:01 5639165                    /home/zjm/.m2/repository/org/ow2/asm/asm-commons/5.0.2/asm-commons-5.0.2.jar
7fa184f78000-7fa184f7a000 r--s 00005000 08:01 5639154                    /home/zjm/.m2/repository/com/google/code/findbugs/jFormatString/2.0.1/jFormatString-2.0.1.jar
7fa184f7a000-7fa184f7c000 r--s 00006000 08:01 5638275                    /home/zjm/.m2/repository/com/google/code/findbugs/jsr305/2.0.1/jsr305-2.0.1.jar
7fa184f7c000-7fa184f7d000 r--s 00000000 08:01 5636852                    /home/zjm/.m2/repository/net/jcip/jcip-annotations/1.0/jcip-annotations-1.0.jar
7fa184f7d000-7fa184f80000 r--s 00020000 08:01 5636618                    /home/zjm/.m2/repository/org/codehaus/mojo/findbugs-maven-plugin/3.0.2/findbugs-maven-plugin-3.0.2.jar
7fa184f80000-7fa184f88000 rw-s 00000000 08:01 6029523                    /tmp/hsperfdata_zjm/9029
7fa184f88000-7fa184f89000 rw-p 00000000 00:00 0 
7fa184f89000-7fa184f8a000 ---p 00000000 00:00 0 
7fa184f8a000-7fa184f8c000 rw-p 00000000 00:00 0 
7fa184f8c000-7fa184f8e000 r--p 00000000 00:00 0                          [vvar]
7fa184f8e000-7fa184f90000 r-xp 00000000 00:00 0                          [vdso]
7fa184f90000-7fa184f91000 r--p 00025000 08:01 4854233                    /lib/x86_64-linux-gnu/ld-2.23.so
7fa184f91000-7fa184f92000 rw-p 00026000 08:01 4854233                    /lib/x86_64-linux-gnu/ld-2.23.so
7fa184f92000-7fa184f93000 rw-p 00000000 00:00 0 
7fff98918000-7fff9893b000 rw-p 00000000 00:00 0                          [stack]
ffffffffff600000-ffffffffff601000 r-xp 00000000 00:00 0                  [vsyscall]

VM Arguments:
jvm_args: -Xmx512m -Dfile.encoding=UTF-8 
java_command: edu.umd.cs.findbugs.FindBugs2 -xml:withMessages -auxclasspathFromInput -projectName Alluxio Core - Common Utilities -effort:max -low -nested:false -exclude /home/zjm/alluxio/core/common/target/findbugs-exclude.xml -output /home/zjm/alluxio/core/common/target/findbugsTemp.xml /home/zjm/alluxio/core/common/target/classes
java_class_path (initial): /home/zjm/.m2/repository/org/codehaus/mojo/findbugs-maven-plugin/3.0.2/findbugs-maven-plugin-3.0.2.jar:/home/zjm/.m2/repository/com/google/code/findbugs/findbugs/3.0.1/findbugs-3.0.1.jar:/home/zjm/.m2/repository/net/jcip/jcip-annotations/1.0/jcip-annotations-1.0.jar:/home/zjm/.m2/repository/com/google/code/findbugs/jsr305/2.0.1/jsr305-2.0.1.jar:/home/zjm/.m2/repository/com/google/code/findbugs/bcel-findbugs/6.0/bcel-findbugs-6.0.jar:/home/zjm/.m2/repository/com/google/code/findbugs/jFormatString/2.0.1/jFormatString-2.0.1.jar:/home/zjm/.m2/repository/dom4j/dom4j/1.6.1/dom4j-1.6.1.jar:/home/zjm/.m2/repository/xml-apis/xml-apis/1.0.b2/xml-apis-1.0.b2.jar:/home/zjm/.m2/repository/org/ow2/asm/asm-debug-all/5.0.2/asm-debug-all-5.0.2.jar:/home/zjm/.m2/repository/org/ow2/asm/asm-commons/5.0.2/asm-commons-5.0.2.jar:/home/zjm/.m2/repository/org/ow2/asm/asm-tree/5.0.2/asm-tree-5.0.2.jar:/home/zjm/.m2/repository/org/ow2/asm/asm/5.0.2/asm-5.0.2.jar:/home/zjm/.m2/repository/commons-lang/commons-lang/2.6/commons-lang-2.6.jar:/home/zjm/.m2/repository/com/apple/AppleJavaExtensions/1.4/AppleJavaExtensions-1.4.jar:/home/zjm/.m2/repository/jaxen/jaxen/1.1.6/jaxen-1.1.6.jar:/home/zjm/.m2/repository/org/apache/ant/ant/1.9.4/ant-1.9.4.jar:/home/zjm/.m2/repository/org/apache/ant/ant-launcher/1.9.4/ant-launcher-1.9.4.jar:/home/zjm/.m2/repository/org/codehaus/groovy/groovy-all/2.4.3/groovy-all-2.4.3.jar:/home/zjm/.m2/repository/org/apache/maven/reporting/maven-reporting-impl/2.1/maven-reporting-impl-2.1.jar:/home/zjm/.m2/repository/org/apache/maven/maven-project/2.0.10/maven-project-2.0.10.jar:/home/zjm/.m2/repository/org/apache/maven/maven-settings/2.0.10/maven-settings-2.0.10.jar:/home/zjm/.m2/repository/org/apache/maven/maven-profile/2.0.10/maven-profile-2.0.10.jar:/home/zjm/.m2/repository/org/apache/maven/maven-plugin-registry/2.0.10/maven-plugin-registry-2.0.10.jar:/home/zjm/.m2/repository/org/codehaus/plexus/plexus-interpolation/1.1/plexus-interpolation-1.1
Launcher Type: SUN_STANDARD

Environment Variables:
JAVA_HOME=/usr/java/jdk1.8.0_171
CLASSPATH=.:/usr/java/jdk1.8.0_171/lib.tools.jar
PATH=/usr/java/apache-maven-3.5.3/bin:/usr/java/jdk1.8.0_171/bin:/usr/local/sbin:/usr/local/bin:/usr/sbin:/usr/bin:/sbin:/bin:/usr/games:/usr/local/games:/snap/bin
SHELL=/bin/bash
DISPLAY=:0

Signal Handlers:
SIGSEGV: [libjvm.so+0xad0890], sa_mask[0]=11111111011111111101111111111110, sa_flags=SA_RESTART|SA_SIGINFO
SIGBUS: [libjvm.so+0xad0890], sa_mask[0]=11111111011111111101111111111110, sa_flags=SA_RESTART|SA_SIGINFO
SIGFPE: [libjvm.so+0x928640], sa_mask[0]=11111111011111111101111111111110, sa_flags=SA_RESTART|SA_SIGINFO
SIGPIPE: [libjvm.so+0x928640], sa_mask[0]=11111111011111111101111111111110, sa_flags=SA_RESTART|SA_SIGINFO
SIGXFSZ: [libjvm.so+0x928640], sa_mask[0]=11111111011111111101111111111110, sa_flags=SA_RESTART|SA_SIGINFO
SIGILL: [libjvm.so+0x928640], sa_mask[0]=11111111011111111101111111111110, sa_flags=SA_RESTART|SA_SIGINFO
SIGUSR1: SIG_DFL, sa_mask[0]=00000000000000000000000000000000, sa_flags=none
SIGUSR2: [libjvm.so+0x929ea0], sa_mask[0]=00100000000000000000000000000000, sa_flags=SA_RESTART|SA_SIGINFO
SIGHUP: [libjvm.so+0x92b2a0], sa_mask[0]=11111111011111111101111111111110, sa_flags=SA_RESTART|SA_SIGINFO
SIGINT: [libjvm.so+0x92b2a0], sa_mask[0]=11111111011111111101111111111110, sa_flags=SA_RESTART|SA_SIGINFO
SIGTERM: [libjvm.so+0x92b2a0], sa_mask[0]=11111111011111111101111111111110, sa_flags=SA_RESTART|SA_SIGINFO
SIGQUIT: [libjvm.so+0x92b2a0], sa_mask[0]=11111111011111111101111111111110, sa_flags=SA_RESTART|SA_SIGINFO


---------------  S Y S T E M  ---------------

OS:DISTRIB_ID=Ubuntu
DISTRIB_RELEASE=16.04
DISTRIB_CODENAME=xenial
DISTRIB_DESCRIPTION="Ubuntu 16.04 LTS"

uname:Linux 4.4.0-21-generic #37-Ubuntu SMP Mon Apr 18 18:33:37 UTC 2016 x86_64
libc:glibc 2.23 NPTL 2.23 
rlimit: STACK 8192k, CORE 0k, NPROC 3749, NOFILE 65536, AS infinity
load average:6.68 3.26 3.71

/proc/meminfo:
MemTotal:         998468 kB
MemFree:            8188 kB
MemAvailable:      27768 kB
Buffers:             116 kB
Cached:             5844 kB
SwapCached:           56 kB
Active:           326112 kB
Inactive:         327160 kB
Active(anon):     323652 kB
Inactive(anon):   323712 kB
Active(file):       2460 kB
Inactive(file):     3448 kB
Unevictable:          32 kB
Mlocked:              32 kB
SwapTotal:       1045500 kB
SwapFree:              0 kB
Dirty:                16 kB
Writeback:             0 kB
AnonPages:        647376 kB
Mapped:             3912 kB
Shmem:                16 kB
Slab:              69708 kB
SReclaimable:      26224 kB
SUnreclaim:        43484 kB
KernelStack:       10512 kB
PageTables:        31880 kB
NFS_Unstable:          0 kB
Bounce:                0 kB
WritebackTmp:          0 kB
CommitLimit:     1544732 kB
Committed_AS:    4431708 kB
VmallocTotal:   34359738367 kB
VmallocUsed:           0 kB
VmallocChunk:          0 kB
HardwareCorrupted:     0 kB
AnonHugePages:     55296 kB
CmaTotal:              0 kB
CmaFree:               0 kB
HugePages_Total:       0
HugePages_Free:        0
HugePages_Rsvd:        0
HugePages_Surp:        0
Hugepagesize:       2048 kB
DirectMap4k:       81792 kB
DirectMap2M:      966656 kB
DirectMap1G:           0 kB


CPU:total 1 (initial active 1) (1 cores per cpu, 1 threads per core) family 6 model 61 stepping 4, cmov, cx8, fxsr, mmx, sse, sse2, sse3, ssse3, sse4.1, sse4.2, popcnt, avx, avx2, aes, clmul, erms, 3dnowpref, lzcnt, tsc, tscinvbit, bmi1, bmi2, adx

/proc/cpuinfo:
processor	: 0
vendor_id	: GenuineIntel
cpu family	: 6
model		: 61
model name	: Intel(R) Core(TM) i7-5500U CPU @ 2.40GHz
stepping	: 4
microcode	: 0x1f
cpu MHz		: 2396.533
cache size	: 4096 KB
physical id	: 0
siblings	: 1
core id		: 0
cpu cores	: 1
apicid		: 0
initial apicid	: 0
fpu		: yes
fpu_exception	: yes
cpuid level	: 20
wp		: yes
flags		: fpu vme de pse tsc msr pae mce cx8 apic sep mtrr pge mca cmov pat pse36 clflush dts mmx fxsr sse sse2 ss syscall nx pdpe1gb rdtscp lm constant_tsc arch_perfmon pebs bts nopl xtopology tsc_reliable nonstop_tsc aperfmperf eagerfpu pni pclmulqdq ssse3 fma cx16 pcid sse4_1 sse4_2 x2apic movbe popcnt tsc_deadline_timer aes xsave avx f16c rdrand hypervisor lahf_lm abm 3dnowprefetch epb fsgsbase tsc_adjust bmi1 avx2 smep bmi2 invpcid rdseed adx smap xsaveopt dtherm ida arat pln pts
bugs		:
bogomips	: 4793.06
clflush size	: 64
cache_alignment	: 64
address sizes	: 42 bits physical, 48 bits virtual
power management:



Memory: 4k page, physical 998468k(9696k free), swap 1045500k(0k free)

vm_info: Java HotSpot(TM) 64-Bit Server VM (25.171-b11) for linux-amd64 JRE (1.8.0_171-b11), built on Mar 28 2018 17:07:08 by "java_re" with gcc 4.3.0 20080428 (Red Hat 4.3.0-8)

time: Mon Apr 23 05:39:18 2018
elapsed time: 97 seconds (0d 0h 1m 37s)

