#
# There is insufficient memory for the Java Runtime Environment to continue.
# Native memory allocation (mmap) failed to map 34996224 bytes for committing reserved memory.
# Possible reasons:
#   The system is out of physical RAM or swap space
#   In 32 bit mode, the process size limit was hit
# Possible solutions:
#   Reduce memory load on the system
#   Increase physical memory or swap space
#   Check if swap backing store is full
#   Use 64 bit Java on a 64 bit OS
#   Decrease Java heap size (-Xmx/-Xms)
#   Decrease number of Java threads
#   Decrease Java thread stack sizes (-Xss)
#   Set larger code cache with -XX:ReservedCodeCacheSize=
# This output file may be truncated or incomplete.
#
#  Out of Memory Error (os_linux.cpp:2643), pid=16345, tid=0x00007fe905c33700
#
# JRE version: OpenJDK Runtime Environment (8.0_162-b12) (build 1.8.0_162-8u162-b12-0ubuntu0.16.04.2-b12)
# Java VM: OpenJDK 64-Bit Server VM (25.162-b12 mixed mode linux-amd64 compressed oops)
# Failed to write core dump. Core dumps have been disabled. To enable core dumping, try "ulimit -c unlimited" before starting Java again
#

---------------  T H R E A D  ---------------

Current thread (0x00007fe900071800):  VMThread [stack: 0x00007fe905b33000,0x00007fe905c34000] [id=16352]

Stack: [0x00007fe905b33000,0x00007fe905c34000],  sp=0x00007fe905c32520,  free space=1021k
Native frames: (J=compiled Java code, j=interpreted, Vv=VM code, C=native code)
V  [libjvm.so+0xa6d16b]
V  [libjvm.so+0x4c698c]
V  [libjvm.so+0x8b9e18]
V  [libjvm.so+0x8b41ae]
V  [libjvm.so+0xa69a54]
V  [libjvm.so+0x5caf9d]
V  [libjvm.so+0x5cbb3d]
V  [libjvm.so+0x5b8508]
V  [libjvm.so+0x44e38f]
V  [libjvm.so+0xa6e271]
V  [libjvm.so+0xa73fd7]
V  [libjvm.so+0xa716d7]
V  [libjvm.so+0xa72b5f]
V  [libjvm.so+0xa73051]
V  [libjvm.so+0x8b7222]

VM_Operation (0x00007fe90a270de0): GenCollectForAllocation, mode: safepoint, requested by thread 0x00007fe90000d800


---------------  P R O C E S S  ---------------

Java Threads: ( => current thread )
  0x00007fe8d8026800 JavaThread "Timer-0" daemon [_thread_blocked, id=16365, stack(0x00007fe8f03c1000,0x00007fe8f04c2000)]
  0x00007fe9000ad000 JavaThread "Service Thread" daemon [_thread_blocked, id=16360, stack(0x00007fe904b6e000,0x00007fe904c6f000)]
  0x00007fe9000a9800 JavaThread "C1 CompilerThread1" daemon [_thread_blocked, id=16359, stack(0x00007fe904c6f000,0x00007fe904d70000)]
  0x00007fe9000a7800 JavaThread "C2 CompilerThread0" daemon [_thread_blocked, id=16358, stack(0x00007fe904d70000,0x00007fe904e71000)]
  0x00007fe9000a5800 JavaThread "Signal Dispatcher" daemon [_thread_blocked, id=16357, stack(0x00007fe904e71000,0x00007fe904f72000)]
  0x00007fe90007d800 JavaThread "Finalizer" daemon [_thread_blocked, id=16356, stack(0x00007fe905931000,0x00007fe905a32000)]
  0x00007fe900079000 JavaThread "Reference Handler" daemon [_thread_blocked, id=16353, stack(0x00007fe905a32000,0x00007fe905b33000)]
  0x00007fe90000d800 JavaThread "main" [_thread_blocked, id=16351, stack(0x00007fe90a172000,0x00007fe90a273000)]

Other Threads:
=>0x00007fe900071800 VMThread [stack: 0x00007fe905b33000,0x00007fe905c34000] [id=16352]
  0x00007fe9000b4000 WatcherThread [stack: 0x00007fe904a6d000,0x00007fe904b6e000] [id=16361]

VM state:at safepoint (normal execution)

VM Mutex/Monitor currently owned by a thread:  ([mutex/lock_event])
[0x00007fe900009c90] Threads_lock - owner thread: 0x00007fe900071800
[0x00007fe90000a190] Heap_lock - owner thread: 0x00007fe90000d800

Heap:
 def new generation   total 88320K, used 0K [0x00000000e0000000, 0x00000000e5fd0000, 0x00000000eaaa0000)
  eden space 78528K,   0% used [0x00000000e0000000, 0x00000000e0000000, 0x00000000e4cb0000)
  from space 9792K,   0% used [0x00000000e4cb0000, 0x00000000e4cb0000, 0x00000000e5640000)
  to   space 9792K,   0% used [0x00000000e5640000, 0x00000000e5640000, 0x00000000e5fd0000)
 tenured generation   total 197704K, used 139126K [0x00000000eaaa0000, 0x00000000f6bb2000, 0x0000000100000000)
   the space 197704K,  70% used [0x00000000eaaa0000, 0x00000000f327da98, 0x00000000f327dc00, 0x00000000f6bb2000)
 Metaspace       used 22394K, capacity 22582K, committed 22784K, reserved 1069056K
  class space    used 2428K, capacity 2494K, committed 2560K, reserved 1048576K

Card table byte_map: [0x00007fe906721000,0x00007fe906822000] byte_map_base: 0x00007fe906021000

Polling page: 0x00007fe90a28d000

CodeCache: size=245760Kb used=27705Kb max_used=29014Kb free=218054Kb
 bounds [0x00007fe8f1000000, 0x00007fe8f2cd0000, 0x00007fe900000000]
 total_blobs=5899 nmethods=5516 adapters=293
 compilation: enabled

Compilation events (10 events):
Event: 246.450 Thread 0x00007fe9000a9800 7752 %     3       edu.umd.cs.findbugs.detect.InconsistentAnnotations::visitClassContext @ 17 (200 bytes)
Event: 246.453 Thread 0x00007fe9000a9800 nmethod 7752% 0x00007fe8f1687090 code [0x00007fe8f16875c0, 0x00007fe8f168a4e0]
Event: 246.456 Thread 0x00007fe9000a9800 7753       3       edu.umd.cs.findbugs.detect.InconsistentAnnotations::visitClassContext (200 bytes)
Event: 246.458 Thread 0x00007fe9000a9800 nmethod 7753 0x00007fe8f1681950 code [0x00007fe8f1681e60, 0x00007fe8f1684c20]
Event: 246.459 Thread 0x00007fe9000a9800 7754 %     3       java.util.BitSet::and @ 6 (77 bytes)
Event: 246.460 Thread 0x00007fe9000a9800 nmethod 7754% 0x00007fe8f20fc450 code [0x00007fe8f20fc600, 0x00007fe8f20fca30]
Event: 246.460 Thread 0x00007fe9000a9800 7755       3       java.util.BitSet::and (77 bytes)
Event: 246.460 Thread 0x00007fe9000a9800 nmethod 7755 0x00007fe8f22af750 code [0x00007fe8f22af900, 0x00007fe8f22afcf0]
Event: 246.504 Thread 0x00007fe9000a9800 7756       2       org.apache.bcel.generic.DUP2_X1::accept (15 bytes)
Event: 246.505 Thread 0x00007fe9000a9800 nmethod 7756 0x00007fe8f2499950 code [0x00007fe8f2499ac0, 0x00007fe8f2499c70]

GC Heap History (10 events):
Event: 213.069 GC heap after
Heap after GC invocations=178 (full 8):
 def new generation   total 88320K, used 4785K [0x00000000e0000000, 0x00000000e5fd0000, 0x00000000eaaa0000)
  eden space 78528K,   0% used [0x00000000e0000000, 0x00000000e0000000, 0x00000000e4cb0000)
  from space 9792K,  48% used [0x00000000e5640000, 0x00000000e5aec500, 0x00000000e5fd0000)
  to   space 9792K,   0% used [0x00000000e4cb0000, 0x00000000e4cb0000, 0x00000000e5640000)
 tenured generation   total 196168K, used 184845K [0x00000000eaaa0000, 0x00000000f6a32000, 0x0000000100000000)
   the space 196168K,  94% used [0x00000000eaaa0000, 0x00000000f5f237a8, 0x00000000f5f23800, 0x00000000f6a32000)
 Metaspace       used 22386K, capacity 22582K, committed 22784K, reserved 1069056K
  class space    used 2428K, capacity 2494K, committed 2560K, reserved 1048576K
}
Event: 239.678 GC heap before
{Heap before GC invocations=178 (full 8):
 def new generation   total 88320K, used 83313K [0x00000000e0000000, 0x00000000e5fd0000, 0x00000000eaaa0000)
  eden space 78528K, 100% used [0x00000000e0000000, 0x00000000e4cb0000, 0x00000000e4cb0000)
  from space 9792K,  48% used [0x00000000e5640000, 0x00000000e5aec500, 0x00000000e5fd0000)
  to   space 9792K,   0% used [0x00000000e4cb0000, 0x00000000e4cb0000, 0x00000000e5640000)
 tenured generation   total 196168K, used 184845K [0x00000000eaaa0000, 0x00000000f6a32000, 0x0000000100000000)
   the space 196168K,  94% used [0x00000000eaaa0000, 0x00000000f5f237a8, 0x00000000f5f23800, 0x00000000f6a32000)
 Metaspace       used 22389K, capacity 22582K, committed 22784K, reserved 1069056K
  class space    used 2428K, capacity 2494K, committed 2560K, reserved 1048576K
Event: 244.112 GC heap after
Heap after GC invocations=179 (full 8):
 def new generation   total 88320K, used 6932K [0x00000000e0000000, 0x00000000e5fd0000, 0x00000000eaaa0000)
  eden space 78528K,   0% used [0x00000000e0000000, 0x00000000e0000000, 0x00000000e4cb0000)
  from space 9792K,  70% used [0x00000000e4cb0000, 0x00000000e5375230, 0x00000000e5640000)
  to   space 9792K,   0% used [0x00000000e5640000, 0x00000000e5640000, 0x00000000e5fd0000)
 tenured generation   total 196168K, used 184845K [0x00000000eaaa0000, 0x00000000f6a32000, 0x0000000100000000)
   the space 196168K,  94% used [0x00000000eaaa0000, 0x00000000f5f237a8, 0x00000000f5f23800, 0x00000000f6a32000)
 Metaspace       used 22389K, capacity 22582K, committed 22784K, reserved 1069056K
  class space    used 2428K, capacity 2494K, committed 2560K, reserved 1048576K
}
Event: 245.005 GC heap before
{Heap before GC invocations=179 (full 8):
 def new generation   total 88320K, used 85460K [0x00000000e0000000, 0x00000000e5fd0000, 0x00000000eaaa0000)
  eden space 78528K, 100% used [0x00000000e0000000, 0x00000000e4cb0000, 0x00000000e4cb0000)
  from space 9792K,  70% used [0x00000000e4cb0000, 0x00000000e5375230, 0x00000000e5640000)
  to   space 9792K,   0% used [0x00000000e5640000, 0x00000000e5640000, 0x00000000e5fd0000)
 tenured generation   total 196168K, used 184845K [0x00000000eaaa0000, 0x00000000f6a32000, 0x0000000100000000)
   the space 196168K,  94% used [0x00000000eaaa0000, 0x00000000f5f237a8, 0x00000000f5f23800, 0x00000000f6a32000)
 Metaspace       used 22390K, capacity 22582K, committed 22784K, reserved 1069056K
  class space    used 2428K, capacity 2494K, committed 2560K, reserved 1048576K
Event: 245.351 GC heap after
Heap after GC invocations=180 (full 8):
 def new generation   total 88320K, used 6255K [0x00000000e0000000, 0x00000000e5fd0000, 0x00000000eaaa0000)
  eden space 78528K,   0% used [0x00000000e0000000, 0x00000000e0000000, 0x00000000e4cb0000)
  from space 9792K,  63% used [0x00000000e5640000, 0x00000000e5c5be20, 0x00000000e5fd0000)
  to   space 9792K,   0% used [0x00000000e4cb0000, 0x00000000e4cb0000, 0x00000000e5640000)
 tenured generation   total 196168K, used 186716K [0x00000000eaaa0000, 0x00000000f6a32000, 0x0000000100000000)
   the space 196168K,  95% used [0x00000000eaaa0000, 0x00000000f60f7140, 0x00000000f60f7200, 0x00000000f6a32000)
 Metaspace       used 22390K, capacity 22582K, committed 22784K, reserved 1069056K
  class space    used 2428K, capacity 2494K, committed 2560K, reserved 1048576K
}
Event: 245.804 GC heap before
{Heap before GC invocations=180 (full 8):
 def new generation   total 88320K, used 84783K [0x00000000e0000000, 0x00000000e5fd0000, 0x00000000eaaa0000)
  eden space 78528K, 100% used [0x00000000e0000000, 0x00000000e4cb0000, 0x00000000e4cb0000)
  from space 9792K,  63% used [0x00000000e5640000, 0x00000000e5c5be20, 0x00000000e5fd0000)
  to   space 9792K,   0% used [0x00000000e4cb0000, 0x00000000e4cb0000, 0x00000000e5640000)
 tenured generation   total 196168K, used 186716K [0x00000000eaaa0000, 0x00000000f6a32000, 0x0000000100000000)
   the space 196168K,  95% used [0x00000000eaaa0000, 0x00000000f60f7140, 0x00000000f60f7200, 0x00000000f6a32000)
 Metaspace       used 22390K, capacity 22582K, committed 22784K, reserved 1069056K
  class space    used 2428K, capacity 2494K, committed 2560K, reserved 1048576K
Event: 245.838 GC heap after
Heap after GC invocations=181 (full 8):
 def new generation   total 88320K, used 9791K [0x00000000e0000000, 0x00000000e5fd0000, 0x00000000eaaa0000)
  eden space 78528K,   0% used [0x00000000e0000000, 0x00000000e0000000, 0x00000000e4cb0000)
  from space 9792K,  99% used [0x00000000e4cb0000, 0x00000000e563fff8, 0x00000000e5640000)
  to   space 9792K,   0% used [0x00000000e5640000, 0x00000000e5640000, 0x00000000e5fd0000)
 tenured generation   total 196168K, used 191328K [0x00000000eaaa0000, 0x00000000f6a32000, 0x0000000100000000)
   the space 196168K,  97% used [0x00000000eaaa0000, 0x00000000f6578328, 0x00000000f6578400, 0x00000000f6a32000)
 Metaspace       used 22390K, capacity 22582K, committed 22784K, reserved 1069056K
  class space    used 2428K, capacity 2494K, committed 2560K, reserved 1048576K
}
Event: 246.031 GC heap before
{Heap before GC invocations=181 (full 8):
 def new generation   total 88320K, used 88319K [0x00000000e0000000, 0x00000000e5fd0000, 0x00000000eaaa0000)
  eden space 78528K, 100% used [0x00000000e0000000, 0x00000000e4cb0000, 0x00000000e4cb0000)
  from space 9792K,  99% used [0x00000000e4cb0000, 0x00000000e563fff8, 0x00000000e5640000)
  to   space 9792K,   0% used [0x00000000e5640000, 0x00000000e5640000, 0x00000000e5fd0000)
 tenured generation   total 196168K, used 191328K [0x00000000eaaa0000, 0x00000000f6a32000, 0x0000000100000000)
   the space 196168K,  97% used [0x00000000eaaa0000, 0x00000000f6578328, 0x00000000f6578400, 0x00000000f6a32000)
 Metaspace       used 22393K, capacity 22582K, committed 22784K, reserved 1069056K
  class space    used 2428K, capacity 2494K, committed 2560K, reserved 1048576K
Event: 246.069 GC heap after
Heap after GC invocations=182 (full 8):
 def new generation   total 88320K, used 9133K [0x00000000e0000000, 0x00000000e5fd0000, 0x00000000eaaa0000)
  eden space 78528K,   0% used [0x00000000e0000000, 0x00000000e0000000, 0x00000000e4cb0000)
  from space 9792K,  93% used [0x00000000e5640000, 0x00000000e5f2b430, 0x00000000e5fd0000)
  to   space 9792K,   0% used [0x00000000e4cb0000, 0x00000000e4cb0000, 0x00000000e5640000)
 tenured generation   total 196168K, used 195298K [0x00000000eaaa0000, 0x00000000f6a32000, 0x0000000100000000)
   the space 196168K,  99% used [0x00000000eaaa0000, 0x00000000f6958ba0, 0x00000000f6958c00, 0x00000000f6a32000)
 Metaspace       used 22393K, capacity 22582K, committed 22784K, reserved 1069056K
  class space    used 2428K, capacity 2494K, committed 2560K, reserved 1048576K
}
Event: 246.524 GC heap before
{Heap before GC invocations=182 (full 8):
 def new generation   total 88320K, used 87661K [0x00000000e0000000, 0x00000000e5fd0000, 0x00000000eaaa0000)
  eden space 78528K, 100% used [0x00000000e0000000, 0x00000000e4cb0000, 0x00000000e4cb0000)
  from space 9792K,  93% used [0x00000000e5640000, 0x00000000e5f2b430, 0x00000000e5fd0000)
  to   space 9792K,   0% used [0x00000000e4cb0000, 0x00000000e4cb0000, 0x00000000e5640000)
 tenured generation   total 196168K, used 195298K [0x00000000eaaa0000, 0x00000000f6a32000, 0x0000000100000000)
   the space 196168K,  99% used [0x00000000eaaa0000, 0x00000000f6958ba0, 0x00000000f6958c00, 0x00000000f6a32000)
 Metaspace       used 22394K, capacity 22582K, committed 22784K, reserved 1069056K
  class space    used 2428K, capacity 2494K, committed 2560K, reserved 1048576K

Deoptimization events (10 events):
Event: 192.477 Thread 0x00007fe90000d800 Uncommon trap: reason=unstable_if action=reinterpret pc=0x00007fe8f1198810 method=java.util.HashMap.putVal(ILjava/lang/Object;Ljava/lang/Object;ZZ)Ljava/lang/Object; @ 109
Event: 192.477 Thread 0x00007fe90000d800 Uncommon trap: reason=unstable_if action=reinterpret pc=0x00007fe8f1ec0348 method=java.util.HashMap.putVal(ILjava/lang/Object;Ljava/lang/Object;ZZ)Ljava/lang/Object; @ 109
Event: 192.477 Thread 0x00007fe90000d800 Uncommon trap: reason=unstable_if action=reinterpret pc=0x00007fe8f1827e4c method=java.util.HashMap.putVal(ILjava/lang/Object;Ljava/lang/Object;ZZ)Ljava/lang/Object; @ 109
Event: 194.674 Thread 0x00007fe90000d800 Uncommon trap: reason=unstable_if action=reinterpret pc=0x00007fe8f1df27bc method=java.util.HashMap.putVal(ILjava/lang/Object;Ljava/lang/Object;ZZ)Ljava/lang/Object; @ 193
Event: 198.093 Thread 0x00007fe90000d800 Uncommon trap: reason=bimorphic action=maybe_recompile pc=0x00007fe8f27b0088 method=org.objectweb.asm.ClassReader.readCode(Lorg/objectweb/asm/MethodVisitor;Lorg/objectweb/asm/Context;I)V @ 2488
Event: 198.167 Thread 0x00007fe90000d800 Uncommon trap: reason=bimorphic action=maybe_recompile pc=0x00007fe8f27b0088 method=org.objectweb.asm.ClassReader.readCode(Lorg/objectweb/asm/MethodVisitor;Lorg/objectweb/asm/Context;I)V @ 2488
Event: 205.576 Thread 0x00007fe90000d800 Uncommon trap: reason=unstable_if action=reinterpret pc=0x00007fe8f25b8c58 method=edu.umd.cs.findbugs.ba.deref.UnconditionalValueDerefAnalysis.isExceptionEdge(Ledu/umd/cs/findbugs/ba/Edge;)Z @ 87
Event: 205.829 Thread 0x00007fe90000d800 Uncommon trap: reason=unstable_if action=reinterpret pc=0x00007fe8f181fcbc method=edu.umd.cs.findbugs.ba.deref.UnconditionalValueDerefAnalysis.isNullCheck(Lorg/apache/bcel/generic/InstructionHandle;Lorg/apache/bcel/generic/ConstantPoolGen;)Z @ 49
Event: 208.685 Thread 0x00007fe90000d800 Uncommon trap: reason=unstable_if action=reinterpret pc=0x00007fe8f25685c0 method=edu.umd.cs.findbugs.ba.deref.UnconditionalValueDerefAnalysis.isExceptionEdge(Ledu/umd/cs/findbugs/ba/Edge;)Z @ 87
Event: 238.764 Thread 0x00007fe90000d800 Uncommon trap: reason=unstable_if action=reinterpret pc=0x00007fe8f25a0c1c method=edu.umd.cs.findbugs.detect.StringConcatenation.sawOpcode(I)V @ 121

Classes redefined (0 events):
No events

Internal exceptions (10 events):
Event: 146.593 Thread 0x00007fe90000d800 Implicit null exception at 0x00007fe8f1234001 to 0x00007fe8f12340b9
Event: 149.475 Thread 0x00007fe90000d800 Implicit null exception at 0x00007fe8f1a6bde0 to 0x00007fe8f1a6c1f1
Event: 149.690 Thread 0x00007fe90000d800 Implicit null exception at 0x00007fe8f1abc965 to 0x00007fe8f1abcc85
Event: 153.491 Thread 0x00007fe90000d800 Implicit null exception at 0x00007fe8f1c5b198 to 0x00007fe8f1c64c51
Event: 153.862 Thread 0x00007fe90000d800 Implicit null exception at 0x00007fe8f1c2a6f0 to 0x00007fe8f1c318ed
Event: 159.988 Thread 0x00007fe90000d800 Implicit null exception at 0x00007fe8f1c5e8cc to 0x00007fe8f1c61709
Event: 161.610 Thread 0x00007fe90000d800 Implicit null exception at 0x00007fe8f1ae344f to 0x00007fe8f1ae3aad
Event: 164.434 Thread 0x00007fe90000d800 Implicit null exception at 0x00007fe8f1b1fd88 to 0x00007fe8f1b2a5ad
Event: 180.002 Thread 0x00007fe90000d800 Implicit null exception at 0x00007fe8f16f19e4 to 0x00007fe8f16f24cd
Event: 192.271 Thread 0x00007fe90000d800 Implicit null exception at 0x00007fe8f1c4a4db to 0x00007fe8f1c4a721

Events (10 events):
Event: 246.069 Executing VM operation: GenCollectForAllocation done
Event: 246.282 Thread 0x00007fe90000d800 DEOPT PACKING pc=0x00007fe8f2660ebc sp=0x00007fe90a270df0
Event: 246.282 Thread 0x00007fe90000d800 DEOPT UNPACKING pc=0x00007fe8f10474c4 sp=0x00007fe90a270ae0 mode 0
Event: 246.453 Thread 0x00007fe90000d800 DEOPT PACKING pc=0x00007fe8f1bc67d2 sp=0x00007fe90a271150
Event: 246.453 Thread 0x00007fe90000d800 DEOPT UNPACKING pc=0x00007fe8f10474c4 sp=0x00007fe90a270f88 mode 0
Event: 246.460 Thread 0x00007fe90000d800 DEOPT PACKING pc=0x00007fe8f2347319 sp=0x00007fe90a270d60
Event: 246.460 Thread 0x00007fe90000d800 DEOPT UNPACKING pc=0x00007fe8f10474c4 sp=0x00007fe90a270ab8 mode 0
Event: 246.482 Thread 0x00007fe90000d800 DEOPT PACKING pc=0x00007fe8f2007a5e sp=0x00007fe90a270b10
Event: 246.482 Thread 0x00007fe90000d800 DEOPT UNPACKING pc=0x00007fe8f10474c4 sp=0x00007fe90a270ad8 mode 0
Event: 246.524 Executing VM operation: GenCollectForAllocation


Dynamic libraries:
00400000-00401000 r-xp 00000000 08:01 545174                             /usr/lib/jvm/java-8-openjdk-amd64/jre/bin/java
00600000-00601000 r--p 00000000 08:01 545174                             /usr/lib/jvm/java-8-openjdk-amd64/jre/bin/java
00601000-00602000 rw-p 00001000 08:01 545174                             /usr/lib/jvm/java-8-openjdk-amd64/jre/bin/java
00f83000-00fa4000 rw-p 00000000 00:00 0                                  [heap]
e0000000-e5fd0000 rw-p 00000000 00:00 0 
e5fd0000-eaaa0000 ---p 00000000 00:00 0 
eaaa0000-f6bb2000 rw-p 00000000 00:00 0 
f8d12000-100000000 ---p 00000000 00:00 0 
100000000-100280000 rw-p 00000000 00:00 0 
100280000-140000000 ---p 00000000 00:00 0 
7fe8d3a00000-7fe8d3bc0000 rw-p 00000000 00:00 0 
7fe8d3bc0000-7fe8d3c00000 ---p 00000000 00:00 0 
7fe8d3c00000-7fe8d3e00000 rw-p 00000000 00:00 0 
7fe8d3e00000-7fe8d4000000 rw-p 00000000 00:00 0 
7fe8d4000000-7fe8d6b91000 rw-p 00000000 00:00 0 
7fe8d6b91000-7fe8d8000000 ---p 00000000 00:00 0 
7fe8d8000000-7fe8d80bc000 rw-p 00000000 00:00 0 
7fe8d80bc000-7fe8dc000000 ---p 00000000 00:00 0 
7fe8dc000000-7fe8dc021000 rw-p 00000000 00:00 0 
7fe8dc021000-7fe8e0000000 ---p 00000000 00:00 0 
7fe8e0000000-7fe8e3d45000 rw-p 00000000 00:00 0 
7fe8e3d45000-7fe8e4000000 ---p 00000000 00:00 0 
7fe8e4000000-7fe8e4021000 rw-p 00000000 00:00 0 
7fe8e4021000-7fe8e8000000 ---p 00000000 00:00 0 
7fe8e8000000-7fe8e8021000 rw-p 00000000 00:00 0 
7fe8e8021000-7fe8ec000000 ---p 00000000 00:00 0 
7fe8ec000000-7fe8ec0ec000 rw-p 00000000 00:00 0 
7fe8ec0ec000-7fe8f0000000 ---p 00000000 00:00 0 
7fe8f0015000-7fe8f001a000 r--s 0009d000 08:01 545118                     /usr/lib/jvm/java-8-openjdk-amd64/jre/lib/jsse.jar
7fe8f001a000-7fe8f021a000 rw-p 00000000 00:00 0 
7fe8f021a000-7fe8f021c000 r--s 00001000 08:01 1062167                    /home/wji/.m2/repository/org/slf4j/slf4j-log4j12/1.7.2/slf4j-log4j12-1.7.2.jar
7fe8f021c000-7fe8f021e000 r--s 00005000 08:01 1062165                    /home/wji/.m2/repository/org/slf4j/slf4j-api/1.7.2/slf4j-api-1.7.2.jar
7fe8f021e000-7fe8f0227000 r--s 0006f000 08:01 1062161                    /home/wji/.m2/repository/log4j/log4j/1.2.17/log4j-1.2.17.jar
7fe8f0227000-7fe8f022a000 r--s 00007000 08:01 949459                     /home/wji/.m2/repository/com/google/code/findbugs/annotations/3.0.1/annotations-3.0.1.jar
7fe8f022a000-7fe8f022d000 r--s 00006000 08:01 549523                     /home/wji/.m2/repository/com/google/code/findbugs/jsr305/1.3.9/jsr305-1.3.9.jar
7fe8f022d000-7fe8f0235000 r--s 0007b000 08:01 818883                     /home/wji/.m2/repository/com/google/protobuf/protobuf-java/2.5.0/protobuf-java-2.5.0.jar
7fe8f0235000-7fe8f0243000 r--s 000f2000 08:01 684797                     /home/wji/bigdata/alluxio/core/protobuf/target/alluxio-core-protobuf-1.8.0-SNAPSHOT.jar
7fe8f0243000-7fe8f024c000 r--s 000ae000 08:01 1064011                    /home/wji/.m2/repository/org/javassist/javassist/3.19.0-GA/javassist-3.19.0-GA.jar
7fe8f024c000-7fe8f024f000 r--s 0001d000 08:01 818956                     /home/wji/.m2/repository/org/reflections/reflections/0.9.10/reflections-0.9.10.jar
7fe8f024f000-7fe8f0267000 r--s 00110000 08:01 950556                     /home/wji/.m2/repository/io/netty/netty/3.7.0.Final/netty-3.7.0.Final.jar
7fe8f0267000-7fe8f0273000 r--s 000b6000 08:01 1064005                    /home/wji/.m2/repository/org/apache/zookeeper/zookeeper/3.4.6/zookeeper-3.4.6.jar
7fe8f0273000-7fe8f027b000 r--s 00048000 08:01 550046                     /home/wji/.m2/repository/org/apache/httpcomponents/httpcore/4.4.6/httpcore-4.4.6.jar
7fe8f027b000-7fe8f0288000 r--s 000aa000 08:01 1064004                    /home/wji/.m2/repository/org/apache/httpcomponents/httpclient/4.5.3/httpclient-4.5.3.jar
7fe8f0288000-7fe8f028e000 r--s 00034000 08:01 1064002                    /home/wji/.m2/repository/org/apache/thrift/libthrift/0.9.3/libthrift-0.9.3.jar
7fe8f028e000-7fe8f0294000 r--s 00033000 08:01 1063999                    /home/wji/.m2/repository/org/apache/curator/curator-recipes/2.1.0-incubating/curator-recipes-2.1.0-incubating.jar
7fe8f0294000-7fe8f0299000 r--s 00024000 08:01 1063997                    /home/wji/.m2/repository/org/apache/curator/curator-framework/2.1.0-incubating/curator-framework-2.1.0-incubating.jar
7fe8f0299000-7fe8f02c0000 r--s 00206000 08:01 950554                     /home/wji/.m2/repository/io/netty/netty-all/4.0.53.Final/netty-all-4.0.53.Final.jar
7fe8f02c0000-7fe8f02c3000 ---p 00000000 00:00 0 
7fe8f02c3000-7fe8f03c1000 rw-p 00000000 00:00 0 
7fe8f03c1000-7fe8f03c4000 ---p 00000000 00:00 0 
7fe8f03c4000-7fe8f04c2000 rw-p 00000000 00:00 0 
7fe8f04c2000-7fe8f04d9000 r-xp 00000000 08:01 398917                     /lib/x86_64-linux-gnu/libresolv-2.23.so
7fe8f04d9000-7fe8f06d9000 ---p 00017000 08:01 398917                     /lib/x86_64-linux-gnu/libresolv-2.23.so
7fe8f06d9000-7fe8f06da000 r--p 00017000 08:01 398917                     /lib/x86_64-linux-gnu/libresolv-2.23.so
7fe8f06da000-7fe8f06db000 rw-p 00018000 08:01 398917                     /lib/x86_64-linux-gnu/libresolv-2.23.so
7fe8f06db000-7fe8f06dd000 rw-p 00000000 00:00 0 
7fe8f06dd000-7fe8f06e2000 r-xp 00000000 08:01 398862                     /lib/x86_64-linux-gnu/libnss_dns-2.23.so
7fe8f06e2000-7fe8f08e2000 ---p 00005000 08:01 398862                     /lib/x86_64-linux-gnu/libnss_dns-2.23.so
7fe8f08e2000-7fe8f08e3000 r--p 00005000 08:01 398862                     /lib/x86_64-linux-gnu/libnss_dns-2.23.so
7fe8f08e3000-7fe8f08e4000 rw-p 00006000 08:01 398862                     /lib/x86_64-linux-gnu/libnss_dns-2.23.so
7fe8f08e4000-7fe8f08e6000 r-xp 00000000 08:01 398870                     /lib/x86_64-linux-gnu/libnss_mdns4_minimal.so.2
7fe8f08e6000-7fe8f0ae5000 ---p 00002000 08:01 398870                     /lib/x86_64-linux-gnu/libnss_mdns4_minimal.so.2
7fe8f0ae5000-7fe8f0ae6000 r--p 00001000 08:01 398870                     /lib/x86_64-linux-gnu/libnss_mdns4_minimal.so.2
7fe8f0ae6000-7fe8f0ae7000 rw-p 00002000 08:01 398870                     /lib/x86_64-linux-gnu/libnss_mdns4_minimal.so.2
7fe8f0ae7000-7fe8f0de8000 rw-p 00000000 00:00 0 
7fe8f0de8000-7fe8f0dfe000 r-xp 00000000 08:01 545146                     /usr/lib/jvm/java-8-openjdk-amd64/jre/lib/amd64/libnet.so
7fe8f0dfe000-7fe8f0ffe000 ---p 00016000 08:01 545146                     /usr/lib/jvm/java-8-openjdk-amd64/jre/lib/amd64/libnet.so
7fe8f0ffe000-7fe8f0fff000 r--p 00016000 08:01 545146                     /usr/lib/jvm/java-8-openjdk-amd64/jre/lib/amd64/libnet.so
7fe8f0fff000-7fe8f1000000 rw-p 00017000 08:01 545146                     /usr/lib/jvm/java-8-openjdk-amd64/jre/lib/amd64/libnet.so
7fe8f1000000-7fe8f2cd0000 rwxp 00000000 00:00 0 
7fe8f2cd0000-7fe900000000 ---p 00000000 00:00 0 
7fe900000000-7fe900bce000 rw-p 00000000 00:00 0 
7fe900bce000-7fe904000000 ---p 00000000 00:00 0 
7fe904000000-7fe904004000 r--s 0003e000 08:01 1064008                    /home/wji/.m2/repository/jline/jline/2.14.2/jline-2.14.2.jar
7fe904004000-7fe904007000 r--s 0000d000 08:01 1063988                    /home/wji/.m2/repository/org/apache/curator/curator-client/2.1.0-incubating/curator-client-2.1.0-incubating.jar
7fe904007000-7fe90400e000 r--s 00064000 08:01 949664                     /home/wji/.m2/repository/org/apache/commons/commons-lang3/3.4/commons-lang3-3.4.jar
7fe90400e000-7fe904010000 r--s 00008000 08:01 818954                     /home/wji/.m2/repository/io/dropwizard/metrics/metrics-jvm/3.1.2/metrics-jvm-3.1.2.jar
7fe904010000-7fe904014000 r--s 0003c000 08:01 550044                     /home/wji/.m2/repository/com/fasterxml/jackson/core/jackson-core/2.6.6/jackson-core-2.6.6.jar
7fe904014000-7fe904017000 r--s 00009000 08:01 1063993                    /home/wji/.m2/repository/com/fasterxml/jackson/core/jackson-annotations/2.6.6/jackson-annotations-2.6.6.jar
7fe904017000-7fe904028000 r--s 0010d000 08:01 1063991                    /home/wji/.m2/repository/com/fasterxml/jackson/core/jackson-databind/2.6.6/jackson-databind-2.6.6.jar
7fe904028000-7fe904029000 r--s 00003000 08:01 1063989                    /home/wji/.m2/repository/io/dropwizard/metrics/metrics-json/3.1.2/metrics-json-3.1.2.jar
7fe904029000-7fe90402b000 r--s 00004000 08:01 1063987                    /home/wji/.m2/repository/io/dropwizard/metrics/metrics-graphite/3.1.2/metrics-graphite-3.1.2.jar
7fe90402b000-7fe90402f000 r--s 00018000 08:01 1063985                    /home/wji/.m2/repository/io/dropwizard/metrics/metrics-core/3.1.2/metrics-core-3.1.2.jar
7fe90402f000-7fe904033000 r--s 0002a000 08:01 1062289                    /home/wji/.m2/repository/commons-io/commons-io/2.4/commons-io-2.4.jar
7fe904033000-7fe90403a000 r--s 0003f000 08:01 818952                     /home/wji/.m2/repository/commons-codec/commons-codec/1.10/commons-codec-1.10.jar
7fe90403a000-7fe90403c000 r--s 0000d000 08:01 683204                     /home/wji/.m2/repository/commons-logging/commons-logging/1.1.1/commons-logging-1.1.1.jar
7fe90403c000-7fe904042000 r--s 00045000 08:01 1063648                    /home/wji/.m2/repository/commons-httpclient/commons-httpclient/3.1/commons-httpclient-3.1.jar
7fe904042000-7fe904043000 r--s 0000c000 08:01 684800                     /home/wji/.m2/repository/commons-cli/commons-cli/1.3.1/commons-cli-1.3.1.jar
7fe904043000-7fe90406c000 r--s 001ee000 08:01 818223                     /home/wji/.m2/repository/com/google/guava/guava/14.0.1/guava-14.0.1.jar
7fe90406c000-7fe904071000 r--s 002f9000 08:01 545112                     /usr/lib/jvm/java-8-openjdk-amd64/jre/lib/charsets.jar
7fe904071000-7fe904271000 rw-p 00000000 00:00 0 
7fe904271000-7fe904274000 ---p 00000000 00:00 0 
7fe904274000-7fe904372000 rw-p 00000000 00:00 0 
7fe904372000-7fe904375000 ---p 00000000 00:00 0 
7fe904375000-7fe904473000 rw-p 00000000 00:00 0 
7fe904473000-7fe90447c000 r-xp 00000000 08:01 545154                     /usr/lib/jvm/java-8-openjdk-amd64/jre/lib/amd64/libmanagement.so
7fe90447c000-7fe90467b000 ---p 00009000 08:01 545154                     /usr/lib/jvm/java-8-openjdk-amd64/jre/lib/amd64/libmanagement.so
7fe90467b000-7fe90467c000 r--p 00008000 08:01 545154                     /usr/lib/jvm/java-8-openjdk-amd64/jre/lib/amd64/libmanagement.so
7fe90467c000-7fe90467d000 rw-p 00009000 08:01 545154                     /usr/lib/jvm/java-8-openjdk-amd64/jre/lib/amd64/libmanagement.so
7fe90467d000-7fe90487d000 rw-p 00000000 00:00 0 
7fe90487d000-7fe904882000 r--s 002f9000 08:01 545112                     /usr/lib/jvm/java-8-openjdk-amd64/jre/lib/charsets.jar
7fe904882000-7fe904885000 r--s 00015000 08:01 545163                     /usr/lib/jvm/java-8-openjdk-amd64/jre/lib/jce.jar
7fe904885000-7fe90488a000 r--s 0009d000 08:01 545118                     /usr/lib/jvm/java-8-openjdk-amd64/jre/lib/jsse.jar
7fe90488a000-7fe90489d000 r--s 00346000 08:01 545161                     /usr/lib/jvm/java-8-openjdk-amd64/jre/lib/resources.jar
7fe90489d000-7fe90489f000 r--s 00001000 08:01 1063201                    /home/wji/.m2/repository/org/sonatype/plexus/plexus-build-api/0.0.7/plexus-build-api-0.0.7.jar
7fe90489f000-7fe9048a4000 r--s 00039000 08:01 1062977                    /home/wji/.m2/repository/org/codehaus/plexus/plexus-utils/1.5.6/plexus-utils-1.5.6.jar
7fe9048a4000-7fe9048a6000 r--s 00004000 08:01 1063200                    /home/wji/.m2/repository/org/codehaus/plexus/plexus-resources/1.0-alpha-7/plexus-resources-1.0-alpha-7.jar
7fe9048a6000-7fe9048a8000 r--s 00008000 08:01 1063198                    /home/wji/.m2/repository/classworlds/classworlds/1.1-alpha-2/classworlds-1.1-alpha-2.jar
7fe9048a8000-7fe9048af000 r--s 00029000 08:01 1063191                    /home/wji/.m2/repository/org/codehaus/plexus/plexus-container-default/1.0-alpha-9/plexus-container-default-1.0-alpha-9.jar
7fe9048af000-7fe9048b2000 r--s 00013000 08:01 549581                     /home/wji/.m2/repository/org/apache/maven/maven-model/2.0.6/maven-model-2.0.6.jar
7fe9048b2000-7fe9048b3000 r--s 00005000 08:01 683244                     /home/wji/.m2/repository/org/apache/maven/maven-repository-metadata/2.0.6/maven-repository-metadata-2.0.6.jar
7fe9048b3000-7fe9048b5000 r--s 0000c000 08:01 683241                     /home/wji/.m2/repository/org/apache/maven/maven-artifact-manager/2.0.6/maven-artifact-manager-2.0.6.jar
7fe9048b5000-7fe9048b8000 r--s 00018000 08:01 1062816                    /home/wji/.m2/repository/commons-io/commons-io/1.4/commons-io-1.4.jar
7fe9048b8000-7fe9048ba000 r--s 00009000 08:01 281120                     /home/wji/.m2/repository/org/apache/maven/shared/maven-doxia-tools/1.2.1/maven-doxia-tools-1.2.1.jar
7fe9048ba000-7fe9048c8000 r--s 0007f000 08:01 949668                     /home/wji/.m2/repository/commons-collections/commons-collections/3.2.1/commons-collections-3.2.1.jar
7fe9048c8000-7fe9048cb000 r--s 0001b000 08:01 949662                     /home/wji/.m2/repository/org/apache/struts/struts-tiles/1.3.8/struts-tiles-1.3.8.jar
7fe9048cb000-7fe9048d0000 r--s 00039000 08:01 818385                     /home/wji/.m2/repository/org/apache/struts/struts-taglib/1.3.8/struts-taglib-1.3.8.jar
7fe9048d0000-7fe9048d5000 r--s 00053000 08:01 818485                     /home/wji/.m2/repository/antlr/antlr/2.7.2/antlr-2.7.2.jar
7fe9048d5000-7fe9048db000 r--s 0004b000 08:01 281052                     /home/wji/.m2/repository/org/apache/struts/struts-core/1.3.8/struts-core-1.3.8.jar
7fe9048db000-7fe9048dd000 r--s 00005000 08:01 281050                     /home/wji/.m2/repository/sslext/sslext/1.2-0/sslext-1.2-0.jar
7fe9048dd000-7fe9048df000 r--s 00014000 08:01 1062805                    /home/wji/.m2/repository/commons-chain/commons-chain/1.1/commons-chain-1.1.jar
7fe9048df000-7fe9048e5000 r--s 0004f000 08:01 949660                     /home/wji/.m2/repository/org/apache/velocity/velocity-tools/2.0/velocity-tools-2.0.jar
7fe9048e5000-7fe9048ed000 r--s 00058000 08:01 549492                     /home/wji/.m2/repository/org/apache/velocity/velocity/1.5/velocity-1.5.jar
7fe9048ed000-7fe9048ee000 r--s 00001000 08:01 1063187                    /home/wji/.m2/repository/org/codehaus/plexus/plexus-velocity/1.1.7/plexus-velocity-1.1.7.jar
7fe9048ee000-7fe9048ef000 r--s 00002000 08:01 549489                     /home/wji/.m2/repository/org/codehaus/plexus/plexus-i18n/1.0-beta-7/plexus-i18n-1.0-beta-7.jar
7fe9048ef000-7fe9048f1000 r--s 00008000 08:01 818386                     /home/wji/.m2/repository/org/apache/maven/doxia/doxia-module-fml/1.4/doxia-module-fml-1.4.jar
7fe9048f1000-7fe9048f2000 r--s 00003000 08:01 818384                     /home/wji/.m2/repository/org/apache/maven/doxia/doxia-module-xhtml/1.4/doxia-module-xhtml-1.4.jar
7fe9048f2000-7fe9048f4000 r--s 0000b000 08:01 949658                     /home/wji/.m2/repository/org/apache/maven/doxia/doxia-site-renderer/1.4/doxia-site-renderer-1.4.jar
7fe9048f4000-7fe9048f5000 r--s 0000e000 08:01 281048                     /home/wji/.m2/repository/org/apache/maven/doxia/doxia-decoration-model/1.4/doxia-decoration-model-1.4.jar
7fe9048f5000-7fe9048f6000 r--s 00002000 08:01 1062808                    /home/wji/.m2/repository/org/apache/maven/doxia/doxia-sink-api/1.4/doxia-sink-api-1.4.jar
7fe9048f6000-7fe9048fb000 r--s 00026000 08:01 281046                     /home/wji/.m2/repository/org/apache/httpcomponents/httpcore/4.0.1/httpcore-4.0.1.jar
7fe9048fb000-7fe9048fd000 r--s 0000a000 08:01 818382                     /home/wji/.m2/repository/commons-codec/commons-codec/1.3/commons-codec-1.3.jar
7fe9048fd000-7fe904904000 r--s 00041000 08:01 1062802                    /home/wji/.m2/repository/org/apache/httpcomponents/httpclient/4.0.2/httpclient-4.0.2.jar
7fe904904000-7fe90491c000 r--s 00115000 08:01 1062796                    /home/wji/.m2/repository/xerces/xercesImpl/2.9.1/xercesImpl-2.9.1.jar
7fe90491c000-7fe90491e000 r--s 00000000 08:01 683022                     /home/wji/.m2/repository/org/codehaus/plexus/plexus-component-annotations/1.5.5/plexus-component-annotations-1.5.5.jar
7fe90491e000-7fe90491f000 r--s 00002000 08:01 1062809                    /home/wji/.m2/repository/org/apache/maven/doxia/doxia-logging-api/1.4/doxia-logging-api-1.4.jar
7fe90491f000-7fe904923000 r--s 00025000 08:01 683239                     /home/wji/.m2/repository/org/apache/maven/doxia/doxia-core/1.4/doxia-core-1.4.jar
7fe904923000-7fe904926000 r--s 00011000 08:01 549388                     /home/wji/.m2/repository/org/apache/maven/maven-artifact/2.2.1/maven-artifact-2.2.1.jar
7fe904926000-7fe904928000 r--s 00008000 08:01 1062509                    /home/wji/.m2/repository/org/apache/maven/maven-plugin-descriptor/2.2.1/maven-plugin-descriptor-2.2.1.jar
7fe904928000-7fe904929000 r--s 00002000 08:01 1063192                    /home/wji/.m2/repository/org/apache/maven/maven-plugin-api/2.0/maven-plugin-api-2.0.jar
7fe904929000-7fe90492a000 r--s 00002000 08:01 1062792                    /home/wji/.m2/repository/org/apache/maven/reporting/maven-reporting-api/3.0/maven-reporting-api-3.0.jar
7fe90492a000-7fe90492c000 r--s 0000e000 08:01 949663                     /home/wji/.m2/repository/oro/oro/2.0.8/oro-2.0.8.jar
7fe90492c000-7fe90492e000 r--s 00008000 08:01 549487                     /home/wji/.m2/repository/commons-logging/commons-logging/1.0.4/commons-logging-1.0.4.jar
7fe90492e000-7fe904932000 r--s 00026000 08:01 1062806                    /home/wji/.m2/repository/commons-digester/commons-digester/1.6/commons-digester-1.6.jar
7fe904932000-7fe904937000 r--s 0002a000 08:01 1063188                    /home/wji/.m2/repository/commons-beanutils/commons-beanutils/1.7.0/commons-beanutils-1.7.0.jar
7fe904937000-7fe90493a000 r--s 00014000 08:01 1063186                    /home/wji/.m2/repository/commons-validator/commons-validator/1.2.0/commons-validator-1.2.0.jar
7fe90493a000-7fe90493c000 r--s 00007000 08:01 1062979                    /home/wji/.m2/repository/org/codehaus/plexus/plexus-interpolation/1.1/plexus-interpolation-1.1.jar
7fe90493c000-7fe90493e000 r--s 00006000 08:01 818480                     /home/wji/.m2/repository/org/apache/maven/maven-plugin-registry/2.0.10/maven-plugin-registry-2.0.10.jar
7fe90493e000-7fe904940000 r--s 00008000 08:01 549579                     /home/wji/.m2/repository/org/apache/maven/maven-profile/2.0.10/maven-profile-2.0.10.jar
7fe904940000-7fe904942000 r--s 0000b000 08:01 281118                     /home/wji/.m2/repository/org/apache/maven/maven-settings/2.0.10/maven-settings-2.0.10.jar
7fe904942000-7fe904945000 r--s 0001c000 08:01 1063185                    /home/wji/.m2/repository/org/apache/maven/maven-project/2.0.10/maven-project-2.0.10.jar
7fe904945000-7fe904947000 r--s 00003000 08:01 549577                     /home/wji/.m2/repository/org/apache/maven/reporting/maven-reporting-impl/2.1/maven-reporting-impl-2.1.jar
7fe904947000-7fe9049b6000 r--s 00637000 08:01 1063183                    /home/wji/.m2/repository/org/codehaus/groovy/groovy-all/2.4.3/groovy-all-2.4.3.jar
7fe9049b6000-7fe9049b7000 r--s 00004000 08:01 1063182                    /home/wji/.m2/repository/org/apache/ant/ant-launcher/1.9.4/ant-launcher-1.9.4.jar
7fe9049b7000-7fe9049d5000 r--s 001cf000 08:01 1063178                    /home/wji/.m2/repository/org/apache/ant/ant/1.9.4/ant-1.9.4.jar
7fe9049d5000-7fe9049db000 r--s 00033000 08:01 1063176                    /home/wji/.m2/repository/jaxen/jaxen/1.1.6/jaxen-1.1.6.jar
7fe9049db000-7fe9049dc000 r--s 00002000 08:01 1063174                    /home/wji/.m2/repository/com/apple/AppleJavaExtensions/1.4/AppleJavaExtensions-1.4.jar
7fe9049dc000-7fe9049e1000 r--s 00041000 08:01 1063169                    /home/wji/.m2/repository/commons-lang/commons-lang/2.6/commons-lang-2.6.jar
7fe9049e1000-7fe9049e2000 r--s 0000c000 08:01 818481                     /home/wji/.m2/repository/org/ow2/asm/asm/5.0.2/asm-5.0.2.jar
7fe9049e2000-7fe9049e4000 r--s 00006000 08:01 818479                     /home/wji/.m2/repository/org/ow2/asm/asm-tree/5.0.2/asm-tree-5.0.2.jar
7fe9049e4000-7fe9049e6000 r--s 00009000 08:01 549575                     /home/wji/.m2/repository/org/ow2/asm/asm-commons/5.0.2/asm-commons-5.0.2.jar
7fe9049e6000-7fe9049eb000 r--s 00058000 08:01 281116                     /home/wji/.m2/repository/org/ow2/asm/asm-debug-all/5.0.2/asm-debug-all-5.0.2.jar
7fe9049eb000-7fe9049f0000 r--s 00016000 08:01 1063170                    /home/wji/.m2/repository/xml-apis/xml-apis/1.0.b2/xml-apis-1.0.b2.jar
7fe9049f0000-7fe9049f5000 r--s 00048000 08:01 1063168                    /home/wji/.m2/repository/dom4j/dom4j/1.6.1/dom4j-1.6.1.jar
7fe9049f5000-7fe9049f7000 r--s 00005000 08:01 949724                     /home/wji/.m2/repository/com/google/code/findbugs/jFormatString/2.0.1/jFormatString-2.0.1.jar
7fe9049f7000-7fe904a01000 r--s 0008c000 08:01 949722                     /home/wji/.m2/repository/com/google/code/findbugs/bcel-findbugs/6.0/bcel-findbugs-6.0.jar
7fe904a01000-7fe904a03000 r--s 00006000 08:01 549327                     /home/wji/.m2/repository/com/google/code/findbugs/jsr305/2.0.1/jsr305-2.0.1.jar
7fe904a03000-7fe904a32000 r--s 00371000 08:01 949720                     /home/wji/.m2/repository/com/google/code/findbugs/findbugs/3.0.1/findbugs-3.0.1.jar
7fe904a32000-7fe904a37000 r--s 0003b000 08:01 545088                     /usr/lib/jvm/java-8-openjdk-amd64/jre/lib/ext/sunjce_provider.jar
7fe904a37000-7fe904a52000 r--s 001d6000 08:01 545094                     /usr/lib/jvm/java-8-openjdk-amd64/jre/lib/ext/nashorn.jar
7fe904a52000-7fe904a6d000 r--s 00394000 08:01 545092                     /usr/lib/jvm/java-8-openjdk-amd64/jre/lib/ext/cldrdata.jar
7fe904a6d000-7fe904a6e000 ---p 00000000 00:00 0 
7fe904a6e000-7fe904b6e000 rw-p 00000000 00:00 0 
7fe904b6e000-7fe904b71000 ---p 00000000 00:00 0 
7fe904b71000-7fe904c6f000 rw-p 00000000 00:00 0 
7fe904c6f000-7fe904c72000 ---p 00000000 00:00 0 
7fe904c72000-7fe904d70000 rw-p 00000000 00:00 0 
7fe904d70000-7fe904d73000 ---p 00000000 00:00 0 
7fe904d73000-7fe904e71000 rw-p 00000000 00:00 0 
7fe904e71000-7fe904e74000 ---p 00000000 00:00 0 
7fe904e74000-7fe904f72000 rw-p 00000000 00:00 0 
7fe904f72000-7fe905931000 r--p 00000000 08:01 662964                     /usr/lib/locale/locale-archive
7fe905931000-7fe905934000 ---p 00000000 00:00 0 
7fe905934000-7fe905a32000 rw-p 00000000 00:00 0 
7fe905a32000-7fe905a35000 ---p 00000000 00:00 0 
7fe905a35000-7fe905b33000 rw-p 00000000 00:00 0 
7fe905b33000-7fe905b34000 ---p 00000000 00:00 0 
7fe905b34000-7fe905c82000 rw-p 00000000 00:00 0 
7fe905c82000-7fe905e50000 r--s 03c2c000 08:01 545117                     /usr/lib/jvm/java-8-openjdk-amd64/jre/lib/rt.jar
7fe905e50000-7fe906721000 rw-p 00000000 00:00 0 
7fe906721000-7fe906751000 rw-p 00000000 00:00 0 
7fe906751000-7fe906776000 ---p 00000000 00:00 0 
7fe906776000-7fe9067d7000 rw-p 00000000 00:00 0 
7fe9067d7000-7fe906821000 ---p 00000000 00:00 0 
7fe906821000-7fe906896000 rw-p 00000000 00:00 0 
7fe906896000-7fe906be2000 ---p 00000000 00:00 0 
7fe906be2000-7fe906bea000 r-xp 00000000 08:01 545132                     /usr/lib/jvm/java-8-openjdk-amd64/jre/lib/amd64/libzip.so
7fe906bea000-7fe906de9000 ---p 00008000 08:01 545132                     /usr/lib/jvm/java-8-openjdk-amd64/jre/lib/amd64/libzip.so
7fe906de9000-7fe906dea000 r--p 00007000 08:01 545132                     /usr/lib/jvm/java-8-openjdk-amd64/jre/lib/amd64/libzip.so
7fe906dea000-7fe906deb000 rw-p 00008000 08:01 545132                     /usr/lib/jvm/java-8-openjdk-amd64/jre/lib/amd64/libzip.so
7fe906deb000-7fe906df6000 r-xp 00000000 08:01 398864                     /lib/x86_64-linux-gnu/libnss_files-2.23.so
7fe906df6000-7fe906ff5000 ---p 0000b000 08:01 398864                     /lib/x86_64-linux-gnu/libnss_files-2.23.so
7fe906ff5000-7fe906ff6000 r--p 0000a000 08:01 398864                     /lib/x86_64-linux-gnu/libnss_files-2.23.so
7fe906ff6000-7fe906ff7000 rw-p 0000b000 08:01 398864                     /lib/x86_64-linux-gnu/libnss_files-2.23.so
7fe906ff7000-7fe906ffd000 rw-p 00000000 00:00 0 
7fe906ffd000-7fe907008000 r-xp 00000000 08:01 398874                     /lib/x86_64-linux-gnu/libnss_nis-2.23.so
7fe907008000-7fe907207000 ---p 0000b000 08:01 398874                     /lib/x86_64-linux-gnu/libnss_nis-2.23.so
7fe907207000-7fe907208000 r--p 0000a000 08:01 398874                     /lib/x86_64-linux-gnu/libnss_nis-2.23.so
7fe907208000-7fe907209000 rw-p 0000b000 08:01 398874                     /lib/x86_64-linux-gnu/libnss_nis-2.23.so
7fe907209000-7fe90721f000 r-xp 00000000 08:01 398858                     /lib/x86_64-linux-gnu/libnsl-2.23.so
7fe90721f000-7fe90741e000 ---p 00016000 08:01 398858                     /lib/x86_64-linux-gnu/libnsl-2.23.so
7fe90741e000-7fe90741f000 r--p 00015000 08:01 398858                     /lib/x86_64-linux-gnu/libnsl-2.23.so
7fe90741f000-7fe907420000 rw-p 00016000 08:01 398858                     /lib/x86_64-linux-gnu/libnsl-2.23.so
7fe907420000-7fe907422000 rw-p 00000000 00:00 0 
7fe907422000-7fe90742a000 r-xp 00000000 08:01 398860                     /lib/x86_64-linux-gnu/libnss_compat-2.23.so
7fe90742a000-7fe907629000 ---p 00008000 08:01 398860                     /lib/x86_64-linux-gnu/libnss_compat-2.23.so
7fe907629000-7fe90762a000 r--p 00007000 08:01 398860                     /lib/x86_64-linux-gnu/libnss_compat-2.23.so
7fe90762a000-7fe90762b000 rw-p 00008000 08:01 398860                     /lib/x86_64-linux-gnu/libnss_compat-2.23.so
7fe90762b000-7fe907658000 r-xp 00000000 08:01 545135                     /usr/lib/jvm/java-8-openjdk-amd64/jre/lib/amd64/libjava.so
7fe907658000-7fe907857000 ---p 0002d000 08:01 545135                     /usr/lib/jvm/java-8-openjdk-amd64/jre/lib/amd64/libjava.so
7fe907857000-7fe907858000 r--p 0002c000 08:01 545135                     /usr/lib/jvm/java-8-openjdk-amd64/jre/lib/amd64/libjava.so
7fe907858000-7fe90785a000 rw-p 0002d000 08:01 545135                     /usr/lib/jvm/java-8-openjdk-amd64/jre/lib/amd64/libjava.so
7fe90785a000-7fe907869000 r-xp 00000000 08:01 545145                     /usr/lib/jvm/java-8-openjdk-amd64/jre/lib/amd64/libverify.so
7fe907869000-7fe907a68000 ---p 0000f000 08:01 545145                     /usr/lib/jvm/java-8-openjdk-amd64/jre/lib/amd64/libverify.so
7fe907a68000-7fe907a6a000 r--p 0000e000 08:01 545145                     /usr/lib/jvm/java-8-openjdk-amd64/jre/lib/amd64/libverify.so
7fe907a6a000-7fe907a6b000 rw-p 00010000 08:01 545145                     /usr/lib/jvm/java-8-openjdk-amd64/jre/lib/amd64/libverify.so
7fe907a6b000-7fe907a72000 r-xp 00000000 08:01 398919                     /lib/x86_64-linux-gnu/librt-2.23.so
7fe907a72000-7fe907c71000 ---p 00007000 08:01 398919                     /lib/x86_64-linux-gnu/librt-2.23.so
7fe907c71000-7fe907c72000 r--p 00006000 08:01 398919                     /lib/x86_64-linux-gnu/librt-2.23.so
7fe907c72000-7fe907c73000 rw-p 00007000 08:01 398919                     /lib/x86_64-linux-gnu/librt-2.23.so
7fe907c73000-7fe907c89000 r-xp 00000000 08:01 398803                     /lib/x86_64-linux-gnu/libgcc_s.so.1
7fe907c89000-7fe907e88000 ---p 00016000 08:01 398803                     /lib/x86_64-linux-gnu/libgcc_s.so.1
7fe907e88000-7fe907e89000 rw-p 00015000 08:01 398803                     /lib/x86_64-linux-gnu/libgcc_s.so.1
7fe907e89000-7fe907f91000 r-xp 00000000 08:01 398835                     /lib/x86_64-linux-gnu/libm-2.23.so
7fe907f91000-7fe908190000 ---p 00108000 08:01 398835                     /lib/x86_64-linux-gnu/libm-2.23.so
7fe908190000-7fe908191000 r--p 00107000 08:01 398835                     /lib/x86_64-linux-gnu/libm-2.23.so
7fe908191000-7fe908192000 rw-p 00108000 08:01 398835                     /lib/x86_64-linux-gnu/libm-2.23.so
7fe908192000-7fe908304000 r-xp 00000000 08:01 665807                     /usr/lib/x86_64-linux-gnu/libstdc++.so.6.0.21
7fe908304000-7fe908504000 ---p 00172000 08:01 665807                     /usr/lib/x86_64-linux-gnu/libstdc++.so.6.0.21
7fe908504000-7fe90850e000 r--p 00172000 08:01 665807                     /usr/lib/x86_64-linux-gnu/libstdc++.so.6.0.21
7fe90850e000-7fe908510000 rw-p 0017c000 08:01 665807                     /usr/lib/x86_64-linux-gnu/libstdc++.so.6.0.21
7fe908510000-7fe908514000 rw-p 00000000 00:00 0 
7fe908514000-7fe90916c000 r-xp 00000000 08:01 545130                     /usr/lib/jvm/java-8-openjdk-amd64/jre/lib/amd64/server/libjvm.so
7fe90916c000-7fe90936c000 ---p 00c58000 08:01 545130                     /usr/lib/jvm/java-8-openjdk-amd64/jre/lib/amd64/server/libjvm.so
7fe90936c000-7fe9093ff000 r--p 00c58000 08:01 545130                     /usr/lib/jvm/java-8-openjdk-amd64/jre/lib/amd64/server/libjvm.so
7fe9093ff000-7fe909428000 rw-p 00ceb000 08:01 545130                     /usr/lib/jvm/java-8-openjdk-amd64/jre/lib/amd64/server/libjvm.so
7fe909428000-7fe909458000 rw-p 00000000 00:00 0 
7fe909458000-7fe909470000 r-xp 00000000 08:01 398911                     /lib/x86_64-linux-gnu/libpthread-2.23.so
7fe909470000-7fe90966f000 ---p 00018000 08:01 398911                     /lib/x86_64-linux-gnu/libpthread-2.23.so
7fe90966f000-7fe909670000 r--p 00017000 08:01 398911                     /lib/x86_64-linux-gnu/libpthread-2.23.so
7fe909670000-7fe909671000 rw-p 00018000 08:01 398911                     /lib/x86_64-linux-gnu/libpthread-2.23.so
7fe909671000-7fe909675000 rw-p 00000000 00:00 0 
7fe909675000-7fe909678000 r-xp 00000000 08:01 398789                     /lib/x86_64-linux-gnu/libdl-2.23.so
7fe909678000-7fe909877000 ---p 00003000 08:01 398789                     /lib/x86_64-linux-gnu/libdl-2.23.so
7fe909877000-7fe909878000 r--p 00002000 08:01 398789                     /lib/x86_64-linux-gnu/libdl-2.23.so
7fe909878000-7fe909879000 rw-p 00003000 08:01 398789                     /lib/x86_64-linux-gnu/libdl-2.23.so
7fe909879000-7fe909892000 r-xp 00000000 08:01 398956                     /lib/x86_64-linux-gnu/libz.so.1.2.8
7fe909892000-7fe909a91000 ---p 00019000 08:01 398956                     /lib/x86_64-linux-gnu/libz.so.1.2.8
7fe909a91000-7fe909a92000 r--p 00018000 08:01 398956                     /lib/x86_64-linux-gnu/libz.so.1.2.8
7fe909a92000-7fe909a93000 rw-p 00019000 08:01 398956                     /lib/x86_64-linux-gnu/libz.so.1.2.8
7fe909a93000-7fe909c52000 r-xp 00000000 08:01 398765                     /lib/x86_64-linux-gnu/libc-2.23.so
7fe909c52000-7fe909e52000 ---p 001bf000 08:01 398765                     /lib/x86_64-linux-gnu/libc-2.23.so
7fe909e52000-7fe909e56000 r--p 001bf000 08:01 398765                     /lib/x86_64-linux-gnu/libc-2.23.so
7fe909e56000-7fe909e58000 rw-p 001c3000 08:01 398765                     /lib/x86_64-linux-gnu/libc-2.23.so
7fe909e58000-7fe909e5c000 rw-p 00000000 00:00 0 
7fe909e5c000-7fe909e69000 r-xp 00000000 08:01 545141                     /usr/lib/jvm/java-8-openjdk-amd64/jre/lib/amd64/jli/libjli.so
7fe909e69000-7fe90a069000 ---p 0000d000 08:01 545141                     /usr/lib/jvm/java-8-openjdk-amd64/jre/lib/amd64/jli/libjli.so
7fe90a069000-7fe90a06a000 r--p 0000d000 08:01 545141                     /usr/lib/jvm/java-8-openjdk-amd64/jre/lib/amd64/jli/libjli.so
7fe90a06a000-7fe90a06b000 rw-p 0000e000 08:01 545141                     /usr/lib/jvm/java-8-openjdk-amd64/jre/lib/amd64/jli/libjli.so
7fe90a06b000-7fe90a091000 r-xp 00000000 08:01 398737                     /lib/x86_64-linux-gnu/ld-2.23.so
7fe90a091000-7fe90a092000 r--s 00000000 08:01 1062163                    /home/wji/.m2/repository/net/jcip/jcip-annotations/1.0/jcip-annotations-1.0.jar
7fe90a092000-7fe90a095000 r--s 00020000 08:01 1062093                    /home/wji/.m2/repository/org/codehaus/mojo/findbugs-maven-plugin/3.0.2/findbugs-maven-plugin-3.0.2.jar
7fe90a095000-7fe90a098000 r--s 00038000 08:01 545085                     /usr/lib/jvm/java-8-openjdk-amd64/jre/lib/ext/sunpkcs11.jar
7fe90a098000-7fe90a09a000 r--s 00008000 08:01 545090                     /usr/lib/jvm/java-8-openjdk-amd64/jre/lib/ext/sunec.jar
7fe90a09a000-7fe90a09d000 r--s 0000f000 08:01 545087                     /usr/lib/jvm/java-8-openjdk-amd64/jre/lib/ext/icedtea-sound.jar
7fe90a09d000-7fe90a09e000 r--s 00010000 08:01 545093                     /usr/lib/jvm/java-8-openjdk-amd64/jre/lib/ext/zipfs.jar
7fe90a09e000-7fe90a09f000 r--s 0000a000 08:01 545089                     /usr/lib/jvm/java-8-openjdk-amd64/jre/lib/ext/jaccess.jar
7fe90a09f000-7fe90a128000 rw-p 00000000 00:00 0 
7fe90a128000-7fe90a172000 ---p 00000000 00:00 0 
7fe90a172000-7fe90a175000 ---p 00000000 00:00 0 
7fe90a175000-7fe90a278000 rw-p 00000000 00:00 0 
7fe90a278000-7fe90a27a000 r--s 00001000 08:01 545091                     /usr/lib/jvm/java-8-openjdk-amd64/jre/lib/ext/dnsns.jar
7fe90a27a000-7fe90a284000 r--s 00116000 08:01 545086                     /usr/lib/jvm/java-8-openjdk-amd64/jre/lib/ext/localedata.jar
7fe90a284000-7fe90a28c000 rw-s 00000000 08:01 281539                     /tmp/hsperfdata_wji/16345
7fe90a28c000-7fe90a28d000 rw-p 00000000 00:00 0 
7fe90a28d000-7fe90a28e000 ---p 00000000 00:00 0 
7fe90a28e000-7fe90a290000 rw-p 00000000 00:00 0 
7fe90a290000-7fe90a291000 r--p 00025000 08:01 398737                     /lib/x86_64-linux-gnu/ld-2.23.so
7fe90a291000-7fe90a292000 rw-p 00026000 08:01 398737                     /lib/x86_64-linux-gnu/ld-2.23.so
7fe90a292000-7fe90a293000 rw-p 00000000 00:00 0 
7ffcb0d93000-7ffcb0db6000 rw-p 00000000 00:00 0                          [stack]
7ffcb0dc2000-7ffcb0dc4000 r--p 00000000 00:00 0                          [vvar]
7ffcb0dc4000-7ffcb0dc6000 r-xp 00000000 00:00 0                          [vdso]
ffffffffff600000-ffffffffff601000 r-xp 00000000 00:00 0                  [vsyscall]

VM Arguments:
jvm_args: -Xmx512m -Dfile.encoding=UTF-8 
java_command: edu.umd.cs.findbugs.FindBugs2 -xml:withMessages -auxclasspathFromInput -projectName Alluxio Core - Common Utilities -effort:max -low -nested:false -exclude /home/wji/bigdata/alluxio/core/common/target/findbugs-exclude.xml -output /home/wji/bigdata/alluxio/core/common/target/findbugsTemp.xml /home/wji/bigdata/alluxio/core/common/target/classes
java_class_path (initial): /home/wji/.m2/repository/org/codehaus/mojo/findbugs-maven-plugin/3.0.2/findbugs-maven-plugin-3.0.2.jar:/home/wji/.m2/repository/com/google/code/findbugs/findbugs/3.0.1/findbugs-3.0.1.jar:/home/wji/.m2/repository/net/jcip/jcip-annotations/1.0/jcip-annotations-1.0.jar:/home/wji/.m2/repository/com/google/code/findbugs/jsr305/2.0.1/jsr305-2.0.1.jar:/home/wji/.m2/repository/com/google/code/findbugs/bcel-findbugs/6.0/bcel-findbugs-6.0.jar:/home/wji/.m2/repository/com/google/code/findbugs/jFormatString/2.0.1/jFormatString-2.0.1.jar:/home/wji/.m2/repository/dom4j/dom4j/1.6.1/dom4j-1.6.1.jar:/home/wji/.m2/repository/xml-apis/xml-apis/1.0.b2/xml-apis-1.0.b2.jar:/home/wji/.m2/repository/org/ow2/asm/asm-debug-all/5.0.2/asm-debug-all-5.0.2.jar:/home/wji/.m2/repository/org/ow2/asm/asm-commons/5.0.2/asm-commons-5.0.2.jar:/home/wji/.m2/repository/org/ow2/asm/asm-tree/5.0.2/asm-tree-5.0.2.jar:/home/wji/.m2/repository/org/ow2/asm/asm/5.0.2/asm-5.0.2.jar:/home/wji/.m2/repository/commons-lang/commons-lang/2.6/commons-lang-2.6.jar:/home/wji/.m2/repository/com/apple/AppleJavaExtensions/1.4/AppleJavaExtensions-1.4.jar:/home/wji/.m2/repository/jaxen/jaxen/1.1.6/jaxen-1.1.6.jar:/home/wji/.m2/repository/org/apache/ant/ant/1.9.4/ant-1.9.4.jar:/home/wji/.m2/repository/org/apache/ant/ant-launcher/1.9.4/ant-launcher-1.9.4.jar:/home/wji/.m2/repository/org/codehaus/groovy/groovy-all/2.4.3/groovy-all-2.4.3.jar:/home/wji/.m2/repository/org/apache/maven/reporting/maven-reporting-impl/2.1/maven-reporting-impl-2.1.jar:/home/wji/.m2/repository/org/apache/maven/maven-project/2.0.10/maven-project-2.0.10.jar:/home/wji/.m2/repository/org/apache/maven/maven-settings/2.0.10/maven-settings-2.0.10.jar:/home/wji/.m2/repository/org/apache/maven/maven-profile/2.0.10/maven-profile-2.0.10.jar:/home/wji/.m2/repository/org/apache/maven/maven-plugin-registry/2.0.10/maven-plugin-registry-2.0.10.jar:/home/wji/.m2/repository/org/codehaus/plexus/plexus-interpolation/1.1/plexus-interpolation-1.1
Launcher Type: SUN_STANDARD

Environment Variables:
JAVA_HOME=/usr/lib/jvm/java-1.8.0-openjdk-amd64
CLASSPATH=.:/usr/lib/jvm/java-1.8.0-openjdk-amd64/lib.tools.jar
PATH=/usr/local/sbin:/usr/local/bin:/usr/sbin:/usr/bin:/sbin:/bin:/usr/games:/usr/local/games
SHELL=/bin/bash
DISPLAY=:0

Signal Handlers:
SIGSEGV: [libjvm.so+0xa6dcc0], sa_mask[0]=11111111011111111101111111111110, sa_flags=SA_RESTART|SA_SIGINFO
SIGBUS: [libjvm.so+0xa6dcc0], sa_mask[0]=11111111011111111101111111111110, sa_flags=SA_RESTART|SA_SIGINFO
SIGFPE: [libjvm.so+0x8b5350], sa_mask[0]=11111111011111111101111111111110, sa_flags=SA_RESTART|SA_SIGINFO
SIGPIPE: [libjvm.so+0x8b5350], sa_mask[0]=11111111011111111101111111111110, sa_flags=SA_RESTART|SA_SIGINFO
SIGXFSZ: [libjvm.so+0x8b5350], sa_mask[0]=11111111011111111101111111111110, sa_flags=SA_RESTART|SA_SIGINFO
SIGILL: [libjvm.so+0x8b5350], sa_mask[0]=11111111011111111101111111111110, sa_flags=SA_RESTART|SA_SIGINFO
SIGUSR1: SIG_DFL, sa_mask[0]=00000000000000000000000000000000, sa_flags=none
SIGUSR2: [libjvm.so+0x8b5200], sa_mask[0]=00100000000000000000000000000000, sa_flags=SA_RESTART|SA_SIGINFO
SIGHUP: [libjvm.so+0x8b56d0], sa_mask[0]=11111111011111111101111111111110, sa_flags=SA_RESTART|SA_SIGINFO
SIGINT: [libjvm.so+0x8b56d0], sa_mask[0]=11111111011111111101111111111110, sa_flags=SA_RESTART|SA_SIGINFO
SIGTERM: [libjvm.so+0x8b56d0], sa_mask[0]=11111111011111111101111111111110, sa_flags=SA_RESTART|SA_SIGINFO
SIGQUIT: [libjvm.so+0x8b56d0], sa_mask[0]=11111111011111111101111111111110, sa_flags=SA_RESTART|SA_SIGINFO


---------------  S Y S T E M  ---------------

OS:DISTRIB_ID=Ubuntu
DISTRIB_RELEASE=16.04
DISTRIB_CODENAME=xenial
DISTRIB_DESCRIPTION="Ubuntu 16.04.2 LTS"

uname:Linux 4.8.0-36-generic #36~16.04.1-Ubuntu SMP Sun Feb 5 09:39:57 UTC 2017 x86_64
libc:glibc 2.23 NPTL 2.23 
rlimit: STACK 8192k, CORE 0k, NPROC 3726, NOFILE 65536, AS infinity
load average:8.74 4.20 1.90

/proc/meminfo:
MemTotal:         996380 kB
MemFree:           61160 kB
MemAvailable:      12668 kB
Buffers:             300 kB
Cached:            21664 kB
SwapCached:          360 kB
Active:           324464 kB
Inactive:         327012 kB
Active(anon):     315664 kB
Inactive(anon):   313860 kB
Active(file):       8800 kB
Inactive(file):    13152 kB
Unevictable:          32 kB
Mlocked:              32 kB
SwapTotal:       1046524 kB
SwapFree:            184 kB
Dirty:                96 kB
Writeback:             0 kB
AnonPages:        629196 kB
Mapped:            17220 kB
Shmem:                 8 kB
Slab:              70768 kB
SReclaimable:      23536 kB
SUnreclaim:        47232 kB
KernelStack:       10832 kB
PageTables:        31860 kB
NFS_Unstable:          0 kB
Bounce:                0 kB
WritebackTmp:          0 kB
CommitLimit:     1544712 kB
Committed_AS:    4818648 kB
VmallocTotal:   34359738367 kB
VmallocUsed:           0 kB
VmallocChunk:          0 kB
HardwareCorrupted:     0 kB
AnonHugePages:     43008 kB
ShmemHugePages:        0 kB
ShmemPmdMapped:        0 kB
CmaTotal:              0 kB
CmaFree:               0 kB
HugePages_Total:       0
HugePages_Free:        0
HugePages_Rsvd:        0
HugePages_Surp:        0
Hugepagesize:       2048 kB
DirectMap4k:      106368 kB
DirectMap2M:      942080 kB
DirectMap1G:           0 kB


CPU:total 1 (initial active 1) (1 cores per cpu, 1 threads per core) family 6 model 94 stepping 3, cmov, cx8, fxsr, mmx, sse, sse2, sse3, ssse3, sse4.1, sse4.2, popcnt, avx, avx2, aes, clmul, erms, rtm, 3dnowpref, lzcnt, tsc, tscinvbit, bmi1, bmi2, adx

/proc/cpuinfo:
processor	: 0
vendor_id	: GenuineIntel
cpu family	: 6
model		: 94
model name	: Intel(R) Core(TM) i7-6700HQ CPU @ 2.60GHz
stepping	: 3
microcode	: 0xba
cpu MHz		: 2591.659
cache size	: 6144 KB
physical id	: 0
siblings	: 1
core id		: 0
cpu cores	: 1
apicid		: 0
initial apicid	: 0
fpu		: yes
fpu_exception	: yes
cpuid level	: 22
wp		: yes
flags		: fpu vme de pse tsc msr pae mce cx8 apic sep mtrr pge mca cmov pat pse36 clflush dts mmx fxsr sse sse2 ss syscall nx pdpe1gb rdtscp lm constant_tsc arch_perfmon pebs bts nopl xtopology tsc_reliable nonstop_tsc aperfmperf eagerfpu pni pclmulqdq ssse3 fma cx16 pcid sse4_1 sse4_2 x2apic movbe popcnt tsc_deadline_timer aes xsave avx f16c rdrand hypervisor lahf_lm abm 3dnowprefetch epb fsgsbase tsc_adjust bmi1 hle avx2 smep bmi2 invpcid rtm rdseed adx smap xsaveopt dtherm ida arat pln pts hwp hwp_notify hwp_act_window hwp_epp
bugs		:
bogomips	: 5183.99
clflush size	: 64
cache_alignment	: 64
address sizes	: 42 bits physical, 48 bits virtual
power management:



Memory: 4k page, physical 996380k(61160k free), swap 1046524k(184k free)

vm_info: OpenJDK 64-Bit Server VM (25.162-b12) for linux-amd64 JRE (1.8.0_162-8u162-b12-0ubuntu0.16.04.2-b12), built on Mar 14 2018 12:11:18 by "buildd" with gcc 5.4.0 20160609

time: Thu Apr  5 17:10:24 2018
elapsed time: 256 seconds (0d 0h 4m 16s)

