#
# There is insufficient memory for the Java Runtime Environment to continue.
# Native memory allocation (mmap) failed to map 34729984 bytes for committing reserved memory.
# Possible reasons:
#   The system is out of physical RAM or swap space
#   The process is running with CompressedOops enabled, and the Java Heap may be blocking the growth of the native heap
# Possible solutions:
#   Reduce memory load on the system
#   Increase physical memory or swap space
#   Check if swap backing store is full
#   Decrease Java heap size (-Xmx/-Xms)
#   Decrease number of Java threads
#   Decrease Java thread stack sizes (-Xss)
#   Set larger code cache with -XX:ReservedCodeCacheSize=
#   JVM is running with Unscaled Compressed Oops mode in which the Java heap is
#     placed in the first 4GB address space. The Java Heap base address is the
#     maximum limit for the native heap growth. Please use -XX:HeapBaseMinAddress
#     to set the Java Heap base and to place the Java Heap above 4GB virtual address.
# This output file may be truncated or incomplete.
#
#  Out of Memory Error (os_linux.cpp:2749), pid=3312, tid=0x00007f1730458700
#
# JRE version: Java(TM) SE Runtime Environment (8.0_201-b09) (build 1.8.0_201-b09)
# Java VM: Java HotSpot(TM) 64-Bit Server VM (25.201-b09 mixed mode linux-amd64 compressed oops)
# Failed to write core dump. Core dumps have been disabled. To enable core dumping, try "ulimit -c unlimited" before starting Java again
#

---------------  T H R E A D  ---------------

Current thread (0x00007f172c070800):  VMThread [stack: 0x00007f1730359000,0x00007f1730459000] [id=3331]

Stack: [0x00007f1730359000,0x00007f1730459000],  sp=0x00007f1730457450,  free space=1017k
Native frames: (J=compiled Java code, j=interpreted, Vv=VM code, C=native code)
V  [libjvm.so+0xad3525]  VMError::report_and_die()+0x2e5
V  [libjvm.so+0x4e0457]  report_vm_out_of_memory(char const*, int, unsigned long, VMErrorType, char const*)+0x67
V  [libjvm.so+0x9102f0]  os::pd_commit_memory(char*, unsigned long, unsigned long, bool)+0x100
V  [libjvm.so+0x90791f]  os::commit_memory(char*, unsigned long, unsigned long, bool)+0x1f
V  [libjvm.so+0xacfda0]  VirtualSpace::expand_by(unsigned long, bool)+0x140
V  [libjvm.so+0x5ebaee]  OneContigSpaceCardGeneration::grow_by(unsigned long)+0x1e
V  [libjvm.so+0x5ec5d1]  OneContigSpaceCardGeneration::expand(unsigned long, unsigned long)+0xa1
V  [libjvm.so+0x5d8645]  GenCollectedHeap::do_collection(bool, bool, unsigned long, bool, int)+0xa05
V  [libjvm.so+0x460cec]  GenCollectorPolicy::satisfy_failed_allocation(unsigned long, bool)+0xfc
V  [libjvm.so+0xad43bf]  VM_GenCollectForAllocation::doit()+0x8f
V  [libjvm.so+0xada296]  VM_Operation::evaluate()+0x46
V  [libjvm.so+0xad85cd]  VMThread::evaluate_operation(VM_Operation*) [clone .constprop.44]+0xcd
V  [libjvm.so+0xad8bb3]  VMThread::loop()+0x3a3
V  [libjvm.so+0xad8f88]  VMThread::run()+0x78
V  [libjvm.so+0x90d922]  java_start(Thread*)+0x102

VM_Operation (0x00007f173446cea0): GenCollectForAllocation, mode: safepoint, requested by thread 0x00007f172c00b800


---------------  P R O C E S S  ---------------

Java Threads: ( => current thread )
  0x00007f172c0b6000 JavaThread "Service Thread" daemon [_thread_blocked, id=3337, stack(0x00007f171c32e000,0x00007f171c42f000)]
  0x00007f172c0b3000 JavaThread "C1 CompilerThread1" daemon [_thread_blocked, id=3336, stack(0x00007f171c430000,0x00007f171c530000)]
  0x00007f172c0b1000 JavaThread "C2 CompilerThread0" daemon [_thread_blocked, id=3335, stack(0x00007f171c531000,0x00007f171c631000)]
  0x00007f172c0af800 JavaThread "Signal Dispatcher" daemon [_thread_blocked, id=3334, stack(0x00007f1730055000,0x00007f1730156000)]
  0x00007f172c07c800 JavaThread "Finalizer" daemon [_thread_blocked, id=3333, stack(0x00007f1730156000,0x00007f1730257000)]
  0x00007f172c07a000 JavaThread "Reference Handler" daemon [_thread_blocked, id=3332, stack(0x00007f1730257000,0x00007f1730358000)]
  0x00007f172c00b800 JavaThread "main" [_thread_blocked, id=3330, stack(0x00007f1734371000,0x00007f1734471000)]

Other Threads:
=>0x00007f172c070800 VMThread [stack: 0x00007f1730359000,0x00007f1730459000] [id=3331]
  0x00007f172c0b9000 WatcherThread [stack: 0x00007f171c22e000,0x00007f171c32e000] [id=3338]

VM state:at safepoint (normal execution)

VM Mutex/Monitor currently owned by a thread:  ([mutex/lock_event])
[0x00007f172c0080d0] Threads_lock - owner thread: 0x00007f172c070800
[0x00007f172c0085d0] Heap_lock - owner thread: 0x00007f172c00b800

heap address: 0x00000000e1200000, size: 494 MB, Compressed Oops mode: 32-bit
Narrow klass base: 0x0000000000000000, Narrow klass shift: 3
Compressed class space size: 1073741824 Address: 0x0000000100000000

Heap:
 def new generation   total 22720K, used 0K [0x00000000e1200000, 0x00000000e2aa0000, 0x00000000eb6a0000)
  eden space 20224K,   0% used [0x00000000e1200000, 0x00000000e1200000, 0x00000000e25c0000)
  from space 2496K,   0% used [0x00000000e2830000, 0x00000000e2830000, 0x00000000e2aa0000)
  to   space 2496K,   0% used [0x00000000e25c0000, 0x00000000e25c0000, 0x00000000e2830000)
 tenured generation   total 52032K, used 51567K [0x00000000eb6a0000, 0x00000000ee970000, 0x0000000100000000)
   the space 52032K,  99% used [0x00000000eb6a0000, 0x00000000ee8fbcb0, 0x00000000ee8fbe00, 0x00000000ee970000)
 Metaspace       used 30773K, capacity 31446K, committed 31616K, reserved 1077248K
  class space    used 3478K, capacity 3673K, committed 3712K, reserved 1048576K

Card table byte_map: [0x00007f1730f53000,0x00007f173104b000] byte_map_base: 0x00007f173084a000

Polling page: 0x00007f1734486000

CodeCache: size=245760Kb used=18103Kb max_used=18103Kb free=227656Kb
 bounds [0x00007f171d000000, 0x00007f171e1d0000, 0x00007f172c000000]
 total_blobs=5663 nmethods=5215 adapters=359
 compilation: enabled

Compilation events (10 events):
Event: 2118.580 Thread 0x00007f172c0b1000 nmethod 6329 0x00007f171e1c2e10 code [0x00007f171e1c3040, 0x00007f171e1c3bc0]
Event: 2118.583 Thread 0x00007f172c0b1000 6340       4       org.apache.commons.logging.impl.SLF4JLog::isDebugEnabled (10 bytes)
Event: 2118.608 Thread 0x00007f172c0b1000 nmethod 6340 0x00007f171e1bfe90 code [0x00007f171e1bffe0, 0x00007f171e1c0098]
Event: 2118.608 Thread 0x00007f172c0b1000 6337       4       java.lang.AbstractStringBuilder::append (62 bytes)
Event: 2118.729 Thread 0x00007f172c0b3000 6342       3       java.util.WeakHashMap$EntrySet::<init> (6 bytes)
Event: 2118.880 Thread 0x00007f172c0b3000 nmethod 6342 0x00007f171e1bf890 code [0x00007f171e1bfa00, 0x00007f171e1bfcf0]
Event: 2118.920 Thread 0x00007f172c0b3000 6344       3       java.util.WeakHashMap$EntryIterator::<init> (6 bytes)
Event: 2119.037 Thread 0x00007f172c0b3000 nmethod 6344 0x00007f171e1c29d0 code [0x00007f171e1c2b40, 0x00007f171e1c2d40]
Event: 2119.071 Thread 0x00007f172c0b3000 6343       3       java.util.WeakHashMap$EntrySet::<init> (10 bytes)
Event: 2119.167 Thread 0x00007f172c0b3000 nmethod 6343 0x00007f171e1c0f90 code [0x00007f171e1c1100, 0x00007f171e1c1390]

GC Heap History (10 events):
Event: 1888.966 GC heap after
Heap after GC invocations=58 (full 2):
 def new generation   total 22720K, used 909K [0x00000000e1200000, 0x00000000e2aa0000, 0x00000000eb6a0000)
  eden space 20224K,   0% used [0x00000000e1200000, 0x00000000e1200000, 0x00000000e25c0000)
  from space 2496K,  36% used [0x00000000e25c0000, 0x00000000e26a3438, 0x00000000e2830000)
  to   space 2496K,   0% used [0x00000000e2830000, 0x00000000e2830000, 0x00000000e2aa0000)
 tenured generation   total 50304K, used 41605K [0x00000000eb6a0000, 0x00000000ee7c0000, 0x0000000100000000)
   the space 50304K,  82% used [0x00000000eb6a0000, 0x00000000edf41640, 0x00000000edf41800, 0x00000000ee7c0000)
 Metaspace       used 26873K, capacity 27518K, committed 27904K, reserved 1073152K
  class space    used 3001K, capacity 3214K, committed 3328K, reserved 1048576K
}
Event: 2098.502 GC heap before
{Heap before GC invocations=58 (full 2):
 def new generation   total 22720K, used 21133K [0x00000000e1200000, 0x00000000e2aa0000, 0x00000000eb6a0000)
  eden space 20224K, 100% used [0x00000000e1200000, 0x00000000e25c0000, 0x00000000e25c0000)
  from space 2496K,  36% used [0x00000000e25c0000, 0x00000000e26a3438, 0x00000000e2830000)
  to   space 2496K,   0% used [0x00000000e2830000, 0x00000000e2830000, 0x00000000e2aa0000)
 tenured generation   total 50304K, used 41605K [0x00000000eb6a0000, 0x00000000ee7c0000, 0x0000000100000000)
   the space 50304K,  82% used [0x00000000eb6a0000, 0x00000000edf41640, 0x00000000edf41800, 0x00000000ee7c0000)
 Metaspace       used 26910K, capacity 27518K, committed 27904K, reserved 1073152K
  class space    used 3005K, capacity 3214K, committed 3328K, reserved 1048576K
Event: 2098.626 GC heap after
Heap after GC invocations=59 (full 2):
 def new generation   total 22720K, used 1589K [0x00000000e1200000, 0x00000000e2aa0000, 0x00000000eb6a0000)
  eden space 20224K,   0% used [0x00000000e1200000, 0x00000000e1200000, 0x00000000e25c0000)
  from space 2496K,  63% used [0x00000000e2830000, 0x00000000e29bd780, 0x00000000e2aa0000)
  to   space 2496K,   0% used [0x00000000e25c0000, 0x00000000e25c0000, 0x00000000e2830000)
 tenured generation   total 50304K, used 41605K [0x00000000eb6a0000, 0x00000000ee7c0000, 0x0000000100000000)
   the space 50304K,  82% used [0x00000000eb6a0000, 0x00000000edf41640, 0x00000000edf41800, 0x00000000ee7c0000)
 Metaspace       used 26910K, capacity 27518K, committed 27904K, reserved 1073152K
  class space    used 3005K, capacity 3214K, committed 3328K, reserved 1048576K
}
Event: 2099.513 GC heap before
{Heap before GC invocations=59 (full 2):
 def new generation   total 22720K, used 21813K [0x00000000e1200000, 0x00000000e2aa0000, 0x00000000eb6a0000)
  eden space 20224K, 100% used [0x00000000e1200000, 0x00000000e25c0000, 0x00000000e25c0000)
  from space 2496K,  63% used [0x00000000e2830000, 0x00000000e29bd780, 0x00000000e2aa0000)
  to   space 2496K,   0% used [0x00000000e25c0000, 0x00000000e25c0000, 0x00000000e2830000)
 tenured generation   total 50304K, used 41605K [0x00000000eb6a0000, 0x00000000ee7c0000, 0x0000000100000000)
   the space 50304K,  82% used [0x00000000eb6a0000, 0x00000000edf41640, 0x00000000edf41800, 0x00000000ee7c0000)
 Metaspace       used 26929K, capacity 27582K, committed 27904K, reserved 1073152K
  class space    used 3006K, capacity 3214K, committed 3328K, reserved 1048576K
Event: 2099.569 GC heap after
Heap after GC invocations=60 (full 2):
 def new generation   total 22720K, used 1276K [0x00000000e1200000, 0x00000000e2aa0000, 0x00000000eb6a0000)
  eden space 20224K,   0% used [0x00000000e1200000, 0x00000000e1200000, 0x00000000e25c0000)
  from space 2496K,  51% used [0x00000000e25c0000, 0x00000000e26ff230, 0x00000000e2830000)
  to   space 2496K,   0% used [0x00000000e2830000, 0x00000000e2830000, 0x00000000e2aa0000)
 tenured generation   total 50304K, used 42423K [0x00000000eb6a0000, 0x00000000ee7c0000, 0x0000000100000000)
   the space 50304K,  84% used [0x00000000eb6a0000, 0x00000000ee00de80, 0x00000000ee00e000, 0x00000000ee7c0000)
 Metaspace       used 26929K, capacity 27582K, committed 27904K, reserved 1073152K
  class space    used 3006K, capacity 3214K, committed 3328K, reserved 1048576K
}
Event: 2103.237 GC heap before
{Heap before GC invocations=60 (full 2):
 def new generation   total 22720K, used 21488K [0x00000000e1200000, 0x00000000e2aa0000, 0x00000000eb6a0000)
  eden space 20224K,  99% used [0x00000000e1200000, 0x00000000e25bd0a8, 0x00000000e25c0000)
  from space 2496K,  51% used [0x00000000e25c0000, 0x00000000e26ff230, 0x00000000e2830000)
  to   space 2496K,   0% used [0x00000000e2830000, 0x00000000e2830000, 0x00000000e2aa0000)
 tenured generation   total 50304K, used 42423K [0x00000000eb6a0000, 0x00000000ee7c0000, 0x0000000100000000)
   the space 50304K,  84% used [0x00000000eb6a0000, 0x00000000ee00de80, 0x00000000ee00e000, 0x00000000ee7c0000)
 Metaspace       used 28320K, capacity 29008K, committed 29312K, reserved 1075200K
  class space    used 3176K, capacity 3416K, committed 3456K, reserved 1048576K
Event: 2103.362 GC heap after
Heap after GC invocations=61 (full 2):
 def new generation   total 22720K, used 2495K [0x00000000e1200000, 0x00000000e2aa0000, 0x00000000eb6a0000)
  eden space 20224K,   0% used [0x00000000e1200000, 0x00000000e1200000, 0x00000000e25c0000)
  from space 2496K,  99% used [0x00000000e2830000, 0x00000000e2a9fff8, 0x00000000e2aa0000)
  to   space 2496K,   0% used [0x00000000e25c0000, 0x00000000e25c0000, 0x00000000e2830000)
 tenured generation   total 50304K, used 45306K [0x00000000eb6a0000, 0x00000000ee7c0000, 0x0000000100000000)
   the space 50304K,  90% used [0x00000000eb6a0000, 0x00000000ee2dea48, 0x00000000ee2dec00, 0x00000000ee7c0000)
 Metaspace       used 28320K, capacity 29008K, committed 29312K, reserved 1075200K
  class space    used 3176K, capacity 3416K, committed 3456K, reserved 1048576K
}
Event: 2116.857 GC heap before
{Heap before GC invocations=61 (full 2):
 def new generation   total 22720K, used 22719K [0x00000000e1200000, 0x00000000e2aa0000, 0x00000000eb6a0000)
  eden space 20224K, 100% used [0x00000000e1200000, 0x00000000e25c0000, 0x00000000e25c0000)
  from space 2496K,  99% used [0x00000000e2830000, 0x00000000e2a9fff8, 0x00000000e2aa0000)
  to   space 2496K,   0% used [0x00000000e25c0000, 0x00000000e25c0000, 0x00000000e2830000)
 tenured generation   total 50304K, used 45306K [0x00000000eb6a0000, 0x00000000ee7c0000, 0x0000000100000000)
   the space 50304K,  90% used [0x00000000eb6a0000, 0x00000000ee2dea48, 0x00000000ee2dec00, 0x00000000ee7c0000)
 Metaspace       used 30548K, capacity 31158K, committed 31360K, reserved 1077248K
  class space    used 3450K, capacity 3641K, committed 3712K, reserved 1048576K
Event: 2117.070 GC heap after
Heap after GC invocations=62 (full 2):
 def new generation   total 22720K, used 2496K [0x00000000e1200000, 0x00000000e2aa0000, 0x00000000eb6a0000)
  eden space 20224K,   0% used [0x00000000e1200000, 0x00000000e1200000, 0x00000000e25c0000)
  from space 2496K, 100% used [0x00000000e25c0000, 0x00000000e2830000, 0x00000000e2830000)
  to   space 2496K,   0% used [0x00000000e2830000, 0x00000000e2830000, 0x00000000e2aa0000)
 tenured generation   total 50304K, used 49512K [0x00000000eb6a0000, 0x00000000ee7c0000, 0x0000000100000000)
   the space 50304K,  98% used [0x00000000eb6a0000, 0x00000000ee6fa2c8, 0x00000000ee6fa400, 0x00000000ee7c0000)
 Metaspace       used 30548K, capacity 31158K, committed 31360K, reserved 1077248K
  class space    used 3450K, capacity 3641K, committed 3712K, reserved 1048576K
}
Event: 2119.182 GC heap before
{Heap before GC invocations=62 (full 2):
 def new generation   total 22720K, used 22720K [0x00000000e1200000, 0x00000000e2aa0000, 0x00000000eb6a0000)
  eden space 20224K, 100% used [0x00000000e1200000, 0x00000000e25c0000, 0x00000000e25c0000)
  from space 2496K, 100% used [0x00000000e25c0000, 0x00000000e2830000, 0x00000000e2830000)
  to   space 2496K,   0% used [0x00000000e2830000, 0x00000000e2830000, 0x00000000e2aa0000)
 tenured generation   total 50304K, used 49512K [0x00000000eb6a0000, 0x00000000ee7c0000, 0x0000000100000000)
   the space 50304K,  98% used [0x00000000eb6a0000, 0x00000000ee6fa2c8, 0x00000000ee6fa400, 0x00000000ee7c0000)
 Metaspace       used 30773K, capacity 31446K, committed 31616K, reserved 1077248K
  class space    used 3478K, capacity 3673K, committed 3712K, reserved 1048576K

Deoptimization events (10 events):
Event: 2113.694 Thread 0x00007f172c00b800 Uncommon trap: reason=class_check action=maybe_recompile pc=0x00007f171d2fb170 method=java.util.Hashtable.get(Ljava/lang/Object;)Ljava/lang/Object; @ 6
Event: 2114.174 Thread 0x00007f172c00b800 Uncommon trap: reason=unstable_if action=reinterpret pc=0x00007f171d1d7368 method=org.codehaus.plexus.classworlds.realm.Entry.matches(Ljava/lang/String;)Z @ 109
Event: 2114.736 Thread 0x00007f172c00b800 Uncommon trap: reason=class_check action=maybe_recompile pc=0x00007f171d2fb170 method=java.util.Hashtable.get(Ljava/lang/Object;)Ljava/lang/Object; @ 6
Event: 2116.731 Thread 0x00007f172c00b800 Uncommon trap: reason=class_check action=maybe_recompile pc=0x00007f171d2fb170 method=java.util.Hashtable.get(Ljava/lang/Object;)Ljava/lang/Object; @ 6
Event: 2116.792 Thread 0x00007f172c00b800 Uncommon trap: reason=class_check action=maybe_recompile pc=0x00007f171e173854 method=java.lang.Throwable.<init>(Ljava/lang/String;Ljava/lang/Throwable;)V @ 24
Event: 2116.793 Thread 0x00007f172c00b800 Uncommon trap: reason=class_check action=maybe_recompile pc=0x00007f171e173854 method=java.lang.Throwable.<init>(Ljava/lang/String;Ljava/lang/Throwable;)V @ 24
Event: 2116.793 Thread 0x00007f172c00b800 Uncommon trap: reason=class_check action=maybe_recompile pc=0x00007f171e173854 method=java.lang.Throwable.<init>(Ljava/lang/String;Ljava/lang/Throwable;)V @ 24
Event: 2116.793 Thread 0x00007f172c00b800 Uncommon trap: reason=class_check action=maybe_recompile pc=0x00007f171e173854 method=java.lang.Throwable.<init>(Ljava/lang/String;Ljava/lang/Throwable;)V @ 24
Event: 2116.828 Thread 0x00007f172c00b800 Uncommon trap: reason=unstable_if action=reinterpret pc=0x00007f171d945af0 method=java.util.Locale.hashCode()I @ 6
Event: 2116.837 Thread 0x00007f172c00b800 Uncommon trap: reason=unstable_if action=reinterpret pc=0x00007f171de3cc54 method=java.util.Properties$LineReader.readLine()I @ 37

Classes redefined (0 events):
No events

Internal exceptions (10 events):
Event: 2117.287 Thread 0x00007f172c00b800 Exception <a 'java/lang/ClassNotFoundException': com/puppycrawl/tools/checkstyle/checks/whitespace/FileTabCharacterCheckBeanInfo> (0x00000000e13adf98) thrown at [/HUDSON/workspace/8-2-build-linux-amd64/jdk8u201/12317/hotspot/src/share/vm/classfile/systemD
Event: 2117.291 Thread 0x00007f172c00b800 Exception <a 'java/lang/ClassNotFoundException': com/puppycrawl/tools/checkstyle/api/AbstractFileSetCheckBeanInfo> (0x00000000e13c33e0) thrown at [/HUDSON/workspace/8-2-build-linux-amd64/jdk8u201/12317/hotspot/src/share/vm/classfile/systemDictionary.cpp, 
Event: 2117.292 Thread 0x00007f172c00b800 Exception <a 'java/lang/ClassNotFoundException': com/puppycrawl/tools/checkstyle/api/AbstractViolationReporterBeanInfo> (0x00000000e13da228) thrown at [/HUDSON/workspace/8-2-build-linux-amd64/jdk8u201/12317/hotspot/src/share/vm/classfile/systemDictionary.
Event: 2117.292 Thread 0x00007f172c00b800 Exception <a 'java/lang/ClassNotFoundException': com/puppycrawl/tools/checkstyle/api/AbstractViolationReporterCustomizer> (0x00000000e13f0f08) thrown at [/HUDSON/workspace/8-2-build-linux-amd64/jdk8u201/12317/hotspot/src/share/vm/classfile/systemDictionar
Event: 2117.293 Thread 0x00007f172c00b800 Exception <a 'java/lang/ClassNotFoundException': com/puppycrawl/tools/checkstyle/api/AbstractFileSetCheckCustomizer> (0x00000000e14103d0) thrown at [/HUDSON/workspace/8-2-build-linux-amd64/jdk8u201/12317/hotspot/src/share/vm/classfile/systemDictionary.cpp
Event: 2117.319 Thread 0x00007f172c00b800 Exception <a 'java/lang/ClassNotFoundException': com/puppycrawl/tools/checkstyle/checks/whitespace/FileTabCharacterCheckCustomizer> (0x00000000e14378d8) thrown at [/HUDSON/workspace/8-2-build-linux-amd64/jdk8u201/12317/hotspot/src/share/vm/classfile/syste
Event: 2117.845 Thread 0x00007f172c00b800 Exception <a 'java/lang/ClassNotFoundException': com/puppycrawl/tools/checkstyle/checks/regexp/RegexpSinglelineCheckBeanInfo> (0x00000000e169cb40) thrown at [/HUDSON/workspace/8-2-build-linux-amd64/jdk8u201/12317/hotspot/src/share/vm/classfile/systemDicti
Event: 2117.846 Thread 0x00007f172c00b800 Exception <a 'java/lang/ClassNotFoundException': com/puppycrawl/tools/checkstyle/checks/regexp/RegexpSinglelineCheckCustomizer> (0x00000000e16b4848) thrown at [/HUDSON/workspace/8-2-build-linux-amd64/jdk8u201/12317/hotspot/src/share/vm/classfile/systemDic
Event: 2118.379 Thread 0x00007f172c00b800 Exception <a 'java/lang/ClassNotFoundException': com/puppycrawl/tools/checkstyle/checks/regexp/RegexpMultilineCheckBeanInfo> (0x00000000e22c2848) thrown at [/HUDSON/workspace/8-2-build-linux-amd64/jdk8u201/12317/hotspot/src/share/vm/classfile/systemDictio
Event: 2118.386 Thread 0x00007f172c00b800 Exception <a 'java/lang/ClassNotFoundException': com/puppycrawl/tools/checkstyle/checks/regexp/RegexpMultilineCheckCustomizer> (0x00000000e22da0c0) thrown at [/HUDSON/workspace/8-2-build-linux-amd64/jdk8u201/12317/hotspot/src/share/vm/classfile/systemDict

Events (10 events):
Event: 2119.164 loading class com/puppycrawl/tools/checkstyle/checks/design/TreeWalker done
Event: 2119.164 loading class com/puppycrawl/tools/checkstyle/checks/design/TreeWalker
Event: 2119.164 loading class com/puppycrawl/tools/checkstyle/checks/design/TreeWalker done
Event: 2119.164 loading class com/puppycrawl/tools/checkstyle/checks/header/TreeWalker
Event: 2119.164 loading class com/puppycrawl/tools/checkstyle/checks/header/TreeWalker done
Event: 2119.164 loading class com/puppycrawl/tools/checkstyle/checks/header/TreeWalker
Event: 2119.164 loading class com/puppycrawl/tools/checkstyle/checks/header/TreeWalker done
Event: 2119.164 loading class com/puppycrawl/tools/checkstyle/checks/header/TreeWalker
Event: 2119.164 loading class com/puppycrawl/tools/checkstyle/checks/header/TreeWalker done
Event: 2119.176 Executing VM operation: GenCollectForAllocation


Dynamic libraries:
00400000-00401000 r-xp 00000000 08:01 670886                             /home/wangming/WMHome/JDK/java8/jdk1.8.0_201/bin/java
00600000-00601000 r--p 00000000 08:01 670886                             /home/wangming/WMHome/JDK/java8/jdk1.8.0_201/bin/java
00601000-00602000 rw-p 00001000 08:01 670886                             /home/wangming/WMHome/JDK/java8/jdk1.8.0_201/bin/java
00645000-00666000 rw-p 00000000 00:00 0                                  [heap]
e1200000-e2aa0000 rw-p 00000000 00:00 0 
e2aa0000-eb6a0000 ---p 00000000 00:00 0 
eb6a0000-ee970000 rw-p 00000000 00:00 0 
f0a8f000-100000000 ---p 00000000 00:00 0 
100000000-1003a0000 rw-p 00000000 00:00 0 
1003a0000-140000000 ---p 00000000 00:00 0 
7f16fd035000-7f16fd175000 rw-p 00000000 00:00 0 
7f16fd175000-7f16fd235000 ---p 00000000 00:00 0 
7f16fd235000-7f16fd435000 rw-p 00000000 00:00 0 
7f16fd435000-7f16fd460000 r--s 001fc000 08:01 943571                     /home/wangming/.m2/repository/com/google/guava/guava/18.0/guava-18.0.jar
7f16fd460000-7f16fd466000 r--s 00044000 08:01 1581832                    /home/wangming/.m2/repository/org/antlr/antlr4-runtime/4.5.1-1/antlr4-runtime-4.5.1-1.jar
7f16fd466000-7f16fd46d000 r--s 00064000 08:01 1317997                    /home/wangming/.m2/repository/org/apache/commons/commons-lang3/3.4/commons-lang3-3.4.jar
7f16fd46d000-7f16fd481000 r--s 000f8000 08:01 2233085                    /home/wangming/.m2/repository/com/puppycrawl/tools/checkstyle/6.11.2/checkstyle-6.11.2.jar
7f16fd481000-7f16fd484000 r--s 0000d000 08:01 1448603                    /home/wangming/.m2/repository/org/codehaus/plexus/plexus-interpolation/1.21/plexus-interpolation-1.21.jar
7f16fd484000-7f16fd488000 r--s 00038000 08:01 2099428                    /home/wangming/.m2/repository/org/codehaus/plexus/plexus-utils/3.0.20/plexus-utils-3.0.20.jar
7f16fd488000-7f16fd48a000 r--s 00004000 08:01 2105489                    /home/wangming/.m2/repository/org/codehaus/plexus/plexus-resources/1.0.1/plexus-resources-1.0.1.jar
7f16fd48a000-7f16fd492000 r--s 00049000 08:01 1845462                    /home/wangming/.m2/repository/backport-util-concurrent/backport-util-concurrent/3.1/backport-util-concurrent-3.1.jar
7f16fd492000-7f16fd494000 r--s 00002000 08:01 1581744                    /home/wangming/.m2/repository/org/codehaus/plexus/plexus-interactivity-api/1.0-alpha-4/plexus-interactivity-api-1.0-alpha-4.jar
7f16fd494000-7f16fd496000 r--s 00009000 08:01 1060221                    /home/wangming/.m2/repository/commons-cli/commons-cli/1.2/commons-cli-1.2.jar
7f16fd496000-7f16fd498000 r--s 00003000 08:01 2099412                    /home/wangming/.m2/repository/org/slf4j/jcl-over-slf4j/1.5.6/jcl-over-slf4j-1.5.6.jar
7f16fd498000-7f16fd49a000 r--s 00001000 08:01 1188188                    /home/wangming/.m2/repository/org/slf4j/slf4j-jdk14/1.5.6/slf4j-jdk14-1.5.6.jar
7f16fd49a000-7f16fd49c000 r--s 00019000 08:01 1581778                    /home/wangming/.m2/repository/org/apache/maven/plugins/maven-checkstyle-plugin/2.17/maven-checkstyle-plugin-2.17.jar
7f16fd49c000-7f16fd49f000 ---p 00000000 00:00 0 
7f16fd49f000-7f16fd59d000 rw-p 00000000 00:00 0 
7f16fd59d000-7f16fd5a0000 ---p 00000000 00:00 0 
7f16fd5a0000-7f16fd69e000 rw-p 00000000 00:00 0 
7f16fd69e000-7f16fd6a1000 ---p 00000000 00:00 0 
7f16fd6a1000-7f16fd79f000 rw-p 00000000 00:00 0 
7f16fd79f000-7f16fd7a2000 ---p 00000000 00:00 0 
7f16fd7a2000-7f16fdaa0000 rw-p 00000000 00:00 0 
7f16fdaa0000-7f16fdaae000 r--s 0007f000 08:01 673100                     /home/wangming/.m2/repository/commons-collections/commons-collections/3.2.1/commons-collections-3.2.1.jar
7f16fdaae000-7f16fdab0000 r--s 0000e000 08:01 1845501                    /home/wangming/.m2/repository/oro/oro/2.0.8/oro-2.0.8.jar
7f16fdab0000-7f16fdab4000 r--s 0002f000 08:01 1060308                    /home/wangming/.m2/repository/commons-lang/commons-lang/2.1/commons-lang-2.1.jar
7f16fdab4000-7f16fdabc000 r--s 00058000 08:01 1713736                    /home/wangming/.m2/repository/org/apache/velocity/velocity/1.5/velocity-1.5.jar
7f16fdabc000-7f16fdae8000 r--s 00208000 08:01 943563                     /home/wangming/.m2/repository/com/google/guava/guava/19.0/guava-19.0.jar
7f16fdae8000-7f16fdae9000 r--s 0000c000 08:01 1059889                    /home/wangming/.m2/repository/commons-cli/commons-cli/1.3.1/commons-cli-1.3.1.jar
7f16fdae9000-7f16fdaee000 r--s 00035000 08:01 809605                     /home/wangming/.m2/repository/commons-beanutils/commons-beanutils/1.9.2/commons-beanutils-1.9.2.jar
7f16fdaee000-7f16fdaf4000 r--s 00044000 08:01 1581819                    /home/wangming/.m2/repository/org/antlr/antlr4-runtime/4.5.3/antlr4-runtime-4.5.3.jar
7f16fdaf4000-7f16fdaf9000 r--s 00068000 08:01 2099971                    /home/wangming/.m2/repository/antlr/antlr/2.7.7/antlr-2.7.7.jar
7f16fdaf9000-7f16fdb0d000 r--s 00107000 08:01 2099969                    /home/wangming/.m2/repository/com/puppycrawl/tools/checkstyle/6.18/checkstyle-6.18.jar
7f16fdb0d000-7f16fdb0e000 r--s 00001000 08:01 2099967                    /home/wangming/.m2/repository/org/codehaus/plexus/plexus-velocity/1.1.8/plexus-velocity-1.1.8.jar
7f16fdb0e000-7f16fdb11000 r--s 00011000 08:01 1448617                    /home/wangming/.m2/repository/org/codehaus/plexus/plexus-interpolation/1.24/plexus-interpolation-1.24.jar
7f16fdb11000-7f16fdb15000 r--s 00039000 08:01 2099965                    /home/wangming/.m2/repository/org/codehaus/plexus/plexus-utils/3.0.24/plexus-utils-3.0.24.jar
7f16fdb15000-7f16fdb17000 r--s 00004000 08:01 2099963                    /home/wangming/.m2/repository/org/codehaus/plexus/plexus-resources/1.1.0/plexus-resources-1.1.0.jar
7f16fdb17000-7f16fdb19000 r--s 00000000 08:01 943561                     /home/wangming/.m2/repository/org/codehaus/plexus/plexus-component-annotations/1.6/plexus-component-annotations-1.6.jar
7f16fdb19000-7f16fdb1c000 r--s 0001b000 08:01 1188275                    /home/wangming/.m2/repository/junit/junit/3.8.1/junit-3.8.1.jar
7f16fdb1c000-7f16fdb1f000 r--s 00018000 08:01 1448596                    /home/wangming/.m2/repository/commons-io/commons-io/1.4/commons-io-1.4.jar
7f16fdb1f000-7f16fdb20000 r--s 0000a000 08:01 2099961                    /home/wangming/.m2/repository/org/apache/maven/doxia/doxia-integration-tools/1.6/doxia-integration-tools-1.6.jar
7f16fdb20000-7f16fdb23000 r--s 0001b000 08:01 2099959                    /home/wangming/.m2/repository/org/apache/struts/struts-tiles/1.3.8/struts-tiles-1.3.8.jar
7f16fdb23000-7f16fdb28000 r--s 00039000 08:01 2099957                    /home/wangming/.m2/repository/org/apache/struts/struts-taglib/1.3.8/struts-taglib-1.3.8.jar
7f16fdb28000-7f16fdb2e000 r--s 0004b000 08:01 1581817                    /home/wangming/.m2/repository/org/apache/struts/struts-core/1.3.8/struts-core-1.3.8.jar
7f16fdb2e000-7f16fdb30000 r--s 00005000 08:01 2099955                    /home/wangming/.m2/repository/sslext/sslext/1.2-0/sslext-1.2-0.jar
7f16fdb30000-7f16fdb38000 r--s 00068000 08:01 2099953                    /home/wangming/.m2/repository/dom4j/dom4j/1.1/dom4j-1.1.jar
7f16fdb38000-7f16fdb3a000 r--s 00014000 08:01 2099951                    /home/wangming/.m2/repository/commons-chain/commons-chain/1.1/commons-chain-1.1.jar
7f16fdb3a000-7f16fdb40000 r--s 0004f000 08:01 2099949                    /home/wangming/.m2/repository/org/apache/velocity/velocity-tools/2.0/velocity-tools-2.0.jar
7f16fdb40000-7f16fdb41000 r--s 00002000 08:01 2099947                    /home/wangming/.m2/repository/org/codehaus/plexus/plexus-i18n/1.0-beta-7/plexus-i18n-1.0-beta-7.jar
7f16fdb41000-7f16fdb43000 r--s 00008000 08:01 2099946                    /home/wangming/.m2/repository/org/apache/maven/doxia/doxia-module-fml/1.4/doxia-module-fml-1.4.jar
7f16fdb43000-7f16fdb44000 r--s 00003000 08:01 2099943                    /home/wangming/.m2/repository/org/apache/maven/doxia/doxia-module-xhtml/1.4/doxia-module-xhtml-1.4.jar
7f16fdb44000-7f16fdb46000 r--s 0000b000 08:01 2099941                    /home/wangming/.m2/repository/org/apache/maven/doxia/doxia-site-renderer/1.4/doxia-site-renderer-1.4.jar
7f16fdb46000-7f16fdb47000 r--s 0000e000 08:01 2099939                    /home/wangming/.m2/repository/org/apache/maven/doxia/doxia-decoration-model/1.4/doxia-decoration-model-1.4.jar
7f16fdb47000-7f16fdb48000 r--s 00002000 08:01 2099937                    /home/wangming/.m2/repository/org/apache/maven/doxia/doxia-logging-api/1.4/doxia-logging-api-1.4.jar
7f16fdb48000-7f16fdb4a000 r--s 00008000 08:01 2099934                    /home/wangming/.m2/repository/commons-logging/commons-logging/1.0.4/commons-logging-1.0.4.jar
7f16fdb4a000-7f16fdb4e000 r--s 00026000 08:01 673391                     /home/wangming/.m2/repository/commons-digester/commons-digester/1.6/commons-digester-1.6.jar
7f16fdb4e000-7f16fdb51000 r--s 0001f000 08:01 2099928                    /home/wangming/.m2/repository/commons-validator/commons-validator/1.3.1/commons-validator-1.3.1.jar
7f16fdb51000-7f16fdb54000 ---p 00000000 00:00 0 
7f16fdb54000-7f16fdc52000 rw-p 00000000 00:00 0 
7f16fdc52000-7f16fdc55000 ---p 00000000 00:00 0 
7f16fdc55000-7f16fdd53000 rw-p 00000000 00:00 0 
7f16fdd53000-7f16fdd56000 ---p 00000000 00:00 0 
7f16fdd56000-7f16fe054000 rw-p 00000000 00:00 0 
7f16fe054000-7f16fe057000 ---p 00000000 00:00 0 
7f16fe057000-7f16fe355000 rw-p 00000000 00:00 0 
7f16fe355000-7f16fe36c000 r-xp 00000000 08:01 1840960                    /lib/x86_64-linux-gnu/libresolv-2.27.so
7f16fe36c000-7f16fe56c000 ---p 00017000 08:01 1840960                    /lib/x86_64-linux-gnu/libresolv-2.27.so
7f16fe56c000-7f16fe56d000 r--p 00017000 08:01 1840960                    /lib/x86_64-linux-gnu/libresolv-2.27.so
7f16fe56d000-7f16fe56e000 rw-p 00018000 08:01 1840960                    /lib/x86_64-linux-gnu/libresolv-2.27.so
7f16fe56e000-7f16fe570000 rw-p 00000000 00:00 0 
7f16fe570000-7f16fe575000 r-xp 00000000 08:01 1840909                    /lib/x86_64-linux-gnu/libnss_dns-2.27.so
7f16fe575000-7f16fe775000 ---p 00005000 08:01 1840909                    /lib/x86_64-linux-gnu/libnss_dns-2.27.so
7f16fe775000-7f16fe776000 r--p 00005000 08:01 1840909                    /lib/x86_64-linux-gnu/libnss_dns-2.27.so
7f16fe776000-7f16fe777000 rw-p 00006000 08:01 1840909                    /lib/x86_64-linux-gnu/libnss_dns-2.27.so
7f16fe777000-7f16fe779000 r-xp 00000000 08:01 1840917                    /lib/x86_64-linux-gnu/libnss_mdns4_minimal.so.2
7f16fe779000-7f16fe978000 ---p 00002000 08:01 1840917                    /lib/x86_64-linux-gnu/libnss_mdns4_minimal.so.2
7f16fe978000-7f16fe979000 r--p 00001000 08:01 1840917                    /lib/x86_64-linux-gnu/libnss_mdns4_minimal.so.2
7f16fe979000-7f16fe97a000 rw-p 00002000 08:01 1840917                    /lib/x86_64-linux-gnu/libnss_mdns4_minimal.so.2
7f16fe97a000-7f16feb7a000 rw-p 00000000 00:00 0 
7f16feb7a000-7f16feb91000 r-xp 00000000 08:01 1840858                    /lib/x86_64-linux-gnu/libgcc_s.so.1
7f16feb91000-7f16fed90000 ---p 00017000 08:01 1840858                    /lib/x86_64-linux-gnu/libgcc_s.so.1
7f16fed90000-7f16fed91000 r--p 00016000 08:01 1840858                    /lib/x86_64-linux-gnu/libgcc_s.so.1
7f16fed91000-7f16fed92000 rw-p 00017000 08:01 1840858                    /lib/x86_64-linux-gnu/libgcc_s.so.1
7f16fed92000-7f16fedca000 r-xp 00000000 08:01 941653                     /home/wangming/WMHome/JDK/java8/jdk1.8.0_201/jre/lib/amd64/libsunec.so
7f16fedca000-7f16fefc9000 ---p 00038000 08:01 941653                     /home/wangming/WMHome/JDK/java8/jdk1.8.0_201/jre/lib/amd64/libsunec.so
7f16fefc9000-7f16fefce000 r--p 00037000 08:01 941653                     /home/wangming/WMHome/JDK/java8/jdk1.8.0_201/jre/lib/amd64/libsunec.so
7f16fefce000-7f16fefd0000 rw-p 0003c000 08:01 941653                     /home/wangming/WMHome/JDK/java8/jdk1.8.0_201/jre/lib/amd64/libsunec.so
7f16fefd0000-7f16ff1d0000 rw-p 00000000 00:00 0 
7f16ff1d0000-7f16ff1e1000 r-xp 00000000 08:01 941701                     /home/wangming/WMHome/JDK/java8/jdk1.8.0_201/jre/lib/amd64/libnio.so
7f16ff1e1000-7f16ff3e0000 ---p 00011000 08:01 941701                     /home/wangming/WMHome/JDK/java8/jdk1.8.0_201/jre/lib/amd64/libnio.so
7f16ff3e0000-7f16ff3e1000 r--p 00010000 08:01 941701                     /home/wangming/WMHome/JDK/java8/jdk1.8.0_201/jre/lib/amd64/libnio.so
7f16ff3e1000-7f16ff3e2000 rw-p 00011000 08:01 941701                     /home/wangming/WMHome/JDK/java8/jdk1.8.0_201/jre/lib/amd64/libnio.so
7f16ff3e2000-7f16ff3f8000 r-xp 00000000 08:01 941698                     /home/wangming/WMHome/JDK/java8/jdk1.8.0_201/jre/lib/amd64/libnet.so
7f16ff3f8000-7f16ff5f8000 ---p 00016000 08:01 941698                     /home/wangming/WMHome/JDK/java8/jdk1.8.0_201/jre/lib/amd64/libnet.so
7f16ff5f8000-7f16ff5f9000 r--p 00016000 08:01 941698                     /home/wangming/WMHome/JDK/java8/jdk1.8.0_201/jre/lib/amd64/libnet.so
7f16ff5f9000-7f16ff5fa000 rw-p 00017000 08:01 941698                     /home/wangming/WMHome/JDK/java8/jdk1.8.0_201/jre/lib/amd64/libnet.so
7f16ff5fa000-7f16ff7fa000 rw-p 00000000 00:00 0 
7f16ff7fa000-7f16ff9fa000 rw-p 00000000 00:00 0 
7f16ff9fa000-7f16ffbfa000 rw-p 00000000 00:00 0 
7f16ffbfa000-7f16ffbfc000 r-xp 00000000 08:01 1840986                    /lib/x86_64-linux-gnu/libutil-2.27.so
7f16ffbfc000-7f16ffdfb000 ---p 00002000 08:01 1840986                    /lib/x86_64-linux-gnu/libutil-2.27.so
7f16ffdfb000-7f16ffdfc000 r--p 00001000 08:01 1840986                    /lib/x86_64-linux-gnu/libutil-2.27.so
7f16ffdfc000-7f16ffdfd000 rw-p 00002000 08:01 1840986                    /lib/x86_64-linux-gnu/libutil-2.27.so
7f16ffdfd000-7f16ffe00000 r-xp 00000000 08:01 670967                     /home/wangming/WMHome/Maven/apache-maven-3.6.0-bin/apache-maven-3.6.0/lib/jansi-native/linux64/libjansi.so
7f16ffe00000-7f16fffff000 ---p 00003000 08:01 670967                     /home/wangming/WMHome/Maven/apache-maven-3.6.0-bin/apache-maven-3.6.0/lib/jansi-native/linux64/libjansi.so
7f16fffff000-7f1700000000 rw-p 00002000 08:01 670967                     /home/wangming/WMHome/Maven/apache-maven-3.6.0-bin/apache-maven-3.6.0/lib/jansi-native/linux64/libjansi.so
7f1700000000-7f1700856000 rw-p 00000000 00:00 0 
7f1700856000-7f1704000000 ---p 00000000 00:00 0 
7f1704000000-7f1704021000 rw-p 00000000 00:00 0 
7f1704021000-7f1708000000 ---p 00000000 00:00 0 
7f1708000000-7f1708021000 rw-p 00000000 00:00 0 
7f1708021000-7f170c000000 ---p 00000000 00:00 0 
7f170c000000-7f170dcdc000 rw-p 00000000 00:00 0 
7f170dcdc000-7f1710000000 ---p 00000000 00:00 0 
7f1710000000-7f1710021000 rw-p 00000000 00:00 0 
7f1710021000-7f1714000000 ---p 00000000 00:00 0 
7f1714000000-7f1714021000 rw-p 00000000 00:00 0 
7f1714021000-7f1718000000 ---p 00000000 00:00 0 
7f1718000000-7f17183e8000 rw-p 00000000 00:00 0 
7f17183e8000-7f171c000000 ---p 00000000 00:00 0 
7f171c000000-7f171c001000 r--s 00002000 08:01 2099935                    /home/wangming/.m2/repository/org/apache/maven/doxia/doxia-sink-api/1.4/doxia-sink-api-1.4.jar
7f171c001000-7f171c003000 r--s 0000a000 08:01 1581815                    /home/wangming/.m2/repository/commons-codec/commons-codec/1.3/commons-codec-1.3.jar
7f171c003000-7f171c008000 r--s 00026000 08:01 1318125                    /home/wangming/.m2/repository/org/apache/httpcomponents/httpcore/4.0.1/httpcore-4.0.1.jar
7f171c008000-7f171c00f000 r--s 00041000 08:01 1060304                    /home/wangming/.m2/repository/org/apache/httpcomponents/httpclient/4.0.2/httpclient-4.0.2.jar
7f171c00f000-7f171c017000 r--s 00028000 08:01 943435                     /home/wangming/.m2/repository/xml-apis/xml-apis/1.3.04/xml-apis-1.3.04.jar
7f171c017000-7f171c02f000 r--s 00115000 08:01 943426                     /home/wangming/.m2/repository/xerces/xercesImpl/2.9.1/xercesImpl-2.9.1.jar
7f171c02f000-7f171c033000 r--s 00022000 08:01 1713729                    /home/wangming/.m2/repository/org/apache/maven/doxia/doxia-core/1.2/doxia-core-1.2.jar
7f171c033000-7f171c035000 r--s 00006000 08:01 809546                     /home/wangming/.m2/repository/com/google/code/findbugs/jsr305/2.0.1/jsr305-2.0.1.jar
7f171c035000-7f171c039000 r--s 00025000 08:01 2099927                    /home/wangming/.m2/repository/org/apache/maven/shared/maven-shared-utils/0.6/maven-shared-utils-0.6.jar
7f171c039000-7f171c03a000 r--s 00004000 08:01 1713727                    /home/wangming/.m2/repository/org/apache/maven/reporting/maven-reporting-impl/2.3/maven-reporting-impl-2.3.jar
7f171c03a000-7f171c03b000 r--s 00002000 08:01 1845499                    /home/wangming/.m2/repository/org/apache/maven/reporting/maven-reporting-api/3.0/maven-reporting-api-3.0.jar
7f171c03b000-7f171c03d000 r--s 00002000 08:01 1060223                    /home/wangming/.m2/repository/org/sonatype/plexus/plexus-cipher/1.4/plexus-cipher-1.4.jar
7f171c03d000-7f171c03e000 r--s 00006000 08:01 673298                     /home/wangming/.m2/repository/org/sonatype/plexus/plexus-sec-dispatcher/1.3/plexus-sec-dispatcher-1.3.jar
7f171c03e000-7f171c049000 r--s 00069000 08:01 673335                     /home/wangming/.m2/repository/org/sonatype/sisu/sisu-guice/2.1.7/sisu-guice-2.1.7-noaop.jar
7f171c049000-7f171c04e000 r--s 00021000 08:01 2099525                    /home/wangming/.m2/repository/org/sonatype/sisu/sisu-inject-bean/1.4.2/sisu-inject-bean-1.4.2.jar
7f171c04e000-7f171c052000 r--s 00017000 08:01 1060302                    /home/wangming/.m2/repository/org/sonatype/aether/aether-util/1.7/aether-util-1.7.jar
7f171c052000-7f171c055000 r--s 00018000 08:01 1713700                    /home/wangming/.m2/repository/org/apache/maven/plugins/maven-checkstyle-plugin/3.0.0/maven-checkstyle-plugin-3.0.0.jar
7f171c055000-7f171c058000 ---p 00000000 00:00 0 
7f171c058000-7f171c156000 rw-p 00000000 00:00 0 
7f171c156000-7f171c15c000 r--s 0003f000 08:01 941639                     /home/wangming/WMHome/JDK/java8/jdk1.8.0_201/jre/lib/ext/sunjce_provider.jar
7f171c15c000-7f171c16f000 r--s 00345000 08:01 941626                     /home/wangming/WMHome/JDK/java8/jdk1.8.0_201/jre/lib/resources.jar
7f171c16f000-7f171c171000 r--s 00009000 08:01 941629                     /home/wangming/WMHome/JDK/java8/jdk1.8.0_201/jre/lib/ext/sunec.jar
7f171c171000-7f171c175000 r--s 0003a000 08:01 941636                     /home/wangming/WMHome/JDK/java8/jdk1.8.0_201/jre/lib/ext/sunpkcs11.jar
7f171c175000-7f171c178000 r--s 0001a000 08:01 941714                     /home/wangming/WMHome/JDK/java8/jdk1.8.0_201/jre/lib/jce.jar
7f171c178000-7f171c17c000 r--s 0003a000 08:01 809195                     /home/wangming/.m2/repository/org/codehaus/plexus/plexus-utils/3.0.17/plexus-utils-3.0.17.jar
7f171c17c000-7f171c17e000 r--s 00000000 08:01 943108                     /home/wangming/.m2/repository/org/codehaus/plexus/plexus-component-annotations/1.5.5/plexus-component-annotations-1.5.5.jar
7f171c17e000-7f171c184000 r--s 00042000 08:01 943106                     /home/wangming/.m2/repository/org/eclipse/sisu/org.eclipse.sisu.inject/0.0.0.M5/org.eclipse.sisu.inject-0.0.0.M5.jar
7f171c184000-7f171c186000 r--s 00000000 08:01 943104                     /home/wangming/.m2/repository/aopalliance/aopalliance/1.0/aopalliance-1.0.jar
7f171c186000-7f171c18e000 r--s 00050000 08:01 809201                     /home/wangming/.m2/repository/org/sonatype/sisu/sisu-guice/3.1.0/sisu-guice-3.1.0-no_aop.jar
7f171c18e000-7f171c191000 r--s 00006000 08:01 809199                     /home/wangming/.m2/repository/com/google/code/findbugs/jsr305/1.3.9/jsr305-1.3.9.jar
7f171c191000-7f171c1af000 r--s 00151000 08:01 809197                     /home/wangming/.m2/repository/com/google/guava/guava/10.0.1/guava-10.0.1.jar
7f171c1af000-7f171c1b2000 r--s 00008000 08:01 809191                     /home/wangming/.m2/repository/javax/enterprise/cdi-api/1.0/cdi-api-1.0.jar
7f171c1b2000-7f171c1b4000 r--s 00006000 08:01 672751                     /home/wangming/.m2/repository/kr/motd/maven/os-maven-plugin/1.5.0.Final/os-maven-plugin-1.5.0.Final.jar
7f171c1b4000-7f171c1b8000 r--s 000a1000 08:01 941627                     /home/wangming/WMHome/JDK/java8/jdk1.8.0_201/jre/lib/jsse.jar
7f171c1b8000-7f171c1c3000 r--s 00075000 08:01 671015                     /home/wangming/WMHome/Maven/apache-maven-3.6.0-bin/apache-maven-3.6.0/lib/guice-4.2.1-no_aop.jar
7f171c1c3000-7f171c1d0000 r--s 0008e000 08:01 670987                     /home/wangming/WMHome/Maven/apache-maven-3.6.0-bin/apache-maven-3.6.0/lib/maven-core-3.6.0.jar
7f171c1d0000-7f171c1fd000 r--s 001df000 08:01 671031                     /home/wangming/WMHome/Maven/apache-maven-3.6.0-bin/apache-maven-3.6.0/lib/wagon-http-3.2.0-shaded.jar
7f171c1fd000-7f171c22d000 r--s 00249000 08:01 671018                     /home/wangming/WMHome/Maven/apache-maven-3.6.0-bin/apache-maven-3.6.0/lib/guava-25.1-android.jar
7f171c22d000-7f171c22e000 ---p 00000000 00:00 0 
7f171c22e000-7f171c32e000 rw-p 00000000 00:00 0 
7f171c32e000-7f171c331000 ---p 00000000 00:00 0 
7f171c331000-7f171c42f000 rw-p 00000000 00:00 0 
7f171c42f000-7f171c430000 ---p 00000000 00:00 0 
7f171c430000-7f171c433000 ---p 00000000 00:00 0 
7f171c433000-7f171c530000 rw-p 00000000 00:00 0 
7f171c530000-7f171c531000 ---p 00000000 00:00 0 
7f171c531000-7f171c534000 ---p 00000000 00:00 0 
7f171c534000-7f171c631000 rw-p 00000000 00:00 0 
7f171c631000-7f171d000000 r--p 00000000 08:01 2366151                    /usr/lib/locale/locale-archive
7f171d000000-7f171e1d0000 rwxp 00000000 00:00 0 
7f171e1d0000-7f172c000000 ---p 00000000 00:00 0 
7f172c000000-7f172d483000 rw-p 00000000 00:00 0 
7f172d483000-7f1730000000 ---p 00000000 00:00 0 
7f1730000000-7f1730002000 r--s 00006000 08:01 671037                     /home/wangming/WMHome/Maven/apache-maven-3.6.0-bin/apache-maven-3.6.0/lib/maven-resolver-transport-wagon-1.3.1.jar
7f1730002000-7f1730004000 r--s 00000000 08:01 670983                     /home/wangming/WMHome/Maven/apache-maven-3.6.0-bin/apache-maven-3.6.0/lib/plexus-component-annotations-1.7.1.jar
7f1730004000-7f1730005000 r--s 0000a000 08:01 670974                     /home/wangming/WMHome/Maven/apache-maven-3.6.0-bin/apache-maven-3.6.0/lib/maven-settings-3.6.0.jar
7f1730005000-7f1730007000 r--s 00002000 08:01 670986                     /home/wangming/WMHome/Maven/apache-maven-3.6.0-bin/apache-maven-3.6.0/lib/plexus-cipher-1.7.jar
7f1730007000-7f173000a000 r--s 00012000 08:01 670982                     /home/wangming/WMHome/Maven/apache-maven-3.6.0-bin/apache-maven-3.6.0/lib/plexus-interpolation-1.25.jar
7f173000a000-7f173000f000 r--s 00020000 08:01 671006                     /home/wangming/WMHome/Maven/apache-maven-3.6.0-bin/apache-maven-3.6.0/lib/maven-resolver-api-1.3.1.jar
7f173000f000-7f1730011000 r--s 0000c000 08:01 671027                     /home/wangming/WMHome/Maven/apache-maven-3.6.0-bin/apache-maven-3.6.0/lib/commons-cli-1.4.jar
7f1730011000-7f1730013000 r--s 0000a000 08:01 670995                     /home/wangming/WMHome/Maven/apache-maven-3.6.0-bin/apache-maven-3.6.0/lib/maven-plugin-api-3.6.0.jar
7f1730013000-7f1730014000 r--s 00001000 08:01 670999                     /home/wangming/WMHome/Maven/apache-maven-3.6.0-bin/apache-maven-3.6.0/lib/jsr250-api-1.0.jar
7f1730014000-7f1730017000 r--s 00026000 08:01 671013                     /home/wangming/WMHome/Maven/apache-maven-3.6.0-bin/apache-maven-3.6.0/lib/maven-shared-utils-3.2.1.jar
7f1730017000-7f1730019000 r--s 00001000 08:01 671025                     /home/wangming/WMHome/Maven/apache-maven-3.6.0-bin/apache-maven-3.6.0/lib/j2objc-annotations-1.1.jar
7f1730019000-7f173001a000 r--s 00003000 08:01 670979                     /home/wangming/WMHome/Maven/apache-maven-3.6.0-bin/apache-maven-3.6.0/lib/maven-builder-support-3.6.0.jar
7f173001a000-7f173001c000 r--s 00009000 08:01 670978                     /home/wangming/WMHome/Maven/apache-maven-3.6.0-bin/apache-maven-3.6.0/lib/maven-settings-builder-3.6.0.jar
7f173001c000-7f173001d000 r--s 00005000 08:01 671038                     /home/wangming/WMHome/Maven/apache-maven-3.6.0-bin/apache-maven-3.6.0/lib/maven-slf4j-provider-3.6.0.jar
7f173001d000-7f173001f000 r--s 0000f000 08:01 671005                     /home/wangming/WMHome/Maven/apache-maven-3.6.0-bin/apache-maven-3.6.0/lib/maven-resolver-provider-3.6.0.jar
7f173001f000-7f1730020000 r--s 00000000 08:01 671001                     /home/wangming/WMHome/Maven/apache-maven-3.6.0-bin/apache-maven-3.6.0/lib/javax.inject-1.jar
7f1730020000-7f1730027000 r--s 00041000 08:01 671029                     /home/wangming/WMHome/Maven/apache-maven-3.6.0-bin/apache-maven-3.6.0/lib/maven-compat-3.6.0.jar
7f1730027000-7f1730029000 r--s 00009000 08:01 671035                     /home/wangming/WMHome/Maven/apache-maven-3.6.0-bin/apache-maven-3.6.0/lib/maven-resolver-connector-basic-1.3.1.jar
7f1730029000-7f173002b000 r--s 00003000 08:01 671019                     /home/wangming/WMHome/Maven/apache-maven-3.6.0-bin/apache-maven-3.6.0/lib/jsr305-3.0.2.jar
7f173002b000-7f173002e000 r--s 00016000 08:01 670973                     /home/wangming/WMHome/Maven/apache-maven-3.6.0-bin/apache-maven-3.6.0/lib/maven-embedder-3.6.0.jar
7f173002e000-7f1730030000 r--s 00003000 08:01 671033                     /home/wangming/WMHome/Maven/apache-maven-3.6.0-bin/apache-maven-3.6.0/lib/jcl-over-slf4j-1.7.25.jar
7f1730030000-7f1730038000 r--s 00073000 08:01 670994                     /home/wangming/WMHome/Maven/apache-maven-3.6.0-bin/apache-maven-3.6.0/lib/commons-lang3-3.8.1.jar
7f1730038000-7f173003c000 r--s 0003c000 08:01 670977                     /home/wangming/WMHome/Maven/apache-maven-3.6.0-bin/apache-maven-3.6.0/lib/plexus-utils-3.1.0.jar
7f173003c000-7f173003e000 r--s 00009000 08:01 671011                     /home/wangming/WMHome/Maven/apache-maven-3.6.0-bin/apache-maven-3.6.0/lib/slf4j-api-1.7.25.jar
7f173003e000-7f1730043000 r--s 00027000 08:01 671004                     /home/wangming/WMHome/Maven/apache-maven-3.6.0-bin/apache-maven-3.6.0/lib/maven-model-builder-3.6.0.jar
7f1730043000-7f1730047000 r--s 00029000 08:01 671009                     /home/wangming/WMHome/Maven/apache-maven-3.6.0-bin/apache-maven-3.6.0/lib/maven-resolver-impl-1.3.1.jar
7f1730047000-7f1730048000 r--s 00006000 08:01 670985                     /home/wangming/WMHome/Maven/apache-maven-3.6.0-bin/apache-maven-3.6.0/lib/plexus-sec-dispatcher-1.4.jar
7f1730048000-7f173004b000 r--s 00007000 08:01 671007                     /home/wangming/WMHome/Maven/apache-maven-3.6.0-bin/apache-maven-3.6.0/lib/maven-resolver-spi-1.3.1.jar
7f173004b000-7f173004f000 r--s 00042000 08:01 671039                     /home/wangming/WMHome/Maven/apache-maven-3.6.0-bin/apache-maven-3.6.0/lib/jansi-1.17.1.jar
7f173004f000-7f1730053000 r--s 0002f000 08:01 671014                     /home/wangming/WMHome/Maven/apache-maven-3.6.0-bin/apache-maven-3.6.0/lib/commons-io-2.5.jar
7f1730053000-7f1730055000 r--s 00000000 08:01 671017                     /home/wangming/WMHome/Maven/apache-maven-3.6.0-bin/apache-maven-3.6.0/lib/aopalliance-1.0.jar
7f1730055000-7f1730058000 ---p 00000000 00:00 0 
7f1730058000-7f1730156000 rw-p 00000000 00:00 0 
7f1730156000-7f1730159000 ---p 00000000 00:00 0 
7f1730159000-7f1730257000 rw-p 00000000 00:00 0 
7f1730257000-7f173025a000 ---p 00000000 00:00 0 
7f173025a000-7f1730358000 rw-p 00000000 00:00 0 
7f1730358000-7f1730359000 ---p 00000000 00:00 0 
7f1730359000-7f17304a8000 rw-p 00000000 00:00 0 
7f17304a8000-7f1730682000 r--s 03d6f000 08:01 941622                     /home/wangming/WMHome/JDK/java8/jdk1.8.0_201/jre/lib/rt.jar
7f1730682000-7f1730f53000 rw-p 00000000 00:00 0 
7f1730f53000-7f1730f60000 rw-p 00000000 00:00 0 
7f1730f60000-7f1730fa5000 ---p 00000000 00:00 0 
7f1730fa5000-7f1730fbf000 rw-p 00000000 00:00 0 
7f1730fbf000-7f173104a000 ---p 00000000 00:00 0 
7f173104a000-7f1731093000 rw-p 00000000 00:00 0 
7f1731093000-7f173140b000 ---p 00000000 00:00 0 
7f173140b000-7f1731426000 r-xp 00000000 08:01 941694                     /home/wangming/WMHome/JDK/java8/jdk1.8.0_201/jre/lib/amd64/libzip.so
7f1731426000-7f1731625000 ---p 0001b000 08:01 941694                     /home/wangming/WMHome/JDK/java8/jdk1.8.0_201/jre/lib/amd64/libzip.so
7f1731625000-7f1731626000 r--p 0001a000 08:01 941694                     /home/wangming/WMHome/JDK/java8/jdk1.8.0_201/jre/lib/amd64/libzip.so
7f1731626000-7f1731627000 rw-p 0001b000 08:01 941694                     /home/wangming/WMHome/JDK/java8/jdk1.8.0_201/jre/lib/amd64/libzip.so
7f1731627000-7f1731632000 r-xp 00000000 08:01 1840911                    /lib/x86_64-linux-gnu/libnss_files-2.27.so
7f1731632000-7f1731831000 ---p 0000b000 08:01 1840911                    /lib/x86_64-linux-gnu/libnss_files-2.27.so
7f1731831000-7f1731832000 r--p 0000a000 08:01 1840911                    /lib/x86_64-linux-gnu/libnss_files-2.27.so
7f1731832000-7f1731833000 rw-p 0000b000 08:01 1840911                    /lib/x86_64-linux-gnu/libnss_files-2.27.so
7f1731833000-7f1731839000 rw-p 00000000 00:00 0 
7f1731839000-7f1731850000 r-xp 00000000 08:01 1840905                    /lib/x86_64-linux-gnu/libnsl-2.27.so
7f1731850000-7f1731a4f000 ---p 00017000 08:01 1840905                    /lib/x86_64-linux-gnu/libnsl-2.27.so
7f1731a4f000-7f1731a50000 r--p 00016000 08:01 1840905                    /lib/x86_64-linux-gnu/libnsl-2.27.so
7f1731a50000-7f1731a51000 rw-p 00017000 08:01 1840905                    /lib/x86_64-linux-gnu/libnsl-2.27.so
7f1731a51000-7f1731a53000 rw-p 00000000 00:00 0 
7f1731a53000-7f1731a5e000 r-xp 00000000 08:01 1840922                    /lib/x86_64-linux-gnu/libnss_nis-2.27.so
7f1731a5e000-7f1731c5d000 ---p 0000b000 08:01 1840922                    /lib/x86_64-linux-gnu/libnss_nis-2.27.so
7f1731c5d000-7f1731c5e000 r--p 0000a000 08:01 1840922                    /lib/x86_64-linux-gnu/libnss_nis-2.27.so
7f1731c5e000-7f1731c5f000 rw-p 0000b000 08:01 1840922                    /lib/x86_64-linux-gnu/libnss_nis-2.27.so
7f1731c5f000-7f1731c67000 r-xp 00000000 08:01 1840907                    /lib/x86_64-linux-gnu/libnss_compat-2.27.so
7f1731c67000-7f1731e67000 ---p 00008000 08:01 1840907                    /lib/x86_64-linux-gnu/libnss_compat-2.27.so
7f1731e67000-7f1731e68000 r--p 00008000 08:01 1840907                    /lib/x86_64-linux-gnu/libnss_compat-2.27.so
7f1731e68000-7f1731e69000 rw-p 00009000 08:01 1840907                    /lib/x86_64-linux-gnu/libnss_compat-2.27.so
7f1731e69000-7f1731e95000 r-xp 00000000 08:01 941688                     /home/wangming/WMHome/JDK/java8/jdk1.8.0_201/jre/lib/amd64/libjava.so
7f1731e95000-7f1732095000 ---p 0002c000 08:01 941688                     /home/wangming/WMHome/JDK/java8/jdk1.8.0_201/jre/lib/amd64/libjava.so
7f1732095000-7f1732096000 r--p 0002c000 08:01 941688                     /home/wangming/WMHome/JDK/java8/jdk1.8.0_201/jre/lib/amd64/libjava.so
7f1732096000-7f1732098000 rw-p 0002d000 08:01 941688                     /home/wangming/WMHome/JDK/java8/jdk1.8.0_201/jre/lib/amd64/libjava.so
7f1732098000-7f17320a5000 r-xp 00000000 08:01 941693                     /home/wangming/WMHome/JDK/java8/jdk1.8.0_201/jre/lib/amd64/libverify.so
7f17320a5000-7f17322a4000 ---p 0000d000 08:01 941693                     /home/wangming/WMHome/JDK/java8/jdk1.8.0_201/jre/lib/amd64/libverify.so
7f17322a4000-7f17322a6000 r--p 0000c000 08:01 941693                     /home/wangming/WMHome/JDK/java8/jdk1.8.0_201/jre/lib/amd64/libverify.so
7f17322a6000-7f17322a7000 rw-p 0000e000 08:01 941693                     /home/wangming/WMHome/JDK/java8/jdk1.8.0_201/jre/lib/amd64/libverify.so
7f17322a7000-7f17322ae000 r-xp 00000000 08:01 1840962                    /lib/x86_64-linux-gnu/librt-2.27.so
7f17322ae000-7f17324ad000 ---p 00007000 08:01 1840962                    /lib/x86_64-linux-gnu/librt-2.27.so
7f17324ad000-7f17324ae000 r--p 00006000 08:01 1840962                    /lib/x86_64-linux-gnu/librt-2.27.so
7f17324ae000-7f17324af000 rw-p 00007000 08:01 1840962                    /lib/x86_64-linux-gnu/librt-2.27.so
7f17324af000-7f173264c000 r-xp 00000000 08:01 1840884                    /lib/x86_64-linux-gnu/libm-2.27.so
7f173264c000-7f173284b000 ---p 0019d000 08:01 1840884                    /lib/x86_64-linux-gnu/libm-2.27.so
7f173284b000-7f173284c000 r--p 0019c000 08:01 1840884                    /lib/x86_64-linux-gnu/libm-2.27.so
7f173284c000-7f173284d000 rw-p 0019d000 08:01 1840884                    /lib/x86_64-linux-gnu/libm-2.27.so
7f173284d000-7f1733535000 r-xp 00000000 08:01 1186824                    /home/wangming/WMHome/JDK/java8/jdk1.8.0_201/jre/lib/amd64/server/libjvm.so
7f1733535000-7f1733734000 ---p 00ce8000 08:01 1186824                    /home/wangming/WMHome/JDK/java8/jdk1.8.0_201/jre/lib/amd64/server/libjvm.so
7f1733734000-7f17337ca000 r--p 00ce7000 08:01 1186824                    /home/wangming/WMHome/JDK/java8/jdk1.8.0_201/jre/lib/amd64/server/libjvm.so
7f17337ca000-7f17337fb000 rw-p 00d7d000 08:01 1186824                    /home/wangming/WMHome/JDK/java8/jdk1.8.0_201/jre/lib/amd64/server/libjvm.so
7f17337fb000-7f1733836000 rw-p 00000000 00:00 0 
7f1733836000-7f1733a1d000 r-xp 00000000 08:01 1840821                    /lib/x86_64-linux-gnu/libc-2.27.so
7f1733a1d000-7f1733c1d000 ---p 001e7000 08:01 1840821                    /lib/x86_64-linux-gnu/libc-2.27.so
7f1733c1d000-7f1733c21000 r--p 001e7000 08:01 1840821                    /lib/x86_64-linux-gnu/libc-2.27.so
7f1733c21000-7f1733c23000 rw-p 001eb000 08:01 1840821                    /lib/x86_64-linux-gnu/libc-2.27.so
7f1733c23000-7f1733c27000 rw-p 00000000 00:00 0 
7f1733c27000-7f1733c2a000 r-xp 00000000 08:01 1840844                    /lib/x86_64-linux-gnu/libdl-2.27.so
7f1733c2a000-7f1733e29000 ---p 00003000 08:01 1840844                    /lib/x86_64-linux-gnu/libdl-2.27.so
7f1733e29000-7f1733e2a000 r--p 00002000 08:01 1840844                    /lib/x86_64-linux-gnu/libdl-2.27.so
7f1733e2a000-7f1733e2b000 rw-p 00003000 08:01 1840844                    /lib/x86_64-linux-gnu/libdl-2.27.so
7f1733e2b000-7f1733e42000 r-xp 00000000 08:01 800583                     /home/wangming/WMHome/JDK/java8/jdk1.8.0_201/lib/amd64/jli/libjli.so
7f1733e42000-7f1734041000 ---p 00017000 08:01 800583                     /home/wangming/WMHome/JDK/java8/jdk1.8.0_201/lib/amd64/jli/libjli.so
7f1734041000-7f1734042000 r--p 00016000 08:01 800583                     /home/wangming/WMHome/JDK/java8/jdk1.8.0_201/lib/amd64/jli/libjli.so
7f1734042000-7f1734043000 rw-p 00017000 08:01 800583                     /home/wangming/WMHome/JDK/java8/jdk1.8.0_201/lib/amd64/jli/libjli.so
7f1734043000-7f173405d000 r-xp 00000000 08:01 1840954                    /lib/x86_64-linux-gnu/libpthread-2.27.so
7f173405d000-7f173425c000 ---p 0001a000 08:01 1840954                    /lib/x86_64-linux-gnu/libpthread-2.27.so
7f173425c000-7f173425d000 r--p 00019000 08:01 1840954                    /lib/x86_64-linux-gnu/libpthread-2.27.so
7f173425d000-7f173425e000 rw-p 0001a000 08:01 1840954                    /lib/x86_64-linux-gnu/libpthread-2.27.so
7f173425e000-7f1734262000 rw-p 00000000 00:00 0 
7f1734262000-7f1734289000 r-xp 00000000 08:01 1840793                    /lib/x86_64-linux-gnu/ld-2.27.so
7f1734289000-7f173428a000 r--s 00000000 08:01 671026                     /home/wangming/WMHome/Maven/apache-maven-3.6.0-bin/apache-maven-3.6.0/lib/animal-sniffer-annotations-1.14.jar
7f173428a000-7f173428c000 r--s 00002000 08:01 671023                     /home/wangming/WMHome/Maven/apache-maven-3.6.0-bin/apache-maven-3.6.0/lib/error_prone_annotations-2.1.3.jar
7f173428c000-7f1734293000 r--s 00056000 08:01 671003                     /home/wangming/WMHome/Maven/apache-maven-3.6.0-bin/apache-maven-3.6.0/lib/org.eclipse.sisu.inject-0.3.3.jar
7f1734293000-7f1734294000 r--s 00002000 08:01 671034                     /home/wangming/WMHome/Maven/apache-maven-3.6.0-bin/apache-maven-3.6.0/lib/wagon-file-3.2.0.jar
7f1734294000-7f173429a000 r--s 0002d000 08:01 670997                     /home/wangming/WMHome/Maven/apache-maven-3.6.0-bin/apache-maven-3.6.0/lib/org.eclipse.sisu.plexus-0.3.3.jar
7f173429a000-7f173429c000 r--s 00027000 08:01 670989                     /home/wangming/WMHome/Maven/apache-maven-3.6.0-bin/apache-maven-3.6.0/lib/maven-model-3.6.0.jar
7f173429c000-7f173429e000 r--s 0000c000 08:01 670993                     /home/wangming/WMHome/Maven/apache-maven-3.6.0-bin/apache-maven-3.6.0/lib/maven-artifact-3.6.0.jar
7f173429e000-7f17342a3000 r--s 00023000 08:01 671008                     /home/wangming/WMHome/Maven/apache-maven-3.6.0-bin/apache-maven-3.6.0/lib/maven-resolver-util-1.3.1.jar
7f17342a3000-7f17342e5000 rw-p 00000000 00:00 0 
7f17342e5000-7f1734370000 ---p 00000000 00:00 0 
7f1734370000-7f1734371000 ---p 00000000 00:00 0 
7f1734371000-7f1734374000 ---p 00000000 00:00 0 
7f1734374000-7f1734473000 rw-p 00000000 00:00 0 
7f1734473000-7f1734475000 r--s 00006000 08:01 671022                     /home/wangming/WMHome/Maven/apache-maven-3.6.0-bin/apache-maven-3.6.0/lib/checker-compat-qual-2.0.0.jar
7f1734475000-7f1734477000 r--s 0000c000 08:01 671030                     /home/wangming/WMHome/Maven/apache-maven-3.6.0-bin/apache-maven-3.6.0/lib/wagon-provider-api-3.2.0.jar
7f1734477000-7f173447a000 r--s 00008000 08:01 670998                     /home/wangming/WMHome/Maven/apache-maven-3.6.0-bin/apache-maven-3.6.0/lib/cdi-api-1.0.jar
7f173447a000-7f173447b000 r--s 00006000 08:01 670991                     /home/wangming/WMHome/Maven/apache-maven-3.6.0-bin/apache-maven-3.6.0/lib/maven-repository-metadata-3.6.0.jar
7f173447b000-7f173447d000 r--s 0000b000 08:01 941743                     /home/wangming/WMHome/Maven/apache-maven-3.6.0-bin/apache-maven-3.6.0/boot/plexus-classworlds-2.5.2.jar
7f173447d000-7f1734485000 rw-s 00000000 08:01 1713680                    /tmp/hsperfdata_wangming/3312
7f1734485000-7f1734486000 rw-p 00000000 00:00 0 
7f1734486000-7f1734487000 ---p 00000000 00:00 0 
7f1734487000-7f1734489000 rw-p 00000000 00:00 0 
7f1734489000-7f173448a000 r--p 00027000 08:01 1840793                    /lib/x86_64-linux-gnu/ld-2.27.so
7f173448a000-7f173448b000 rw-p 00028000 08:01 1840793                    /lib/x86_64-linux-gnu/ld-2.27.so
7f173448b000-7f173448c000 rw-p 00000000 00:00 0 
7ffd4c316000-7ffd4c338000 rw-p 00000000 00:00 0                          [stack]
7ffd4c338000-7ffd4c33b000 r--p 00000000 00:00 0                          [vvar]
7ffd4c33b000-7ffd4c33d000 r-xp 00000000 00:00 0                          [vdso]
ffffffffff600000-ffffffffff601000 r-xp 00000000 00:00 0                  [vsyscall]

VM Arguments:
jvm_args: -Dclassworlds.conf=/home/wangming/WMHome/Maven/apache-maven-3.6.0-bin/apache-maven-3.6.0/bin/m2.conf -Dmaven.home=/home/wangming/WMHome/Maven/apache-maven-3.6.0-bin/apache-maven-3.6.0 -Dlibrary.jansi.path=/home/wangming/WMHome/Maven/apache-maven-3.6.0-bin/apache-maven-3.6.0/lib/jansi-native -Dmaven.multiModuleProjectDirectory=/home/wangming/WMHome/MapReduceLab/Github_Local/alluxio 
java_command: org.codehaus.plexus.classworlds.launcher.Launcher checkstyle:checkstyle
java_class_path (initial): /home/wangming/WMHome/Maven/apache-maven-3.6.0-bin/apache-maven-3.6.0/boot/plexus-classworlds-2.5.2.jar
Launcher Type: SUN_STANDARD

Environment Variables:
JAVA_HOME=/home/wangming/WMHome/JDK/java8/jdk1.8.0_201
CLASSPATH=.:/home/wangming/WMHome/JDK/java8/jdk1.8.0_201/lib/dt.jar:/home/wangming/WMHome/JDK/java8/jdk1.8.0_201/lib/tools.jar
PATH=/usr/local/sbin:/usr/local/bin:/usr/sbin:/usr/bin:/sbin:/bin:/usr/games:/usr/local/games:/snap/bin:/home/wangming/WMHome/JDK/java8/jdk1.8.0_201/bin:/home/wangming/WMHome/Maven/apache-maven-3.6.0-bin/apache-maven-3.6.0/bin
USERNAME=wangming
SHELL=/bin/bash
DISPLAY=:0

Signal Handlers:
SIGSEGV: [libjvm.so+0xad3e60], sa_mask[0]=11111111011111111101111111111110, sa_flags=SA_RESTART|SA_SIGINFO
SIGBUS: [libjvm.so+0xad3e60], sa_mask[0]=11111111011111111101111111111110, sa_flags=SA_RESTART|SA_SIGINFO
SIGFPE: [libjvm.so+0x90b880], sa_mask[0]=11111111011111111101111111111110, sa_flags=SA_RESTART|SA_SIGINFO
SIGPIPE: [libjvm.so+0x90b880], sa_mask[0]=11111111011111111101111111111110, sa_flags=SA_RESTART|SA_SIGINFO
SIGXFSZ: [libjvm.so+0x90b880], sa_mask[0]=11111111011111111101111111111110, sa_flags=SA_RESTART|SA_SIGINFO
SIGILL: [libjvm.so+0x90b880], sa_mask[0]=11111111011111111101111111111110, sa_flags=SA_RESTART|SA_SIGINFO
SIGUSR1: SIG_DFL, sa_mask[0]=00000000000000000000000000000000, sa_flags=none
SIGUSR2: [libjvm.so+0x90b750], sa_mask[0]=00000000000000000000000000000000, sa_flags=SA_RESTART|SA_SIGINFO
SIGHUP: [libjvm.so+0x90bd70], sa_mask[0]=11111111011111111101111111111110, sa_flags=SA_RESTART|SA_SIGINFO
SIGINT: [libjvm.so+0x90bd70], sa_mask[0]=11111111011111111101111111111110, sa_flags=SA_RESTART|SA_SIGINFO
SIGTERM: [libjvm.so+0x90bd70], sa_mask[0]=11111111011111111101111111111110, sa_flags=SA_RESTART|SA_SIGINFO
SIGQUIT: [libjvm.so+0x90bd70], sa_mask[0]=11111111011111111101111111111110, sa_flags=SA_RESTART|SA_SIGINFO


---------------  S Y S T E M  ---------------

OS:DISTRIB_ID=Ubuntu
DISTRIB_RELEASE=18.04
DISTRIB_CODENAME=bionic
DISTRIB_DESCRIPTION="Ubuntu 18.04.2 LTS"

uname:Linux 4.18.0-15-generic #16~18.04.1-Ubuntu SMP Thu Feb 7 14:06:04 UTC 2019 x86_64
libc:glibc 2.27 NPTL 2.27 
rlimit: STACK 8192k, CORE 0k, NPROC 7635, NOFILE 4096, AS infinity
load average:12.18 10.89 7.35

/proc/meminfo:
MemTotal:        2017088 kB
MemFree:           55176 kB
MemAvailable:        668 kB
Buffers:             108 kB
Cached:             6772 kB
SwapCached:          196 kB
Active:           911940 kB
Inactive:         306876 kB
Active(anon):     909104 kB
Inactive(anon):   303112 kB
Active(file):       2836 kB
Inactive(file):     3764 kB
Unevictable:          48 kB
Mlocked:              48 kB
SwapTotal:       1942896 kB
SwapFree:              0 kB
Dirty:                44 kB
Writeback:            40 kB
AnonPages:       1211952 kB
Mapped:             5920 kB
Shmem:               152 kB
Slab:             101224 kB
SReclaimable:      34640 kB
SUnreclaim:        66584 kB
KernelStack:       15232 kB
PageTables:        61272 kB
NFS_Unstable:          0 kB
Bounce:                0 kB
WritebackTmp:          0 kB
CommitLimit:     2951440 kB
Committed_AS:    7549560 kB
VmallocTotal:   34359738367 kB
VmallocUsed:           0 kB
VmallocChunk:          0 kB
HardwareCorrupted:     0 kB
AnonHugePages:         0 kB
ShmemHugePages:        0 kB
ShmemPmdMapped:        0 kB
CmaTotal:              0 kB
CmaFree:               0 kB
HugePages_Total:       0
HugePages_Free:        0
HugePages_Rsvd:        0
HugePages_Surp:        0
Hugepagesize:       2048 kB
Hugetlb:               0 kB
DirectMap4k:      200576 kB
DirectMap2M:     1896448 kB
DirectMap1G:           0 kB

container (cgroup) information:
container_type: cgroupv1
cpu_cpuset_cpus: 0
cpu_memory_nodes: 0
active_processor_count: 1
cpu_quota: -1
cpu_period: 100000
cpu_shares: -1
memory_limit_in_bytes: -1
memory_and_swap_limit_in_bytes: -2
memory_soft_limit_in_bytes: -1
memory_usage_in_bytes: 1247490048
memory_max_usage_in_bytes: 145907712


CPU:total 1 (initial active 1) (1 cores per cpu, 1 threads per core) family 6 model 94 stepping 3, cmov, cx8, fxsr, mmx, sse, sse2, sse3, ssse3, sse4.1, sse4.2, popcnt, avx, avx2, aes, clmul, erms, rtm, 3dnowpref, lzcnt, tsc, tscinvbit, bmi1, bmi2, adx

/proc/cpuinfo:
processor	: 0
vendor_id	: GenuineIntel
cpu family	: 6
model		: 94
model name	: Intel(R) Core(TM) i7-6700HQ CPU @ 2.60GHz
stepping	: 3
microcode	: 0xc2
cpu MHz		: 2592.004
cache size	: 6144 KB
physical id	: 0
siblings	: 1
core id		: 0
cpu cores	: 1
apicid		: 0
initial apicid	: 0
fpu		: yes
fpu_exception	: yes
cpuid level	: 22
wp		: yes
flags		: fpu vme de pse tsc msr pae mce cx8 apic sep mtrr pge mca cmov pat pse36 clflush mmx fxsr sse sse2 ss syscall nx pdpe1gb rdtscp lm constant_tsc arch_perfmon nopl xtopology tsc_reliable nonstop_tsc cpuid pni pclmulqdq ssse3 fma cx16 pcid sse4_1 sse4_2 x2apic movbe popcnt tsc_deadline_timer aes xsave avx f16c rdrand hypervisor lahf_lm abm 3dnowprefetch cpuid_fault invpcid_single pti ibrs ibpb stibp fsgsbase tsc_adjust bmi1 hle avx2 smep bmi2 invpcid rtm mpx rdseed adx smap clflushopt xsaveopt xsavec xsaves arat arch_capabilities
bugs		: cpu_meltdown spectre_v1 spectre_v2 spec_store_bypass l1tf
bogomips	: 5184.00
clflush size	: 64
cache_alignment	: 64
address sizes	: 43 bits physical, 48 bits virtual
power management:



Memory: 4k page, physical 2017088k(55300k free), swap 1942896k(0k free)

vm_info: Java HotSpot(TM) 64-Bit Server VM (25.201-b09) for linux-amd64 JRE (1.8.0_201-b09), built on Dec 15 2018 11:35:59 by "java_re" with gcc 7.3.0

time: Tue Mar 26 22:07:15 2019
timezone: CST
elapsed time: 2124 seconds (0d 0h 35m 24s)

