#
# There is insufficient memory for the Java Runtime Environment to continue.
# Native memory allocation (mmap) failed to map 56623104 bytes for committing reserved memory.
# Possible reasons:
#   The system is out of physical RAM or swap space
#   In 32 bit mode, the process size limit was hit
# Possible solutions:
#   Reduce memory load on the system
#   Increase physical memory or swap space
#   Check if swap backing store is full
#   Use 64 bit Java on a 64 bit OS
#   Decrease Java heap size (-Xmx/-Xms)
#   Decrease number of Java threads
#   Decrease Java thread stack sizes (-Xss)
#   Set larger code cache with -XX:ReservedCodeCacheSize=
# This output file may be truncated or incomplete.
#
#  Out of Memory Error (os_linux.cpp:2640), pid=30548, tid=0x00007f7528689700
#
# JRE version: Java(TM) SE Runtime Environment (8.0_171-b11) (build 1.8.0_171-b11)
# Java VM: Java HotSpot(TM) 64-Bit Server VM (25.171-b11 mixed mode linux-amd64 compressed oops)
# Failed to write core dump. Core dumps have been disabled. To enable core dumping, try "ulimit -c unlimited" before starting Java again
#

---------------  T H R E A D  ---------------

Current thread (0x00007f753c1c8000):  VMThread [stack: 0x00007f7528589000,0x00007f752868a000] [id=30558]

Stack: [0x00007f7528589000,0x00007f752868a000],  sp=0x00007f75286881a0,  free space=1020k
Native frames: (J=compiled Java code, j=interpreted, Vv=VM code, C=native code)
V  [libjvm.so+0xacfffa]  VMError::report_and_die()+0x2ba
V  [libjvm.so+0x5005cb]  report_vm_out_of_memory(char const*, int, unsigned long, VMErrorType, char const*)+0x8b
V  [libjvm.so+0x92dd93]  os::Linux::commit_memory_impl(char*, unsigned long, bool)+0x123
V  [libjvm.so+0x92dfb9]  os::pd_commit_memory(char*, unsigned long, unsigned long, bool)+0x29
V  [libjvm.so+0x92527a]  os::commit_memory(char*, unsigned long, unsigned long, bool)+0x2a
V  [libjvm.so+0x99b223]  PSVirtualSpace::expand_by(unsigned long)+0x53
V  [libjvm.so+0x98bae0]  PSOldGen::expand(unsigned long)+0x170
V  [libjvm.so+0x98bceb]  PSOldGen::resize(unsigned long)+0x1cb
V  [libjvm.so+0x9939f1]  PSParallelCompact::invoke_no_policy(bool)+0x991
V  [libjvm.so+0x99934d]  PSScavenge::invoke()+0x1ad
V  [libjvm.so+0x94fcb0]  ParallelScavengeHeap::failed_mem_allocate(unsigned long)+0x70
V  [libjvm.so+0xad1a77]  VM_ParallelGCFailedAllocation::doit()+0x97
V  [libjvm.so+0xad9595]  VM_Operation::evaluate()+0x55
V  [libjvm.so+0xad795a]  VMThread::evaluate_operation(VM_Operation*)+0xba
V  [libjvm.so+0xad7cde]  VMThread::loop()+0x1ce
V  [libjvm.so+0xad8150]  VMThread::run()+0x70
V  [libjvm.so+0x92e0f8]  java_start(Thread*)+0x108

VM_Operation (0x00007f74fcc99300): ParallelGCFailedAllocation, mode: safepoint, requested by thread 0x00007f753c5d1800


---------------  P R O C E S S  ---------------

Java Threads: ( => current thread )
  0x00007f753c6ae800 JavaThread "pool-3-thread-8" [_thread_blocked, id=30932, stack(0x00007f74fe7b6000,0x00007f74fe8b7000)]
  0x00007f753c5d1800 JavaThread "pool-3-thread-7" [_thread_blocked, id=30931, stack(0x00007f74fcb9a000,0x00007f74fcc9b000)]
  0x00007f753c5f5000 JavaThread "pool-3-thread-6" [_thread_blocked, id=30927, stack(0x00007f74feab9000,0x00007f74febba000)]
  0x00007f753c731800 JavaThread "pool-3-thread-5" [_thread_blocked, id=30926, stack(0x00007f74fe0af000,0x00007f74fe1b0000)]
  0x00007f753c5f6800 JavaThread "pool-3-thread-4" [_thread_blocked, id=30925, stack(0x00007f74fcf9e000,0x00007f74fd09f000)]
  0x00007f753c5fa800 JavaThread "pool-3-thread-3" [_thread_blocked, id=30924, stack(0x00007f74febba000,0x00007f74fecbb000)]
  0x00007f753c5c8800 JavaThread "pool-3-thread-2" [_thread_blocked, id=30911, stack(0x00007f74fc897000,0x00007f74fc998000)]
  0x00007f753c69f800 JavaThread "pool-3-thread-1" [_thread_blocked, id=30909, stack(0x00007f74fe5b4000,0x00007f74fe6b5000)]
  0x00007f753c26c800 JavaThread "surefire-forkedjvm-command-thread" daemon [_thread_blocked, id=30569, stack(0x00007f74ff03b000,0x00007f74ff13c000)]
  0x00007f753c250800 JavaThread "last-ditch-daemon-shutdown-thread-30sec" daemon [_thread_blocked, id=30568, stack(0x00007f74ff13c000,0x00007f74ff23d000)]
  0x00007f753c212800 JavaThread "Service Thread" daemon [_thread_blocked, id=30566, stack(0x00007f74ff33e000,0x00007f74ff43f000)]
  0x00007f753c20f800 JavaThread "C1 CompilerThread3" daemon [_thread_blocked, id=30565, stack(0x00007f74ff43f000,0x00007f74ff540000)]
  0x00007f753c20d800 JavaThread "C2 CompilerThread2" daemon [_thread_blocked, id=30564, stack(0x00007f74ff540000,0x00007f74ff641000)]
  0x00007f753c20b800 JavaThread "C2 CompilerThread1" daemon [_thread_blocked, id=30563, stack(0x00007f7528084000,0x00007f7528185000)]
  0x00007f753c209000 JavaThread "C2 CompilerThread0" daemon [_thread_blocked, id=30562, stack(0x00007f7528185000,0x00007f7528286000)]
  0x00007f753c207800 JavaThread "Signal Dispatcher" daemon [_thread_blocked, id=30561, stack(0x00007f7528286000,0x00007f7528387000)]
  0x00007f753c1d4000 JavaThread "Finalizer" daemon [_thread_blocked, id=30560, stack(0x00007f7528387000,0x00007f7528488000)]
  0x00007f753c1cf800 JavaThread "Reference Handler" daemon [_thread_blocked, id=30559, stack(0x00007f7528488000,0x00007f7528589000)]
  0x00007f753c00a800 JavaThread "main" [_thread_blocked, id=30549, stack(0x00007f75428b5000,0x00007f75429b6000)]

Other Threads:
=>0x00007f753c1c8000 VMThread [stack: 0x00007f7528589000,0x00007f752868a000] [id=30558]
  0x00007f753c217800 WatcherThread [stack: 0x00007f74ff23d000,0x00007f74ff33e000] [id=30567]

VM state:at safepoint (normal execution)

VM Mutex/Monitor currently owned by a thread:  ([mutex/lock_event])
[0x00007f753c006680] ExpandHeap_lock - owner thread: 0x00007f753c1c8000
[0x00007f753c006d00] Threads_lock - owner thread: 0x00007f753c1c8000
[0x00007f753c007200] Heap_lock - owner thread: 0x00007f753c5d1800

Heap:
 PSYoungGen      total 135680K, used 0K [0x00000000f5b80000, 0x0000000100000000, 0x0000000100000000)
  eden space 102912K, 0% used [0x00000000f5b80000,0x00000000f5b80000,0x00000000fc000000)
  from space 32768K, 0% used [0x00000000fc000000,0x00000000fc000000,0x00000000fe000000)
  to   space 32768K, 0% used [0x00000000fe000000,0x00000000fe000000,0x0000000100000000)
 ParOldGen       total 154624K, used 149631K [0x00000000e1200000, 0x00000000ea900000, 0x00000000f5b80000)
  object space 154624K, 96% used [0x00000000e1200000,0x00000000ea41fc58,0x00000000ea900000)
 Metaspace       used 7966K, capacity 8124K, committed 8320K, reserved 1056768K
  class space    used 962K, capacity 1030K, committed 1152K, reserved 1048576K

Card table byte_map: [0x00007f752c50e000,0x00007f752c606000] byte_map_base: 0x00007f752be05000

Marking Bits: (ParMarkBitMap*) 0x00007f7541d80280
 Begin Bits: [0x00007f752ad96000, 0x00007f752b54e000)
 End Bits:   [0x00007f752b54e000, 0x00007f752bd06000)

Polling page: 0x00007f75429d2000

CodeCache: size=245760Kb used=3730Kb max_used=3742Kb free=242029Kb
 bounds [0x00007f752c9c6000, 0x00007f752cd76000, 0x00007f753b9c6000]
 total_blobs=1289 nmethods=978 adapters=224
 compilation: enabled

Compilation events (10 events):
Event: 11.242 Thread 0x00007f753c20f800 nmethod 975 0x00007f752cd56910 code [0x00007f752cd56b20, 0x00007f752cd57698]
Event: 11.243 Thread 0x00007f753c20b800  976       4       java.util.concurrent.ConcurrentHashMap::get (162 bytes)
Event: 11.244 Thread 0x00007f753c20d800  977       4       java.util.concurrent.ConcurrentHashMap$ForwardingNode::find (129 bytes)
Event: 11.257 Thread 0x00007f753c20d800 nmethod 977 0x00007f752cd6b390 code [0x00007f752cd6b540, 0x00007f752cd6ba38]
Event: 11.270 Thread 0x00007f753c20b800 nmethod 976 0x00007f752cd73990 code [0x00007f752cd73bc0, 0x00007f752cd746d8]
Event: 11.642 Thread 0x00007f753c20f800  978       3       java.util.zip.ZipFile$ZipFileInputStream::finalize (5 bytes)
Event: 11.654 Thread 0x00007f753c20f800 nmethod 978 0x00007f752cd6afd0 code [0x00007f752cd6b140, 0x00007f752cd6b2e8]
Event: 11.654 Thread 0x00007f753c20f800  979       3       java.util.zip.ZipFile$ZipFileInflaterInputStream::finalize (5 bytes)
Event: 11.654 Thread 0x00007f753c20f800 nmethod 979 0x00007f752cd62dd0 code [0x00007f752cd62f40, 0x00007f752cd630e8]
Event: 12.762 Thread 0x00007f753c209000  980   !   4       java.util.concurrent.ConcurrentHashMap::putVal (362 bytes)

GC Heap History (10 events):
Event: 11.418 GC heap after
Heap after GC invocations=42 (full 0):
 PSYoungGen      total 164864K, used 163488K [0x00000000f5b80000, 0x0000000100000000, 0x0000000100000000)
  eden space 161280K, 100% used [0x00000000f5b80000,0x00000000ff900000,0x00000000ff900000)
  from space 3584K, 61% used [0x00000000ff900000,0x00000000ffb28020,0x00000000ffc80000)
  to   space 3584K, 99% used [0x00000000ffc80000,0x00000000ffff8010,0x0000000100000000)
 ParOldGen       total 40960K, used 40063K [0x00000000e1200000, 0x00000000e3a00000, 0x00000000f5b80000)
  object space 40960K, 97% used [0x00000000e1200000,0x00000000e391fce8,0x00000000e3a00000)
 Metaspace       used 7965K, capacity 8124K, committed 8320K, reserved 1056768K
  class space    used 962K, capacity 1030K, committed 1152K, reserved 1048576K
}
Event: 11.418 GC heap before
{Heap before GC invocations=43 (full 1):
 PSYoungGen      total 164864K, used 163488K [0x00000000f5b80000, 0x0000000100000000, 0x0000000100000000)
  eden space 161280K, 100% used [0x00000000f5b80000,0x00000000ff900000,0x00000000ff900000)
  from space 3584K, 61% used [0x00000000ff900000,0x00000000ffb28020,0x00000000ffc80000)
  to   space 3584K, 99% used [0x00000000ffc80000,0x00000000ffff8010,0x0000000100000000)
 ParOldGen       total 40960K, used 40063K [0x00000000e1200000, 0x00000000e3a00000, 0x00000000f5b80000)
  object space 40960K, 97% used [0x00000000e1200000,0x00000000e391fce8,0x00000000e3a00000)
 Metaspace       used 7965K, capacity 8124K, committed 8320K, reserved 1056768K
  class space    used 962K, capacity 1030K, committed 1152K, reserved 1048576K
Event: 11.627 GC heap after
Heap after GC invocations=43 (full 1):
 PSYoungGen      total 164864K, used 0K [0x00000000f5b80000, 0x0000000100000000, 0x0000000100000000)
  eden space 161280K, 0% used [0x00000000f5b80000,0x00000000f5b80000,0x00000000ff900000)
  from space 3584K, 0% used [0x00000000ff900000,0x00000000ff900000,0x00000000ffc80000)
  to   space 3584K, 0% used [0x00000000ffc80000,0x00000000ffc80000,0x0000000100000000)
 ParOldGen       total 51712K, used 39433K [0x00000000e1200000, 0x00000000e4480000, 0x00000000f5b80000)
  object space 51712K, 76% used [0x00000000e1200000,0x00000000e3882480,0x00000000e4480000)
 Metaspace       used 7965K, capacity 8124K, committed 8320K, reserved 1056768K
  class space    used 962K, capacity 1030K, committed 1152K, reserved 1048576K
}
Event: 11.944 GC heap before
{Heap before GC invocations=44 (full 1):
 PSYoungGen      total 164864K, used 157255K [0x00000000f5b80000, 0x0000000100000000, 0x0000000100000000)
  eden space 161280K, 97% used [0x00000000f5b80000,0x00000000ff511dc0,0x00000000ff900000)
  from space 3584K, 0% used [0x00000000ff900000,0x00000000ff900000,0x00000000ffc80000)
  to   space 3584K, 0% used [0x00000000ffc80000,0x00000000ffc80000,0x0000000100000000)
 ParOldGen       total 51712K, used 39433K [0x00000000e1200000, 0x00000000e4480000, 0x00000000f5b80000)
  object space 51712K, 76% used [0x00000000e1200000,0x00000000e3882480,0x00000000e4480000)
 Metaspace       used 7966K, capacity 8124K, committed 8320K, reserved 1056768K
  class space    used 962K, capacity 1030K, committed 1152K, reserved 1048576K
Event: 12.093 GC heap after
Heap after GC invocations=44 (full 1):
 PSYoungGen      total 106496K, used 3552K [0x00000000f5b80000, 0x0000000100000000, 0x0000000100000000)
  eden space 102912K, 0% used [0x00000000f5b80000,0x00000000f5b80000,0x00000000fc000000)
  from space 3584K, 99% used [0x00000000ffc80000,0x00000000ffff8050,0x0000000100000000)
  to   space 32768K, 0% used [0x00000000fc000000,0x00000000fc000000,0x00000000fe000000)
 ParOldGen       total 118272K, used 116610K [0x00000000e1200000, 0x00000000e8580000, 0x00000000f5b80000)
  object space 118272K, 98% used [0x00000000e1200000,0x00000000e83e0800,0x00000000e8580000)
 Metaspace       used 7966K, capacity 8124K, committed 8320K, reserved 1056768K
  class space    used 962K, capacity 1030K, committed 1152K, reserved 1048576K
}
Event: 12.093 GC heap before
{Heap before GC invocations=45 (full 2):
 PSYoungGen      total 106496K, used 3552K [0x00000000f5b80000, 0x0000000100000000, 0x0000000100000000)
  eden space 102912K, 0% used [0x00000000f5b80000,0x00000000f5b80000,0x00000000fc000000)
  from space 3584K, 99% used [0x00000000ffc80000,0x00000000ffff8050,0x0000000100000000)
  to   space 32768K, 0% used [0x00000000fc000000,0x00000000fc000000,0x00000000fe000000)
 ParOldGen       total 118272K, used 116610K [0x00000000e1200000, 0x00000000e8580000, 0x00000000f5b80000)
  object space 118272K, 98% used [0x00000000e1200000,0x00000000e83e0800,0x00000000e8580000)
 Metaspace       used 7966K, capacity 8124K, committed 8320K, reserved 1056768K
  class space    used 962K, capacity 1030K, committed 1152K, reserved 1048576K
Event: 12.673 GC heap after
Heap after GC invocations=45 (full 2):
 PSYoungGen      total 106496K, used 0K [0x00000000f5b80000, 0x0000000100000000, 0x0000000100000000)
  eden space 102912K, 0% used [0x00000000f5b80000,0x00000000f5b80000,0x00000000fc000000)
  from space 3584K, 0% used [0x00000000ffc80000,0x00000000ffc80000,0x0000000100000000)
  to   space 32768K, 0% used [0x00000000fc000000,0x00000000fc000000,0x00000000fe000000)
 ParOldGen       total 154624K, used 105732K [0x00000000e1200000, 0x00000000ea900000, 0x00000000f5b80000)
  object space 154624K, 68% used [0x00000000e1200000,0x00000000e79412f8,0x00000000ea900000)
 Metaspace       used 7966K, capacity 8124K, committed 8320K, reserved 1056768K
  class space    used 962K, capacity 1030K, committed 1152K, reserved 1048576K
}
Event: 12.810 GC heap before
{Heap before GC invocations=46 (full 2):
 PSYoungGen      total 106496K, used 102912K [0x00000000f5b80000, 0x0000000100000000, 0x0000000100000000)
  eden space 102912K, 100% used [0x00000000f5b80000,0x00000000fc000000,0x00000000fc000000)
  from space 3584K, 0% used [0x00000000ffc80000,0x00000000ffc80000,0x0000000100000000)
  to   space 32768K, 0% used [0x00000000fc000000,0x00000000fc000000,0x00000000fe000000)
 ParOldGen       total 154624K, used 105732K [0x00000000e1200000, 0x00000000ea900000, 0x00000000f5b80000)
  object space 154624K, 68% used [0x00000000e1200000,0x00000000e79412f8,0x00000000ea900000)
 Metaspace       used 7966K, capacity 8124K, committed 8320K, reserved 1056768K
  class space    used 962K, capacity 1030K, committed 1152K, reserved 1048576K
Event: 12.951 GC heap after
Heap after GC invocations=46 (full 2):
 PSYoungGen      total 135680K, used 32736K [0x00000000f5b80000, 0x0000000100000000, 0x0000000100000000)
  eden space 102912K, 0% used [0x00000000f5b80000,0x00000000f5b80000,0x00000000fc000000)
  from space 32768K, 99% used [0x00000000fc000000,0x00000000fdff8010,0x00000000fe000000)
  to   space 32768K, 0% used [0x00000000fe000000,0x00000000fe000000,0x0000000100000000)
 ParOldGen       total 154624K, used 125204K [0x00000000e1200000, 0x00000000ea900000, 0x00000000f5b80000)
  object space 154624K, 80% used [0x00000000e1200000,0x00000000e8c452f8,0x00000000ea900000)
 Metaspace       used 7966K, capacity 8124K, committed 8320K, reserved 1056768K
  class space    used 962K, capacity 1030K, committed 1152K, reserved 1048576K
}
Event: 12.952 GC heap before
{Heap before GC invocations=47 (full 3):
 PSYoungGen      total 135680K, used 32736K [0x00000000f5b80000, 0x0000000100000000, 0x0000000100000000)
  eden space 102912K, 0% used [0x00000000f5b80000,0x00000000f5b80000,0x00000000fc000000)
  from space 32768K, 99% used [0x00000000fc000000,0x00000000fdff8010,0x00000000fe000000)
  to   space 32768K, 0% used [0x00000000fe000000,0x00000000fe000000,0x0000000100000000)
 ParOldGen       total 154624K, used 125204K [0x00000000e1200000, 0x00000000ea900000, 0x00000000f5b80000)
  object space 154624K, 80% used [0x00000000e1200000,0x00000000e8c452f8,0x00000000ea900000)
 Metaspace       used 7966K, capacity 8124K, committed 8320K, reserved 1056768K
  class space    used 962K, capacity 1030K, committed 1152K, reserved 1048576K

Deoptimization events (10 events):
Event: 6.068 Thread 0x00007f753c69f800 Uncommon trap: reason=class_check action=maybe_recompile pc=0x00007f752ccd7f28 method=alluxio.collections.IndexedSet.clear()V @ 4
Event: 6.175 Thread 0x00007f753c69f800 Uncommon trap: reason=null_check action=make_not_entrant pc=0x00007f752cd1f028 method=alluxio.collections.NonUniqueFieldIndex.containsObject(Ljava/lang/Object;)Z @ 17
Event: 7.984 Thread 0x00007f753c731000 Uncommon trap: reason=unstable_if action=reinterpret pc=0x00007f752cd0b600 method=java.util.concurrent.ConcurrentHashMap$TreeNode.findTreeNode(ILjava/lang/Object;Ljava/lang/Class;)Ljava/util/concurrent/ConcurrentHashMap$TreeNode; @ 62
Event: 7.995 Thread 0x00007f753c731000 Uncommon trap: reason=unstable_if action=reinterpret pc=0x00007f752cc11570 method=java.util.concurrent.ConcurrentHashMap$TreeNode.findTreeNode(ILjava/lang/Object;Ljava/lang/Class;)Ljava/util/concurrent/ConcurrentHashMap$TreeNode; @ 62
Event: 10.035 Thread 0x00007f753c5cc000 Uncommon trap: reason=unstable_if action=reinterpret pc=0x00007f752cce5ad8 method=java.util.concurrent.ConcurrentHashMap.putVal(Ljava/lang/Object;Ljava/lang/Object;Z)Ljava/lang/Object; @ 299
Event: 11.241 Thread 0x00007f753c5f5000 Uncommon trap: reason=unstable_if action=reinterpret pc=0x00007f752cd35434 method=java.util.concurrent.ConcurrentHashMap$ForwardingNode.find(ILjava/lang/Object;)Ljava/util/concurrent/ConcurrentHashMap$Node; @ 74
Event: 11.909 Thread 0x00007f753c5f5000 Uncommon trap: reason=bimorphic action=maybe_recompile pc=0x00007f752cd5b988 method=java.util.concurrent.ConcurrentHashMap.putVal(Ljava/lang/Object;Ljava/lang/Object;Z)Ljava/lang/Object; @ 192
Event: 12.736 Thread 0x00007f753c6ae800 Uncommon trap: reason=bimorphic action=maybe_recompile pc=0x00007f752cd5b988 method=java.util.concurrent.ConcurrentHashMap.putVal(Ljava/lang/Object;Ljava/lang/Object;Z)Ljava/lang/Object; @ 192
Event: 12.749 Thread 0x00007f753c731800 Uncommon trap: reason=bimorphic action=maybe_recompile pc=0x00007f752cd5b988 method=java.util.concurrent.ConcurrentHashMap.putVal(Ljava/lang/Object;Ljava/lang/Object;Z)Ljava/lang/Object; @ 192
Event: 12.762 Thread 0x00007f753c5f5000 Uncommon trap: reason=bimorphic action=maybe_recompile pc=0x00007f752cd5b988 method=java.util.concurrent.ConcurrentHashMap.putVal(Ljava/lang/Object;Ljava/lang/Object;Z)Ljava/lang/Object; @ 192

Classes redefined (0 events):
No events

Internal exceptions (10 events):
Event: 0.522 Thread 0x00007f753c00a800 Exception <a 'java/lang/ClassNotFoundException': org/apache/log4j/AppenderSkeletonCustomizer> (0x00000000f5ce5d48) thrown at [/HUDSON/workspace/8-2-build-linux-amd64/jdk8u171/10807/hotspot/src/share/vm/classfile/systemDictionary.cpp, line 210]
Event: 0.536 Thread 0x00007f753c00a800 Exception <a 'java/lang/ClassNotFoundException': org/apache/log4j/WriterAppenderCustomizer> (0x00000000f5e98730) thrown at [/HUDSON/workspace/8-2-build-linux-amd64/jdk8u171/10807/hotspot/src/share/vm/classfile/systemDictionary.cpp, line 210]
Event: 0.538 Thread 0x00007f753c00a800 Exception <a 'java/lang/ClassNotFoundException': org/apache/log4j/FileAppenderCustomizer> (0x00000000f5ffe210) thrown at [/HUDSON/workspace/8-2-build-linux-amd64/jdk8u171/10807/hotspot/src/share/vm/classfile/systemDictionary.cpp, line 210]
Event: 0.545 Thread 0x00007f753c00a800 Exception <a 'java/lang/ClassNotFoundException': org/apache/log4j/RollingFileAppenderCustomizer> (0x00000000f60caa18) thrown at [/HUDSON/workspace/8-2-build-linux-amd64/jdk8u171/10807/hotspot/src/share/vm/classfile/systemDictionary.cpp, line 210]
Event: 0.625 Thread 0x00007f753c00a800 Implicit null exception at 0x00007f752cbf3ad3 to 0x00007f752cbf3d49
Event: 0.635 Thread 0x00007f753c00a800 Implicit null exception at 0x00007f752cbc34c2 to 0x00007f752cbc3719
Event: 0.699 Thread 0x00007f753c00a800 Exception <a 'java/lang/NoSuchFieldError': method resolution failed> (0x00000000f69b3a00) thrown at [/HUDSON/workspace/8-2-build-linux-amd64/jdk8u171/10807/hotspot/src/share/vm/prims/methodHandles.cpp, line 1167]
Event: 0.702 Thread 0x00007f753c00a800 Exception <a 'java/lang/NoSuchFieldError': method resolution failed> (0x00000000f69c10f0) thrown at [/HUDSON/workspace/8-2-build-linux-amd64/jdk8u171/10807/hotspot/src/share/vm/prims/methodHandles.cpp, line 1167]
Event: 4.867 Thread 0x00007f753c5ca800 Implicit null exception at 0x00007f752cbf860b to 0x00007f752cbf91b1
Event: 6.175 Thread 0x00007f753c69f800 Implicit null exception at 0x00007f752cd1df78 to 0x00007f752cd1f005

Events (10 events):
Event: 12.736 Thread 0x00007f753c6ae800 Uncommon trap: trap_request=0xffffffc6 fr.pc=0x00007f752cd5b988
Event: 12.736 Thread 0x00007f753c6ae800 DEOPT PACKING pc=0x00007f752cd5b988 sp=0x00007f74fe8b5330
Event: 12.736 Thread 0x00007f753c6ae800 DEOPT UNPACKING pc=0x00007f752ca0b73a sp=0x00007f74fe8b52d8 mode 2
Event: 12.749 Thread 0x00007f753c731800 Uncommon trap: trap_request=0xffffffc6 fr.pc=0x00007f752cd5b988
Event: 12.749 Thread 0x00007f753c731800 DEOPT PACKING pc=0x00007f752cd5b988 sp=0x00007f74fe1ae4b0
Event: 12.749 Thread 0x00007f753c731800 DEOPT UNPACKING pc=0x00007f752ca0b73a sp=0x00007f74fe1ae458 mode 2
Event: 12.761 Thread 0x00007f753c5f5000 Uncommon trap: trap_request=0xffffffc6 fr.pc=0x00007f752cd5b988
Event: 12.762 Thread 0x00007f753c5f5000 DEOPT PACKING pc=0x00007f752cd5b988 sp=0x00007f74febb8430
Event: 12.762 Thread 0x00007f753c5f5000 DEOPT UNPACKING pc=0x00007f752ca0b73a sp=0x00007f74febb83d8 mode 2
Event: 12.789 Executing VM operation: ParallelGCFailedAllocation


Dynamic libraries:
00400000-00401000 r-xp 00000000 08:01 413667                             /usr/lib/jvm/jdk1.8.0_171/jre/bin/java
00600000-00601000 rw-p 00000000 08:01 413667                             /usr/lib/jvm/jdk1.8.0_171/jre/bin/java
00ec8000-00ee9000 rw-p 00000000 00:00 0                                  [heap]
e1200000-ea900000 rw-p 00000000 00:00 0 
edf00000-f5b80000 ---p 00000000 00:00 0 
f5b80000-100000000 rw-p 00000000 00:00 0 
100000000-100120000 rw-p 00000000 00:00 0 
100120000-140000000 ---p 00000000 00:00 0 
7f7438000000-7f7438021000 rw-p 00000000 00:00 0 
7f7438021000-7f743c000000 ---p 00000000 00:00 0 
7f743c000000-7f743c021000 rw-p 00000000 00:00 0 
7f743c021000-7f7440000000 ---p 00000000 00:00 0 
7f7440000000-7f7440021000 rw-p 00000000 00:00 0 
7f7440021000-7f7444000000 ---p 00000000 00:00 0 
7f7444000000-7f7444021000 rw-p 00000000 00:00 0 
7f7444021000-7f7448000000 ---p 00000000 00:00 0 
7f7448000000-7f7448021000 rw-p 00000000 00:00 0 
7f7448021000-7f744c000000 ---p 00000000 00:00 0 
7f744c000000-7f744c021000 rw-p 00000000 00:00 0 
7f744c021000-7f7450000000 ---p 00000000 00:00 0 
7f7450000000-7f7450021000 rw-p 00000000 00:00 0 
7f7450021000-7f7454000000 ---p 00000000 00:00 0 
7f7454000000-7f7454021000 rw-p 00000000 00:00 0 
7f7454021000-7f7458000000 ---p 00000000 00:00 0 
7f7458000000-7f745806b000 rw-p 00000000 00:00 0 
7f745806b000-7f745c000000 ---p 00000000 00:00 0 
7f745c000000-7f745c021000 rw-p 00000000 00:00 0 
7f745c021000-7f7460000000 ---p 00000000 00:00 0 
7f7460000000-7f7460023000 rw-p 00000000 00:00 0 
7f7460023000-7f7464000000 ---p 00000000 00:00 0 
7f7464000000-7f7464021000 rw-p 00000000 00:00 0 
7f7464021000-7f7468000000 ---p 00000000 00:00 0 
7f7468000000-7f746803f000 rw-p 00000000 00:00 0 
7f746803f000-7f746c000000 ---p 00000000 00:00 0 
7f746c000000-7f746c05a000 rw-p 00000000 00:00 0 
7f746c05a000-7f7470000000 ---p 00000000 00:00 0 
7f7470000000-7f747003a000 rw-p 00000000 00:00 0 
7f747003a000-7f7474000000 ---p 00000000 00:00 0 
7f7474000000-7f74740b3000 rw-p 00000000 00:00 0 
7f74740b3000-7f7478000000 ---p 00000000 00:00 0 
7f7478000000-7f7478063000 rw-p 00000000 00:00 0 
7f7478063000-7f747c000000 ---p 00000000 00:00 0 
7f747c000000-7f747c021000 rw-p 00000000 00:00 0 
7f747c021000-7f7480000000 ---p 00000000 00:00 0 
7f7480000000-7f7480021000 rw-p 00000000 00:00 0 
7f7480021000-7f7484000000 ---p 00000000 00:00 0 
7f7484000000-7f7484092000 rw-p 00000000 00:00 0 
7f7484092000-7f7488000000 ---p 00000000 00:00 0 
7f7488000000-7f74880b3000 rw-p 00000000 00:00 0 
7f74880b3000-7f748c000000 ---p 00000000 00:00 0 
7f748c000000-7f748c067000 rw-p 00000000 00:00 0 
7f748c067000-7f7490000000 ---p 00000000 00:00 0 
7f7490000000-7f7490066000 rw-p 00000000 00:00 0 
7f7490066000-7f7494000000 ---p 00000000 00:00 0 
7f7494000000-7f749403a000 rw-p 00000000 00:00 0 
7f749403a000-7f7498000000 ---p 00000000 00:00 0 
7f7498000000-7f749805b000 rw-p 00000000 00:00 0 
7f749805b000-7f749c000000 ---p 00000000 00:00 0 
7f749c000000-7f749c0a8000 rw-p 00000000 00:00 0 
7f749c0a8000-7f74a0000000 ---p 00000000 00:00 0 
7f74a0000000-7f74a07e5000 rw-p 00000000 00:00 0 
7f74a07e5000-7f74a4000000 ---p 00000000 00:00 0 
7f74a4000000-7f74a402a000 rw-p 00000000 00:00 0 
7f74a402a000-7f74a8000000 ---p 00000000 00:00 0 
7f74a8000000-7f74a89fe000 rw-p 00000000 00:00 0 
7f74a89fe000-7f74ac000000 ---p 00000000 00:00 0 
7f74ac000000-7f74ac803000 rw-p 00000000 00:00 0 
7f74ac803000-7f74b0000000 ---p 00000000 00:00 0 
7f74b0000000-7f74b09bc000 rw-p 00000000 00:00 0 
7f74b09bc000-7f74b4000000 ---p 00000000 00:00 0 
7f74b4000000-7f74b48c4000 rw-p 00000000 00:00 0 
7f74b48c4000-7f74b8000000 ---p 00000000 00:00 0 
7f74b8000000-7f74b8765000 rw-p 00000000 00:00 0 
7f74b8765000-7f74bc000000 ---p 00000000 00:00 0 
7f74bc000000-7f74bc9c4000 rw-p 00000000 00:00 0 
7f74bc9c4000-7f74c0000000 ---p 00000000 00:00 0 
7f74c0000000-7f74c0764000 rw-p 00000000 00:00 0 
7f74c0764000-7f74c4000000 ---p 00000000 00:00 0 
7f74c4000000-7f74c489d000 rw-p 00000000 00:00 0 
7f74c489d000-7f74c8000000 ---p 00000000 00:00 0 
7f74c8000000-7f74c88e0000 rw-p 00000000 00:00 0 
7f74c88e0000-7f74cc000000 ---p 00000000 00:00 0 
7f74cc000000-7f74cca93000 rw-p 00000000 00:00 0 
7f74cca93000-7f74d0000000 ---p 00000000 00:00 0 
7f74d0000000-7f74d003c000 rw-p 00000000 00:00 0 
7f74d003c000-7f74d4000000 ---p 00000000 00:00 0 
7f74d4000000-7f74d480f000 rw-p 00000000 00:00 0 
7f74d480f000-7f74d8000000 ---p 00000000 00:00 0 
7f74d8000000-7f74d8021000 rw-p 00000000 00:00 0 
7f74d8021000-7f74dc000000 ---p 00000000 00:00 0 
7f74dc000000-7f74dc021000 rw-p 00000000 00:00 0 
7f74dc021000-7f74e0000000 ---p 00000000 00:00 0 
7f74e0000000-7f74e0405000 rw-p 00000000 00:00 0 
7f74e0405000-7f74e4000000 ---p 00000000 00:00 0 
7f74e4000000-7f74e4021000 rw-p 00000000 00:00 0 
7f74e4021000-7f74e8000000 ---p 00000000 00:00 0 
7f74e8000000-7f74e908e000 rw-p 00000000 00:00 0 
7f74e908e000-7f74ec000000 ---p 00000000 00:00 0 
7f74ec000000-7f74ec642000 rw-p 00000000 00:00 0 
7f74ec642000-7f74f0000000 ---p 00000000 00:00 0 
7f74f0000000-7f74f0021000 rw-p 00000000 00:00 0 
7f74f0021000-7f74f4000000 ---p 00000000 00:00 0 
7f74f4000000-7f74f4730000 rw-p 00000000 00:00 0 
7f74f4730000-7f74f8000000 ---p 00000000 00:00 0 
7f74f8000000-7f74f8021000 rw-p 00000000 00:00 0 
7f74f8021000-7f74fc000000 ---p 00000000 00:00 0 
7f74fc897000-7f74fc89a000 ---p 00000000 00:00 0 
7f74fc89a000-7f74fc998000 rw-p 00000000 00:00 0 
7f74fc998000-7f74fc99b000 ---p 00000000 00:00 0 
7f74fc99b000-7f74fca99000 rw-p 00000000 00:00 0 
7f74fca99000-7f74fca9c000 ---p 00000000 00:00 0 
7f74fca9c000-7f74fcb9a000 rw-p 00000000 00:00 0 
7f74fcb9a000-7f74fcb9d000 ---p 00000000 00:00 0 
7f74fcb9d000-7f74fcc9b000 rw-p 00000000 00:00 0 
7f74fcc9b000-7f74fcc9e000 ---p 00000000 00:00 0 
7f74fcc9e000-7f74fcd9c000 rw-p 00000000 00:00 0 
7f74fcd9c000-7f74fcd9f000 ---p 00000000 00:00 0 
7f74fcd9f000-7f74fce9d000 rw-p 00000000 00:00 0 
7f74fce9d000-7f74fcea0000 ---p 00000000 00:00 0 
7f74fcea0000-7f74fcf9e000 rw-p 00000000 00:00 0 
7f74fcf9e000-7f74fcfa1000 ---p 00000000 00:00 0 
7f74fcfa1000-7f74fd09f000 rw-p 00000000 00:00 0 
7f74fd09f000-7f74fd0a2000 ---p 00000000 00:00 0 
7f74fd0a2000-7f74fd1a0000 rw-p 00000000 00:00 0 
7f74fd1a0000-7f74fd1a3000 ---p 00000000 00:00 0 
7f74fd1a3000-7f74fd2a1000 rw-p 00000000 00:00 0 
7f74fd2a1000-7f74fd2a4000 ---p 00000000 00:00 0 
7f74fd2a4000-7f74fd3a2000 rw-p 00000000 00:00 0 
7f74fd3a2000-7f74fd3a5000 ---p 00000000 00:00 0 
7f74fd3a5000-7f74fd4a3000 rw-p 00000000 00:00 0 
7f74fd4a3000-7f74fd4a6000 ---p 00000000 00:00 0 
7f74fd4a6000-7f74fd5a4000 rw-p 00000000 00:00 0 
7f74fd5a4000-7f74fd5a7000 ---p 00000000 00:00 0 
7f74fd5a7000-7f74fd6a5000 rw-p 00000000 00:00 0 
7f74fd6a5000-7f74fd6a8000 ---p 00000000 00:00 0 
7f74fd6a8000-7f74fd7a6000 rw-p 00000000 00:00 0 
7f74fd7a6000-7f74fd7a9000 ---p 00000000 00:00 0 
7f74fd7a9000-7f74fd8a7000 rw-p 00000000 00:00 0 
7f74fd8a7000-7f74fd8aa000 ---p 00000000 00:00 0 
7f74fd8aa000-7f74fd9a8000 rw-p 00000000 00:00 0 
7f74fd9a8000-7f74fd9ab000 ---p 00000000 00:00 0 
7f74fd9ab000-7f74fdaa9000 rw-p 00000000 00:00 0 
7f74fdaa9000-7f74fdaac000 ---p 00000000 00:00 0 
7f74fdaac000-7f74fdbaa000 rw-p 00000000 00:00 0 
7f74fdbaa000-7f74fdbad000 ---p 00000000 00:00 0 
7f74fdbad000-7f74fdcab000 rw-p 00000000 00:00 0 
7f74fdcab000-7f74fdcae000 ---p 00000000 00:00 0 
7f74fdcae000-7f74fddac000 rw-p 00000000 00:00 0 
7f74fddac000-7f74fddaf000 ---p 00000000 00:00 0 
7f74fddaf000-7f74fdead000 rw-p 00000000 00:00 0 
7f74fdead000-7f74fdeb0000 ---p 00000000 00:00 0 
7f74fdeb0000-7f74fdfae000 rw-p 00000000 00:00 0 
7f74fdfae000-7f74fdfb1000 ---p 00000000 00:00 0 
7f74fdfb1000-7f74fe0af000 rw-p 00000000 00:00 0 
7f74fe0af000-7f74fe0b2000 ---p 00000000 00:00 0 
7f74fe0b2000-7f74fe1b0000 rw-p 00000000 00:00 0 
7f74fe1b0000-7f74fe1b3000 ---p 00000000 00:00 0 
7f74fe1b3000-7f74fe2b1000 rw-p 00000000 00:00 0 
7f74fe2b1000-7f74fe2b4000 ---p 00000000 00:00 0 
7f74fe2b4000-7f74fe3b2000 rw-p 00000000 00:00 0 
7f74fe3b2000-7f74fe3b5000 ---p 00000000 00:00 0 
7f74fe3b5000-7f74fe4b3000 rw-p 00000000 00:00 0 
7f74fe4b3000-7f74fe4b6000 ---p 00000000 00:00 0 
7f74fe4b6000-7f74fe5b4000 rw-p 00000000 00:00 0 
7f74fe5b4000-7f74fe5b7000 ---p 00000000 00:00 0 
7f74fe5b7000-7f74fe6b5000 rw-p 00000000 00:00 0 
7f74fe6b5000-7f74fe6b8000 ---p 00000000 00:00 0 
7f74fe6b8000-7f74fe7b6000 rw-p 00000000 00:00 0 
7f74fe7b6000-7f74fe7b9000 ---p 00000000 00:00 0 
7f74fe7b9000-7f74fe8b7000 rw-p 00000000 00:00 0 
7f74fe8b7000-7f74fe8ba000 ---p 00000000 00:00 0 
7f74fe8ba000-7f74fe9b8000 rw-p 00000000 00:00 0 
7f74fe9b8000-7f74fe9bb000 ---p 00000000 00:00 0 
7f74fe9bb000-7f74feab9000 rw-p 00000000 00:00 0 
7f74feab9000-7f74feabc000 ---p 00000000 00:00 0 
7f74feabc000-7f74febba000 rw-p 00000000 00:00 0 
7f74febba000-7f74febbd000 ---p 00000000 00:00 0 
7f74febbd000-7f74fecbb000 rw-p 00000000 00:00 0 
7f74fecbb000-7f74fecbe000 ---p 00000000 00:00 0 
7f74fecbe000-7f74fedbc000 rw-p 00000000 00:00 0 
7f74fedbc000-7f74fedbf000 ---p 00000000 00:00 0 
7f74fedbf000-7f74feebd000 rw-p 00000000 00:00 0 
7f74feebd000-7f74feec0000 ---p 00000000 00:00 0 
7f74feec0000-7f74fefbe000 rw-p 00000000 00:00 0 
7f74fefbe000-7f74fefc1000 r--s 00010000 08:01 269831                     /home/cloudwise/.m2/repository/org/apache/maven/surefire/surefire-junit4/2.19.1/surefire-junit4-2.19.1.jar
7f74fefc1000-7f74fefc3000 r--s 00009000 08:01 933460                     /home/cloudwise/.m2/repository/org/objenesis/objenesis/2.1/objenesis-2.1.jar
7f74fefc3000-7f74fefc5000 r--s 0000a000 08:01 933459                     /home/cloudwise/.m2/repository/org/powermock/powermock-reflect/1.6.1/powermock-reflect-1.6.1.jar
7f74fefc5000-7f74fefc6000 r--s 00001000 08:01 1061860                    /home/cloudwise/.m2/repository/org/powermock/powermock-module-junit4-rule/1.6.1/powermock-module-junit4-rule-1.6.1.jar
7f74fefc6000-7f74fefc7000 r--s 00003000 08:01 1061857                    /home/cloudwise/.m2/repository/org/powermock/powermock-module-junit4-common/1.6.1/powermock-module-junit4-common-1.6.1.jar
7f74fefc7000-7f74fefc9000 r--s 0000a000 08:01 1061851                    /home/cloudwise/.m2/repository/org/powermock/powermock-module-junit4/1.6.1/powermock-module-junit4-1.6.1.jar
7f74fefc9000-7f74fefcc000 r--s 00016000 08:01 933454                     /home/cloudwise/.m2/repository/org/powermock/powermock-core/1.6.1/powermock-core-1.6.1.jar
7f74fefcc000-7f74fefce000 r--s 00005000 08:01 1061853                    /home/cloudwise/.m2/repository/xpp3/xpp3_min/1.1.4c/xpp3_min-1.1.4c.jar
7f74fefce000-7f74fefcf000 r--s 00001000 08:01 1061852                    /home/cloudwise/.m2/repository/xmlpull/xmlpull/1.1.3.1/xmlpull-1.1.3.1.jar
7f74fefcf000-7f74fefdb000 r--s 0006a000 08:01 1061849                    /home/cloudwise/.m2/repository/com/thoughtworks/xstream/xstream/1.4.2/xstream-1.4.2.jar
7f74fefdb000-7f74fefdc000 r--s 00001000 08:01 1061848                    /home/cloudwise/.m2/repository/org/powermock/powermock-classloading-base/1.6.1/powermock-classloading-base-1.6.1.jar
7f74fefdc000-7f74fefdd000 r--s 00000000 08:01 1061845                    /home/cloudwise/.m2/repository/org/powermock/powermock-classloading-xstream/1.6.1/powermock-classloading-xstream-1.6.1.jar
7f74fefdd000-7f74fefde000 r--s 00004000 08:01 933453                     /home/cloudwise/.m2/repository/org/powermock/powermock-api-support/1.6.1/powermock-api-support-1.6.1.jar
7f74fefde000-7f74fefe1000 r--s 0000f000 08:01 933450                     /home/cloudwise/.m2/repository/org/powermock/powermock-api-mockito/1.6.1/powermock-api-mockito-1.6.1.jar
7f74fefe1000-7f74feffe000 r--s 0010b000 08:01 933448                     /home/cloudwise/.m2/repository/org/mockito/mockito-all/1.10.8/mockito-all-1.10.8.jar
7f74feffe000-7f74ff004000 r--s 00045000 08:01 933447                     /home/cloudwise/.m2/repository/org/hamcrest/hamcrest-all/1.3/hamcrest-all-1.3.jar
7f74ff004000-7f74ff00c000 r--s 00045000 08:01 933443                     /home/cloudwise/.m2/repository/junit/junit/4.12/junit-4.12.jar
7f74ff00c000-7f74ff00e000 r--s 00001000 08:01 933434                     /home/cloudwise/.m2/repository/org/slf4j/slf4j-log4j12/1.7.2/slf4j-log4j12-1.7.2.jar
7f74ff00e000-7f74ff010000 r--s 00005000 08:01 933432                     /home/cloudwise/.m2/repository/org/slf4j/slf4j-api/1.7.2/slf4j-api-1.7.2.jar
7f74ff010000-7f74ff019000 r--s 0006f000 08:01 933428                     /home/cloudwise/.m2/repository/log4j/log4j/1.2.17/log4j-1.2.17.jar
7f74ff019000-7f74ff01c000 r--s 00007000 08:01 816052                     /home/cloudwise/.m2/repository/com/google/code/findbugs/annotations/3.0.1/annotations-3.0.1.jar
7f74ff01c000-7f74ff01e000 r--s 00009000 08:01 933444                     /home/cloudwise/.m2/repository/org/hamcrest/hamcrest-core/1.3/hamcrest-core-1.3.jar
7f74ff01e000-7f74ff021000 r--s 00006000 08:01 933580                     /home/cloudwise/.m2/repository/com/google/code/findbugs/jsr305/1.3.9/jsr305-1.3.9.jar
7f74ff021000-7f74ff033000 r--s 000a7000 08:01 933436                     /home/cloudwise/.m2/repository/com/google/guava/guava-testlib/19.0/guava-testlib-19.0.jar
7f74ff033000-7f74ff03b000 r--s 0007b000 08:01 1352046                    /home/cloudwise/.m2/repository/com/google/protobuf/protobuf-java/2.5.0/protobuf-java-2.5.0.jar
7f74ff03b000-7f74ff03e000 ---p 00000000 00:00 0 
7f74ff03e000-7f74ff13c000 rw-p 00000000 00:00 0 
7f74ff13c000-7f74ff13f000 ---p 00000000 00:00 0 
7f74ff13f000-7f74ff23d000 rw-p 00000000 00:00 0 
7f74ff23d000-7f74ff23e000 ---p 00000000 00:00 0 
7f74ff23e000-7f74ff33e000 rw-p 00000000 00:00 0 
7f74ff33e000-7f74ff341000 ---p 00000000 00:00 0 
7f74ff341000-7f74ff43f000 rw-p 00000000 00:00 0 
7f74ff43f000-7f74ff442000 ---p 00000000 00:00 0 
7f74ff442000-7f74ff540000 rw-p 00000000 00:00 0 
7f74ff540000-7f74ff543000 ---p 00000000 00:00 0 
7f74ff543000-7f74ff641000 rw-p 00000000 00:00 0 
7f74ff641000-7f7500000000 r--p 00000000 08:01 402374                     /usr/lib/locale/locale-archive
7f7500000000-7f7500292000 rw-p 00000000 00:00 0 
7f7500292000-7f7504000000 ---p 00000000 00:00 0 
7f7504000000-7f7504021000 rw-p 00000000 00:00 0 
7f7504021000-7f7508000000 ---p 00000000 00:00 0 
7f7508000000-7f75081a2000 rw-p 00000000 00:00 0 
7f75081a2000-7f750c000000 ---p 00000000 00:00 0 
7f750c000000-7f750c021000 rw-p 00000000 00:00 0 
7f750c021000-7f7510000000 ---p 00000000 00:00 0 
7f7510000000-7f7510068000 rw-p 00000000 00:00 0 
7f7510068000-7f7514000000 ---p 00000000 00:00 0 
7f7514000000-7f7514021000 rw-p 00000000 00:00 0 
7f7514021000-7f7518000000 ---p 00000000 00:00 0 
7f7518000000-7f7518021000 rw-p 00000000 00:00 0 
7f7518021000-7f751c000000 ---p 00000000 00:00 0 
7f751c000000-7f751c0fe000 rw-p 00000000 00:00 0 
7f751c0fe000-7f7520000000 ---p 00000000 00:00 0 
7f7520000000-7f7520021000 rw-p 00000000 00:00 0 
7f7520021000-7f7524000000 ---p 00000000 00:00 0 
7f7524000000-7f7524021000 rw-p 00000000 00:00 0 
7f7524021000-7f7528000000 ---p 00000000 00:00 0 
7f7528000000-7f752800e000 r--s 000f2000 08:01 933830                     /home/cloudwise/workspace/alluxio/core/protobuf/target/alluxio-core-protobuf-1.8.0-SNAPSHOT.jar
7f752800e000-7f7528017000 r--s 000ae000 08:01 933910                     /home/cloudwise/.m2/repository/org/javassist/javassist/3.19.0-GA/javassist-3.19.0-GA.jar
7f7528017000-7f752801a000 r--s 0001d000 08:01 269604                     /home/cloudwise/.m2/repository/org/reflections/reflections/0.9.10/reflections-0.9.10.jar
7f752801a000-7f7528032000 r--s 00110000 08:01 269602                     /home/cloudwise/.m2/repository/io/netty/netty/3.7.0.Final/netty-3.7.0.Final.jar
7f7528032000-7f7528036000 r--s 0003e000 08:01 269600                     /home/cloudwise/.m2/repository/jline/jline/2.14.2/jline-2.14.2.jar
7f7528036000-7f7528042000 r--s 000b6000 08:01 269598                     /home/cloudwise/.m2/repository/org/apache/zookeeper/zookeeper/3.4.6/zookeeper-3.4.6.jar
7f7528042000-7f752804a000 r--s 00048000 08:01 1592903                    /home/cloudwise/.m2/repository/org/apache/httpcomponents/httpcore/4.4.6/httpcore-4.4.6.jar
7f752804a000-7f7528057000 r--s 000aa000 08:01 1487373                    /home/cloudwise/.m2/repository/org/apache/httpcomponents/httpclient/4.5.3/httpclient-4.5.3.jar
7f7528057000-7f752805d000 r--s 00034000 08:01 269596                     /home/cloudwise/.m2/repository/org/apache/thrift/libthrift/0.9.3/libthrift-0.9.3.jar
7f752805d000-7f7528084000 r--s 00206000 08:01 269588                     /home/cloudwise/.m2/repository/io/netty/netty-all/4.0.53.Final/netty-all-4.0.53.Final.jar
7f7528084000-7f7528087000 ---p 00000000 00:00 0 
7f7528087000-7f7528185000 rw-p 00000000 00:00 0 
7f7528185000-7f7528188000 ---p 00000000 00:00 0 
7f7528188000-7f7528286000 rw-p 00000000 00:00 0 
7f7528286000-7f7528289000 ---p 00000000 00:00 0 
7f7528289000-7f7528387000 rw-p 00000000 00:00 0 
7f7528387000-7f752838a000 ---p 00000000 00:00 0 
7f752838a000-7f7528488000 rw-p 00000000 00:00 0 
7f7528488000-7f752848b000 ---p 00000000 00:00 0 
7f752848b000-7f7528589000 rw-p 00000000 00:00 0 
7f7528589000-7f752858a000 ---p 00000000 00:00 0 
7f752858a000-7f752a1f4000 rw-p 00000000 00:00 0 
7f752a1f4000-7f752a3ce000 r--s 03d68000 08:01 413773                     /usr/lib/jvm/jdk1.8.0_171/jre/lib/rt.jar
7f752a3ce000-7f752ab9f000 rw-p 00000000 00:00 0 
7f752ab9f000-7f752ac9f000 ---p 00000000 00:00 0 
7f752ac9f000-7f752bd06000 rw-p 00000000 00:00 0 
7f752bd06000-7f752bd07000 ---p 00000000 00:00 0 
7f752bd07000-7f752be07000 rw-p 00000000 00:00 0 
7f752be07000-7f752be08000 ---p 00000000 00:00 0 
7f752be08000-7f752bf08000 rw-p 00000000 00:00 0 
7f752bf08000-7f752bf09000 ---p 00000000 00:00 0 
7f752bf09000-7f752c009000 rw-p 00000000 00:00 0 
7f752c009000-7f752c00a000 ---p 00000000 00:00 0 
7f752c00a000-7f752c10a000 rw-p 00000000 00:00 0 
7f752c10a000-7f752c10b000 ---p 00000000 00:00 0 
7f752c10b000-7f752c20b000 rw-p 00000000 00:00 0 
7f752c20b000-7f752c20c000 ---p 00000000 00:00 0 
7f752c20c000-7f752c30c000 rw-p 00000000 00:00 0 
7f752c30c000-7f752c30d000 ---p 00000000 00:00 0 
7f752c30d000-7f752c40d000 rw-p 00000000 00:00 0 
7f752c40d000-7f752c40e000 ---p 00000000 00:00 0 
7f752c40e000-7f752c55a000 rw-p 00000000 00:00 0 
7f752c55a000-7f752c5b2000 ---p 00000000 00:00 0 
7f752c5b2000-7f752c605000 rw-p 00000000 00:00 0 
7f752c605000-7f752c615000 rw-p 00000000 00:00 0 
7f752c615000-7f752c9c6000 ---p 00000000 00:00 0 
7f752c9c6000-7f752cd76000 rwxp 00000000 00:00 0 
7f752cd76000-7f753b9c6000 ---p 00000000 00:00 0 
7f753b9c6000-7f753b9e1000 r-xp 00000000 08:01 538923                     /usr/lib/jvm/jdk1.8.0_171/jre/lib/amd64/libzip.so
7f753b9e1000-7f753bbe1000 ---p 0001b000 08:01 538923                     /usr/lib/jvm/jdk1.8.0_171/jre/lib/amd64/libzip.so
7f753bbe1000-7f753bbe2000 rw-p 0001b000 08:01 538923                     /usr/lib/jvm/jdk1.8.0_171/jre/lib/amd64/libzip.so
7f753bbe2000-7f753bbed000 r-xp 00000000 08:01 1185245                    /lib/x86_64-linux-gnu/libnss_files-2.23.so
7f753bbed000-7f753bdec000 ---p 0000b000 08:01 1185245                    /lib/x86_64-linux-gnu/libnss_files-2.23.so
7f753bdec000-7f753bded000 r--p 0000a000 08:01 1185245                    /lib/x86_64-linux-gnu/libnss_files-2.23.so
7f753bded000-7f753bdee000 rw-p 0000b000 08:01 1185245                    /lib/x86_64-linux-gnu/libnss_files-2.23.so
7f753bdee000-7f753bdf4000 rw-p 00000000 00:00 0 
7f753bdf4000-7f753bdff000 r-xp 00000000 08:01 1185255                    /lib/x86_64-linux-gnu/libnss_nis-2.23.so
7f753bdff000-7f753bffe000 ---p 0000b000 08:01 1185255                    /lib/x86_64-linux-gnu/libnss_nis-2.23.so
7f753bffe000-7f753bfff000 r--p 0000a000 08:01 1185255                    /lib/x86_64-linux-gnu/libnss_nis-2.23.so
7f753bfff000-7f753c000000 rw-p 0000b000 08:01 1185255                    /lib/x86_64-linux-gnu/libnss_nis-2.23.so
7f753c000000-7f753c737000 rw-p 00000000 00:00 0 
7f753c737000-7f7540000000 ---p 00000000 00:00 0 
7f7540000000-7f7540001000 r--s 00000000 08:01 933426                     /home/cloudwise/.m2/repository/net/jcip/jcip-annotations/1.0/jcip-annotations-1.0.jar
7f7540001000-7f7540002000 r--s 00001000 08:01 933438                     /home/cloudwise/.m2/repository/com/google/errorprone/error_prone_annotations/2.0.2/error_prone_annotations-2.0.2.jar
7f7540002000-7f7540008000 r--s 00033000 08:01 269594                     /home/cloudwise/.m2/repository/org/apache/curator/curator-recipes/2.1.0-incubating/curator-recipes-2.1.0-incubating.jar
7f7540008000-7f754000d000 r--s 00024000 08:01 269592                     /home/cloudwise/.m2/repository/org/apache/curator/curator-framework/2.1.0-incubating/curator-framework-2.1.0-incubating.jar
7f754000d000-7f7540010000 r--s 0000d000 08:01 269590                     /home/cloudwise/.m2/repository/org/apache/curator/curator-client/2.1.0-incubating/curator-client-2.1.0-incubating.jar
7f7540010000-7f7540017000 r--s 00064000 08:01 816132                     /home/cloudwise/.m2/repository/org/apache/commons/commons-lang3/3.4/commons-lang3-3.4.jar
7f7540017000-7f7540019000 r--s 00008000 08:01 269587                     /home/cloudwise/.m2/repository/io/dropwizard/metrics/metrics-jvm/3.1.2/metrics-jvm-3.1.2.jar
7f7540019000-7f754001d000 r--s 0003c000 08:01 1592901                    /home/cloudwise/.m2/repository/com/fasterxml/jackson/core/jackson-core/2.6.6/jackson-core-2.6.6.jar
7f754001d000-7f7540020000 r--s 00009000 08:01 1487371                    /home/cloudwise/.m2/repository/com/fasterxml/jackson/core/jackson-annotations/2.6.6/jackson-annotations-2.6.6.jar
7f7540020000-7f7540031000 r--s 0010d000 08:01 1210165                    /home/cloudwise/.m2/repository/com/fasterxml/jackson/core/jackson-databind/2.6.6/jackson-databind-2.6.6.jar
7f7540031000-7f7540032000 r--s 00003000 08:01 269584                     /home/cloudwise/.m2/repository/io/dropwizard/metrics/metrics-json/3.1.2/metrics-json-3.1.2.jar
7f7540032000-7f7540036000 r--s 00018000 08:01 269580                     /home/cloudwise/.m2/repository/io/dropwizard/metrics/metrics-core/3.1.2/metrics-core-3.1.2.jar
7f7540036000-7f754003b000 r--s 00041000 08:01 268941                     /home/cloudwise/.m2/repository/commons-lang/commons-lang/2.6/commons-lang-2.6.jar
7f754003b000-7f7540042000 r--s 0003f000 08:01 269578                     /home/cloudwise/.m2/repository/commons-codec/commons-codec/1.10/commons-codec-1.10.jar
7f7540042000-7f7540058000 r-xp 00000000 08:01 1185239                    /lib/x86_64-linux-gnu/libnsl-2.23.so
7f7540058000-7f7540257000 ---p 00016000 08:01 1185239                    /lib/x86_64-linux-gnu/libnsl-2.23.so
7f7540257000-7f7540258000 r--p 00015000 08:01 1185239                    /lib/x86_64-linux-gnu/libnsl-2.23.so
7f7540258000-7f7540259000 rw-p 00016000 08:01 1185239                    /lib/x86_64-linux-gnu/libnsl-2.23.so
7f7540259000-7f754025b000 rw-p 00000000 00:00 0 
7f754025b000-7f7540263000 r-xp 00000000 08:01 1185241                    /lib/x86_64-linux-gnu/libnss_compat-2.23.so
7f7540263000-7f7540462000 ---p 00008000 08:01 1185241                    /lib/x86_64-linux-gnu/libnss_compat-2.23.so
7f7540462000-7f7540463000 r--p 00007000 08:01 1185241                    /lib/x86_64-linux-gnu/libnss_compat-2.23.so
7f7540463000-7f7540464000 rw-p 00008000 08:01 1185241                    /lib/x86_64-linux-gnu/libnss_compat-2.23.so
7f7540464000-7f754048f000 r-xp 00000000 08:01 538917                     /usr/lib/jvm/jdk1.8.0_171/jre/lib/amd64/libjava.so
7f754048f000-7f754068e000 ---p 0002b000 08:01 538917                     /usr/lib/jvm/jdk1.8.0_171/jre/lib/amd64/libjava.so
7f754068e000-7f7540690000 rw-p 0002a000 08:01 538917                     /usr/lib/jvm/jdk1.8.0_171/jre/lib/amd64/libjava.so
7f7540690000-7f754069d000 r-xp 00000000 08:01 538922                     /usr/lib/jvm/jdk1.8.0_171/jre/lib/amd64/libverify.so
7f754069d000-7f754089d000 ---p 0000d000 08:01 538922                     /usr/lib/jvm/jdk1.8.0_171/jre/lib/amd64/libverify.so
7f754089d000-7f754089f000 rw-p 0000d000 08:01 538922                     /usr/lib/jvm/jdk1.8.0_171/jre/lib/amd64/libverify.so
7f754089f000-7f75408a6000 r-xp 00000000 08:01 1185300                    /lib/x86_64-linux-gnu/librt-2.23.so
7f75408a6000-7f7540aa5000 ---p 00007000 08:01 1185300                    /lib/x86_64-linux-gnu/librt-2.23.so
7f7540aa5000-7f7540aa6000 r--p 00006000 08:01 1185300                    /lib/x86_64-linux-gnu/librt-2.23.so
7f7540aa6000-7f7540aa7000 rw-p 00007000 08:01 1185300                    /lib/x86_64-linux-gnu/librt-2.23.so
7f7540aa7000-7f7540baf000 r-xp 00000000 08:01 1185216                    /lib/x86_64-linux-gnu/libm-2.23.so
7f7540baf000-7f7540dae000 ---p 00108000 08:01 1185216                    /lib/x86_64-linux-gnu/libm-2.23.so
7f7540dae000-7f7540daf000 r--p 00107000 08:01 1185216                    /lib/x86_64-linux-gnu/libm-2.23.so
7f7540daf000-7f7540db0000 rw-p 00108000 08:01 1185216                    /lib/x86_64-linux-gnu/libm-2.23.so
7f7540db0000-7f7541a89000 r-xp 00000000 08:01 538899                     /usr/lib/jvm/jdk1.8.0_171/jre/lib/amd64/server/libjvm.so
7f7541a89000-7f7541c88000 ---p 00cd9000 08:01 538899                     /usr/lib/jvm/jdk1.8.0_171/jre/lib/amd64/server/libjvm.so
7f7541c88000-7f7541d62000 rw-p 00cd8000 08:01 538899                     /usr/lib/jvm/jdk1.8.0_171/jre/lib/amd64/server/libjvm.so
7f7541d62000-7f7541dad000 rw-p 00000000 00:00 0 
7f7541dad000-7f7541f6d000 r-xp 00000000 08:01 1185146                    /lib/x86_64-linux-gnu/libc-2.23.so
7f7541f6d000-7f754216d000 ---p 001c0000 08:01 1185146                    /lib/x86_64-linux-gnu/libc-2.23.so
7f754216d000-7f7542171000 r--p 001c0000 08:01 1185146                    /lib/x86_64-linux-gnu/libc-2.23.so
7f7542171000-7f7542173000 rw-p 001c4000 08:01 1185146                    /lib/x86_64-linux-gnu/libc-2.23.so
7f7542173000-7f7542177000 rw-p 00000000 00:00 0 
7f7542177000-7f754217a000 r-xp 00000000 08:01 1185170                    /lib/x86_64-linux-gnu/libdl-2.23.so
7f754217a000-7f7542379000 ---p 00003000 08:01 1185170                    /lib/x86_64-linux-gnu/libdl-2.23.so
7f7542379000-7f754237a000 r--p 00002000 08:01 1185170                    /lib/x86_64-linux-gnu/libdl-2.23.so
7f754237a000-7f754237b000 rw-p 00003000 08:01 1185170                    /lib/x86_64-linux-gnu/libdl-2.23.so
7f754237b000-7f7542391000 r-xp 00000000 08:01 538894                     /usr/lib/jvm/jdk1.8.0_171/jre/lib/amd64/jli/libjli.so
7f7542391000-7f7542590000 ---p 00016000 08:01 538894                     /usr/lib/jvm/jdk1.8.0_171/jre/lib/amd64/jli/libjli.so
7f7542590000-7f7542591000 rw-p 00015000 08:01 538894                     /usr/lib/jvm/jdk1.8.0_171/jre/lib/amd64/jli/libjli.so
7f7542591000-7f75425a9000 r-xp 00000000 08:01 1185292                    /lib/x86_64-linux-gnu/libpthread-2.23.so
7f75425a9000-7f75427a8000 ---p 00018000 08:01 1185292                    /lib/x86_64-linux-gnu/libpthread-2.23.so
7f75427a8000-7f75427a9000 r--p 00017000 08:01 1185292                    /lib/x86_64-linux-gnu/libpthread-2.23.so
7f75427a9000-7f75427aa000 rw-p 00018000 08:01 1185292                    /lib/x86_64-linux-gnu/libpthread-2.23.so
7f75427aa000-7f75427ae000 rw-p 00000000 00:00 0 
7f75427ae000-7f75427d4000 r-xp 00000000 08:01 1185118                    /lib/x86_64-linux-gnu/ld-2.23.so
7f75427d4000-7f75427d6000 r--s 00004000 08:01 269582                     /home/cloudwise/.m2/repository/io/dropwizard/metrics/metrics-graphite/3.1.2/metrics-graphite-3.1.2.jar
7f75427d6000-7f75427da000 r--s 0002a000 08:01 1209428                    /home/cloudwise/.m2/repository/commons-io/commons-io/2.4/commons-io-2.4.jar
7f75427da000-7f75427dc000 r--s 0000d000 08:01 1351986                    /home/cloudwise/.m2/repository/commons-logging/commons-logging/1.1.1/commons-logging-1.1.1.jar
7f75427dc000-7f75427e2000 r--s 00045000 08:01 269208                     /home/cloudwise/.m2/repository/commons-httpclient/commons-httpclient/3.1/commons-httpclient-3.1.jar
7f75427e2000-7f754280b000 r--s 001ee000 08:01 933442                     /home/cloudwise/.m2/repository/com/google/guava/guava/14.0.1/guava-14.0.1.jar
7f754280b000-7f7542810000 r--s 0002b000 08:01 269365                     /home/cloudwise/.m2/repository/org/apache/maven/surefire/surefire-api/2.19.1/surefire-api-2.19.1.jar
7f7542810000-7f754285c000 rw-p 00000000 00:00 0 
7f754285c000-7f75428b5000 ---p 00000000 00:00 0 
7f75428b5000-7f75428b8000 ---p 00000000 00:00 0 
7f75428b8000-7f75429bb000 rw-p 00000000 00:00 0 
7f75429bb000-7f75429bc000 r--s 0000c000 08:01 1210163                    /home/cloudwise/.m2/repository/commons-cli/commons-cli/1.3.1/commons-cli-1.3.1.jar
7f75429bc000-7f75429be000 r--s 0000a000 08:01 269367                     /home/cloudwise/.m2/repository/org/apache/maven/surefire/surefire-booter/2.19.1/surefire-booter-2.19.1.jar
7f75429be000-7f75429bf000 r--s 00001000 08:01 1352256                    /home/cloudwise/workspace/alluxio/core/common/target/surefire/surefirebooter6910520904663973168.jar
7f75429bf000-7f75429c9000 rw-p 00000000 00:00 0 
7f75429c9000-7f75429d1000 rw-s 00000000 08:01 1352257                    /tmp/hsperfdata_cloudwise/30548
7f75429d1000-7f75429d2000 rw-p 00000000 00:00 0 
7f75429d2000-7f75429d3000 ---p 00000000 00:00 0 
7f75429d3000-7f75429d4000 r--p 00025000 08:01 1185118                    /lib/x86_64-linux-gnu/ld-2.23.so
7f75429d4000-7f75429d5000 rw-p 00026000 08:01 1185118                    /lib/x86_64-linux-gnu/ld-2.23.so
7f75429d5000-7f75429d6000 rw-p 00000000 00:00 0 
7fff06c3f000-7fff06c61000 rw-p 00000000 00:00 0                          [stack]
7fff06d0a000-7fff06d0d000 r--p 00000000 00:00 0                          [vvar]
7fff06d0d000-7fff06d0f000 r-xp 00000000 00:00 0                          [vdso]
ffffffffff600000-ffffffffff601000 r-xp 00000000 00:00 0                  [vsyscall]

VM Arguments:
jvm_args: -Djava.net.preferIPv4Stack=true 
java_command: /home/cloudwise/workspace/alluxio/core/common/target/surefire/surefirebooter6910520904663973168.jar /home/cloudwise/workspace/alluxio/core/common/target/surefire/surefire4908522232523711175tmp /home/cloudwise/workspace/alluxio/core/common/target/surefire/surefire_141668142727290212041tmp
java_class_path (initial): /home/cloudwise/workspace/alluxio/core/common/target/surefire/surefirebooter6910520904663973168.jar
Launcher Type: SUN_STANDARD

Environment Variables:
JAVA_HOME=/usr/lib/jvm/jdk1.8.0_171
JRE_HOME=/usr/lib/jvm/jdk1.8.0_171/jre
CLASSPATH=.:/usr/lib/jvm/jdk1.8.0_171/lib/
PATH=/home/cloudwise/bin:/home/cloudwise/.local/bin:/usr/local/sbin:/usr/local/bin:/usr/sbin:/usr/bin:/sbin:/bin:/usr/games:/usr/local/games:/snap/bin:/usr/lib/jvm/jdk1.8.0_171/bin:/home/hadoop/hadoop_installs/hadoop-2.7.1/bin:/home/hadoop/hadoop_installs/hadoop-2.7.1/sbin
SHELL=/bin/bash
DISPLAY=:0

Signal Handlers:
SIGSEGV: [libjvm.so+0xad0890], sa_mask[0]=11111111011111111101111111111110, sa_flags=SA_RESTART|SA_SIGINFO
SIGBUS: [libjvm.so+0xad0890], sa_mask[0]=11111111011111111101111111111110, sa_flags=SA_RESTART|SA_SIGINFO
SIGFPE: [libjvm.so+0x928640], sa_mask[0]=11111111011111111101111111111110, sa_flags=SA_RESTART|SA_SIGINFO
SIGPIPE: [libjvm.so+0x928640], sa_mask[0]=11111111011111111101111111111110, sa_flags=SA_RESTART|SA_SIGINFO
SIGXFSZ: [libjvm.so+0x928640], sa_mask[0]=11111111011111111101111111111110, sa_flags=SA_RESTART|SA_SIGINFO
SIGILL: [libjvm.so+0x928640], sa_mask[0]=11111111011111111101111111111110, sa_flags=SA_RESTART|SA_SIGINFO
SIGUSR1: SIG_DFL, sa_mask[0]=00000000000000000000000000000000, sa_flags=none
SIGUSR2: [libjvm.so+0x929ea0], sa_mask[0]=00100000000000000000000000000000, sa_flags=SA_RESTART|SA_SIGINFO
SIGHUP: [libjvm.so+0x92b2a0], sa_mask[0]=11111111011111111101111111111110, sa_flags=SA_RESTART|SA_SIGINFO
SIGINT: [libjvm.so+0x92b2a0], sa_mask[0]=11111111011111111101111111111110, sa_flags=SA_RESTART|SA_SIGINFO
SIGTERM: [libjvm.so+0x92b2a0], sa_mask[0]=11111111011111111101111111111110, sa_flags=SA_RESTART|SA_SIGINFO
SIGQUIT: [libjvm.so+0x92b2a0], sa_mask[0]=11111111011111111101111111111110, sa_flags=SA_RESTART|SA_SIGINFO


---------------  S Y S T E M  ---------------

OS:DISTRIB_ID=Ubuntu
DISTRIB_RELEASE=16.04
DISTRIB_CODENAME=xenial
DISTRIB_DESCRIPTION="Ubuntu 16.04.4 LTS"

uname:Linux 4.13.0-38-generic #43~16.04.1-Ubuntu SMP Wed Mar 14 17:48:43 UTC 2018 x86_64
libc:glibc 2.23 NPTL 2.23 
rlimit: STACK 8192k, CORE 0k, NPROC 7677, NOFILE 1048576, AS infinity
load average:4.79 1.96 0.91

/proc/meminfo:
MemTotal:        2018080 kB
MemFree:           57092 kB
MemAvailable:       6748 kB
Buffers:             580 kB
Cached:            15200 kB
SwapCached:         3144 kB
Active:          1095956 kB
Inactive:         370816 kB
Active(anon):    1088980 kB
Inactive(anon):   363156 kB
Active(file):       6976 kB
Inactive(file):     7660 kB
Unevictable:          48 kB
Mlocked:              48 kB
SwapTotal:       2094076 kB
SwapFree:              0 kB
Dirty:                76 kB
Writeback:            56 kB
AnonPages:       1448672 kB
Mapped:            12304 kB
Shmem:               688 kB
Slab:             105940 kB
SReclaimable:      35036 kB
SUnreclaim:        70904 kB
KernelStack:       22592 kB
PageTables:        46408 kB
NFS_Unstable:          0 kB
Bounce:                0 kB
WritebackTmp:          0 kB
CommitLimit:     3103116 kB
Committed_AS:    9633152 kB
VmallocTotal:   34359738367 kB
VmallocUsed:           0 kB
VmallocChunk:          0 kB
HardwareCorrupted:     0 kB
AnonHugePages:         0 kB
ShmemHugePages:        0 kB
ShmemPmdMapped:        0 kB
CmaTotal:              0 kB
CmaFree:               0 kB
HugePages_Total:       0
HugePages_Free:        0
HugePages_Rsvd:        0
HugePages_Surp:        0
Hugepagesize:       2048 kB
DirectMap4k:      225152 kB
DirectMap2M:     1871872 kB
DirectMap1G:           0 kB


CPU:total 8 (initial active 8) (2 cores per cpu, 1 threads per core) family 6 model 94 stepping 3, cmov, cx8, fxsr, mmx, sse, sse2, sse3, ssse3, sse4.1, sse4.2, popcnt, avx, avx2, aes, clmul, erms, rtm, 3dnowpref, lzcnt, tsc, tscinvbit, bmi1, bmi2, adx

/proc/cpuinfo:
processor	: 0
vendor_id	: GenuineIntel
cpu family	: 6
model		: 94
model name	: Intel(R) Core(TM) i7-6700HQ CPU @ 2.60GHz
stepping	: 3
microcode	: 0xba
cpu MHz		: 2592.005
cache size	: 6144 KB
physical id	: 0
siblings	: 2
core id		: 0
cpu cores	: 2
apicid		: 0
initial apicid	: 0
fpu		: yes
fpu_exception	: yes
cpuid level	: 22
wp		: yes
flags		: fpu vme de pse tsc msr pae mce cx8 apic sep mtrr pge mca cmov pat pse36 clflush dts mmx fxsr sse sse2 ss ht syscall nx pdpe1gb rdtscp lm constant_tsc arch_perfmon pebs bts nopl xtopology tsc_reliable nonstop_tsc cpuid aperfmperf pni pclmulqdq ssse3 fma cx16 pcid sse4_1 sse4_2 x2apic movbe popcnt tsc_deadline_timer aes xsave avx f16c rdrand hypervisor lahf_lm abm 3dnowprefetch cpuid_fault epb invpcid_single pti retpoline rsb_ctxsw fsgsbase tsc_adjust bmi1 hle avx2 smep bmi2 invpcid rtm rdseed adx smap xsaveopt dtherm ida arat pln pts hwp hwp_notify hwp_act_window hwp_epp
bugs		: cpu_meltdown spectre_v1 spectre_v2
bogomips	: 5184.01
clflush size	: 64
cache_alignment	: 64
address sizes	: 42 bits physical, 48 bits virtual
power management:

processor	: 1
vendor_id	: GenuineIntel
cpu family	: 6
model		: 94
model name	: Intel(R) Core(TM) i7-6700HQ CPU @ 2.60GHz
stepping	: 3
microcode	: 0xba
cpu MHz		: 2592.005
cache size	: 6144 KB
physical id	: 0
siblings	: 2
core id		: 1
cpu cores	: 2
apicid		: 1
initial apicid	: 1
fpu		: yes
fpu_exception	: yes
cpuid level	: 22
wp		: yes
flags		: fpu vme de pse tsc msr pae mce cx8 apic sep mtrr pge mca cmov pat pse36 clflush dts mmx fxsr sse sse2 ss ht syscall nx pdpe1gb rdtscp lm constant_tsc arch_perfmon pebs bts nopl xtopology tsc_reliable nonstop_tsc cpuid aperfmperf pni pclmulqdq ssse3 fma cx16 pcid sse4_1 sse4_2 x2apic movbe popcnt tsc_deadline_timer aes xsave avx f16c rdrand hypervisor lahf_lm abm 3dnowprefetch cpuid_fault epb invpcid_single pti retpoline rsb_ctxsw fsgsbase tsc_adjust bmi1 hle avx2 smep bmi2 invpcid rtm rdseed adx smap xsaveopt dtherm ida arat pln pts hwp hwp_notify hwp_act_window hwp_epp
bugs		: cpu_meltdown spectre_v1 spectre_v2
bogomips	: 5184.01
clflush size	: 64
cache_alignment	: 64
address sizes	: 42 bits physical, 48 bits virtual
power management:

processor	: 2
vendor_id	: GenuineIntel
cpu family	: 6
model		: 94
model name	: Intel(R) Core(TM) i7-6700HQ CPU @ 2.60GHz
stepping	: 3
microcode	: 0xba
cpu MHz		: 2592.005
cache size	: 6144 KB
physical id	: 1
siblings	: 2
core id		: 0
cpu cores	: 2
apicid		: 2
initial apicid	: 2
fpu		: yes
fpu_exception	: yes
cpuid level	: 22
wp		: yes
flags		: fpu vme de pse tsc msr pae mce cx8 apic sep mtrr pge mca cmov pat pse36 clflush dts mmx fxsr sse sse2 ss ht syscall nx pdpe1gb rdtscp lm constant_tsc arch_perfmon pebs bts nopl xtopology tsc_reliable nonstop_tsc cpuid aperfmperf pni pclmulqdq ssse3 fma cx16 pcid sse4_1 sse4_2 x2apic movbe popcnt tsc_deadline_timer aes xsave avx f16c rdrand hypervisor lahf_lm abm 3dnowprefetch cpuid_fault epb invpcid_single pti retpoline rsb_ctxsw fsgsbase tsc_adjust bmi1 hle avx2 smep bmi2 invpcid rtm rdseed adx smap xsaveopt dtherm ida arat pln pts hwp hwp_notify hwp_act_window hwp_epp
bugs		: cpu_meltdown spectre_v1 spectre_v2
bogomips	: 5184.01
clflush size	: 64
cache_alignment	: 64
address sizes	: 42 bits physical, 48 bits virtual
power management:

processor	: 3
vendor_id	: GenuineIntel
cpu family	: 6
model		: 94
model name	: Intel(R) Core(TM) i7-6700HQ CPU @ 2.60GHz
stepping	: 3
microcode	: 0xba
cpu MHz		: 2592.005
cache size	: 6144 KB
physical id	: 1
siblings	: 2
core id		: 1
cpu cores	: 2
apicid		: 3
initial apicid	: 3
fpu		: yes
fpu_exception	: yes
cpuid level	: 22
wp		: yes
flags		: fpu vme de pse tsc msr pae mce cx8 apic sep mtrr pge mca cmov pat pse36 clflush dts mmx fxsr sse sse2 ss ht syscall nx pdpe1gb rdtscp lm constant_tsc arch_perfmon pebs bts nopl xtopology tsc_reliable nonstop_tsc cpuid aperfmperf pni pclmulqdq ssse3 fma cx16 pcid sse4_1 sse4_2 x2apic movbe popcnt tsc_deadline_timer aes xsave avx f16c rdrand hypervisor lahf_lm abm 3dnowprefetch cpuid_fault epb invpcid_single pti retpoline rsb_ctxsw fsgsbase tsc_adjust bmi1 hle avx2 smep bmi2 invpcid rtm rdseed adx smap xsaveopt dtherm ida arat pln pts hwp hwp_notify hwp_act_window hwp_epp
bugs		: cpu_meltdown spectre_v1 spectre_v2
bogomips	: 5184.01
clflush size	: 64
cache_alignment	: 64
address sizes	: 42 bits physical, 48 bits virtual
power management:

processor	: 4
vendor_id	: GenuineIntel
cpu family	: 6
model		: 94
model name	: Intel(R) Core(TM) i7-6700HQ CPU @ 2.60GHz
stepping	: 3
microcode	: 0xba
cpu MHz		: 2592.005
cache size	: 6144 KB
physical id	: 2
siblings	: 2
core id		: 0
cpu cores	: 2
apicid		: 4
initial apicid	: 4
fpu		: yes
fpu_exception	: yes
cpuid level	: 22
wp		: yes
flags		: fpu vme de pse tsc msr pae mce cx8 apic sep mtrr pge mca cmov pat pse36 clflush dts mmx fxsr sse sse2 ss ht syscall nx pdpe1gb rdtscp lm constant_tsc arch_perfmon pebs bts nopl xtopology tsc_reliable nonstop_tsc cpuid aperfmperf pni pclmulqdq ssse3 fma cx16 pcid sse4_1 sse4_2 x2apic movbe popcnt tsc_deadline_timer aes xsave avx f16c rdrand hypervisor lahf_lm abm 3dnowprefetch cpuid_fault epb invpcid_single pti retpoline rsb_ctxsw fsgsbase tsc_adjust bmi1 hle avx2 smep bmi2 invpcid rtm rdseed adx smap xsaveopt dtherm ida arat pln pts hwp hwp_notify hwp_act_window hwp_epp
bugs		: cpu_meltdown spectre_v1 spectre_v2
bogomips	: 5184.01
clflush size	: 64
cache_alignment	: 64
address sizes	: 42 bits physical, 48 bits virtual
power management:

processor	: 5
vendor_id	: GenuineIntel
cpu family	: 6
model		: 94
model name	: Intel(R) Core(TM) i7-6700HQ CPU @ 2.60GHz
stepping	: 3
microcode	: 0xba
cpu MHz		: 2592.005
cache size	: 6144 KB
physical id	: 2
siblings	: 2
core id		: 1
cpu cores	: 2
apicid		: 5
initial apicid	: 5
fpu		: yes
fpu_exception	: yes
cpuid level	: 22
wp		: yes
flags		: fpu vme de pse tsc msr pae mce cx8 apic sep mtrr pge mca cmov pat pse36 clflush dts mmx fxsr sse sse2 ss ht syscall nx pdpe1gb rdtscp lm constant_tsc arch_perfmon pebs bts nopl xtopology tsc_reliable nonstop_tsc cpuid aperfmperf pni pclmulqdq ssse3 fma cx16 pcid sse4_1 sse4_2 x2apic movbe popcnt tsc_deadline_timer aes xsave avx f16c rdrand hypervisor lahf_lm abm 3dnowprefetch cpuid_fault epb invpcid_single pti retpoline rsb_ctxsw fsgsbase tsc_adjust bmi1 hle avx2 smep bmi2 invpcid rtm rdseed adx smap xsaveopt dtherm ida arat pln pts hwp hwp_notify hwp_act_window hwp_epp
bugs		: cpu_meltdown spectre_v1 spectre_v2
bogomips	: 5184.01
clflush size	: 64
cache_alignment	: 64
address sizes	: 42 bits physical, 48 bits virtual
power management:

processor	: 6
vendor_id	: GenuineIntel
cpu family	: 6
model		: 94
model name	: Intel(R) Core(TM) i7-6700HQ CPU @ 2.60GHz
stepping	: 3
microcode	: 0xba
cpu MHz		: 2592.005
cache size	: 6144 KB
physical id	: 3
siblings	: 2
core id		: 0
cpu cores	: 2
apicid		: 6
initial apicid	: 6
fpu		: yes
fpu_exception	: yes
cpuid level	: 22
wp		: yes
flags		: fpu vme de pse tsc msr pae mce cx8 apic sep mtrr pge mca cmov pat pse36 clflush dts mmx fxsr sse sse2 ss ht syscall nx pdpe1gb rdtscp lm constant_tsc arch_perfmon pebs bts nopl xtopology tsc_reliable nonstop_tsc cpuid aperfmperf pni pclmulqdq ssse3 fma cx16 pcid sse4_1 sse4_2 x2apic movbe popcnt tsc_deadline_timer aes xsave avx f16c rdrand hypervisor lahf_lm abm 3dnowprefetch cpuid_fault epb invpcid_single pti retpoline rsb_ctxsw fsgsbase tsc_adjust bmi1 hle avx2 smep bmi2 invpcid rtm rdseed adx smap xsaveopt dtherm ida arat pln pts hwp hwp_notify hwp_act_window hwp_epp
bugs		: cpu_meltdown spectre_v1 spectre_v2
bogomips	: 5184.01
clflush size	: 64
cache_alignment	: 64
address sizes	: 42 bits physical, 48 bits virtual
power management:

processor	: 7
vendor_id	: GenuineIntel
cpu family	: 6
model		: 94
model name	: Intel(R) Core(TM) i7-6700HQ CPU @ 2.60GHz
stepping	: 3
microcode	: 0xba
cpu MHz		: 2592.005
cache size	: 6144 KB
physical id	: 3
siblings	: 2
core id		: 1
cpu cores	: 2
apicid		: 7
initial apicid	: 7
fpu		: yes
fpu_exception	: yes
cpuid level	: 22
wp		: yes
flags		: fpu vme de pse tsc msr pae mce cx8 apic sep mtrr pge mca cmov pat pse36 clflush dts mmx fxsr sse sse2 ss ht syscall nx pdpe1gb rdtscp lm constant_tsc arch_perfmon pebs bts nopl xtopology tsc_reliable nonstop_tsc cpuid aperfmperf pni pclmulqdq ssse3 fma cx16 pcid sse4_1 sse4_2 x2apic movbe popcnt tsc_deadline_timer aes xsave avx f16c rdrand hypervisor lahf_lm abm 3dnowprefetch cpuid_fault epb invpcid_single pti retpoline rsb_ctxsw fsgsbase tsc_adjust bmi1 hle avx2 smep bmi2 invpcid rtm rdseed adx smap xsaveopt dtherm ida arat pln pts hwp hwp_notify hwp_act_window hwp_epp
bugs		: cpu_meltdown spectre_v1 spectre_v2
bogomips	: 5184.01
clflush size	: 64
cache_alignment	: 64
address sizes	: 42 bits physical, 48 bits virtual
power management:



Memory: 4k page, physical 2018080k(55460k free), swap 2094076k(0k free)

vm_info: Java HotSpot(TM) 64-Bit Server VM (25.171-b11) for linux-amd64 JRE (1.8.0_171-b11), built on Mar 28 2018 17:07:08 by "java_re" with gcc 4.3.0 20080428 (Red Hat 4.3.0-8)

time: Wed Apr 25 02:51:07 2018
elapsed time: 14 seconds (0d 0h 0m 14s)

