#
# A fatal error has been detected by the Java Runtime Environment:
#
#  SIGSEGV (0xb) at pc=0x000000011137e969, pid=19669, tid=0x00000000000059b7
#
# JRE version: Java(TM) SE Runtime Environment (8.0_181-b13) (build 1.8.0_181-b13)
# Java VM: Java HotSpot(TM) 64-Bit Server VM (25.181-b13 mixed mode bsd-amd64 compressed oops)
# Problematic frame:
# C  [librocksdbjni7629620277096183761.jnilib+0x22d969]  rocksdb::DBImpl::WriteImpl(rocksdb::WriteOptions const&, rocksdb::WriteBatch*, rocksdb::WriteCallback*, unsigned long long*, unsigned long long, bool, unsigned long long*, unsigned long, rocksdb::PreReleaseCallback*)+0xd19
#
# Failed to write core dump. Core dumps have been disabled. To enable core dumping, try "ulimit -c unlimited" before starting Java again
#
# If you would like to submit a bug report, please visit:
#   http://bugreport.java.com/bugreport/crash.jsp
# The crash happened outside the Java Virtual Machine in native code.
# See problematic frame for where to report the bug.
#

---------------  T H R E A D  ---------------

Current thread (0x00007f7f25bb0800):  JavaThread "inode-cache-eviction-thread" daemon [_thread_in_native, id=22967, stack(0x0000700001867000,0x0000700001967000)]

siginfo: si_signo: 11 (SIGSEGV), si_code: 1 (SEGV_MAPERR), si_addr: 0x0000000000000058

Registers:
RAX=0x0000000000000000, RBX=0x0000700001966588, RCX=0x00007f7f24b83200, RDX=0x0000000000020000
RSP=0x0000700001966050, RBP=0x0000700001966520, RSI=0x0000000000000000, RDI=0x0000000000000000
R8 =0x000000000000002c, R9 =0x0000000000000000, R10=0x0000000000000000, R11=0x0000000000000246
R12=0x00007f7f23e91800, R13=0x0000000000000000, R14=0x00ffffffffffffff, R15=0x0000000000000000
RIP=0x000000011137e969, EFLAGS=0x0000000000010246, ERR=0x0000000000000004
  TRAPNO=0x000000000000000e

Top of Stack: (sp=0x0000700001966050)
0x0000700001966050:   0000000000000000 0000700001966260
0x0000700001966060:   0000000000000000 0000700001966430
0x0000700001966070:   00007000019661e0 0000700000000000
0x0000700001966080:   0000000000000000 000000010d4b25e0
0x0000700001966090:   00007f7f25bb0800 000000010d4b25e0
0x00007000019660a0:   00007f7f25bb0800 0000000000000000
0x00007000019660b0:   ffff00ff0000ff00 000000010d4b25e0
0x00007000019660c0:   00007f7f25bb0800 0000000000000000
0x00007000019660d0:   0000000000000000 0000000000000000
0x00007000019660e0:   0000000000000000 0000000000000000
0x00007000019660f0:   0000000000000000 0000000000000000
0x0000700001966100:   0000700001966130 0000000107b3b6ac
0x0000700001966110:   0000000000000000 0000000000000000
0x0000700001966120:   0000000000000000 00007f7f25bb0800
0x0000700001966130:   0000700001966160 0000000000000000
0x0000700001966140:   0000000000000000 0000000000000000
0x0000700001966150:   0000700001966190 00007fff64c79342
0x0000700001966160:   0000000000000000 0000000000000000
0x0000700001966170:   0000000000000000 0000000106d4e400
0x0000700001966180:   00000000000000a0 0000000000000000
0x0000700001966190:   0000000000000000 0000000000000000
0x00007000019661a0:   0000000000000000 0000000000000000
0x00007000019661b0:   0000000000000000 0000000000000000
0x00007000019661c0:   0000000000000000 00000007974b37c8
0x00007000019661d0:   00000007974b3818 0000000000000000
0x00007000019661e0:   0000000000000000 0000000000000000
0x00007000019661f0:   0000000000000001 0000000100000001
0x0000700001966200:   0000000000000000 0000000000000000
0x0000700001966210:   0000000000000000 0000000000000020
0x0000700001966220:   0000000000000002 0000000000000000
0x0000700001966230:   0000000000000000 0000000000000000
0x0000700001966240:   0000000000000000 0000000000000000 

Instructions: (pc=0x000000011137e969)
0x000000011137e949:   00 00 0f 57 c0 0f 29 85 b0 fd ff ff 4c 89 b5 f8
0x000000011137e959:   fd ff ff 80 b9 18 0c 00 00 00 75 0f 48 8b 41 28
0x000000011137e969:   4c 8b 70 58 4c 89 b5 f8 fd ff ff 48 8d b9 98 04
0x000000011137e979:   00 00 48 89 bd 88 fe ff ff e8 79 03 1a 00 48 8b 

Register to memory mapping:

RAX=0x0000000000000000 is an unknown value
RBX=0x0000700001966588 is pointing into the stack for thread: 0x00007f7f25bb0800
RCX=0x00007f7f24b83200 is an unknown value
RDX=0x0000000000020000 is an unknown value
RSP=0x0000700001966050 is pointing into the stack for thread: 0x00007f7f25bb0800
RBP=0x0000700001966520 is pointing into the stack for thread: 0x00007f7f25bb0800
RSI=0x0000000000000000 is an unknown value
RDI=0x0000000000000000 is an unknown value
R8 =0x000000000000002c is an unknown value
R9 =0x0000000000000000 is an unknown value
R10=0x0000000000000000 is an unknown value
R11=0x0000000000000246 is an unknown value
R12=0x00007f7f23e91800 is an unknown value
R13=0x0000000000000000 is an unknown value
R14=0x00ffffffffffffff is an unknown value
R15=0x0000000000000000 is an unknown value


Stack: [0x0000700001867000,0x0000700001967000],  sp=0x0000700001966050,  free space=1020k
Native frames: (J=compiled Java code, j=interpreted, Vv=VM code, C=native code)
C  [librocksdbjni7629620277096183761.jnilib+0x22d969]  rocksdb::DBImpl::WriteImpl(rocksdb::WriteOptions const&, rocksdb::WriteBatch*, rocksdb::WriteCallback*, unsigned long long*, unsigned long long, bool, unsigned long long*, unsigned long, rocksdb::PreReleaseCallback*)+0xd19
C  [librocksdbjni7629620277096183761.jnilib+0x22cc38]  rocksdb::DBImpl::Write(rocksdb::WriteOptions const&, rocksdb::WriteBatch*)+0x28
C  [librocksdbjni7629620277096183761.jnilib+0x97092]  Java_org_rocksdb_RocksDB_write0+0x22
j  org.rocksdb.RocksDB.write0(JJJ)V+0
j  org.rocksdb.RocksDB.write(Lorg/rocksdb/WriteOptions;Lorg/rocksdb/WriteBatch;)V+13
j  alluxio.master.metastore.rocks.RocksInodeStore$RocksWriteBatch.commit()V+18
j  alluxio.master.metastore.caching.CachingInodeStore$InodeCache.flushEntries(Ljava/util/List;)V+323
j  alluxio.master.metastore.caching.Cache$EvictionThread.evictBatch()I+24
j  alluxio.master.metastore.caching.Cache$EvictionThread.evictToLowWaterMark()V+70
j  alluxio.master.metastore.caching.Cache$EvictionThread.run()V+167
v  ~StubRoutines::call_stub
V  [libjvm.dylib+0x2efcba]  JavaCalls::call_helper(JavaValue*, methodHandle*, JavaCallArguments*, Thread*)+0x6ae
V  [libjvm.dylib+0x2f045e]  JavaCalls::call_virtual(JavaValue*, KlassHandle, Symbol*, Symbol*, JavaCallArguments*, Thread*)+0x164
V  [libjvm.dylib+0x2f060a]  JavaCalls::call_virtual(JavaValue*, Handle, KlassHandle, Symbol*, Symbol*, Thread*)+0x4a
V  [libjvm.dylib+0x34aef9]  thread_entry(JavaThread*, Thread*)+0x7c
V  [libjvm.dylib+0x56fa7f]  JavaThread::thread_main_inner()+0x9b
V  [libjvm.dylib+0x57117a]  JavaThread::run()+0x1c2
V  [libjvm.dylib+0x48e342]  java_start(Thread*)+0xf6
C  [libsystem_pthread.dylib+0x3661]  _pthread_body+0x154
C  [libsystem_pthread.dylib+0x350d]  _pthread_body+0x0
C  [libsystem_pthread.dylib+0x2bf9]  thread_start+0xd
C  0x0000000000000000

Java frames: (J=compiled Java code, j=interpreted, Vv=VM code)
j  org.rocksdb.RocksDB.write0(JJJ)V+0
j  org.rocksdb.RocksDB.write(Lorg/rocksdb/WriteOptions;Lorg/rocksdb/WriteBatch;)V+13
j  alluxio.master.metastore.rocks.RocksInodeStore$RocksWriteBatch.commit()V+18
j  alluxio.master.metastore.caching.CachingInodeStore$InodeCache.flushEntries(Ljava/util/List;)V+323
j  alluxio.master.metastore.caching.Cache$EvictionThread.evictBatch()I+24
j  alluxio.master.metastore.caching.Cache$EvictionThread.evictToLowWaterMark()V+70
j  alluxio.master.metastore.caching.Cache$EvictionThread.run()V+167
v  ~StubRoutines::call_stub

---------------  P R O C E S S  ---------------

Java Threads: ( => current thread )
=>0x00007f7f25bb0800 JavaThread "inode-cache-eviction-thread" daemon [_thread_in_native, id=22967, stack(0x0000700001867000,0x0000700001967000)]
  0x00007f7f2584e000 JavaThread "surefire-forkedjvm-command-thread" daemon [_thread_in_native, id=16643, stack(0x000070000165e000,0x000070000175e000)]
  0x00007f7f2581d800 JavaThread "last-ditch-daemon-shutdown-thread-30sec" daemon [_thread_blocked, id=14595, stack(0x000070000155b000,0x000070000165b000)]
  0x00007f7f24824800 JavaThread "Service Thread" daemon [_thread_blocked, id=14339, stack(0x0000700001355000,0x0000700001455000)]
  0x00007f7f25816000 JavaThread "C1 CompilerThread2" daemon [_thread_blocked, id=14083, stack(0x0000700001252000,0x0000700001352000)]
  0x00007f7f25815800 JavaThread "C2 CompilerThread1" daemon [_thread_blocked, id=13571, stack(0x000070000114f000,0x000070000124f000)]
  0x00007f7f25822000 JavaThread "C2 CompilerThread0" daemon [_thread_blocked, id=17923, stack(0x000070000104c000,0x000070000114c000)]
  0x00007f7f25821800 JavaThread "Signal Dispatcher" daemon [_thread_blocked, id=18183, stack(0x0000700000f49000,0x0000700001049000)]
  0x00007f7f2580e800 JavaThread "Finalizer" daemon [_thread_blocked, id=20227, stack(0x0000700000dc3000,0x0000700000ec3000)]
  0x00007f7f24003800 JavaThread "Reference Handler" daemon [_thread_blocked, id=20483, stack(0x0000700000cc0000,0x0000700000dc0000)]
  0x00007f7f24804000 JavaThread "main" [_thread_blocked, id=6659, stack(0x00007000006ae000,0x00007000007ae000)]

Other Threads:
  0x00007f7f25809800 VMThread [stack: 0x0000700000bbd000,0x0000700000cbd000] [id=20995]
  0x00007f7f25801800 WatcherThread [stack: 0x0000700001458000,0x0000700001558000] [id=17155]

VM state:not at safepoint (normal execution)

VM Mutex/Monitor currently owned by a thread: None

Heap:
 PSYoungGen      total 38400K, used 37234K [0x0000000795580000, 0x0000000798000000, 0x00000007c0000000)
  eden space 33280K, 99% used [0x0000000795580000,0x00000007975bd940,0x0000000797600000)
  from space 5120K, 82% used [0x0000000797600000,0x0000000797a1f0b0,0x0000000797b00000)
  to   space 5120K, 0% used [0x0000000797b00000,0x0000000797b00000,0x0000000798000000)
 ParOldGen       total 87552K, used 8K [0x0000000740000000, 0x0000000745580000, 0x0000000795580000)
  object space 87552K, 0% used [0x0000000740000000,0x0000000740002000,0x0000000745580000)
 Metaspace       used 12842K, capacity 13198K, committed 13440K, reserved 1060864K
  class space    used 1464K, capacity 1545K, committed 1664K, reserved 1048576K

Card table byte_map: [0x00000001089b4000,0x0000000108db5000] byte_map_base: 0x0000000104fb4000

Marking Bits: (ParMarkBitMap*) 0x0000000107ef9cd0
 Begin Bits: [0x0000000109060000, 0x000000010b060000)
 End Bits:   [0x000000010b060000, 0x000000010d060000)

Polling page: 0x0000000106ddd000

CodeCache: size=245760Kb used=5329Kb max_used=5336Kb free=240430Kb
 bounds [0x0000000112a8f000, 0x0000000112fcf000, 0x0000000121a8f000]
 total_blobs=2156 nmethods=1764 adapters=305
 compilation: enabled

Compilation events (10 events):
Event: 3.296 Thread 0x00007f7f25816000 1760       3       alluxio.collections.TwoKeyConcurrentMap$$Lambda$21/1427889191::<init> (10 bytes)
Event: 3.296 Thread 0x00007f7f25816000 nmethod 1760 0x0000000112fc4650 code [0x0000000112fc47c0, 0x0000000112fc4990]
Event: 3.296 Thread 0x00007f7f25816000 1761       3       alluxio.collections.TwoKeyConcurrentMap::removeInnerValue (13 bytes)
Event: 3.296 Thread 0x00007f7f25816000 nmethod 1761 0x0000000112fc3b10 code [0x0000000112fc3cc0, 0x0000000112fc4328]
Event: 3.296 Thread 0x00007f7f25816000 1762       3       alluxio.collections.TwoKeyConcurrentMap$$Lambda$21/1427889191::get$Lambda (9 bytes)
Event: 3.297 Thread 0x00007f7f25816000 nmethod 1762 0x0000000112fc3650 code [0x0000000112fc37c0, 0x0000000112fc3a10]
Event: 3.297 Thread 0x00007f7f25816000 1763       3       jdk.internal.org.objectweb.asm.Label::<init> (5 bytes)
Event: 3.298 Thread 0x00007f7f25816000 nmethod 1763 0x0000000112fc8dd0 code [0x0000000112fc8f40, 0x0000000112fc90f0]
Event: 3.298 Thread 0x00007f7f25816000 1764       3       jdk.internal.org.objectweb.asm.Label::resolve (214 bytes)
Event: 3.298 Thread 0x00007f7f25816000 nmethod 1764 0x0000000112fc8310 code [0x0000000112fc84a0, 0x0000000112fc8970]

GC Heap History (2 events):
Event: 1.281 GC heap before
{Heap before GC invocations=1 (full 0):
 PSYoungGen      total 38400K, used 33280K [0x0000000795580000, 0x0000000798000000, 0x00000007c0000000)
  eden space 33280K, 100% used [0x0000000795580000,0x0000000797600000,0x0000000797600000)
  from space 5120K, 0% used [0x0000000797b00000,0x0000000797b00000,0x0000000798000000)
  to   space 5120K, 0% used [0x0000000797600000,0x0000000797600000,0x0000000797b00000)
 ParOldGen       total 87552K, used 0K [0x0000000740000000, 0x0000000745580000, 0x0000000795580000)
  object space 87552K, 0% used [0x0000000740000000,0x0000000740000000,0x0000000745580000)
 Metaspace       used 8444K, capacity 8698K, committed 8832K, reserved 1056768K
  class space    used 1005K, capacity 1105K, committed 1152K, reserved 1048576K
Event: 1.287 GC heap after
Heap after GC invocations=1 (full 0):
 PSYoungGen      total 38400K, used 4220K [0x0000000795580000, 0x0000000798000000, 0x00000007c0000000)
  eden space 33280K, 0% used [0x0000000795580000,0x0000000795580000,0x0000000797600000)
  from space 5120K, 82% used [0x0000000797600000,0x0000000797a1f0b0,0x0000000797b00000)
  to   space 5120K, 0% used [0x0000000797b00000,0x0000000797b00000,0x0000000798000000)
 ParOldGen       total 87552K, used 8K [0x0000000740000000, 0x0000000745580000, 0x0000000795580000)
  object space 87552K, 0% used [0x0000000740000000,0x0000000740002000,0x0000000745580000)
 Metaspace       used 8444K, capacity 8698K, committed 8832K, reserved 1056768K
  class space    used 1005K, capacity 1105K, committed 1152K, reserved 1048576K
}

Deoptimization events (10 events):
Event: 0.869 Thread 0x00007f7f24804000 Uncommon trap: reason=unstable_if action=reinterpret pc=0x0000000112c881d0 method=sun.misc.MetaIndex.mayContain(Ljava/lang/String;)Z @ 13
Event: 0.869 Thread 0x00007f7f24804000 Uncommon trap: reason=unstable_if action=reinterpret pc=0x0000000112c8d0d4 method=java.lang.String.lastIndexOf([CII[CIII)I @ 66
Event: 1.318 Thread 0x00007f7f24804000 Uncommon trap: reason=class_check action=maybe_recompile pc=0x0000000112d793b4 method=java.util.regex.Matcher.match(II)Z @ 86
Event: 1.319 Thread 0x00007f7f24804000 Uncommon trap: reason=class_check action=maybe_recompile pc=0x0000000112d793b4 method=java.util.regex.Matcher.match(II)Z @ 86
Event: 1.319 Thread 0x00007f7f24804000 Uncommon trap: reason=class_check action=maybe_recompile pc=0x0000000112d793b4 method=java.util.regex.Matcher.match(II)Z @ 86
Event: 1.319 Thread 0x00007f7f24804000 Uncommon trap: reason=class_check action=maybe_recompile pc=0x0000000112d793b4 method=java.util.regex.Matcher.match(II)Z @ 86
Event: 1.532 Thread 0x00007f7f24804000 Uncommon trap: reason=unstable_if action=reinterpret pc=0x0000000112dd3818 method=java.util.concurrent.ConcurrentHashMap.get(Ljava/lang/Object;)Ljava/lang/Object; @ 86
Event: 1.577 Thread 0x00007f7f24804000 Uncommon trap: reason=unstable_if action=reinterpret pc=0x0000000112cd7244 method=java.lang.String.lastIndexOf([CII[CIII)I @ 17
Event: 2.067 Thread 0x00007f7f24804000 Uncommon trap: reason=unstable_if action=reinterpret pc=0x0000000112ecbfa4 method=com.google.protobuf.CodedInputStream$ArrayDecoder.readRawVarint32()I @ 66
Event: 2.559 Thread 0x00007f7f25ba8800 Uncommon trap: reason=unstable_if action=reinterpret pc=0x0000000112f35a24 method=java.util.concurrent.ConcurrentHashMap.addCount(JI)V @ 168

Classes redefined (0 events):
No events

Internal exceptions (10 events):
Event: 1.528 Thread 0x00007f7f24804000 Exception <a 'java/lang/NoSuchMethodError': java.lang.Object.lambda$get$0(Lalluxio/master/file/meta/MutableInode;)Lalluxio/master/file/meta/Inode;> (0x0000000795f2fb48) thrown at [/Users/java_re/workspace/8-2-build-macosx-x86_64/jdk8u181/11358/hotspot/src
Event: 1.534 Thread 0x00007f7f24804000 Exception <a 'java/lang/IncompatibleClassChangeError': Found class java.lang.Object, but interface was expected> (0x0000000795f43220) thrown at [/Users/java_re/workspace/8-2-build-macosx-x86_64/jdk8u181/11358/hotspot/src/share/vm/interpreter/linkResolver.
Event: 1.557 Thread 0x00007f7f24804000 Exception <a 'java/lang/reflect/InvocationTargetException'> (0x0000000796066700) thrown at [/Users/java_re/workspace/8-2-build-macosx-x86_64/jdk8u181/11358/hotspot/src/share/vm/runtime/reflection.cpp, line 1092]
Event: 1.801 Thread 0x00007f7f24804000 Exception <a 'sun/nio/fs/UnixException'> (0x0000000796249c70) thrown at [/Users/java_re/workspace/8-2-build-macosx-x86_64/jdk8u181/11358/hotspot/src/share/vm/prims/jni.cpp, line 709]
Event: 2.100 Thread 0x00007f7f24804000 Exception <a 'java/lang/NoSuchMethodError': java.lang.Object.lambda$getChildren$0(Ljava/lang/Long;)Ljava/util/Iterator;> (0x0000000796af6c60) thrown at [/Users/java_re/workspace/8-2-build-macosx-x86_64/jdk8u181/11358/hotspot/src/share/vm/interpreter/linkR
Event: 2.505 Thread 0x00007f7f24804000 Exception <a 'java/net/UnknownHostException'> (0x0000000796f1a770) thrown at [/Users/java_re/workspace/8-2-build-macosx-x86_64/jdk8u181/11358/hotspot/src/share/vm/prims/jni.cpp, line 735]
Event: 2.718 Thread 0x00007f7f25ba8800 Exception <a 'java/lang/InterruptedException'> (0x0000000797059890) thrown at [/Users/java_re/workspace/8-2-build-macosx-x86_64/jdk8u181/11358/hotspot/src/share/vm/runtime/objectMonitor.cpp, line 1684]
Event: 2.718 Thread 0x00007f7f25ba7800 Exception <a 'java/lang/InterruptedException'> (0x00000007972052f8) thrown at [/Users/java_re/workspace/8-2-build-macosx-x86_64/jdk8u181/11358/hotspot/src/share/vm/runtime/objectMonitor.cpp, line 1684]
Event: 3.117 Thread 0x00007f7f24804000 Exception <a 'java/lang/reflect/InvocationTargetException'> (0x00000007973e34f8) thrown at [/Users/java_re/workspace/8-2-build-macosx-x86_64/jdk8u181/11358/hotspot/src/share/vm/runtime/reflection.cpp, line 1092]
Event: 3.306 Thread 0x00007f7f25bb4000 Exception <a 'java/lang/InterruptedException'> (0x00000007974e44a8) thrown at [/Users/java_re/workspace/8-2-build-macosx-x86_64/jdk8u181/11358/hotspot/src/share/vm/runtime/objectMonitor.cpp, line 1684]

Events (10 events):
Event: 2.706 loading class alluxio/master/metastore/caching/CachingInodeStore$ListingCache done
Event: 2.718 Thread 0x00007f7f25ba8800 Thread exited: 0x00007f7f25ba8800
Event: 2.718 Thread 0x00007f7f25ba7800 Thread exited: 0x00007f7f25ba7800
Event: 3.291 loading class com/google/protobuf/UnknownFieldSet$Field$Builder
Event: 3.291 loading class com/google/protobuf/UnknownFieldSet$Field$Builder done
Event: 3.293 Thread 0x00007f7f25bb0800 Thread added: 0x00007f7f25bb0800
Event: 3.293 Thread 0x00007f7f25bb4000 Thread added: 0x00007f7f25bb4000
Event: 3.296 loading class alluxio/master/file/meta/Inode
Event: 3.296 loading class alluxio/master/file/meta/Inode done
Event: 3.306 Thread 0x00007f7f25bb4000 Thread exited: 0x00007f7f25bb4000


Dynamic libraries:
0x00007fff3c445000 	/System/Library/Frameworks/Cocoa.framework/Versions/A/Cocoa
0x00007fff48a5f000 	/System/Library/Frameworks/Security.framework/Versions/A/Security
0x00007fff3b087000 	/System/Library/Frameworks/ApplicationServices.framework/Versions/A/ApplicationServices
0x00007fff648b7000 	/usr/lib/libz.1.dylib
0x00007fff627e8000 	/usr/lib/libSystem.B.dylib
0x00007fff63ea1000 	/usr/lib/libobjc.A.dylib
0x00007fff3cbf8000 	/System/Library/Frameworks/CoreFoundation.framework/Versions/A/CoreFoundation
0x00007fff3ed59000 	/System/Library/Frameworks/Foundation.framework/Versions/C/Foundation
0x00007fff3a1d7000 	/System/Library/Frameworks/AppKit.framework/Versions/C/AppKit
0x00007fff3c7bd000 	/System/Library/Frameworks/CoreData.framework/Versions/A/CoreData
0x00007fff5c128000 	/System/Library/PrivateFrameworks/RemoteViewServices.framework/Versions/A/RemoteViewServices
0x00007fff6088d000 	/System/Library/PrivateFrameworks/UIFoundation.framework/Versions/A/UIFoundation
0x00007fff50f27000 	/System/Library/PrivateFrameworks/DFRFoundation.framework/Versions/A/DFRFoundation
0x00007fff413c5000 	/System/Library/Frameworks/Metal.framework/Versions/A/Metal
0x00007fff510c4000 	/System/Library/PrivateFrameworks/DesktopServicesPriv.framework/Versions/A/DesktopServicesPriv
0x00007fff633ee000 	/usr/lib/libenergytrace.dylib
0x00007fff5e8f8000 	/System/Library/PrivateFrameworks/SkyLight.framework/Versions/A/SkyLight
0x00007fff3d09b000 	/System/Library/Frameworks/CoreGraphics.framework/Versions/A/CoreGraphics
0x00007fff627e3000 	/usr/lib/libScreenReader.dylib
0x00007fff39171000 	/System/Library/Frameworks/Accelerate.framework/Versions/A/Accelerate
0x00007fff3f4d3000 	/System/Library/Frameworks/IOSurface.framework/Versions/A/IOSurface
0x00007fff3b5d1000 	/System/Library/Frameworks/AudioToolbox.framework/Versions/A/AudioToolbox
0x00007fff3b861000 	/System/Library/Frameworks/AudioUnit.framework/Versions/A/AudioUnit
0x00007fff50fbf000 	/System/Library/PrivateFrameworks/DataDetectorsCore.framework/Versions/A/DataDetectorsCore
0x00007fff3bf38000 	/System/Library/Frameworks/Carbon.framework/Versions/A/Frameworks/HIToolbox.framework/Versions/A/HIToolbox
0x00007fff63548000 	/usr/lib/libicucore.A.dylib
0x00007fff47fdd000 	/System/Library/Frameworks/QuartzCore.framework/Versions/A/QuartzCore
0x00007fff5dbaf000 	/System/Library/PrivateFrameworks/SignpostNotification.framework/Versions/A/SignpostNotification
0x00007fff3c31e000 	/System/Library/Frameworks/Carbon.framework/Versions/A/Frameworks/SpeechRecognition.framework/Versions/A/SpeechRecognition
0x00007fff62944000 	/usr/lib/libauto.dylib
0x00007fff647a6000 	/usr/lib/libxml2.2.dylib
0x00007fff50b78000 	/System/Library/PrivateFrameworks/CoreUI.framework/Versions/A/CoreUI
0x00007fff3c699000 	/System/Library/Frameworks/CoreAudio.framework/Versions/A/CoreAudio
0x00007fff3eb93000 	/System/Library/Frameworks/DiskArbitration.framework/Versions/A/DiskArbitration
0x00007fff637bc000 	/usr/lib/liblangid.dylib
0x00007fff58632000 	/System/Library/PrivateFrameworks/MultitouchSupport.framework/Versions/A/MultitouchSupport
0x00007fff3f436000 	/System/Library/Frameworks/IOKit.framework/Versions/A/IOKit
0x00007fff62472000 	/usr/lib/libDiagnosticMessagesClient.dylib
0x00007fff3dd71000 	/System/Library/Frameworks/CoreServices.framework/Versions/A/CoreServices
0x00007fff5a164000 	/System/Library/PrivateFrameworks/PerformanceAnalysis.framework/Versions/A/PerformanceAnalysis
0x00007fff4717f000 	/System/Library/Frameworks/OpenGL.framework/Versions/A/OpenGL
0x00007fff3c453000 	/System/Library/Frameworks/ColorSync.framework/Versions/A/ColorSync
0x00007fff3d6ad000 	/System/Library/Frameworks/CoreImage.framework/Versions/A/CoreImage
0x00007fff3e701000 	/System/Library/Frameworks/CoreText.framework/Versions/A/CoreText
0x00007fff3f531000 	/System/Library/Frameworks/ImageIO.framework/Versions/A/ImageIO
0x00007fff4d86f000 	/System/Library/PrivateFrameworks/Backup.framework/Versions/A/Backup
0x00007fff62894000 	/usr/lib/libarchive.2.dylib
0x00007fff3bb84000 	/System/Library/Frameworks/CFNetwork.framework/Versions/A/CFNetwork
0x00007fff491f2000 	/System/Library/Frameworks/SystemConfiguration.framework/Versions/A/SystemConfiguration
0x00007fff6239b000 	/usr/lib/libCRFSuite.dylib
0x00007fff62a1d000 	/usr/lib/libc++.1.dylib
0x00007fff62a74000 	/usr/lib/libc++abi.dylib
0x00007fff64965000 	/usr/lib/system/libcache.dylib
0x00007fff6496a000 	/usr/lib/system/libcommonCrypto.dylib
0x00007fff64975000 	/usr/lib/system/libcompiler_rt.dylib
0x00007fff6497d000 	/usr/lib/system/libcopyfile.dylib
0x00007fff64987000 	/usr/lib/system/libcorecrypto.dylib
0x00007fff64a94000 	/usr/lib/system/libdispatch.dylib
0x00007fff64ace000 	/usr/lib/system/libdyld.dylib
0x00007fff64aec000 	/usr/lib/system/libkeymgr.dylib
0x00007fff64afa000 	/usr/lib/system/liblaunch.dylib
0x00007fff64afb000 	/usr/lib/system/libmacho.dylib
0x00007fff64b00000 	/usr/lib/system/libquarantine.dylib
0x00007fff64b03000 	/usr/lib/system/libremovefile.dylib
0x00007fff64b05000 	/usr/lib/system/libsystem_asl.dylib
0x00007fff64b1d000 	/usr/lib/system/libsystem_blocks.dylib
0x00007fff64b1e000 	/usr/lib/system/libsystem_c.dylib
0x00007fff64ba8000 	/usr/lib/system/libsystem_configuration.dylib
0x00007fff64bac000 	/usr/lib/system/libsystem_coreservices.dylib
0x00007fff64bb0000 	/usr/lib/system/libsystem_darwin.dylib
0x00007fff64bb2000 	/usr/lib/system/libsystem_dnssd.dylib
0x00007fff64bb9000 	/usr/lib/system/libsystem_info.dylib
0x00007fff64c2a000 	/usr/lib/system/libsystem_m.dylib
0x00007fff64c76000 	/usr/lib/system/libsystem_malloc.dylib
0x00007fff64c96000 	/usr/lib/system/libsystem_network.dylib
0x00007fff64dc7000 	/usr/lib/system/libsystem_networkextension.dylib
0x00007fff64dd2000 	/usr/lib/system/libsystem_notify.dylib
0x00007fff64df0000 	/usr/lib/system/libsystem_sandbox.dylib
0x00007fff64df4000 	/usr/lib/system/libsystem_secinit.dylib
0x00007fff64c03000 	/usr/lib/system/libsystem_kernel.dylib
0x00007fff64ddc000 	/usr/lib/system/libsystem_platform.dylib
0x00007fff64de4000 	/usr/lib/system/libsystem_pthread.dylib
0x00007fff64df6000 	/usr/lib/system/libsystem_symptoms.dylib
0x00007fff64dfe000 	/usr/lib/system/libsystem_trace.dylib
0x00007fff64e13000 	/usr/lib/system/libunwind.dylib
0x00007fff64e19000 	/usr/lib/system/libxpc.dylib
0x00007fff622ae000 	/usr/lib/closure/libclosured.dylib
0x00007fff629fe000 	/usr/lib/libbsm.0.dylib
0x00007fff64aed000 	/usr/lib/system/libkxld.dylib
0x00007fff626ac000 	/usr/lib/libOpenScriptingUtil.dylib
0x00007fff62d6d000 	/usr/lib/libcoretls.dylib
0x00007fff62d86000 	/usr/lib/libcoretls_cfhelpers.dylib
0x00007fff642a2000 	/usr/lib/libpam.2.dylib
0x00007fff643c9000 	/usr/lib/libsqlite3.dylib
0x00007fff64795000 	/usr/lib/libxar.1.dylib
0x00007fff62a0f000 	/usr/lib/libbz2.1.0.dylib
0x00007fff637be000 	/usr/lib/liblzma.5.dylib
0x00007fff63c9f000 	/usr/lib/libnetwork.dylib
0x00007fff6287d000 	/usr/lib/libapple_nghttp2.dylib
0x00007fff642a9000 	/usr/lib/libpcap.A.dylib
0x00007fff62945000 	/usr/lib/libboringssl.dylib
0x00007fff64730000 	/usr/lib/libusrtcp.dylib
0x00007fff6287c000 	/usr/lib/libapple_crypto.dylib
0x00007fff3e0f4000 	/System/Library/Frameworks/CoreServices.framework/Versions/A/Frameworks/FSEvents.framework/Versions/A/FSEvents
0x00007fff3dde7000 	/System/Library/Frameworks/CoreServices.framework/Versions/A/Frameworks/CarbonCore.framework/Versions/A/CarbonCore
0x00007fff3e2bb000 	/System/Library/Frameworks/CoreServices.framework/Versions/A/Frameworks/Metadata.framework/Versions/A/Metadata
0x00007fff3e36c000 	/System/Library/Frameworks/CoreServices.framework/Versions/A/Frameworks/OSServices.framework/Versions/A/OSServices
0x00007fff3e3cd000 	/System/Library/Frameworks/CoreServices.framework/Versions/A/Frameworks/SearchKit.framework/Versions/A/SearchKit
0x00007fff3dd72000 	/System/Library/Frameworks/CoreServices.framework/Versions/A/Frameworks/AE.framework/Versions/A/AE
0x00007fff3e0fd000 	/System/Library/Frameworks/CoreServices.framework/Versions/A/Frameworks/LaunchServices.framework/Versions/A/LaunchServices
0x00007fff3e0bf000 	/System/Library/Frameworks/CoreServices.framework/Versions/A/Frameworks/DictionaryServices.framework/Versions/A/DictionaryServices
0x00007fff3e43c000 	/System/Library/Frameworks/CoreServices.framework/Versions/A/Frameworks/SharedFileList.framework/Versions/A/SharedFileList
0x00007fff425fb000 	/System/Library/Frameworks/NetFS.framework/Versions/A/NetFS
0x00007fff588c3000 	/System/Library/PrivateFrameworks/NetAuth.framework/Versions/A/NetAuth
0x00007fff62145000 	/System/Library/PrivateFrameworks/login.framework/Versions/A/Frameworks/loginsupport.framework/Versions/A/loginsupport
0x00007fff6050a000 	/System/Library/PrivateFrameworks/TCC.framework/Versions/A/TCC
0x00007fff6389f000 	/usr/lib/libmecabra.dylib
0x00007fff3b088000 	/System/Library/Frameworks/ApplicationServices.framework/Versions/A/Frameworks/ATS.framework/Versions/A/ATS
0x00007fff3b436000 	/System/Library/Frameworks/ApplicationServices.framework/Versions/A/Frameworks/ColorSyncLegacy.framework/Versions/A/ColorSyncLegacy
0x00007fff3b4da000 	/System/Library/Frameworks/ApplicationServices.framework/Versions/A/Frameworks/HIServices.framework/Versions/A/HIServices
0x00007fff3b52d000 	/System/Library/Frameworks/ApplicationServices.framework/Versions/A/Frameworks/LangAnalysis.framework/Versions/A/LangAnalysis
0x00007fff3b53c000 	/System/Library/Frameworks/ApplicationServices.framework/Versions/A/Frameworks/PrintCore.framework/Versions/A/PrintCore
0x00007fff3b589000 	/System/Library/Frameworks/ApplicationServices.framework/Versions/A/Frameworks/QD.framework/Versions/A/QD
0x00007fff3b5c4000 	/System/Library/Frameworks/ApplicationServices.framework/Versions/A/Frameworks/SpeechSynthesis.framework/Versions/A/SpeechSynthesis
0x00007fff3cb14000 	/System/Library/Frameworks/CoreDisplay.framework/Versions/A/CoreDisplay
0x00007fff39189000 	/System/Library/Frameworks/Accelerate.framework/Versions/A/Frameworks/vImage.framework/Versions/A/vImage
0x00007fff39ee3000 	/System/Library/Frameworks/Accelerate.framework/Versions/A/Frameworks/vecLib.framework/Versions/A/vecLib
0x00007fff39c83000 	/System/Library/Frameworks/Accelerate.framework/Versions/A/Frameworks/vecLib.framework/Versions/A/libvDSP.dylib
0x00007fff397e3000 	/System/Library/Frameworks/Accelerate.framework/Versions/A/Frameworks/vecLib.framework/Versions/A/libBNNS.dylib
0x00007fff39be8000 	/System/Library/Frameworks/Accelerate.framework/Versions/A/Frameworks/vecLib.framework/Versions/A/libQuadrature.dylib
0x00007fff39e31000 	/System/Library/Frameworks/Accelerate.framework/Versions/A/Frameworks/vecLib.framework/Versions/A/libvMisc.dylib
0x00007fff39812000 	/System/Library/Frameworks/Accelerate.framework/Versions/A/Frameworks/vecLib.framework/Versions/A/libLAPACK.dylib
0x00007fff39688000 	/System/Library/Frameworks/Accelerate.framework/Versions/A/Frameworks/vecLib.framework/Versions/A/libBLAS.dylib
0x00007fff39bd2000 	/System/Library/Frameworks/Accelerate.framework/Versions/A/Frameworks/vecLib.framework/Versions/A/libLinearAlgebra.dylib
0x00007fff39bee000 	/System/Library/Frameworks/Accelerate.framework/Versions/A/Frameworks/vecLib.framework/Versions/A/libSparse.dylib
0x00007fff39c6f000 	/System/Library/Frameworks/Accelerate.framework/Versions/A/Frameworks/vecLib.framework/Versions/A/libSparseBLAS.dylib
0x00007fff55703000 	/System/Library/PrivateFrameworks/GPUWrangler.framework/Versions/A/GPUWrangler
0x00007fff56e94000 	/System/Library/PrivateFrameworks/IOAccelerator.framework/Versions/A/IOAccelerator
0x00007fff56e9f000 	/System/Library/PrivateFrameworks/IOPresentment.framework/Versions/A/IOPresentment
0x00007fff50f39000 	/System/Library/PrivateFrameworks/DSExternalDisplay.framework/Versions/A/DSExternalDisplay
0x00007fff465fe000 	/System/Library/Frameworks/OpenGL.framework/Versions/A/Libraries/libCoreFSCache.dylib
0x00007fff3e852000 	/System/Library/Frameworks/CoreVideo.framework/Versions/A/CoreVideo
0x00007fff5647e000 	/System/Library/PrivateFrameworks/GraphVisualizer.framework/Versions/A/GraphVisualizer
0x00007fff415fc000 	/System/Library/Frameworks/MetalPerformanceShaders.framework/Versions/A/MetalPerformanceShaders
0x00007fff624aa000 	/usr/lib/libFosl_dynamic.dylib
0x00007fff5200d000 	/System/Library/PrivateFrameworks/FaceCore.framework/Versions/A/FaceCore
0x00007fff453f9000 	/System/Library/Frameworks/OpenCL.framework/Versions/A/OpenCL
0x00007fff62aab000 	/usr/lib/libcompression.dylib
0x00007fff3b187000 	/System/Library/Frameworks/ApplicationServices.framework/Versions/A/Frameworks/ATS.framework/Versions/A/Resources/libFontParser.dylib
0x00007fff3b2aa000 	/System/Library/Frameworks/ApplicationServices.framework/Versions/A/Frameworks/ATS.framework/Versions/A/Resources/libFontRegistry.dylib
0x00007fff3f799000 	/System/Library/Frameworks/ImageIO.framework/Versions/A/Resources/libJPEG.dylib
0x00007fff3fac2000 	/System/Library/Frameworks/ImageIO.framework/Versions/A/Resources/libTIFF.dylib
0x00007fff3fa98000 	/System/Library/Frameworks/ImageIO.framework/Versions/A/Resources/libPng.dylib
0x00007fff3f6ac000 	/System/Library/Frameworks/ImageIO.framework/Versions/A/Resources/libGIF.dylib
0x00007fff3f6b1000 	/System/Library/Frameworks/ImageIO.framework/Versions/A/Resources/libJP2.dylib
0x00007fff3fabf000 	/System/Library/Frameworks/ImageIO.framework/Versions/A/Resources/libRadiance.dylib
0x00007fff4cf9a000 	/System/Library/PrivateFrameworks/AppleJPEG.framework/Versions/A/AppleJPEG
0x00007fff41463000 	/System/Library/Frameworks/MetalPerformanceShaders.framework/Frameworks/MPSCore.framework/Versions/A/MPSCore
0x00007fff4147f000 	/System/Library/Frameworks/MetalPerformanceShaders.framework/Frameworks/MPSImage.framework/Versions/A/MPSImage
0x00007fff41514000 	/System/Library/Frameworks/MetalPerformanceShaders.framework/Frameworks/MPSNeuralNetwork.framework/Versions/A/MPSNeuralNetwork
0x00007fff414ef000 	/System/Library/Frameworks/MetalPerformanceShaders.framework/Frameworks/MPSMatrix.framework/Versions/A/MPSMatrix
0x00007fff58395000 	/System/Library/PrivateFrameworks/MetalTools.framework/Versions/A/MetalTools
0x00007fff467c9000 	/System/Library/Frameworks/OpenGL.framework/Versions/A/Libraries/libGLU.dylib
0x00007fff46609000 	/System/Library/Frameworks/OpenGL.framework/Versions/A/Libraries/libGFXShared.dylib
0x00007fff46613000 	/System/Library/Frameworks/OpenGL.framework/Versions/A/Libraries/libGL.dylib
0x00007fff4661f000 	/System/Library/Frameworks/OpenGL.framework/Versions/A/Libraries/libGLImage.dylib
0x00007fff465fb000 	/System/Library/Frameworks/OpenGL.framework/Versions/A/Libraries/libCVMSPluginSupport.dylib
0x00007fff46604000 	/System/Library/Frameworks/OpenGL.framework/Versions/A/Libraries/libCoreVMClient.dylib
0x00007fff63258000 	/usr/lib/libcups.2.dylib
0x00007fff409ca000 	/System/Library/Frameworks/Kerberos.framework/Versions/A/Kerberos
0x00007fff3f190000 	/System/Library/Frameworks/GSS.framework/Versions/A/GSS
0x00007fff6435c000 	/usr/lib/libresolv.9.dylib
0x00007fff63456000 	/usr/lib/libiconv.2.dylib
0x00007fff56510000 	/System/Library/PrivateFrameworks/Heimdal.framework/Versions/A/Heimdal
0x00007fff63425000 	/usr/lib/libheimdal-asn1.dylib
0x00007fff45471000 	/System/Library/Frameworks/OpenDirectory.framework/Versions/A/OpenDirectory
0x00007fff4f2b0000 	/System/Library/PrivateFrameworks/CommonAuth.framework/Versions/A/CommonAuth
0x00007fff45454000 	/System/Library/Frameworks/OpenDirectory.framework/Versions/A/Frameworks/CFOpenDirectory.framework/Versions/A/CFOpenDirectory
0x00007fff48d8b000 	/System/Library/Frameworks/SecurityFoundation.framework/Versions/A/SecurityFoundation
0x00007fff4c15f000 	/System/Library/PrivateFrameworks/APFS.framework/Versions/A/APFS
0x00007fff64791000 	/usr/lib/libutil.dylib
0x00007fff4d01d000 	/System/Library/PrivateFrameworks/AppleSauce.framework/Versions/A/AppleSauce
0x00007fff5767c000 	/System/Library/PrivateFrameworks/LinguisticData.framework/Versions/A/LinguisticData
0x00007fff637d8000 	/usr/lib/libmarisa.dylib
0x00007fff57636000 	/System/Library/PrivateFrameworks/Lexicon.framework/Versions/A/Lexicon
0x00007fff623d5000 	/usr/lib/libChineseTokenizer.dylib
0x00007fff62a9a000 	/usr/lib/libcmph.dylib
0x00007fff57540000 	/System/Library/PrivateFrameworks/LanguageModeling.framework/Versions/A/LanguageModeling
0x00007fff4fdbf000 	/System/Library/PrivateFrameworks/CoreEmoji.framework/Versions/A/CoreEmoji
0x00007fff48e49000 	/System/Library/Frameworks/ServiceManagement.framework/Versions/A/ServiceManagement
0x00007fff4d867000 	/System/Library/PrivateFrameworks/BackgroundTaskManagement.framework/Versions/A/BackgroundTaskManagement
0x00007fff6488e000 	/usr/lib/libxslt.1.dylib
0x00007fff3c248000 	/System/Library/Frameworks/Carbon.framework/Versions/A/Frameworks/Ink.framework/Versions/A/Ink
0x00007fff6071f000 	/System/Library/PrivateFrameworks/TextureIO.framework/Versions/A/TextureIO
0x00007fff628bf000 	/usr/lib/libate.dylib
0x00007fff50e99000 	/System/Library/PrivateFrameworks/CrashReporterSupport.framework/Versions/A/CrashReporterSupport
0x00007fff5da6f000 	/System/Library/PrivateFrameworks/Sharing.framework/Versions/A/Sharing
0x00007fff57281000 	/System/Library/PrivateFrameworks/IconServices.framework/Versions/A/IconServices
0x00007fff4d497000 	/System/Library/PrivateFrameworks/AuthKit.framework/Versions/A/AuthKit
0x00007fff4ce1d000 	/System/Library/PrivateFrameworks/Apple80211.framework/Versions/A/Apple80211
0x00007fff50cae000 	/System/Library/PrivateFrameworks/CoreUtils.framework/Versions/A/CoreUtils
0x00007fff3e88d000 	/System/Library/Frameworks/CoreWLAN.framework/Versions/A/CoreWLAN
0x00007fff3f2d2000 	/System/Library/Frameworks/IOBluetooth.framework/Versions/A/IOBluetooth
0x00007fff5bf33000 	/System/Library/PrivateFrameworks/ProtocolBuffer.framework/Versions/A/ProtocolBuffer
0x00007fff5858d000 	/System/Library/PrivateFrameworks/MobileKeyBag.framework/Versions/A/MobileKeyBag
0x00007fff50563000 	/System/Library/PrivateFrameworks/CorePhoneNumbers.framework/Versions/A/CorePhoneNumbers
0x00007fff4cf55000 	/System/Library/PrivateFrameworks/AppleIDAuthSupport.framework/Versions/A/AppleIDAuthSupport
0x00007fff5752c000 	/System/Library/PrivateFrameworks/KeychainCircle.framework/Versions/A/KeychainCircle
0x00007fff50e34000 	/System/Library/PrivateFrameworks/CoreWiFi.framework/Versions/A/CoreWiFi
0x00007fff3c793000 	/System/Library/Frameworks/CoreBluetooth.framework/Versions/A/CoreBluetooth
0x00007fff51083000 	/System/Library/PrivateFrameworks/DebugSymbols.framework/Versions/A/DebugSymbols
0x00007fff50a64000 	/System/Library/PrivateFrameworks/CoreSymbolication.framework/Versions/A/CoreSymbolication
0x00007fff5ff10000 	/System/Library/PrivateFrameworks/Symbolication.framework/Versions/A/Symbolication
0x00007fff4ce47000 	/System/Library/PrivateFrameworks/AppleFSCompression.framework/Versions/A/AppleFSCompression
0x00007fff5f35d000 	/System/Library/PrivateFrameworks/SpeechRecognitionCore.framework/Versions/A/SpeechRecognitionCore
0x0000000107600000 	/Library/Java/JavaVirtualMachines/jdk1.8.0_181.jdk/Contents/Home/jre/lib/server/libjvm.dylib
0x00007fff6465e000 	/usr/lib/libstdc++.6.0.9.dylib
0x0000000106d99000 	/Library/Java/JavaVirtualMachines/jdk1.8.0_181.jdk/Contents/Home/jre/lib/libverify.dylib
0x0000000106da7000 	/Library/Java/JavaVirtualMachines/jdk1.8.0_181.jdk/Contents/Home/jre/lib/libjava.dylib
0x0000000106de7000 	/Library/Java/JavaVirtualMachines/jdk1.8.0_181.jdk/Contents/Home/jre/lib/libzip.dylib
0x0000000110f1c000 	/Library/Java/JavaVirtualMachines/jdk1.8.0_181.jdk/Contents/Home/jre/lib/libmanagement.dylib
0x000000011112a000 	/Library/Java/JavaVirtualMachines/jdk1.8.0_181.jdk/Contents/Home/jre/lib/libnio.dylib
0x000000011113a000 	/Library/Java/JavaVirtualMachines/jdk1.8.0_181.jdk/Contents/Home/jre/lib/./libnet.dylib
0x0000000111151000 	/private/var/folders/wq/1sc92g754ks6svm72zn0y5lr0000gn/T/librocksdbjni7629620277096183761.jnilib

VM Arguments:
jvm_args: -Djava.net.preferIPv4Stack=true 
java_command: /Users/yuyinghao/research/alluxio-community/alluxio/core/server/master/target/surefire/surefirebooter2631348979537871267.jar /Users/yuyinghao/research/alluxio-community/alluxio/core/server/master/target/surefire/surefire2444323350834460171tmp /Users/yuyinghao/research/alluxio-community/alluxio/core/server/master/target/surefire/surefire_2125454269062329811171tmp
java_class_path (initial): /Users/yuyinghao/research/alluxio-community/alluxio/core/server/master/target/surefire/surefirebooter2631348979537871267.jar
Launcher Type: SUN_STANDARD

Environment Variables:
JAVA_HOME=/Library/Java/JavaVirtualMachines/jdk1.8.0_181.jdk/Contents/Home
PATH=/usr/local/opt/thrift/bin:/Users/yuyinghao/anaconda/bin:/opt/local/bin:/opt/local/sbin:/Library/Frameworks/Python.framework/Versions/2.7/bin:/usr/local/bin:/usr/bin:/bin:/usr/sbin:/sbin:/Library/TeX/texbin:/Users/yuyinghao/software/spark-1.6.1/bin:/Users/yuyinghao/software/spark-1.6.1/sbin:/Users/yuyinghao/software/spark-1.6.1/ec2:/Users/yuyinghao/software/spark-1.6.1:/usr/local/bin/hadoop/bin:/Library/Java/JavaVirtualMachines/jdk1.8.0_181.jdk/Contents/Home/bin:/usr/local/bin/hadoop/sbin:/Users/yuyinghao/research/alluxio/bin:/usr/local/bin/apache-maven-3.3.9/bin:/Users/yuyinghao/research/spark-ec2
SHELL=/bin/bash

Signal Handlers:
SIGSEGV: [libjvm.dylib+0x5b6029], sa_mask[0]=11111111011111110111111111111111, sa_flags=SA_ONSTACK|SA_RESTART|SA_SIGINFO
SIGBUS: [libjvm.dylib+0x5b6029], sa_mask[0]=11111111011111110111111111111111, sa_flags=SA_RESTART|SA_SIGINFO
SIGFPE: [libjvm.dylib+0x48b934], sa_mask[0]=11111111011111110111111111111111, sa_flags=SA_RESTART|SA_SIGINFO
SIGPIPE: [libjvm.dylib+0x48b934], sa_mask[0]=11111111011111110111111111111111, sa_flags=SA_RESTART|SA_SIGINFO
SIGXFSZ: [libjvm.dylib+0x48b934], sa_mask[0]=11111111011111110111111111111111, sa_flags=SA_RESTART|SA_SIGINFO
SIGILL: [libjvm.dylib+0x48b934], sa_mask[0]=11111111011111110111111111111111, sa_flags=SA_RESTART|SA_SIGINFO
SIGUSR1: SIG_DFL, sa_mask[0]=11011111011111100000000111000110, sa_flags=none
SIGUSR2: [libjvm.dylib+0x48b452], sa_mask[0]=00100000000000000000000000000000, sa_flags=SA_RESTART|SA_SIGINFO
SIGHUP: [libjvm.dylib+0x489a1d], sa_mask[0]=11111111011111110111111111111111, sa_flags=SA_RESTART|SA_SIGINFO
SIGINT: [libjvm.dylib+0x489a1d], sa_mask[0]=11111111011111110111111111111111, sa_flags=SA_RESTART|SA_SIGINFO
SIGTERM: [libjvm.dylib+0x489a1d], sa_mask[0]=11111111011111110111111111111111, sa_flags=SA_RESTART|SA_SIGINFO
SIGQUIT: [libjvm.dylib+0x489a1d], sa_mask[0]=11111111011111110111111111111111, sa_flags=SA_RESTART|SA_SIGINFO


---------------  S Y S T E M  ---------------

OS:Bsduname:Darwin 17.7.0 Darwin Kernel Version 17.7.0: Thu Jun 21 22:53:14 PDT 2018; root:xnu-4570.71.2~1/RELEASE_X86_64 x86_64
rlimit: STACK 8192k, CORE 0k, NPROC 709, NOFILE 10240, AS infinity
load average:7.61 9.05 11.08

CPU:total 4 (initial active 4) (2 cores per cpu, 2 threads per core) family 6 model 61 stepping 4, cmov, cx8, fxsr, mmx, sse, sse2, sse3, ssse3, sse4.1, sse4.2, popcnt, avx, avx2, aes, clmul, erms, 3dnowpref, lzcnt, ht, tsc, tscinvbit, bmi1, bmi2, adx

Memory: 4k page, physical 8388608k(180176k free)

/proc/meminfo:


vm_info: Java HotSpot(TM) 64-Bit Server VM (25.181-b13) for bsd-amd64 JRE (1.8.0_181-b13), built on Jul  7 2018 01:02:31 by "java_re" with gcc 4.2.1 (Based on Apple Inc. build 5658) (LLVM build 2336.11.00)

time: Tue Mar 19 10:21:40 2019
elapsed time: 3 seconds (0d 0h 0m 3s)

